# name/game/hands/seed 2p.limit.h1000.r0 /home/dmorrill/.rvm/gems/ruby-1.9.3-p194/gems/acpc_dealer-0.0.1/vendor/project_acpc_server/holdem.limit.2p.reverse_blinds.game 1000 0
#--t_response 600000
#--t_hand 600000
#--t_per_hand 7000
STATE:0:cc/crc/cc/cc:5d5c|9hQd/8dAs8s/4h/6d:20|-20:p1|p2
STATE:1:crc/rc/rrc/rc:6sKs|5dJd/2sTh2h/Qh/8h:90|-90:p2|p1
STATE:2:cc/rrrrc/crc/rc:Ah8s|2h4c/Qd7h6c/4s/Jc:-90|90:p1|p2
STATE:3:rrrc/rrf:4s8s|6hJd/QhJs9d:-50|50:p2|p1
STATE:4:rrc/rrc/crrc/cc:5s4c|Kc7d/KsAsJd/Th/7h:-90|90:p1|p2
STATE:5:crc/rc/rrrc/cc:KhTh|8s7d/9c8d5c/Qd/Td:90|-90:p2|p1
STATE:6:rc/rrc/rrrc/rf:Kc8h|5cAs/9dAh4d/7h/Qs:100|-100:p1|p2
STATE:7:cc/crrc/cc/rrc:Ah6c|2c3d/5d6hTc/6d/Td:70|-70:p2|p1
STATE:8:rrrc/rrc/cc/crrc:2hAd|Js7c/4d3s3c/Jh/7d:-100|100:p1|p2
STATE:9:cc/cc/cc/rrc:Qd5h|9h2d/AsKs3h/Th/8c:50|-50:p2|p1
STATE:10:cc/cc/rrrc/crrc:KcAd|Jd5c/6s7c4h/Ks/Kh:110|-110:p1|p2
STATE:11:rrc/rrc/cc/cc:9dTc|9s4h/3h7c2h/9h/Ts:50|-50:p2|p1
STATE:12:rf:3hTs|AdQd:-10|10:p1|p2
STATE:13:cc/cc/crrc/rf:8h9s|3d2s/7hJcKc/2d/2c:50|-50:p2|p1
STATE:14:cc/rc/rrrc/rc:2d3s|6sQh/5d8h4d/Qs/2c:-100|100:p1|p2
STATE:15:crc/cc/rrf:3c4c|Th7s/5d6c8s/6h:-40|40:p2|p1
STATE:16:cc/rrf:3c8d|Ks6c/Ad8c7s:-20|20:p1|p2
STATE:17:rrrc/crrc/rrc/cc:Kc7c|2s7d/As3h6s/Qc/7s:100|-100:p2|p1
STATE:18:rc/rc/cc/rc:AsJh|8d2c/7dAh5c/3s/3c:50|-50:p1|p2
STATE:19:cc/rc/rc/cc:2h6d|7dKc/5sAs6h/6s/Jd:40|-40:p2|p1
STATE:20:rrc/cc/rf:5cAs|2s7h/KsQcTh/Qd:30|-30:p1|p2
STATE:21:cc/cc/cc/rrrrf:9sTs|7d4h/5c4sAh/4c/7c:-70|70:p2|p1
STATE:22:cc/rc/crrf:5sJh|8dTh/5c2d5d/Tc:40|-40:p1|p2
STATE:23:rrrc/rrrc/crc/rc:6c7s|AcTh/TsAhQh/5s/As:-110|110:p2|p1
STATE:24:crc/rc/cc/crf:9d3h|Qh6s/6hQc7d/2c/4s:-30|30:p1|p2
STATE:25:rrrc/rrf:2s3d|7dTs/Ad4hJh:-50|50:p2|p1
STATE:26:rc/crrrc/cc/cc:5dJs|9h4h/4sTh3d/3s/7d:-50|50:p1|p2
STATE:27:cc/crrc/rrc/rrc:2d2s|8s4d/TcAd5d/2c/3h:-110|110:p2|p1
STATE:28:rc/rc/cc/crc:AdTd|Qd2c/2d7d6c/9d/Jh:50|-50:p1|p2
STATE:29:f:8s2d|8h9d:5|-5:p2|p1
STATE:30:rf:3c2s|4sTs:-10|10:p1|p2
STATE:31:crrc/cc/rc/rrrrc:Jd9c|6s8s/7s6d5c/Jc/Qc:130|-130:p2|p1
STATE:32:f:QsKd|7c7d:5|-5:p1|p2
STATE:33:rrrf:Th5d|Qs8h:-30|30:p2|p1
STATE:34:rc/cc/cc/rc:7hAc|AdAs/Jh3s5d/Kh/7c:-40|40:p1|p2
STATE:35:rrc/crrrf:AsAh|2dQs/4s7dTs:-50|50:p2|p1
STATE:36:crrf:AhQc|8c5c:-20|20:p1|p2
STATE:37:rc/cc/cc/rf:KcQd|8sJc/9hJh9d/Qs/Kd:20|-20:p2|p1
STATE:38:rrrf:Ad6s|Qh8h:-30|30:p1|p2
STATE:39:rc/crrc/crrrc/rf:9sTc|6cAs/3d6s2d/Ac/Jc:100|-100:p2|p1
STATE:40:rc/cc/rc/crc:5d6s|8hKc/Kd3d2h/8d/Td:60|-60:p1|p2
STATE:41:crrrc/cc/crrf:4d6d|9s6s/7dJd5c/Ad:60|-60:p2|p1
STATE:42:rc/crc/rrrrc/cc:ThQh|Kc8s/2d3h9s/4s/2c:-110|110:p1|p2
STATE:43:cc/rrc/rc/crc:7s8h|9h4c/Ts9s6d/4d/5c:70|-70:p2|p1
STATE:44:cc/rc/crc/rrc:9c6h|3dJh/AhTs9d/7s/7h:80|-80:p1|p2
STATE:45:f:5c3s|7c8h:5|-5:p2|p1
STATE:46:rrc/rc/rc/rc:8hJd|5cQh/6s3d9h/3c/Js:80|-80:p1|p2
STATE:47:rrrc/cc/rc/rc:Qc2s|JsAh/9d8s2h/6s/Jh:-80|80:p2|p1
STATE:48:cc/rrc/cc/cc:5cJc|Jd4c/3hAc4d/3d/6s:-30|30:p1|p2
STATE:49:rc/crc/rrc/cc:QhTd|Js3c/9cQc5d/Ad/Kd:70|-70:p2|p1
STATE:50:rc/rc/rc/rc:Tc5d|JsAd/4h7s8s/9c/3d:-70|70:p1|p2
STATE:51:rf:Ah7c|AsKc:-10|10:p2|p1
STATE:52:rrc/rc/crc/crrrrc:5cJh|Th8h/8s9d6c/5d/8d:-140|140:p1|p2
STATE:53:cc/rrrrc/rc/crrrc:Qd5c|3h6d/AsTd8d/Kh/Qc:130|-130:p2|p1
STATE:54:crc/rc/rc/crrc:7s4h|7h9d/8d2dQs/2s/6d:-90|90:p1|p2
STATE:55:rrrc/crrc/rrc/crrrrc:8c6s|Tc8h/Qc2h8s/7h/6c:180|-180:p2|p1
STATE:56:cc/crrrrc/crrrc/crrc:Ks7d|9hTs/Jd4h9c/3c/6h:-150|150:p1|p2
STATE:57:rc/rrrrc/cc/rrc:5cAh|9dTh/As3dTs/Kh/9h:-100|100:p2|p1
STATE:58:cc/rrrf:2c9h|5hKh/JdKsAs:30|-30:p1|p2
STATE:59:cc/cc/cc/crf:4dTd|9s9c/TcJcKh/5s/7h:-10|10:p2|p1
STATE:60:rc/rc/cc/rc:5s9s|3c4c/Jc3sAs/6c/2c:-50|50:p1|p2
STATE:61:crc/rc/rrrrc/cc:Jd5d|4s4d/6c8h7s/Jh/7h:110|-110:p2|p1
STATE:62:cc/rc/crrc/crc:5s2s|Kh2c/6d8hQs/Ah/Ks:-80|80:p1|p2
STATE:63:rc/rc/cc/crrc:7c5s|9c2c/QdKh9d/Jd/Kc:-70|70:p2|p1
STATE:64:cc/crrrrc/crc/cc:7c9d|8s9h/2cTsTh/4c/Ad:-70|70:p1|p2
STATE:65:crrc/rc/rrc/rrc:8h7h|Ah2s/3dJh4s/Qd/As:-120|120:p2|p1
STATE:66:crf:QhAd|5s3h:10|-10:p1|p2
STATE:67:cc/rc/crrc/rrrrc:4d6d|9hJc/Jd4h3s/Ah/6s:140|-140:p2|p1
STATE:68:cc/cc/cc/cc:7h6d|6h4d/3cJd7d/8s/Kc:10|-10:p1|p2
STATE:69:crrrc/cc/rc/rf:Jh4c|9d2d/6dTh5s/As/Kd:60|-60:p2|p1
STATE:70:crc/crrrf:Ah4d|JhTs/AsKh5s:-40|40:p1|p2
STATE:71:rrrc/cc/crrc/cc:6c5h|8h2s/5sQd4h/Js/9c:80|-80:p2|p1
STATE:72:cc/crc/cc/rc:3c3s|7c3h/2s8s5s/9s/4c:40|-40:p1|p2
STATE:73:rrrc/rc/cc/rrrrf:3s5d|Kh2h/3h2d9h/8d/9d:-110|110:p2|p1
STATE:74:cc/rrc/crrc/cc:5c3c|2dJh/Kh6c9h/4d/Ks:-70|70:p1|p2
STATE:75:f:Kc7s|2s6d:5|-5:p2|p1
STATE:76:rrc/cc/rf:Qh9s|Tc5d/Qc8h2c/Ks:30|-30:p1|p2
STATE:77:rrrc/crc/cc/rrc:JsTd|5s2c/AsAcTc/Ah/8h:90|-90:p2|p1
STATE:78:cc/rc/cc/cc:As8s|4cQc/Ad6hKh/Kd/8d:20|-20:p1|p2
STATE:79:rf:3c6h|3dKc:-10|10:p2|p1
STATE:80:crrc/crc/crc/rrrc:6d6s|Tc6c/4c8s7s/Js/4d:120|-120:p1|p2
STATE:81:rf:5s6s|7c3s:-10|10:p2|p1
STATE:82:rrrc/crrrc/crc/rc:2sQs|2c7d/AhAd8c/9h/3s:110|-110:p1|p2
STATE:83:rrc/crc/rrc/rc:8dTc|2h6c/Qs4c2s/Td/6h:-100|100:p2|p1
STATE:84:rrf:Ah9d|5c6c:20|-20:p1|p2
STATE:85:cc/rc/cc/cc:3d8h|5d2s/4s9cQs/7h/As:20|-20:p2|p1
STATE:86:rrrc/cc/rc/cc:6d8h|6h6c/Ts2sQc/3d/Ah:-60|60:p1|p2
STATE:87:cc/cc/cc/rc:AdAc|8d8s/2cKhTs/8c/Qh:-30|30:p2|p1
STATE:88:rrrc/rrrrc/crc/rf:Jh2c|2hKc/5s8dTs/Tc/6d:100|-100:p1|p2
STATE:89:rrc/rf:JsKc|JdQh/Ts9c5d:30|-30:p2|p1
STATE:90:crrrc/crrc/rf:2sTs|Kd6s/9dTh6h/2c:60|-60:p1|p2
STATE:91:rrrc/crrf:7d9h|JdKc/KhQdJc:50|-50:p2|p1
STATE:92:rrrc/rrrf:8hJc|JhAc/6s5s6d:60|-60:p1|p2
STATE:93:rc/rc/cc/rc:Jh2d|2c5h/AdKdTd/Jd/Th:50|-50:p2|p1
STATE:94:cc/rc/rrc/cc:Tc3s|9s4h/Td8d5c/Qh/Jd:-60|60:p1|p2
STATE:95:cc/rrc/rc/rc:9dAd|5sTc/AhJd3d/Jc/5c:70|-70:p2|p1
STATE:96:rc/cc/crrc/cc:4sQh|8dTc/QcJsAh/Jd/3c:60|-60:p1|p2
STATE:97:cc/cc/rc/cc:Qd9h|AsAd/3d4s6s/2h/9d:-30|30:p2|p1
STATE:98:crc/crc/rrrc/rc:QsQc|7cQh/Kd6h3h/Kh/5d:110|-110:p1|p2
STATE:99:crrc/rrrrc/cc/cc:4cTs|Qs9s/9h5d8d/6c/6d:-70|70:p2|p1
STATE:100:cc/rc/cc/rf:Qd2c|3cKh/8h8c7h/Kd/2d:20|-20:p1|p2
STATE:101:crf:Qs6d|7s7h:10|-10:p2|p1
STATE:102:f:JsKc|5dTh:5|-5:p1|p2
STATE:103:rc/rc/rc/crf:Js5h|Td3h/6cQdKc/9d/3s:-50|50:p2|p1
STATE:104:cc/rc/crf:Qs8d|9c8h/5hKh3c/6h:-20|20:p1|p2
STATE:105:rf:Th6d|5s4d:-10|10:p2|p1
STATE:106:rrc/rc/rc/rc:Qd7c|3d8c/Th3cJs/Ac/9d:-80|80:p1|p2
STATE:107:rrc/cc/rf:JsTc|Jd5s/ThTsKd/Ac:30|-30:p2|p1
STATE:108:rf:4hJc|5s6h:-10|10:p1|p2
STATE:109:crrrc/crrrrc/cc/rrf:2d5d|4s4c/5s3d7d/Ad/As:-100|100:p2|p1
STATE:110:rc/rc/cc/rc:8c7c|3d2h/Qs7dTc/Th/2d:50|-50:p1|p2
STATE:111:cc/rrc/crc/rc:AcQc|5sKh/As8sKs/6c/Ts:-70|70:p2|p1
STATE:112:rc/rrrrc/crc/cc:8d9s|9d7h/2hJh6h/5c/As:80|-80:p1|p2
STATE:113:f:Ad6s|3c6h:5|-5:p2|p1
STATE:114:rc/rf:9sKc|3sAs/4s5d8d:20|-20:p1|p2
STATE:115:rrc/crc/cc/rc:3d2s|9cKh/7cJh5c/2d/4c:60|-60:p2|p1
STATE:116:cc/cc/cc/cc:Jc6h|9s9h/3hAdAs/Ac/7d:-10|10:p1|p2
STATE:117:crc/rrc/rc/cc:AhTd|6c3c/5hJcAd/4c/6d:60|-60:p2|p1
STATE:118:crf:Js8d|Jc6c:10|-10:p1|p2
STATE:119:f:Tc7s|Ac7d:5|-5:p2|p1
STATE:120:rc/crrrc/crc/rc:Td6s|6cJs/8hJdAh/8c/9h:-90|90:p1|p2
STATE:121:cc/rc/rc/crc:5cTs|4d7c/3hTdKs/7h/9d:60|-60:p2|p1
STATE:122:crc/rrc/crrrrc/rrrc:2c2h|Ah7h/4hTs5d/Jc/Qs:180|-180:p1|p2
STATE:123:rrrc/rrc/cc/rf:9c5d|KhAh/Qh4c4s/Qc/2d:60|-60:p2|p1
STATE:124:rc/rrrrc/cc/crc:Qh6c|9s5d/8d8sJd/Kd/8h:80|-80:p1|p2
STATE:125:rrrc/cc/cc/cc:Tc6c|8c6d/Ts4cAs/4h/5h:40|-40:p2|p1
STATE:126:cc/rrc/cc/rc:As9d|3d9c/Qh8cKc/2h/4h:50|-50:p1|p2
STATE:127:crrc/rrrc/rc/crf:QcKd|3d9c/KhJdQd/7c/Ah:-80|80:p2|p1
STATE:128:crc/rrrc/rrc/rrrrc:Kc8d|2cKd/6c5dTh/4c/5s:170|-170:p1|p2
STATE:129:rc/rc/rc/rrc:As5d|4hQs/8sKh6c/Jh/4c:-90|90:p2|p1
STATE:130:rc/rrc/rrc/rrc:7s8d|Ad3s/4c2hJc/7c/9c:120|-120:p1|p2
STATE:131:rrrc/rc/rrc/rf:2hJh|JdKs/3c5hKh/Tc/9c:90|-90:p2|p1
STATE:132:rc/cc/rrrc/rc:9d2c|Qh8d/2d9s7c/3d/Ks:100|-100:p1|p2
STATE:133:rc/rrrc/cc/crrc:9dJc|6dJh/6c7c9c/Qd/Ks:90|-90:p2|p1
STATE:134:rc/cc/rrrrc/cc:Tc8c|5d9h/AhTs7h/8h/Kd:100|-100:p1|p2
STATE:135:f:9d2s|6c8c:5|-5:p2|p1
STATE:136:rc/rc/rrc/crrrrc:2d3d|5sQh/3c4c2c/8h/Ks:150|-150:p1|p2
STATE:137:f:3d5h|QsTd:5|-5:p2|p1
STATE:138:rc/rc/rc/rf:TsQd|5hTd/3c5dJd/5s/2s:50|-50:p1|p2
STATE:139:rc/cc/rrrc/rc:3c5d|5c7s/Jc8c8h/4h/9c:-100|100:p2|p1
STATE:140:f:6s4s|2dKd:5|-5:p1|p2
STATE:141:rrc/cc/crc/rc:Ah7c|QsJc/2dTd8d/3c/9c:-70|70:p2|p1
STATE:142:crc/crrc/rc/rc:5c2s|Qc7c/TsAs3s/6d/6h:-80|80:p1|p2
STATE:143:cc/cc/crrc/rc:5c8s|Js6s/TcTh3h/9d/4c:-70|70:p2|p1
STATE:144:crc/rrrf:Qh6s|AdKs/9dJd2s:40|-40:p1|p2
STATE:145:crc/cc/cc/rrc:2c9s|Jh2s/4cJs6s/9d/Kh:-60|60:p2|p1
STATE:146:rc/rc/rf:5d6c|7d6d/5cKd6s/3c:30|-30:p1|p2
STATE:147:f:AdKh|6h5s:5|-5:p2|p1
STATE:148:crrf:2d5d|Kc6d:-20|20:p1|p2
STATE:149:crc/crc/rc/rrrf:As9d|5c3h/3c7cQd/Ac/Jh:90|-90:p2|p1
STATE:150:cc/rc/rrc/rc:Td5d|AsJs/8s3dKc/5s/9h:80|-80:p1|p2
STATE:151:f:KsKh|2c5h:5|-5:p2|p1
STATE:152:rrc/crrrc/crf:JcQd|7c3s/9c5h7s/3h:-60|60:p1|p2
STATE:153:rc/rc/rrc/rc:2s3s|Qs8c/JsAs5h/Ac/Kc:-90|90:p2|p1
STATE:154:crc/rc/rrrrc/rrc:5h5d|4d2s/5s6sQh/7c/Ks:150|-150:p1|p2
STATE:155:rc/crrc/rrc/crc:TcAd|Qs7d/8c9c5h/Kc/7s:-100|100:p2|p1
STATE:156:cc/cc/cc/crrrc:4c7h|4s9d/Jh5h8d/8h/5s:0|0:p1|p2
STATE:157:crrc/cc/rf:5c3s|Jc4s/4h8d6d/4c:30|-30:p2|p1
STATE:158:f:5h6s|Kc6c:5|-5:p1|p2
STATE:159:cc/rrrc/rc/rrc:Ah8d|9s7h/5c7s3h/6d/4d:100|-100:p2|p1
STATE:160:f:3d3s|7cTs:5|-5:p1|p2
STATE:161:f:Qh4c|6dAc:5|-5:p2|p1
STATE:162:cc/rc/rrc/cc:4cQd|Td4h/6d3d5s/Js/6c:60|-60:p1|p2
STATE:163:rc/rc/crrc/rrc:2c8s|8cJc/Th5c9h/Qs/7h:-110|110:p2|p1
STATE:164:crrc/crrrrf:Qc6d|3h5s/7hAs8d:60|-60:p1|p2
STATE:165:rrc/rrrrc/rrrc/rrrc:9dJs|Qh3d/Jc3h8h/5h/8c:190|-190:p2|p1
STATE:166:crrc/cc/crc/cc:8dKd|Ac9h/Th2c6d/4d/Ts:-50|50:p1|p2
STATE:167:rrc/cc/crc/crc:KsTd|7s2d/4d8h8d/4s/9s:70|-70:p2|p1
STATE:168:cc/crc/rrrrc/crrrc:AdQd|3d3c/2dAh4c/Qs/Tc:160|-160:p1|p2
STATE:169:rrc/crrrc/rrrrc/rc:8d6c|Tc3s/7c3h7s/5s/Jc:-160|160:p2|p1
STATE:170:rc/crc/rf:7h6c|AdKc/8sQd3d/Kh:30|-30:p1|p2
STATE:171:rrf:Ac7s|Td6c:20|-20:p2|p1
STATE:172:rrc/rc/cc/crc:Kd5c|TsJh/6c5h3s/9s/4h:60|-60:p1|p2
STATE:173:rrc/rf:Th5d|Js4h/Kd7sTc:30|-30:p2|p1
STATE:174:cc/rc/crrc/rrc:2d4h|Jd6s/7s3h4d/Ts/2s:100|-100:p1|p2
STATE:175:cc/rc/cc/rc:5cJc|2c2h/5s8h4s/Kh/Ks:40|-40:p2|p1
STATE:176:crf:8c4s|TsKd:10|-10:p1|p2
STATE:177:rc/rc/rc/cc:8hTs|2d3c/AdAc4h/4c/Js:0|0:p2|p1
STATE:178:f:8hAh|Kh3s:5|-5:p1|p2
STATE:179:cc/crc/crrc/rrrc:9h2c|4dQh/2dTd9c/Ah/6h:120|-120:p2|p1
STATE:180:rrc/rc/rrrc/rrc:9d4d|6h7s/AhQs5h/7c/8c:-140|140:p1|p2
STATE:181:crrrc/rrf:7cQc|6s6d/JhKs7h:-50|50:p2|p1
STATE:182:rrrc/rc/cc/rrf:6cTs|Jh4d/7h9sQc/As/3d:-70|70:p1|p2
STATE:183:f:7c6d|TsJs:5|-5:p2|p1
STATE:184:rrc/crc/rc/rc:8hQc|5s3s/KcKsTc/8s/Qh:80|-80:p1|p2
STATE:185:rrrf:Td6h|7c7h:-30|30:p2|p1
STATE:186:cc/rc/crrrc/rrrc:8c5c|Jc9c/TdAh9s/Qh/Kd:-140|140:p1|p2
STATE:187:crrc/rrc/crrc/crrrc:QhJh|5h8s/Kh8d9c/9s/As:-150|150:p2|p1
STATE:188:rc/rrrc/rf:Qs7c|As2h/6d6cJh/Tc:50|-50:p1|p2
STATE:189:crrrc/rc/rc/rc:Ac7h|8c6h/AhQh9d/9h/2s:90|-90:p2|p1
STATE:190:cc/crc/crc/cc:Ks6h|8dJs/8sKd5d/5s/5h:40|-40:p1|p2
STATE:191:cc/rc/crrrc/crrc:9c4d|5cQs/6dQcQd/4s/Ks:-120|120:p2|p1
STATE:192:crrc/crc/cc/rc:Qh7h|JhTh/2hQc9c/9h/6d:60|-60:p1|p2
STATE:193:cc/rc/crc/cc:KhKd|4h2s/8hKs9d/4s/Qd:40|-40:p2|p1
STATE:194:rrrc/cc/rrrrc/rrc:6dTs|2dJd/7d5hJs/5s/Qh:-160|160:p1|p2
STATE:195:cc/rf:Jd9c|6sQh/3c8d8s:10|-10:p2|p1
STATE:196:rc/rc/crc/rc:JsKs|6h8h/5s2s2h/4s/Ah:70|-70:p1|p2
STATE:197:crc/cc/rrrrc/cc:Ks9h|Qd3s/JhJsAd/2s/Kc:100|-100:p2|p1
STATE:198:crc/rc/rf:5h9c|5cTc/7d4c4d/Ks:30|-30:p1|p2
STATE:199:cc/crrrrc/rrrrc/cc:6h9h|4d7s/JhThTd/8c/Kc:130|-130:p2|p1
STATE:200:f:7s3s|7c4h:5|-5:p1|p2
STATE:201:rc/cc/crrrrc/cc:3dKd|9d2c/2hKhAd/6d/Js:100|-100:p2|p1
STATE:202:cc/crc/rc/crc:9c7s|2d9s/3d4sJd/Kc/3h:0|0:p1|p2
STATE:203:crc/rrc/rrc/crrrc:9c6d|8s2d/AsAcQs/3h/2h:-140|140:p2|p1
STATE:204:rc/rc/rc/rrc:2s5h|Tc3d/7s8sTh/Kc/Js:-90|90:p1|p2
STATE:205:crrc/rrc/cc/rc:Ts7c|Th7s/2c3s4h/Ad/8s:0|0:p2|p1
STATE:206:rc/cc/rrc/cc:ThAs|Js4s/2s4h2h/Qh/7h:60|-60:p1|p2
STATE:207:f:2sQs|KcJd:5|-5:p2|p1
STATE:208:rrrc/crc/rrc/rrrrc:AcAh|9s9c/Ad8c3c/Qs/6h:170|-170:p1|p2
STATE:209:rrc/rc/rrc/crrrrc:Js5c|2sTd/As2h3d/Kh/Ad:-160|160:p2|p1
STATE:210:f:Qc6s|Js5h:5|-5:p1|p2
STATE:211:cc/cc/rrrrc/rc:TdKs|2dAh/Qh4h9s/Qs/3h:-110|110:p2|p1
STATE:212:crrc/crrrrc/rc/rc:Tc8c|9c6h/8sAc9d/7d/Ks:-110|110:p1|p2
STATE:213:cc/rc/crc/rc:3c6h|Jc7d/8d9d6c/3d/Kd:-60|60:p2|p1
STATE:214:rrc/cc/cc/rrrrf:2c6d|Kc8s/7c4d9d/4h/Ad:-90|90:p1|p2
STATE:215:rc/rrc/rrrrc/cc:2s3s|Td9d/7sJd9h/Tc/Qh:-120|120:p2|p1
STATE:216:rc/rc/crrc/rrrc:7d2h|9sQh/TsTd4s/Qs/5s:-130|130:p1|p2
STATE:217:cc/rc/rrrrc/rc:AhKs|Th8d/JsAs4s/6h/5h:120|-120:p2|p1
STATE:218:rrrc/rc/crc/crc:6s6c|Kd8d/2c7hJh/As/6h:90|-90:p1|p2
STATE:219:rf:4sKc|4hAh:-10|10:p2|p1
STATE:220:crc/rrc/rc/rrrrc:Th7h|7c5d/4s3sJd/7d/5s:-140|140:p1|p2
STATE:221:cc/rrrf:6sTs|7h9s/6c7cQs:30|-30:p2|p1
STATE:222:crrrf:2d8h|Kc2s:30|-30:p1|p2
STATE:223:rc/rc/cc/rc:Tc3c|Kc7h/7dAd3h/Jd/Qd:-50|50:p2|p1
STATE:224:cc/rc/crrc/cc:3h3s|Ts2d/Jh5c9d/3c/8h:60|-60:p1|p2
STATE:225:crc/crc/rrrc/rrc:2d4h|6d7d/TsQhQd/Ad/3s:-130|130:p2|p1
STATE:226:cc/rrc/rc/rrc:AsKc|2cTs/5cAcKs/Td/Qh:90|-90:p1|p2
STATE:227:cc/cc/rc/rc:6s7d|9s3c/5sQhTd/4c/2c:-50|50:p2|p1
STATE:228:f:Ac3s|5h2d:5|-5:p1|p2
STATE:229:crf:JsJh|Kh6h:10|-10:p2|p1
STATE:230:rrc/rf:2c9c|4d9d/6h6d3s:30|-30:p1|p2
STATE:231:rc/crf:2h2d|3h6s/7c4hTc:-20|20:p2|p1
STATE:232:crc/crrrrc/rrc/rc:6c9s|JsTs/9c7cKd/Tc/2c:120|-120:p1|p2
STATE:233:cc/rc/cc/rrc:Qs5h|TcKc/Jh9c2s/8s/Jd:-60|60:p2|p1
STATE:234:f:Td6s|AdTc:5|-5:p1|p2
STATE:235:f:5s8c|6d4c:5|-5:p2|p1
STATE:236:rf:8d5s|3s2d:-10|10:p1|p2
STATE:237:crc/rrrc/crrc/rc:8h6c|KhAh/QsTd2h/Jc/4h:-110|110:p2|p1
STATE:238:crrrf:Js3s|6d8h:30|-30:p1|p2
STATE:239:rf:9sQd|8s6h:-10|10:p2|p1
STATE:240:cc/crrc/rrrc/rrrrc:7c4s|Kh2d/AhQdQs/3d/9c:-170|170:p1|p2
STATE:241:f:6d6c|3c7h:5|-5:p2|p1
STATE:242:rc/cc/cc/rrrf:3d8d|JdAd/7h9s9h/Ac/Js:60|-60:p1|p2
STATE:243:cc/cc/crc/rc:3s3h|9h8c/TsJcTh/Qd/4h:-50|50:p2|p1
STATE:244:crf:8d7d|Ah9d:10|-10:p1|p2
STATE:245:cc/rrc/rc/crf:QcQs|7dQh/8h9d5d/Js/6d:-50|50:p2|p1
STATE:246:rc/crrc/crrc/cc:KdJc|QdQs/6dJhAd/4c/Tc:-80|80:p1|p2
STATE:247:cc/rc/rrrrc/cc:QsAd|2h7s/ThJdJs/2s/4s:-100|100:p2|p1
STATE:248:f:Tc5d|4dKs:5|-5:p1|p2
STATE:249:rc/rc/rc/crrrc:7c2d|Ks5s/4sAh9h/Qc/6c:-110|110:p2|p1
STATE:250:crc/crc/rrrrc/crc:7h2c|Qd5h/Ah6dTc/Qs/4d:-130|130:p1|p2
STATE:251:rc/rc/rrrrc/rc:Jh4c|AcTs/3d3c2d/9d/5d:-130|130:p2|p1
STATE:252:crrc/rrrrc/cc/rc:3c3s|Qh5h/JhKhQc/2c/7c:-90|90:p1|p2
STATE:253:rf:5s4s|KdTc:-10|10:p2|p1
STATE:254:rrrc/rf:2s5s|6h7c/2hTd6d:40|-40:p1|p2
STATE:255:rc/cc/rrc/crc:8hAd|5c8s/5h7h2h/7c/Tc:-80|80:p2|p1
STATE:256:cc/crrrrc/rrc/rc:7dJd|6s5d/Kh5s4s/Jc/2d:110|-110:p1|p2
STATE:257:cc/cc/rc/rc:9hJs|5c8d/Jh6d3c/4d/6s:50|-50:p2|p1
STATE:258:cc/cc/cc/rf:6dAd|6h7s/4dTs4h/3h/Kh:10|-10:p1|p2
STATE:259:crc/rc/rrrc/cc:JhTc|9c4s/Qd3sTh/4c/7h:90|-90:p2|p1
STATE:260:rrc/crrrrf:7h8s|5cJh/6h4d3h:60|-60:p1|p2
STATE:261:crc/rc/cc/rc:JhKc|9c7s/3h7d9s/7c/4h:-50|50:p2|p1
STATE:262:rf:8s7s|4cKc:-10|10:p1|p2
STATE:263:crrrc/rrc/cc/cc:9d2s|5sQh/KsTh9s/2c/3h:60|-60:p2|p1
STATE:264:crc/crc/cc/rrc:Jd2d|4dKc/7cKd2h/9c/4s:-70|70:p1|p2
STATE:265:crrrc/rrrc/rc/cc:QhKh|9s6s/3sJcKs/2s/Kc:-90|90:p2|p1
STATE:266:rc/rrrrc/crrf:7sTs|9d2h/3dAc5h/8c:80|-80:p1|p2
STATE:267:crrrc/rc/rc/rrc:3cTd|6dQc/5h2s3s/Ah/Js:110|-110:p2|p1
STATE:268:rrrf:5c4s|9h4d:-30|30:p1|p2
STATE:269:rrc/cc/rc/rrc:3d7s|2d9h/TcQhTs/Js/5s:-90|90:p2|p1
STATE:270:rrc/rc/crc/rc:9s8h|AsTh/TcQcAc/5h/Ts:-80|80:p1|p2
STATE:271:rc/rf:JcJh|Th4d/5sTs8s:20|-20:p2|p1
STATE:272:rc/crc/cc/crrf:3s8h|Td5d/5s8sKh/7s/2s:50|-50:p1|p2
STATE:273:rrc/crc/cc/cc:7dQh|9dQd/Qc6sKh/Ad/2s:-40|40:p2|p1
STATE:274:rc/rc/rc/crc:9dKh|Tc2h/8d2dKs/As/8c:70|-70:p1|p2
STATE:275:crrc/rrc/rc/cc:As9d|Ad5s/Ac7cQc/5d/Ts:-70|70:p2|p1
STATE:276:crc/rrc/crrc/cc:3c2c|ThAc/Tc7sKc/Js/8s:-80|80:p1|p2
STATE:277:crrrf:Ts7h|Td3s:30|-30:p2|p1
STATE:278:rc/rc/cc/cc:Jd5d|3c5s/7d4h6s/Ks/9h:-30|30:p1|p2
STATE:279:rrc/crrc/cc/crf:Kh3h|TsQc/Kd8s6s/4s/7d:-50|50:p2|p1
STATE:280:rc/rc/rrc/cc:4h7h|8sQc/8hQdJd/3h/6c:-70|70:p1|p2
STATE:281:crc/rc/crc/cc:8sQs|4h6d/7sQhAh/Ts/Th:50|-50:p2|p1
STATE:282:cc/cc/cc/cc:As3s|Ks5h/2s5dJh/9s/6h:-10|10:p1|p2
STATE:283:crrrc/cc/rc/rrc:Js7c|9d3s/KcAs3d/5h/3h:-100|100:p2|p1
STATE:284:cc/rc/crrc/rc:AhTc|7s2d/7d9hQs/3d/As:80|-80:p1|p2
STATE:285:crc/rrrrc/rrc/cc:8h3d|6cQh/AsQdAh/8c/5d:-100|100:p2|p1
STATE:286:rc/cc/crc/rc:Qs6d|8s5c/Ad3d8c/7h/Qc:60|-60:p1|p2
STATE:287:f:6c6d|8c8s:5|-5:p2|p1
STATE:288:crc/crrrrc/rc/crf:Ah9h|7c5c/6hKsQs/6c/2h:-80|80:p1|p2
STATE:289:f:Ac3c|TcKh:5|-5:p2|p1
STATE:290:crc/rf:Td5d|6s4d/5s7dQd:20|-20:p1|p2
STATE:291:cc/cc/rc/rc:9c7c|7s4s/QcJh9s/6s/Qs:-50|50:p2|p1
STATE:292:rrc/rrrrc/rf:8hQh|3c9h/AhTd4d/Th:70|-70:p1|p2
STATE:293:rrc/cc/cc/rrc:2d7c|8hKs/5c9cKc/6c/5s:70|-70:p2|p1
STATE:294:crc/crrrrf:5c3h|6cQc/2s8s8h:50|-50:p1|p2
STATE:295:crf:Ac2d|Td4d:10|-10:p2|p1
STATE:296:cc/rrrc/cc/crc:3sQd|2cQs/5c6d3c/Qc/4d:-60|60:p1|p2
STATE:297:f:8c8h|QhQc:5|-5:p2|p1
STATE:298:cc/rrc/cc/cc:9c7c|7s6d/TsTdQc/Qh/7d:30|-30:p1|p2
STATE:299:crrrf:7sKc|2dAd:30|-30:p2|p1
STATE:300:cc/crc/rc/cc:2cQc|KhJd/AsJsTc/Td/Qs:-40|40:p1|p2
STATE:301:rc/rrrrc/rc/cc:5dKd|Qc6h/3s9sJh/Tc/7d:80|-80:p2|p1
STATE:302:f:3sQc|9c6h:5|-5:p1|p2
STATE:303:rc/crrc/rc/crc:As7c|5hKc/3dTh8s/7d/Ks:-80|80:p2|p1
STATE:304:f:Js7c|2h6d:5|-5:p1|p2
STATE:305:rrf:8h6d|2sAs:20|-20:p2|p1
STATE:306:f:JcKs|7s5d:5|-5:p1|p2
STATE:307:crc/rc/crc/crc:Js4s|2d7c/9h9s4d/7s/Tc:-70|70:p2|p1
STATE:308:rrrc/rrc/rc/cc:Th2h|Ac5d/Qs8cKh/Ad/9c:-80|80:p1|p2
STATE:309:rf:7hKh|5sQc:-10|10:p2|p1
STATE:310:cc/rrrrc/rf:2h2c|5d6c/Kh7h6d/Ac:50|-50:p1|p2
STATE:311:cc/rc/rc/rrc:6cAd|QsJh/Kh7hKd/As/8d:80|-80:p2|p1
STATE:312:crc/crrc/crrc/rrrrc:7h8d|JsKc/7cJhTh/3c/Ah:-160|160:p1|p2
STATE:313:rc/cc/cc/rrrrc:6dQh|3hQd/3d9h7s/8s/5c:100|-100:p2|p1
STATE:314:rrrc/rrc/rc/rrc:5d6c|TcAc/7s9s9h/4c/3d:120|-120:p1|p2
STATE:315:rc/crf:2c5d|Qs9c/Th4sJh:-20|20:p2|p1
STATE:316:crrc/rc/rc/rrc:Qs2d|3s9d/Kh5c2c/Qd/Ts:100|-100:p1|p2
STATE:317:rrc/cc/cc/crrc:3h9c|2c4c/3cJh9s/6s/Ad:70|-70:p2|p1
STATE:318:rf:ThJh|Qc6c:-10|10:p1|p2
STATE:319:rc/rc/cc/rc:QdKd|9s8h/6hKc5s/3c/6c:50|-50:p2|p1
STATE:320:rf:5d3h|8cQc:-10|10:p1|p2
STATE:321:cc/cc/cc/rrrrc:Td9d|7s4h/3h2hJs/Th/Ad:90|-90:p2|p1
STATE:322:crrc/rc/rc/rrrrc:Js6c|Kh7d/6sAsQh/7s/7c:-140|140:p1|p2
STATE:323:cc/crf:Kc8c|7s9c/Js8h3h:-10|10:p2|p1
STATE:324:rc/rc/rc/crc:Qd7h|Qs4s/Ts4dJd/9h/5h:-70|70:p1|p2
STATE:325:crc/crrrc/rc/rrrc:Jh7d|2d9d/QcAd7h/Th/Td:130|-130:p2|p1
STATE:326:rrrc/rrc/rrc/crrrc:3h5h|2c4d/8sKdAs/Qs/Js:0|0:p1|p2
STATE:327:rrrc/crrf:KhQc|QhAh/3c5d7d:50|-50:p2|p1
STATE:328:crc/cc/rc/rc:2h8h|QhAs/Kd8c5d/7s/Kc:60|-60:p1|p2
STATE:329:rc/rrrc/cc/crc:AsTd|Tc3c/TsJhAd/Qh/Kh:0|0:p2|p1
STATE:330:rc/cc/rrc/rrrrc:AsQd|7c3s/8d7h6c/3h/Qs:-140|140:p1|p2
STATE:331:rrc/rrc/cc/crrrrc:8cAc|As3h/9c4s5c/8d/3c:130|-130:p2|p1
STATE:332:cc/rrrc/cc/rc:Js4h|6h7d/2s8h3h/8c/Kc:60|-60:p1|p2
STATE:333:crc/crrc/crc/cc:8cKh|3h9s/6d9h4h/Tc/2h:-60|60:p2|p1
STATE:334:cc/rrc/rc/rc:Td4h|8c8h/7d5dJd/Kh/5s:-70|70:p1|p2
STATE:335:rrrc/rrrc/rrrc/rrf:7h3d|JsAh/9dQsAc/Jd/Kc:-150|150:p2|p1
STATE:336:rc/rrrc/cc/cc:Td6s|8cQs/9s2cQd/Ah/3h:-50|50:p1|p2
STATE:337:crrf:AdKc|Ah7d:-20|20:p2|p1
STATE:338:rc/rf:7dKc|6c3s/7s8d6h:20|-20:p1|p2
STATE:339:cc/rc/rrrc/rrrrc:3d4d|9d4c/9h7d8s/2d/Qs:-160|160:p2|p1
STATE:340:rc/rrrrc/rrrc/rc:7hJc|4c2d/TcKh8s/Th/9s:140|-140:p1|p2
STATE:341:rrc/rrc/crf:7dQh|8s9s/Qs9c4d/Jh:-50|50:p2|p1
STATE:342:crc/cc/crrrrc/crrc:5d3d|7cJs/4d2c6h/Kh/5c:140|-140:p1|p2
STATE:343:f:4cKd|4h7c:5|-5:p2|p1
STATE:344:cc/rrc/rc/rrc:3sJh|9cTs/QsAd2d/9h/Th:-90|90:p1|p2
STATE:345:rc/cc/cc/crrc:8dTh|Td7h/3cJc5c/6h/Qh:60|-60:p2|p1
STATE:346:cc/cc/cc/rc:Td4c|JdQc/JcQh5s/5h/3h:-30|30:p1|p2
STATE:347:rf:6s3c|JdQc:-10|10:p2|p1
STATE:348:rc/rf:5hKc|3c8d/2h6c2s:20|-20:p1|p2
STATE:349:rc/rc/crc/rc:Ts8d|AdTd/6c6s9h/6h/Ah:-70|70:p2|p1
STATE:350:crf:QcJs|Ks4h:10|-10:p1|p2
STATE:351:cc/cc/rrc/rrrrc:Jd2c|Td6s/3h5c8h/7h/As:130|-130:p2|p1
STATE:352:rc/rc/rrrc/rf:3h6s|5sAc/8hAs2d/Js/Qh:90|-90:p1|p2
STATE:353:rc/cc/rrc/rf:8s6h|4hTc/4s6d5h/4c/2s:60|-60:p2|p1
STATE:354:crc/rf:As8s|2s2d/5s3sJd:20|-20:p1|p2
STATE:355:rrrc/crc/rc/rrc:8c9s|Jh9h/3hQh2c/Td/Kc:-110|110:p2|p1
STATE:356:cc/rc/rc/rrrrc:7c5d|2dJd/6cKdTc/8c/6d:-120|120:p1|p2
STATE:357:crc/rc/rrrc/crc:5h4c|4s3d/4d3c3s/Kd/6c:-110|110:p2|p1
STATE:358:crrrc/rc/cc/cc:Js4c|Jh7c/JcQs6h/6d/3s:0|0:p1|p2
STATE:359:rc/rrc/rc/cc:7d5s|6c9h/Kh7c3c/5c/9s:60|-60:p2|p1
STATE:360:rrc/rc/rrrc/crrrc:JdJs|9c3c/5sQc2d/7d/4c:160|-160:p1|p2
STATE:361:crc/rrrrc/cc/cc:8cJc|Kd7s/6dAdAs/9s/8h:60|-60:p2|p1
STATE:362:rc/rc/crc/crrc:KsAh|7s8s/TsJc9h/3d/7c:-90|90:p1|p2
STATE:363:rrrf:Td2h|9d3h:-30|30:p2|p1
STATE:364:rrrc/rrrc/rc/crc:QdTh|9dAd/Ks7d5d/4d/5s:-110|110:p1|p2
STATE:365:cc/rc/rrrrc/rc:TcJd|6d2c/3c8sAc/9c/8h:120|-120:p2|p1
STATE:366:rf:6d2h|2c5d:-10|10:p1|p2
STATE:367:cc/rc/rrc/rrrc:3h8c|9s8s/3dKd6s/Kc/2s:120|-120:p2|p1
STATE:368:crrc/crc/rrc/rc:6d3d|TdQh/4h9cJh/Ac/4d:-100|100:p1|p2
STATE:369:crc/cc/rrrrc/crrc:2sKd|4dJd/Qd2d6s/6c/Tc:140|-140:p2|p1
STATE:370:rc/rrrrc/crrrc/crc:9dTh|7dJc/2s4c9s/4d/As:140|-140:p1|p2
STATE:371:rc/crc/cc/rc:6h9c|9d8c/6cJs7s/5c/2s:-50|50:p2|p1
STATE:372:crc/rc/rf:6dJc|Ah8d/8c9h3s/2d:30|-30:p1|p2
STATE:373:crc/cc/rc/cc:Qs2c|7cTc/6hKsKh/9s/Td:-40|40:p2|p1
STATE:374:rrc/rrf:As7h|8dAh/6dThTc:-40|40:p1|p2
STATE:375:rf:6s6d|Ts7c:-10|10:p2|p1
STATE:376:crf:9s8c|Ac6s:10|-10:p1|p2
STATE:377:cc/rrc/rrc/cc:9hTd|Ts8c/2d5c7d/9s/Th:70|-70:p2|p1
STATE:378:rc/rc/rrrc/rrc:8hQh|4h5c/2s3d5h/Ts/Kh:-130|130:p1|p2
STATE:379:crc/rc/crf:9s8c|Js9c/Kd9hJd/Ad:-30|30:p2|p1
STATE:380:cc/cc/crc/rc:5d8d|Kh5h/5sTsAc/As/2d:-50|50:p1|p2
STATE:381:rc/rc/rrrc/cc:7c7d|KsQh/QsJs7h/Kc/As:90|-90:p2|p1
STATE:382:f:JdJc|6s9s:5|-5:p1|p2
STATE:383:rrrc/cc/rc/cc:8d5c|5h5d/8h2h4h/Qs/Js:60|-60:p2|p1
STATE:384:crf:8c4c|8hAh:10|-10:p1|p2
STATE:385:rc/cc/cc/rrrrc:3h2c|9sAs/Td4sKh/8d/4d:-100|100:p2|p1
STATE:386:f:2c9h|3hQs:5|-5:p1|p2
STATE:387:rc/cc/rrrrc/rc:Jc9h|3h6h/5hTs8c/Ac/Tc:120|-120:p2|p1
STATE:388:crc/rrrc/crc/cc:Th4h|5s7d/Ts6dKh/6s/5c:70|-70:p1|p2
STATE:389:rc/rc/rc/cc:9sJh|2h2c/6h3dAh/Td/5h:-50|50:p2|p1
STATE:390:rrrf:8h2s|2hKs:-30|30:p1|p2
STATE:391:rrrc/rc/crrc/rrrc:5s7c|3s2h/Ac5h4h/Jd/Td:-150|150:p2|p1
STATE:392:crc/crc/cc/rrc:Td8c|9s7d/7cAh9h/Ts/8h:70|-70:p1|p2
STATE:393:crrf:7cJc|8c8d:-20|20:p2|p1
STATE:394:f:6h7s|8h6d:5|-5:p1|p2
STATE:395:rrrc/rc/crc/rrrf:Jc3s|8h9s/Ac6cJh/7h/Qh:110|-110:p2|p1
STATE:396:rf:3hJs|Kh2d:-10|10:p1|p2
STATE:397:crrc/crrc/rc/rc:KsTs|Qh5d/Kc6h8c/9d/3s:90|-90:p2|p1
STATE:398:cc/crc/rc/rc:8cJd|4c4d/QcAc2s/Ks/6c:-60|60:p1|p2
STATE:399:rf:4s7d|5d5s:-10|10:p2|p1
STATE:400:crrc/rf:3hAc|AhKd/Jd7s2d:30|-30:p1|p2
STATE:401:crc/rrrc/rc/crrf:7cQs|JcKd/4hJd4d/4s/5c:90|-90:p2|p1
STATE:402:rrrc/cc/rc/crrf:Qh3c|Js5s/6d9hKd/Jd/8c:80|-80:p1|p2
STATE:403:f:Ks6h|Qh8d:5|-5:p2|p1
STATE:404:rc/crrc/crrc/rrf:Qc5c|9sKh/Ah5h2d/Kd/3c:-100|100:p1|p2
STATE:405:crrf:2h4d|8s8c:-20|20:p2|p1
STATE:406:rc/rc/crrc/rrrc:3h9c|4d7h/Jc4c6s/Qs/8h:-130|130:p1|p2
STATE:407:crc/rrrrc/crc/crrrc:3d8h|4sAh/TdQs4c/Ac/7d:-140|140:p2|p1
STATE:408:rc/crrc/crc/rrrc:Td9s|9c7d/Ks3c3s/Jh/4d:120|-120:p1|p2
STATE:409:crc/rc/crrrrc/crc:7s2h|9sKd/6s3h8d/2d/Ah:130|-130:p2|p1
STATE:410:rrc/rc/rf:2d6c|Jc7s/9h9dKd/6s:40|-40:p1|p2
STATE:411:cc/cc/cc/rrf:8c4h|9h7d/AcQcKd/5s/5d:-30|30:p2|p1
STATE:412:crc/rrc/rc/crc:3d5d|Kd2h/9d5cQd/Ac/Qs:80|-80:p1|p2
STATE:413:rc/rrrc/cc/crc:6d6c|4s2c/2s7hQc/Kh/7c:70|-70:p2|p1
STATE:414:rc/crrrc/crrrf:5sQs|4s2c/6sKsAh/Ad:-90|90:p1|p2
STATE:415:cc/rc/crc/cc:Jd4s|8s2c/3s4c5c/Tc/3c:-40|40:p2|p1
STATE:416:cc/rrc/crrc/rrrc:AsJs|3h5h/QdKd6h/Jc/Th:130|-130:p1|p2
STATE:417:rrc/rc/crrrrc/cc:Qd7s|Kc2d/Ac4d9s/9c/Qc:120|-120:p2|p1
STATE:418:cc/cc/cc/rrrc:8hQd|3c6h/JsTs6d/Kc/Ac:70|-70:p1|p2
STATE:419:rrc/rc/crrc/cc:2d8c|Ks8s/Qs9s3c/3h/7h:-80|80:p2|p1
STATE:420:rf:4sJd|JsKs:-10|10:p1|p2
STATE:421:crc/crrc/rrrrc/rrc:TcTh|2h5c/Qc3c7d/Ad/Td:160|-160:p2|p1
STATE:422:rc/rc/crc/rc:8cKh|5cKd/Tc7dTs/Th/5d:-70|70:p1|p2
STATE:423:rc/rc/crrc/cc:Ah9h|8d5d/Tc3d4c/6c/Ac:70|-70:p2|p1
STATE:424:crf:3h6d|5cQc:10|-10:p1|p2
STATE:425:rrc/cc/crrc/rrrc:4d5c|9d6c/6s8cJc/7d/Qh:130|-130:p2|p1
STATE:426:rrc/cc/cc/cc:7sTh|4sAs/4d9cQs/Ts/6d:30|-30:p1|p2
STATE:427:crf:Jc5d|Qs5h:10|-10:p2|p1
STATE:428:rrc/rrrrc/rc/rc:4s2s|Js3h/TdQh2h/5s/Th:110|-110:p1|p2
STATE:429:cc/rc/crrc/cc:3s8c|9c5d/5s4d7s/Tc/2h:-60|60:p2|p1
STATE:430:crf:5d4d|2cKc:10|-10:p1|p2
STATE:431:crrrc/cc/rrc/rf:7d8s|ThJh/7h7cTd/4d/3s:80|-80:p2|p1
STATE:432:crrc/rc/rc/crc:Qd5s|AcTd/Kd2h6c/5d/9d:80|-80:p1|p2
STATE:433:f:9cAh|3h5h:5|-5:p2|p1
STATE:434:cc/crc/rc/rc:2sTs|Qh8s/6s2d9d/6c/Ah:60|-60:p1|p2
STATE:435:cc/rrrrc/rrc/crrrc:2h5c|JsQs/7s5sQh/3h/6s:-150|150:p2|p1
STATE:436:cc/rc/cc/crrc:Ah9d|JcAs/3cQh7d/Qd/6s:-60|60:p1|p2
STATE:437:crrc/rrrrc/crrrc/rf:Qc2d|Kh3h/6h6c5h/9h/7d:130|-130:p2|p1
STATE:438:cc/rrc/crrc/cc:7dKd|5cQc/6cJhJc/4s/8d:70|-70:p1|p2
STATE:439:f:Ts3s|Th2c:5|-5:p2|p1
STATE:440:f:Jd8d|8c3h:5|-5:p1|p2
STATE:441:cc/crrc/crrrc/rc:Jc6c|JdQs/5d3h9h/Qd/6d:-110|110:p2|p1
STATE:442:rc/crrc/cc/rc:4s3s|2hAh/QdKh9d/Tc/Kc:-60|60:p1|p2
STATE:443:cc/crc/rrrc/rrrc:Ah2d|Qc9h/Kc8d4h/Ks/Qh:-140|140:p2|p1
STATE:444:rc/crrrrc/cc/cc:KdTc|9d6s/Js4c8s/8d/4s:60|-60:p1|p2
STATE:445:cc/cc/rc/rrc:6cKc|5sJs/7s7c2c/3c/8s:70|-70:p2|p1
STATE:446:cc/rc/cc/rc:Kd5s|6hJc/JhAd3c/Tc/Ah:-40|40:p1|p2
STATE:447:rrrc/cc/cc/rrc:AcJh|As6h/5d2s7s/8c/Qs:80|-80:p2|p1
STATE:448:rrrc/cc/rc/crf:8c7d|4dQs/4h8dAh/5c/Td:-60|60:p1|p2
STATE:449:cc/cc/cc/rrrc:Td5d|KcAh/5c7cJh/9c/8d:70|-70:p2|p1
STATE:450:rc/rrf:Jd4c|5c7d/JcJhTs:-30|30:p1|p2
STATE:451:f:Th5h|6dKs:5|-5:p2|p1
STATE:452:cc/rc/rrrrc/rf:Kh8c|3dTd/6sTcJc/Jd/7d:100|-100:p1|p2
STATE:453:rrc/crc/rc/crc:Qd5h|Ah8s/5dTc6c/Th/3h:80|-80:p2|p1
STATE:454:cc/crc/crc/crrrrc:9s3c|7cQc/9hTdKs/Ts/Qh:-120|120:p1|p2
STATE:455:rrf:5sAs|TdTc:20|-20:p2|p1
STATE:456:rc/rc/rrf:KsKd|8cTh/2d6c2c/5c:-50|50:p1|p2
STATE:457:crc/rc/rrrrc/rrc:9c6h|Qd7d/4sKhJc/9s/Ac:150|-150:p2|p1
STATE:458:rrc/rc/crrc/crc:5c9h|9d5d/6cTh3d/Qh/4s:0|0:p1|p2
STATE:459:rrc/rrrrc/crc/cc:8sAd|3hJh/6c8d3d/2s/2c:90|-90:p2|p1
STATE:460:crc/rrc/rrc/rc:8sJc|5d7d/Jh7c5h/Ad/7h:-100|100:p1|p2
STATE:461:rc/crc/rf:5c4h|KdJc/Js6h3s/Tc:30|-30:p2|p1
STATE:462:crc/cc/rrc/rrrrc:7sJc|4h2s/2hQs5h/2c/7d:-140|140:p1|p2
STATE:463:cc/rrrc/cc/rrf:Ah4d|3cKs/2s4sJc/8c/Qh:-60|60:p2|p1
STATE:464:crc/rc/crrc/crc:Kc7h|5h7d/Js9c5s/8d/4h:-90|90:p1|p2
STATE:465:rrrc/crrrrc/rrf:2cTs|6c3c/5cAcQc/Th:-100|100:p2|p1
STATE:466:crf:9s9h|JsAd:10|-10:p1|p2
STATE:467:cc/cc/cc/rc:8h9s|Kd6d/3dTh9c/Jc/Ad:30|-30:p2|p1
STATE:468:cc/rrc/cc/rrc:Qc3c|2s8c/Jc4h6d/7h/Ac:70|-70:p1|p2
STATE:469:cc/rrc/crc/rc:4h9c|Qh3d/5h7sJd/2c/Td:-70|70:p2|p1
STATE:470:cc/rc/crrc/cc:5cTs|7h9s/8dTcQs/3c/Ac:60|-60:p1|p2
STATE:471:crc/crc/crc/cc:JhTh|3s9h/6cKs4h/2d/Qs:50|-50:p2|p1
STATE:472:crc/cc/rrrrf:8sQc|Kh7c/5dAh8c/9h:-80|80:p1|p2
STATE:473:crc/rc/rc/rc:4sKd|4d5c/8s5s9d/Ah/Qs:-70|70:p2|p1
STATE:474:rc/cc/cc/cc:7dJh|3hTh/2d8hTc/Kh/Td:-20|20:p1|p2
STATE:475:cc/rrrrc/cc/crrrrc:4sKs|6h7c/Ts2dTc/2s/Kc:130|-130:p2|p1
STATE:476:rc/crc/rc/rf:Qc4c|4h7c/8d3c9d/Qh/Td:50|-50:p1|p2
STATE:477:rc/crrc/cc/cc:8s5s|5hAc/Td9hJs/6d/Kh:-40|40:p2|p1
STATE:478:crrrc/cc/crf:Td8c|4c2d/Qh8d2c/Qc:-40|40:p1|p2
STATE:479:rf:9h6s|5hTd:-10|10:p2|p1
STATE:480:rc/cc/cc/cc:9h6h|Kc2d/8d5cKd/Th/6c:-20|20:p1|p2
STATE:481:crc/cc/rc/rc:2sQc|2d8s/As5hKc/8c/Jc:-60|60:p2|p1
STATE:482:crc/crrc/crc/cc:AdTd|7h5d/Kd6c3c/7s/3h:-60|60:p1|p2
STATE:483:rrc/cc/rrc/cc:5c5h|3c3h/4h5d4c/Td/7h:70|-70:p2|p1
STATE:484:rrrc/rrrc/cc/rc:5cQh|QsTc/4s7hTd/4c/2h:-90|90:p1|p2
STATE:485:crc/crrrc/rrc/cc:As4h|9cQs/2s8d7h/Jc/2c:90|-90:p2|p1
STATE:486:rc/crrrf:5s8s|5d6c/2h9dKs:-40|40:p1|p2
STATE:487:cc/cc/cc/rc:Kd6c|QdAs/4dKhTs/7h/4h:30|-30:p2|p1
STATE:488:rc/rrrc/cc/rf:AhKc|3cKd/9c5cQs/3s/As:50|-50:p1|p2
STATE:489:rc/rrc/rrc/rc:QhKc|9c2d/3hThAd/7h/Kh:100|-100:p2|p1
STATE:490:cc/rc/rc/rrc:Qd3s|QcJc/Ac3dAs/2h/9c:80|-80:p1|p2
STATE:491:cc/cc/crc/rc:8d2h|Kh2s/Jd3c6h/8c/Ad:50|-50:p2|p1
STATE:492:f:Qh6c|5d4c:5|-5:p1|p2
STATE:493:rrc/rc/rc/crc:Ac9d|2h3c/Kd7c4c/2c/3s:-80|80:p2|p1
STATE:494:crrrc/crrrc/rrc/rf:QdJc|7hTh/3cAd9s/3s/Js:110|-110:p1|p2
STATE:495:crrf:Ac6h|7c2c:-20|20:p2|p1
STATE:496:crc/crc/rrc/crc:4s6s|7d2c/Tc4cTd/9s/Kh:90|-90:p1|p2
STATE:497:crc/crrf:Jd9h|7h3s/6s3h4h:30|-30:p2|p1
STATE:498:cc/rc/rc/crrc:4d5d|7s9d/6dQs3d/Ah/7d:80|-80:p1|p2
STATE:499:rf:2c9c|KhQs:-10|10:p2|p1
STATE:500:cc/cc/rrrrf:9d2d|Th6h/4s3s6s/Jh:-70|70:p1|p2
STATE:501:crrc/cc/rrc/cc:3h5c|Qc9c/3cJhTc/6h/Js:70|-70:p2|p1
STATE:502:rc/cc/cc/crrrrf:5s7h|9s3d/Kc9d8d/Js/4h:80|-80:p1|p2
STATE:503:cc/rc/rc/rrrc:3c5c|Kd2h/AhTc3s/As/Qs:100|-100:p2|p1
STATE:504:crc/cc/crrrrc/rrc:9dAd|6d7c/2c8cJh/4c/8d:140|-140:p1|p2
STATE:505:rrrc/cc/cc/cc:3c8h|Jh7c/Ac4d7d/5c/6h:40|-40:p2|p1
STATE:506:cc/rrc/crc/crc:9h6s|QcAc/AsJc2c/9d/Kc:-70|70:p1|p2
STATE:507:cc/rrrrc/crc/crc:4h4s|7dKh/5d9cQc/Js/7h:-90|90:p2|p1
STATE:508:cc/crc/cc/cc:6sJs|QhQc/6cTh3d/8s/9d:-20|20:p1|p2
STATE:509:crrc/cc/rc/crrc:8cKd|5dJs/4d9s8d/Ah/Jd:-90|90:p2|p1
STATE:510:crc/crc/crrc/rrrc:Qd5h|Ts4s/3sAcTc/2s/Qs:-130|130:p1|p2
STATE:511:rc/rc/crrc/crc:Qh8h|9s5s/6s4c3h/9c/8d:-90|90:p2|p1
STATE:512:rc/rc/rc/rrc:6c9s|8cTc/Kc2s2c/6h/3c:-90|90:p1|p2
STATE:513:rc/rc/cc/rc:3hTh|2h2c/7cJd8s/Kd/2d:-50|50:p2|p1
STATE:514:rc/cc/cc/rrc:9d5d|QsTh/Jc4s6c/9s/Td:-60|60:p1|p2
STATE:515:crc/rc/cc/crc:2cJc|Qd5h/QhTsQs/7s/7c:-50|50:p2|p1
STATE:516:rrc/rrrc/cc/rc:5c6c|JsAd/Ac8c5d/Qc/9s:80|-80:p1|p2
STATE:517:crc/crrc/rrrrc/rrrc:Kd3h|8sKc/Ah4c3d/Jc/Th:180|-180:p2|p1
STATE:518:cc/cc/cc/rrc:5c2h|ThTc/Jc8c6s/Td/4h:-50|50:p1|p2
STATE:519:cc/rrc/crrc/crc:6c9d|2s3d/2h8dQs/Ts/8c:-90|90:p2|p1
STATE:520:crf:2s9h|2c4d:10|-10:p1|p2
STATE:521:rc/crc/rc/rc:8d4d|JcTd/2h3d7s/2d/Js:-70|70:p2|p1
STATE:522:rrc/rc/crrc/rrc:Ac3s|TdJc/5c3c6d/Kc/Ah:120|-120:p1|p2
STATE:523:f:3d7s|4d5h:5|-5:p2|p1
STATE:524:crrrc/crrrrc/rc/rrrrc:3cJd|KdAs/Qh2hJh/2c/3s:180|-180:p1|p2
STATE:525:rrrc/cc/rrrf:AdKs|8cKd/5h2h4c/2s:80|-80:p2|p1
STATE:526:crc/cc/rrc/rc:2s5d|ThQs/5hAdJc/Ts/Qh:-80|80:p1|p2
STATE:527:rrrc/rrrf:9h3h|AdJc/Td3s5d:60|-60:p2|p1
STATE:528:f:8h3d|4s5c:5|-5:p1|p2
STATE:529:rc/crc/cc/cc:KhQh|6c7h/Qc5h9h/7s/Qd:30|-30:p2|p1
STATE:530:rc/crc/cc/crrc:Kc2d|KsAd/Ah9d4s/7d/7h:-70|70:p1|p2
STATE:531:rc/crc/rrrc/crc:7c6d|Ad7s/3sKc3h/7d/4c:-110|110:p2|p1
STATE:532:crc/cc/crrc/rrf:9h3d|6hQc/4hAhKh/4s/2d:-80|80:p1|p2
STATE:533:cc/cc/rf:Kh2c|6sAh/4sQc9d/3c:10|-10:p2|p1
STATE:534:cc/rc/crc/rrrrc:3h6h|3c7s/5hTs4c/6d/Jh:-120|120:p1|p2
STATE:535:rc/rrc/rc/rrrrc:Ah5h|8cAc/2h8h9s/Ts/Js:-140|140:p2|p1
STATE:536:rc/crc/cc/cc:Qh9c|3h2d/Qd5dQc/Jh/Kh:30|-30:p1|p2
STATE:537:crrrc/crc/crc/rrc:8hJc|4hQc/Ks8cAs/Ts/2c:110|-110:p2|p1
STATE:538:rf:7d4d|2s6c:-10|10:p1|p2
STATE:539:cc/crrc/rf:4c5s|7h8d/9s9h8c/7c:30|-30:p2|p1
STATE:540:crrf:4d5s|6cTs:-20|20:p1|p2
STATE:541:rc/rrc/crrf:Th3s|6h4h/Td2cAh/Kh:60|-60:p2|p1
STATE:542:rrc/rrrc/rc/crrc:8s8d|Qd3s/9h3d8h/5h/Ts:120|-120:p1|p2
STATE:543:crrc/crc/rc/rrf:5h6c|Jh6d/8sQh9c/3s/7d:-80|80:p2|p1
STATE:544:cc/cc/crrc/cc:QcQh|6d3s/Jd4cTc/Td/9d:50|-50:p1|p2
STATE:545:cc/cc/rf:TdKc|8d5c/As9hAd/2d:10|-10:p2|p1
STATE:546:rrf:7s7d|QhAc:20|-20:p1|p2
STATE:547:rf:Td6s|Ad6h:-10|10:p2|p1
STATE:548:cc/cc/rrrrc/rrc:6d2c|Kh8c/2hQc3h/5c/8s:-130|130:p1|p2
STATE:549:rc/crf:AhKc|JdKd/QdTh9c:-20|20:p2|p1
STATE:550:cc/rc/rrc/crc:4cJd|QdAd/Td4s9s/Jh/8s:-80|80:p1|p2
STATE:551:crrf:3dJh|9sQc:-20|20:p2|p1
STATE:552:rrc/rrrc/cc/rf:Kh4s|8c7h/3d6s3s/Qs/8h:60|-60:p1|p2
STATE:553:f:6cJd|3d2s:5|-5:p2|p1
STATE:554:cc/crrf:5s2d|QdTs/Kd8h7d:20|-20:p1|p2
STATE:555:crrrc/rrc/cc/rrrrc:As2h|4sTc/2s7dKs/4h/Kh:-140|140:p2|p1
STATE:556:rc/rrc/rrc/rrc:5s9h|Qd7s/8h9d5c/Kc/As:120|-120:p1|p2
STATE:557:rc/crrrc/rrrc/crc:4h5c|2cKd/7d7h6c/2h/8d:130|-130:p2|p1
STATE:558:cc/rc/crc/crrc:2hKd|AsAd/Jd9s2c/8c/2s:80|-80:p1|p2
STATE:559:rrc/cc/rrrc/rrc:KcKd|7hJs/9cAs8h/7d/9h:130|-130:p2|p1
STATE:560:rc/crrrc/crc/rc:9dJs|2d8s/QdQhAs/4h/9h:90|-90:p1|p2
STATE:561:rc/rc/rc/rc:2dTh|2sTs/Kh5dTc/7d/7c:0|0:p2|p1
STATE:562:crrc/rrrrc/cc/cc:3h8c|2s5s/9s4cKh/Qd/9d:70|-70:p1|p2
STATE:563:rc/rc/rrrc/crc:9c5h|7d6d/4c6h9s/Jh/3h:110|-110:p2|p1
STATE:564:rf:5h8h|2dAs:-10|10:p1|p2
STATE:565:crc/crc/rc/cc:4h3d|Jh8h/2c5s5h/6d/Td:50|-50:p2|p1
STATE:566:crrrc/crf:7cQc|3s8d/2s2h7h:-40|40:p1|p2
STATE:567:rc/rf:5dKh|8s7s/As2sTc:20|-20:p2|p1
STATE:568:rf:7dKd|3c6s:-10|10:p1|p2
STATE:569:rrc/rc/rrc/cc:Ah4s|Ts6s/4dTd5c/2d/6c:-80|80:p2|p1
STATE:570:rrrc/rrc/crrc/crc:Js7c|Tc8h/8cJh7d/5c/5h:120|-120:p1|p2
STATE:571:rc/crc/rrrc/crc:9sQc|8d7c/5d9c2d/4s/5h:110|-110:p2|p1
STATE:572:crrc/rc/rc/crrrc:3dKd|8d5s/4cTcQd/3s/7h:120|-120:p1|p2
STATE:573:cc/rrrrf:Qc3c|9cTd/4sTh6s:-40|40:p2|p1
STATE:574:rrc/crrrrc/crc/cc:Js9h|Kh3c/QhJdAs/2d/2c:90|-90:p1|p2
STATE:575:rc/crrrc/cc/cc:4s2c|6s8c/7h3s9c/2s/Js:50|-50:p2|p1
STATE:576:rc/cc/rc/cc:3s6h|6s8c/5hKsKc/As/9d:-40|40:p1|p2
STATE:577:rrrc/cc/crc/crrrrc:3dTs|Tc7d/AsKhJc/Qc/6h:0|0:p2|p1
STATE:578:cc/rc/cc/rrf:2d5c|3cQc/6sKs6h/Qd/5h:-40|40:p1|p2
STATE:579:rc/crc/rc/rc:3h7d|9d6s/9c8sTd/4h/Qc:-70|70:p2|p1
STATE:580:rrrc/crrc/crrf:4dQh|8c5c/9hKc2d/9d:80|-80:p1|p2
STATE:581:cc/cc/crc/rrc:Qc4d|8c7d/Qd8hTh/4s/5s:70|-70:p2|p1
STATE:582:rc/rrc/cc/rc:8dQs|3hQd/3cKc6d/Td/Qc:-60|60:p1|p2
STATE:583:cc/rrc/crrc/cc:9h3d|9c5d/As7s2c/5h/2s:-70|70:p2|p1
STATE:584:crc/cc/cc/crrc:Qh8h|7s4c/Tc3cJh/Js/Ts:60|-60:p1|p2
STATE:585:crrc/cc/rc/rc:5h4s|9sQd/2c6d7d/Tc/6c:-70|70:p2|p1
STATE:586:rc/rc/cc/rrc:3h7s|Js5s/Th9cTd/9s/As:0|0:p1|p2
STATE:587:rrc/rc/crrc/cc:5cTc|4d3h/9sJc9d/Qd/6h:80|-80:p2|p1
STATE:588:rrc/rrc/rf:Qh8s|9s2h/4c3h7d/Kc:50|-50:p1|p2
STATE:589:cc/rc/crrrrf:Ad6s|Js8s/5dTs6c/9s:80|-80:p2|p1
STATE:590:cc/rc/cc/crrc:Jh8s|TcQs/4hJd3h/9s/6c:60|-60:p1|p2
STATE:591:rrrc/crc/crrf:7cTs|AhJs/9h3dQd/2h:70|-70:p2|p1
STATE:592:rf:JcJh|KdAh:-10|10:p1|p2
STATE:593:cc/cc/crc/rrf:Qs2c|Jd6s/Js3dKs/Kc/8h:-50|50:p2|p1
STATE:594:rc/rrrc/rc/rc:6sQs|9dJh/7sAsTh/5c/5d:90|-90:p1|p2
STATE:595:crc/rc/rc/crrrc:6h8h|9h2d/2hJd5d/3d/Tc:-110|110:p2|p1
STATE:596:cc/rrrrc/rc/rrc:3sQc|4c2c/Ts8sTd/5s/Ah:110|-110:p1|p2
STATE:597:cc/rrrrc/cc/rc:7sQd|Ac6s/6h9dJc/Jh/Kc:-70|70:p2|p1
STATE:598:crrc/cc/crrc/rc:3cJd|JsAs/9dAh9s/3d/Ks:-90|90:p1|p2
STATE:599:crrc/cc/cc/rrrc:3dTc|8s9s/KdKc2d/5d/Ts:90|-90:p2|p1
STATE:600:cc/rrc/rf:4h8d|4dKh/3s9h7d/9c:30|-30:p1|p2
STATE:601:cc/cc/rrrrc/rc:TsKh|Qh6h/Td9h8s/9c/Ac:110|-110:p2|p1
STATE:602:cc/crc/rc/rc:4d3s|4sJh/8sTs5c/4c/As:-60|60:p1|p2
STATE:603:rc/rc/rrc/cc:6sJc|Kc3d/As5s7c/Td/9c:-70|70:p2|p1
STATE:604:cc/crc/cc/rc:Qs4s|8c6s/4d7s7c/Qc/Kd:40|-40:p1|p2
STATE:605:f:Kh7c|5sQs:5|-5:p2|p1
STATE:606:rrrc/cc/crc/rrrf:5hAh|8hTh/3s4sTd/6s/As:100|-100:p1|p2
STATE:607:rc/rc/crc/rrc:8dQh|6s8c/Tc9h2d/5h/3h:90|-90:p2|p1
STATE:608:crrc/cc/cc/rrf:3h9d|3sAh/Qc7c8d/6s/Td:-50|50:p1|p2
STATE:609:cc/rc/rrrrf:KsJc|6s4d/7cJd9s/6c:-80|80:p2|p1
STATE:610:cc/rrc/rrc/rc:Qc7s|7d8s/5cAs8c/6c/9h:0|0:p1|p2
STATE:611:rc/rrc/rc/rrrrc:9h5d|2s3d/Th8c5c/Jd/Jh:140|-140:p2|p1
STATE:612:rc/rf:7cJc|TcQs/9h9cJd:20|-20:p1|p2
STATE:613:cc/rc/crrrc/rrc:3d9s|4s2d/Ts6h4d/7h/Qh:-120|120:p2|p1
STATE:614:crc/rrc/crf:KcQd|7hTd/Th9h5d/Qs:-40|40:p1|p2
STATE:615:cc/rc/cc/rc:Td4h|8c9s/TcAs7d/Jh/9h:-40|40:p2|p1
STATE:616:crrrc/rrrf:5h6h|Th3s/5dTd4s:60|-60:p1|p2
STATE:617:cc/rc/cc/rrrrc:TdQd|Kd6s/Qs5h9s/2h/3c:100|-100:p2|p1
STATE:618:crf:AhQh|7cQd:10|-10:p1|p2
STATE:619:crc/rc/rc/rc:2h7c|5hKs/AhJs5s/Th/2s:-70|70:p2|p1
STATE:620:cc/cc/rrc/crrc:8hKc|9s8s/Kd5sQd/5d/Th:90|-90:p1|p2
STATE:621:crc/crc/rc/rc:9sTd|KdJs/3dQc3h/2h/4h:-70|70:p2|p1
STATE:622:cc/rc/rc/cc:2s4c|Jd5c/8h4hQs/7h/4d:40|-40:p1|p2
STATE:623:rrc/crrc/crc/rc:Js9s|9d6h/8cAc8s/Ad/Ah:0|0:p2|p1
STATE:624:rc/cc/cc/cc:4hKd|7h8s/Ts7d4s/3h/8c:-20|20:p1|p2
STATE:625:rc/rrrc/crc/cc:9h6c|4h7d/As8h3d/Ac/6s:70|-70:p2|p1
STATE:626:rrrc/crrc/cc/rrc:AcQd|2s8c/Qs3hKs/Ah/9s:100|-100:p1|p2
STATE:627:cc/rf:9sAc|3cKh/Kc5s8h:10|-10:p2|p1
STATE:628:rf:8d4c|5c8s:-10|10:p1|p2
STATE:629:rc/rrrc/rf:3hJc|2d5h/Jd2hKd/Qs:50|-50:p2|p1
STATE:630:crrrc/rc/rrc/rrc:JsTs|QsAd/4d7d6c/Qh/9d:-130|130:p1|p2
STATE:631:crrrc/rrrc/rc/rrrc:7s9h|Td8c/3dQh2s/Ah/8d:-150|150:p2|p1
STATE:632:cc/crc/rc/rrrrc:6d4s|8cTh/Td9c9d/Kd/Ah:-120|120:p1|p2
STATE:633:rc/rc/rf:8c9c|Ah8s/Jc2h3h/Qh:30|-30:p2|p1
STATE:634:rc/rrrrc/rrc/cc:8c6c|9dAs/8h2sJh/Td/Qh:-100|100:p1|p2
STATE:635:rf:4h9c|KcAs:-10|10:p2|p1
STATE:636:f:Qc6c|2cTc:5|-5:p1|p2
STATE:637:rc/rc/rrc/crrrrc:9dJd|Th9c/3hAs4s/Ad/9s:150|-150:p2|p1
STATE:638:crrrc/crrrrc/cc/cc:Ac3c|7d3s/4h6c8d/6s/9s:80|-80:p1|p2
STATE:639:rrrc/rc/rrc/cc:5dQh|8c4h/8s7h7c/Jh/2c:-90|90:p2|p1
STATE:640:crc/cc/rc/cc:7d8h|AsKs/3hJh4c/Th/8c:40|-40:p1|p2
STATE:641:rrc/rc/rc/cc:AsKd|AhTc/4c5h2s/2d/2c:60|-60:p2|p1
STATE:642:rc/crrrrf:2sAd|3d6s/5h7h8d:50|-50:p1|p2
STATE:643:crc/crrc/crc/crrc:8h2d|Kc8d/3c6dTh/6h/2h:100|-100:p2|p1
STATE:644:rc/rrrc/rrc/rc:3sJd|3h5d/QsKd8s/4d/2d:110|-110:p1|p2
STATE:645:rrc/crc/crc/crc:9h8h|4dAd/2hQc5h/5s/7h:80|-80:p2|p1
STATE:646:rc/cc/cc/cc:Kd6h|9d4h/9c7s8h/Qd/8c:-20|20:p1|p2
STATE:647:rrrc/rc/rrrrc/crrrrc:JcTd|3hKd/Jh9dAd/9c/Tc:210|-210:p2|p1
STATE:648:rrrc/cc/crc/cc:KcKd|3c2s/3d6h7c/Jh/8c:60|-60:p1|p2
STATE:649:rc/cc/rrc/rc:Ah5c|Kc5h/5sQs4s/7d/6h:80|-80:p2|p1
STATE:650:rrc/rc/rrrc/rc:9hJs|QhKh/3c2c7d/9d/9c:120|-120:p1|p2
STATE:651:crrrc/crrrc/rc/crrrrc:5dQd|4h9h/Ac7hJc/Kh/Qs:170|-170:p2|p1
STATE:652:cc/cc/cc/cc:Jc4c|KdJh/7hKsTc/8d/9c:0|0:p1|p2
STATE:653:rc/rrf:Kd8h|Tc5d/Qh6s7h:-30|30:p2|p1
STATE:654:cc/cc/rf:6sJh|8hQc/9h4s7c/7s:10|-10:p1|p2
STATE:655:crc/cc/rc/rrrc:As6d|5h2s/4s6s9d/Qh/7s:100|-100:p2|p1
STATE:656:rc/rc/rrrc/cc:QhKs|9h5h/6d2d7h/Qc/4s:90|-90:p1|p2
STATE:657:rrf:Ks3c|4h8s:20|-20:p2|p1
STATE:658:cc/cc/rc/rrc:QcQd|8d5s/7sAdTh/7c/2h:70|-70:p1|p2
STATE:659:cc/crc/rrrc/cc:Kh2d|5d2h/TdAd6c/Jh/3s:80|-80:p2|p1
STATE:660:cc/rc/rc/rf:6sTc|4d9s/Ah2cKh/3s/3c:40|-40:p1|p2
STATE:661:crrrc/rrrc/rc/cc:5h3s|Jc9c/Qd7cKs/Kd/Qs:-90|90:p2|p1
STATE:662:f:Ac7s|Kd3d:5|-5:p1|p2
STATE:663:rrrf:3c8h|QhJd:-30|30:p2|p1
STATE:664:crrrf:6cAh|8h2d:30|-30:p1|p2
STATE:665:rf:3s7c|Tc7d:-10|10:p2|p1
STATE:666:rc/cc/rrrc/crc:6s8d|7hKd/Td8sQd/Ah/2c:100|-100:p1|p2
STATE:667:cc/cc/rc/rc:4s7h|Jh7s/5d2s5c/4c/3d:50|-50:p2|p1
STATE:668:crc/crc/rc/crrc:9sQh|3d5d/8h7hAc/6s/Td:90|-90:p1|p2
STATE:669:cc/cc/rrrrc/rrrc:KsQc|Td7s/4s5s3s/8h/Qd:150|-150:p2|p1
STATE:670:cc/crrrc/cc/crc:8hQd|4h2c/4sTs7d/7s/Td:60|-60:p1|p2
STATE:671:crrc/rc/rrf:KdAs|Ad3c/2s7s9c/Jc:-60|60:p2|p1
STATE:672:cc/rrrrc/rc/rrc:9s5s|Qs7d/Qc7s8c/Ts/8s:110|-110:p1|p2
STATE:673:cc/rf:6s4h|Ts9d/2dAc7s:10|-10:p2|p1
STATE:674:rc/rrc/rc/crc:8c2h|Td8s/4dKd9s/Qh/5s:-80|80:p1|p2
STATE:675:crc/rc/cc/cc:8cJd|Qd5d/QhQcAh/3d/9s:-30|30:p2|p1
STATE:676:rrrc/rc/rrrrc/rrrrc:Jh8c|7hJd/2h9dKd/Ah/2c:0|0:p1|p2
STATE:677:rc/cc/rrrc/cc:9s3s|8s5d/5c8d2c/9c/Ad:-80|80:p2|p1
STATE:678:rrrc/rrrrc/crc/crrc:Tc4h|6hAc/Qs3h7s/8h/Jd:-140|140:p1|p2
STATE:679:cc/rc/cc/rrrrc:AcTc|Ah2d/8c2h9c/4h/Td:100|-100:p2|p1
STATE:680:cc/cc/rrc/rrc:Kh2s|4s4d/8dAc2c/5d/7c:-90|90:p1|p2
STATE:681:cc/rrrrc/cc/rrc:6d4c|Qh7c/3c7hKh/8s/6c:-90|90:p2|p1
STATE:682:crf:7c8h|7d2s:10|-10:p1|p2
STATE:683:rrrc/crrrrc/cc/rc:2dTc|AhKd/4sJs3d/Ks/4h:-100|100:p2|p1
STATE:684:f:3dAh|Kd8h:5|-5:p1|p2
STATE:685:cc/rc/rc/rrc:4s6s|Qc7d/Qh7c5d/Td/2h:-80|80:p2|p1
STATE:686:crc/cc/crrc/cc:As4h|9s5c/Ks5hKh/8c/7h:-60|60:p1|p2
STATE:687:rc/rc/cc/crc:JhTh|2hQh/6s5h2c/Ah/6d:-50|50:p2|p1
STATE:688:rc/crrc/rrc/rc:9h7s|6h6d/7d9dQc/Kh/4s:100|-100:p1|p2
STATE:689:rrrf:Ks8s|Qs4s:-30|30:p2|p1
STATE:690:rrrc/crc/rc/rf:7dQd|Td9s/6dTs3h/4s/6c:70|-70:p1|p2
STATE:691:crc/crrrc/cc/rc:2h5h|2d2s/TdJsAh/Jc/7c:-70|70:p2|p1
STATE:692:rrrc/rrrc/rc/crc:Js6d|3h5h/7hKh4c/Td/Qh:-110|110:p1|p2
STATE:693:rc/crrc/rrc/crc:6d5c|KsAd/Ts2h6h/5s/7d:100|-100:p2|p1
STATE:694:rrrf:2c3c|Qh7h:-30|30:p1|p2
STATE:695:rrrc/crc/cc/rrc:2c8d|8c8s/8h4d9s/9d/4h:-90|90:p2|p1
STATE:696:rc/crrrrc/cc/cc:7s5h|2hKs/KdQhJs/4s/Jd:-60|60:p1|p2
STATE:697:cc/crrrf:2h3d|JdKh/Ad5sKs:-30|30:p2|p1
STATE:698:rrc/crrc/rrc/cc:5dTs|8c7c/6d2dKs/Js/6c:90|-90:p1|p2
STATE:699:rc/rrc/rrrc/cc:5h8s|8hQd/7c4c3c/Jc/2c:0|0:p2|p1
STATE:700:rrc/rrrrc/crrrrc/crc:6dQh|6cTs/7h3c7s/4h/3s:170|-170:p1|p2
STATE:701:cc/rrc/crc/rc:9c7c|4sJd/8s8cKd/7h/Ks:-70|70:p2|p1
STATE:702:rrc/rc/crc/crc:2c7c|5h2h/3dTsAc/7s/Jc:80|-80:p1|p2
STATE:703:cc/cc/rc/crrrc:7h5d|KhKc/Jh2d8d/9c/7d:-90|90:p2|p1
STATE:704:rc/crrf:3cJh|6h7d/Kh7cAc:30|-30:p1|p2
STATE:705:rf:JdTh|8sAc:-10|10:p2|p1
STATE:706:rrc/rrrc/cc/rc:3cAh|5d6h/9s4c8c/Jc/3h:80|-80:p1|p2
STATE:707:f:Ah8h|QsAd:5|-5:p2|p1
STATE:708:cc/rc/rc/cc:Ks3d|TsJd/8s8c6d/5d/Qh:40|-40:p1|p2
STATE:709:rrrf:5d9c|ThAd:-30|30:p2|p1
STATE:710:cc/rc/crc/cc:4cTh|Js8d/7s8hQd/4h/5d:-40|40:p1|p2
STATE:711:cc/crc/rc/rc:6sJd|6h3d/Kd5dAc/Tc/6d:60|-60:p2|p1
STATE:712:rrf:Ks5d|8d2h:20|-20:p1|p2
STATE:713:rrrc/crf:4hTc|4c5s/Js9sAs:-40|40:p2|p1
STATE:714:rrrc/rc/rc/cc:2d5h|Th9c/8h9dTc/8c/Qd:-70|70:p1|p2
STATE:715:rrrc/crrc/crc/rc:Ad3c|7h8h/4d7sJs/3h/6d:-100|100:p2|p1
STATE:716:cc/rc/cc/rc:As4s|Qd3d/7s3cKc/5c/9c:-40|40:p1|p2
STATE:717:cc/rc/cc/rc:Ad2c|As4d/3hAh9h/Jc/4h:-40|40:p2|p1
STATE:718:rc/cc/rc/cc:4sTd|Qh4h/5c7h6c/7d/6s:-40|40:p1|p2
STATE:719:rrrc/crc/rrf:3c7s|8s3s/Ts4c5c/Jc:-70|70:p2|p1
STATE:720:rrrc/cc/cc/crrc:7d2d|As9s/9dThAc/Kc/2h:-80|80:p1|p2
STATE:721:cc/rc/rrc/rrc:Ad6h|Tc3s/9sTdQd/7d/Jh:-100|100:p2|p1
STATE:722:rf:AcAh|Kc3c:-10|10:p1|p2
STATE:723:rc/rrrc/rc/rrrrc:Td6h|Ts8c/5h8d2c/Ad/9h:-150|150:p2|p1
STATE:724:rrrc/crf:Ad3h|Kc4d/As5cJh:-40|40:p1|p2
STATE:725:rc/crrc/cc/crc:8c6c|KsKd/Tc9hJs/7s/Jd:60|-60:p2|p1
STATE:726:crrc/cc/cc/rc:AhTs|3d8s/3c5h8h/Ad/2h:-50|50:p1|p2
STATE:727:rrc/rrf:3c9d|Jc4c/8c9hQh:-40|40:p2|p1
STATE:728:rc/rrrrf:6d8d|3h9h/2s7dKc:-50|50:p1|p2
STATE:729:rrrc/cc/rrrrc/rrrrc:5d5h|6d2h/4d6h3s/Ad/6s:-200|200:p2|p1
STATE:730:rc/crrrrc/rf:ThAd|QsAh/AcKh3d/3c:60|-60:p1|p2
STATE:731:rc/rc/rc/rc:9s2h|Jd9h/Ad5cAc/8c/4d:-70|70:p2|p1
STATE:732:crc/crrc/rc/cc:5dKs|Qc5c/Jd8h9h/Qd/3s:-60|60:p1|p2
STATE:733:cc/rrc/rc/rrrrc:As4c|5s5h/Tc6cQs/6h/6s:-130|130:p2|p1
STATE:734:crrf:Ac5c|9sJh:-20|20:p1|p2
STATE:735:crc/rrc/rrrrc/rc:JsKh|7dKd/4h2sAc/4d/8s:140|-140:p2|p1
STATE:736:crc/crrc/rc/cc:3dJd|9h8c/Jh5d9s/3h/Ks:60|-60:p1|p2
STATE:737:cc/rc/cc/rrrf:5h9s|7d8d/4dAdTc/Js/2s:60|-60:p2|p1
STATE:738:crc/rc/crc/cc:7sAh|8hJc/6s4c2c/9h/2h:50|-50:p1|p2
STATE:739:cc/rrrrc/rrrrc/rc:Ac9c|6s2d/KcKd4c/6d/Ad:150|-150:p2|p1
STATE:740:rc/cc/rrrc/crrc:6s5s|KhTd/KsJc4s/9h/7d:-120|120:p1|p2
STATE:741:crrrc/cc/cc/crrrrc:Th6h|3c9h/4dJh4s/Kd/5d:120|-120:p2|p1
STATE:742:crc/rrc/cc/rc:AcQh|Ts7c/2hAd7d/6c/Kh:60|-60:p1|p2
STATE:743:rc/rf:Ks9d|9hAs/Kc6c5h:20|-20:p2|p1
STATE:744:f:8h3c|5dQd:5|-5:p1|p2
STATE:745:crc/cc/crc/cc:9d8h|QdKs/Jh6c9s/2d/3s:40|-40:p2|p1
STATE:746:rc/rc/crc/rrc:2c3h|JcKs/KdTdTc/2s/9s:-90|90:p1|p2
STATE:747:rrrc/cc/crc/rc:QcTs|As4h/8d2s2h/Ad/4c:-80|80:p2|p1
STATE:748:rrrc/crc/crrrf:As2d|Qs9s/2sThQd/9h:-90|90:p1|p2
STATE:749:crrc/rc/cc/rc:Th8d|7h3d/4cQs5c/Ad/6c:-60|60:p2|p1
STATE:750:f:9cKh|4d8c:5|-5:p1|p2
STATE:751:cc/crrrc/rrrrc/rc:8dQc|QsTh/Jc3sAc/3d/4h:0|0:p2|p1
STATE:752:rc/rc/rrrc/rrc:3s4c|5c9d/As3h3c/2h/4s:130|-130:p1|p2
STATE:753:cc/rrc/rc/rc:8cKs|4sQc/6sJh4h/6c/Th:-70|70:p2|p1
STATE:754:rc/rf:8d5c|6s6c/TsAhKc:20|-20:p1|p2
STATE:755:rc/crrc/crc/crc:Ah9h|QcTs/Kh3h3s/Kd/2h:80|-80:p2|p1
STATE:756:crrrc/cc/rrrrc/rf:Ts7d|Kd9s/5s8d5h/6s/9d:120|-120:p1|p2
STATE:757:rrc/rrrc/cc/rrrrc:5s5c|9h9d/Ad2h4d/Qc/Td:-140|140:p2|p1
STATE:758:rrrc/rc/cc/cc:Kh9s|Ac6c/JcQdKs/4h/Ah:-50|50:p1|p2
STATE:759:rrrf:Kd9c|Jh8d:-30|30:p2|p1
STATE:760:cc/rc/rc/cc:9c4s|Jh5c/AcKd3h/2s/Kh:-40|40:p1|p2
STATE:761:cc/cc/rrc/cc:Td2s|7dAs/9s8s6c/7c/Jd:50|-50:p2|p1
STATE:762:rrc/rrrc/cc/rrc:JhTd|TcAh/2s9dAd/4h/Qs:-100|100:p1|p2
STATE:763:rc/cc/rrrrc/cc:Jd8d|9hTd/3h9s5c/7s/9c:-100|100:p2|p1
STATE:764:crrrc/rc/cc/rc:ThAc|2d4c/Jh3s5h/6s/Td:-70|70:p1|p2
STATE:765:cc/rc/crrc/crrrrc:Qh8d|2sJc/Kh7s3d/Kc/4h:140|-140:p2|p1
STATE:766:rc/rc/cc/cc:Qs6s|9hKs/QhQd7c/9c/3h:30|-30:p1|p2
STATE:767:rc/rc/rc/crc:Kc2h|4h8d/3sTs4d/Qd/Ah:-70|70:p2|p1
STATE:768:rrc/rc/cc/rrc:QhAh|2cTd/6s3c4h/Tc/9h:-80|80:p1|p2
STATE:769:crrc/cc/crrrrc/rc:6d5h|3hQh/2d6c8s/3s/2h:130|-130:p2|p1
STATE:770:rc/crf:TcAs|Td7c/3d9s5s:-20|20:p1|p2
STATE:771:rrrc/cc/rrrrc/rrc:2s7h|Qs8h/3c5hJs/Jd/5d:-160|160:p2|p1
STATE:772:rrrc/cc/rrrrc/crc:6h5d|As7d/Ah6sKd/Ac/Ks:-140|140:p1|p2
STATE:773:cc/cc/rrrrc/crc:3d6h|6d2h/JsAh4h/9d/7d:0|0:p2|p1
STATE:774:rc/cc/rc/rc:8s6d|3d8c/Ah7hKh/7d/9s:0|0:p1|p2
STATE:775:cc/rrc/crc/rrc:Ks6c|7sJh/Kd4sJs/3c/8h:90|-90:p2|p1
STATE:776:crrc/rf:Ah5d|6s2s/4s3h3d:30|-30:p1|p2
STATE:777:cc/rrc/cc/cc:7h2h|9cTc/7dKs2d/4c/Jd:30|-30:p2|p1
STATE:778:f:8hKc|2d9s:5|-5:p1|p2
STATE:779:rc/crrrc/crc/rrrf:AhTh|5h2h/8sQh8d/2c/7d:110|-110:p2|p1
STATE:780:rc/cc/crc/rc:7h8s|6hAs/QhQcJd/9d/7d:60|-60:p1|p2
STATE:781:f:Td5s|7c8c:5|-5:p2|p1
STATE:782:f:2d7c|2hQh:5|-5:p1|p2
STATE:783:cc/rrc/crc/rc:5hTh|3sAh/QdKh9s/Tc/Kc:70|-70:p2|p1
STATE:784:f:4h7h|7c3d:5|-5:p1|p2
STATE:785:cc/rrc/rc/rc:Kc9c|5d6d/8dTs7h/9s/2d:-70|70:p2|p1
STATE:786:rc/rrf:QcQh|7dQd/4d2cTc:-30|30:p1|p2
STATE:787:crf:9hJc|5d4c:10|-10:p2|p1
STATE:788:cc/cc/rc/crrf:TcTh|Td6c/Ac8s8d/2s/Kc:50|-50:p1|p2
STATE:789:f:Js3s|5s4d:5|-5:p2|p1
STATE:790:f:Qs4d|AsAc:5|-5:p1|p2
STATE:791:crf:2c5d|JsQh:10|-10:p2|p1
STATE:792:rrc/cc/crc/cc:9s5s|Jh5h/8cQc7c/7h/6h:50|-50:p1|p2
STATE:793:rrf:4sAs|8d5h:20|-20:p2|p1
STATE:794:rrrc/rc/crf:9h5h|9dAc/Jc2h4s/3d:-50|50:p1|p2
STATE:795:crc/cc/crf:Kd3s|8sKc/JcKhAd/As:-20|20:p2|p1
STATE:796:rrc/cc/rc/rrc:Qh2d|Kd7d/9d7h7c/Th/4c:-90|90:p1|p2
STATE:797:rc/rc/cc/cc:Qd7h|2c4d/AcTh3c/9h/2d:-30|30:p2|p1
STATE:798:crc/rrrrc/rc/rc:6h5s|Jh6d/9c2d5h/Kd/Ah:100|-100:p1|p2
STATE:799:crc/cc/rc/crrc:6dTh|7h6h/AsTdTc/Qc/Jd:80|-80:p2|p1
STATE:800:rrc/rrrf:5sAd|5h8d/ThJs7h:50|-50:p1|p2
STATE:801:crc/rrrrc/rc/rf:6d6c|8d8c/4sAc6h/Js/Td:80|-80:p2|p1
STATE:802:rrrc/rrrrc/rrrc/rc:Qh3c|Kd8s/As5cJh/6s/Td:-160|160:p1|p2
STATE:803:crrrc/rc/rc/rrc:Tc2s|Ac5c/9d7sAh/6s/6d:-110|110:p2|p1
STATE:804:rrrc/crc/rf:Td7c|QsQh/AsQc7h/2d:50|-50:p1|p2
STATE:805:rrc/cc/rf:7h8d|Tc6s/3c5c4d/Td:30|-30:p2|p1
STATE:806:cc/rf:2c7c|Qc3h/JcKc2h:10|-10:p1|p2
STATE:807:rc/cc/crc/rrrrc:2sKd|AdJh/5hTh9s/Ac/Jc:-120|120:p2|p1
STATE:808:rrc/crc/rc/rf:Qh2c|4sQs/5d9sJc/5h/5c:60|-60:p1|p2
STATE:809:rc/cc/rc/rrc:Qh8s|3cJh/6d7sTc/Qc/Js:80|-80:p2|p1
STATE:810:f:9s5d|2c6h:5|-5:p1|p2
STATE:811:crc/crc/cc/rc:5sQs|3h8s/4d6d4h/8d/Th:-50|50:p2|p1
STATE:812:rrrc/rc/rf:Qc8d|JsAs/6cTd7d/8h:50|-50:p1|p2
STATE:813:cc/crf:AsJs|Ah6h/2d3d9h:-10|10:p2|p1
STATE:814:rc/cc/cc/cc:8c7s|6dQd/7c5cTc/Ts/7h:20|-20:p1|p2
STATE:815:rrrc/rc/crrrc/rrc:2cAh|3c3d/JcQhTc/6h/Kh:150|-150:p2|p1
STATE:816:crc/rc/crrc/rrrc:5c2s|6h4c/2h4dQs/Td/4s:-130|130:p1|p2
STATE:817:cc/cc/cc/rrrrc:3sJh|Js6s/7h3h5h/6h/Jc:90|-90:p2|p1
STATE:818:crrrc/crrc/rc/crc:Ks8h|8c7s/6sTc5h/Ts/7d:-100|100:p1|p2
STATE:819:cc/rrrrc/rrc/cc:Jc8s|AcAh/TcQdKs/8d/6s:-90|90:p2|p1
STATE:820:rc/rrrrf:5dQc|2c6s/TsKhAh:-50|50:p1|p2
STATE:821:cc/rc/rc/rc:9c7c|6hKs/2h3c5d/Qh/5c:-60|60:p2|p1
STATE:822:crrc/rc/cc/rc:Kh9s|8d6s/JdAh9d/7d/Tc:-60|60:p1|p2
STATE:823:cc/rrc/rrrrc/rc:3s3h|4cJc/Ts7h3c/8d/Qs:130|-130:p2|p1
STATE:824:cc/rc/cc/cc:6hJs|2h3s/8cAdQs/2c/2d:-20|20:p1|p2
STATE:825:crc/rc/rc/rrc:3d5h|KsKd/4sTsQd/Th/5d:-90|90:p2|p1
STATE:826:cc/crrrc/cc/rrc:6d8s|5s7h/4sTsTd/7s/6h:-80|80:p1|p2
STATE:827:rc/rrc/rc/rrrrc:4hAs|KdTs/5sJh4c/9s/Ad:140|-140:p2|p1
STATE:828:cc/rc/rc/crc:ThQs|Qd7c/6sAd3s/Ts/Js:60|-60:p1|p2
STATE:829:rrf:AdQh|TsKd:20|-20:p2|p1
STATE:830:rc/cc/rrc/cc:Th7c|Ts6c/5dJcQc/6h/3s:-60|60:p1|p2
STATE:831:cc/cc/crrc/rrrc:8cAc|8sAd/2c4cTh/7c/Jd:110|-110:p2|p1
STATE:832:cc/cc/rc/crf:TsQh|As8h/Ac8d7s/8c/3s:-30|30:p1|p2
STATE:833:rrc/rc/rrf:5d9d|6hQd/7sKh2h/Qh:-60|60:p2|p1
STATE:834:crc/rc/crc/rrrc:6s7c|QcAh/9cKhQs/3d/6d:-110|110:p1|p2
STATE:835:cc/rc/rrrc/crrrc:ThKh|3cJh/5c8cQd/Qh/7c:140|-140:p2|p1
STATE:836:cc/rrc/cc/rrrrc:9c4d|7d9s/6d8dTc/Jc/Qc:0|0:p1|p2
STATE:837:cc/crc/rrc/rrc:3d9d|Kh4s/9cJs5c/2d/8s:100|-100:p2|p1
STATE:838:rrc/crc/cc/rrc:6cTd|Kc9s/8s9hQs/6s/Th:80|-80:p1|p2
STATE:839:cc/crc/rrc/crc:7h4d|7sTc/Qh5d9c/8h/7c:-80|80:p2|p1
STATE:840:cc/crrrrc/crrc/rrrc:KsQs|As4c/7sTdKd/Jd/Kh:150|-150:p1|p2
STATE:841:f:4h2s|As7h:5|-5:p2|p1
STATE:842:crc/rrc/rc/rc:4dAd|9c6d/7c8s6s/5h/2h:-80|80:p1|p2
STATE:843:f:3c3s|8s6d:5|-5:p2|p1
STATE:844:crc/rc/rc/crc:5dKh|JhQh/Kc8s3d/5s/Ks:70|-70:p1|p2
STATE:845:rrc/crc/rrrrc/crf:6h3h|QdQh/Kh8d6d/6s/Jd:-120|120:p2|p1
STATE:846:cc/rrrrc/cc/rrrc:Jh9c|Qs4d/Qh9h8c/2h/4s:-110|110:p1|p2
STATE:847:rrc/crc/rf:2c9s|Jh5c/QhKh7d/3c:40|-40:p2|p1
STATE:848:rc/crc/rrc/rrf:ThKs|7dAd/7sKc4s/4d/Js:-90|90:p1|p2
STATE:849:crrrc/rrrf:4hQd|9s9d/Qc6cAc:60|-60:p2|p1
STATE:850:rrrc/crrrc/rc/cc:JsAs|Kh5s/Tc3s2c/Kc/9c:-90|90:p1|p2
STATE:851:rc/crc/rc/rc:4cKh|Kc7c/9d5d6s/Ks/4h:70|-70:p2|p1
STATE:852:rc/crc/crrrrc/rrc:AsTd|Th4h/Kc3d4s/Ac/6c:150|-150:p1|p2
STATE:853:rrc/rrc/rrrc/rc:Td7h|9h9d/AcAdJs/7s/Kc:-130|130:p2|p1
STATE:854:f:Ad9c|AcQd:5|-5:p1|p2
STATE:855:rc/crc/cc/cc:Ks2d|9s5c/Jd6s2c/Qd/Qs:30|-30:p2|p1
STATE:856:rrc/rrrrf:3cAc|Ks9h/ThAh5c:-60|60:p1|p2
STATE:857:rrrc/rrrrf:8c5s|KsTs/JhKh7d:-70|70:p2|p1
STATE:858:rc/cc/cc/crrc:JhQh|6h8s/3d2sAd/4s/5s:-60|60:p1|p2
STATE:859:crc/rc/rrrrc/cc:5s7h|3c4d/QsAhKd/3d/4h:-110|110:p2|p1
STATE:860:rc/cc/crc/rf:Ad8d|QdTd/9h5d6c/9d/7h:40|-40:p1|p2
STATE:861:cc/rrrc/crc/rrc:7s7h|9dQc/JdKsKh/8d/Th:-100|100:p2|p1
STATE:862:cc/cc/rc/rc:Td7d|5sQs/5h3hJc/3c/4c:-50|50:p1|p2
STATE:863:cc/crc/rc/rrc:7h5d|TdJs/KhQh9d/4h/6s:-80|80:p2|p1
STATE:864:f:Qd8d|2hTs:5|-5:p1|p2
STATE:865:f:QhJh|5h3h:5|-5:p2|p1
STATE:866:rrrc/crc/rc/cc:9d9s|5h6d/2s9h7s/Qd/Kc:70|-70:p1|p2
STATE:867:rf:AsQh|Jd7h:-10|10:p2|p1
STATE:868:rc/cc/crrrc/crrrrc:Ac4h|9h6d/Tc3dAh/4c/Kd:160|-160:p1|p2
STATE:869:cc/cc/rc/crf:JhKh|5cJc/QsTs7h/2h/5d:-30|30:p2|p1
STATE:870:cc/cc/cc/cc:4d5h|2hQd/4h2c7s/4s/6s:10|-10:p1|p2
STATE:871:f:2d6d|5c3d:5|-5:p2|p1
STATE:872:cc/rc/cc/cc:2d3d|9c5s/9s6s7h/7c/8c:-20|20:p1|p2
STATE:873:crrrc/rrrf:8d8h|Qh7d/As9c5h:60|-60:p2|p1
STATE:874:rc/crc/crc/rf:4sKs|4d8h/QdTdTh/9c/Jd:50|-50:p1|p2
STATE:875:cc/rrc/rrrc/rrrc:7s3c|As3d/AdJsJh/Ks/9c:-150|150:p2|p1
STATE:876:rc/rc/cc/rc:8h5s|6dTh/KhAd8c/5c/Kc:50|-50:p1|p2
STATE:877:cc/rrc/crrc/crc:7d7h|QsQh/8h5c9d/Kh/3s:-90|90:p2|p1
STATE:878:crc/crrc/rrc/cc:9cQh|AhTs/7c8s5c/2d/Kd:-80|80:p1|p2
STATE:879:cc/cc/rc/rc:8d4d|9cQh/5s2hKd/8h/8s:50|-50:p2|p1
STATE:880:crc/cc/rc/crrrrc:Qs7s|3sKc/7hJd2d/9c/5h:120|-120:p1|p2
STATE:881:rc/rc/rc/crc:Ac5s|9c2d/8dKd6d/8h/3s:70|-70:p2|p1
STATE:882:rc/cc/rrc/rc:TsJs|3h4h/Kd9h8c/6h/Qh:-80|80:p1|p2
STATE:883:crrc/cc/cc/cc:7sQd|Jc7d/2d2cJd/Ah/5d:-30|30:p2|p1
STATE:884:cc/cc/rc/rf:3d2d|Kh6d/KsAc6c/Ad/5c:30|-30:p1|p2
STATE:885:rc/rc/cc/crrrrf:6hTc|ThKs/8cJcAd/5s/Td:90|-90:p2|p1
STATE:886:rf:Td6c|7dKs:-10|10:p1|p2
STATE:887:rc/rrc/rc/rc:2s7c|JhJs/As4h9s/Qh/Qd:-80|80:p2|p1
STATE:888:rrrf:As5s|6dJc:-30|30:p1|p2
STATE:889:crc/crc/cc/crrc:Kh5c|9cJd/8d2s2c/Qs/Jc:-70|70:p2|p1
STATE:890:cc/rc/rrc/rc:9h8d|7c4d/5hQh2d/Ac/3h:-80|80:p1|p2
STATE:891:f:2cJc|Ks9s:5|-5:p2|p1
STATE:892:rc/rc/cc/cc:7h8c|Ad6c/6dKhJh/3c/Qd:-30|30:p1|p2
STATE:893:rrc/rrc/crrf:Jh2c|Tc9c/Qd5sKc/3d:70|-70:p2|p1
STATE:894:cc/crrc/rc/rrc:8d9c|6c7s/4c9h5d/7d/7h:-90|90:p1|p2
STATE:895:rf:4s2d|4hKc:-10|10:p2|p1
STATE:896:rc/crrrrc/rrrrc/cc:Jc5c|5sAd/Ts4h6s/5h/7c:-140|140:p1|p2
STATE:897:cc/cc/crrc/crc:Ts3c|6s6h/Jh5c4s/2c/7d:-70|70:p2|p1
STATE:898:rc/rc/rrc/crc:9c5d|Td5s/3h9hKd/8c/Jd:90|-90:p1|p2
STATE:899:rc/cc/rc/crc:KdTd|7cTc/9sQs5d/4d/6c:60|-60:p2|p1
STATE:900:rrc/rrc/rf:5h3h|6c5d/QhAd2h/5c:50|-50:p1|p2
STATE:901:rc/crc/cc/cc:JdQc|Jc7c/3h8c4c/4s/Js:30|-30:p2|p1
STATE:902:rc/cc/rc/cc:Ah4s|Ks4d/2s5cJc/8h/Ad:40|-40:p1|p2
STATE:903:crrc/crc/crc/crc:Ad6c|Kc2c/2d7hJd/8c/2h:-80|80:p2|p1
STATE:904:cc/rc/cc/rc:8dQh|JhTd/8cQdAd/6c/5h:40|-40:p1|p2
STATE:905:cc/rf:3s4s|3d2c/5hTs4h:10|-10:p2|p1
STATE:906:crc/rc/cc/cc:Kd4c|8cJc/3sAhQc/9d/7d:30|-30:p1|p2
STATE:907:rrrc/rc/crc/rc:Ks5h|8s5s/TcKdKc/Qs/Jc:90|-90:p2|p1
STATE:908:rrrf:8d3s|2s6c:-30|30:p1|p2
STATE:909:crrrc/rrrrc/cc/cc:9hAs|5d9d/6d7d7s/Td/2c:-80|80:p2|p1
STATE:910:crc/crc/cc/crc:Kd4s|4dJc/7d3h8h/2d/5s:50|-50:p1|p2
STATE:911:cc/rc/rc/cc:9s8d|3h2d/Ad7sJs/4s/4d:40|-40:p2|p1
STATE:912:crrrc/cc/rrrrc/crc:8cTc|4cJc/8s5cTh/Ad/5d:140|-140:p1|p2
STATE:913:crrc/rc/rrc/rc:ThAd|4sQs/JsQh5h/Kd/9s:100|-100:p2|p1
STATE:914:cc/cc/rc/crc:3hKd|3sKh/7s5cJh/Ac/5h:0|0:p1|p2
STATE:915:crrc/rrc/rc/crc:AdTc|Th9c/Ks3h6h/9d/Ts:-90|90:p2|p1
STATE:916:crrrc/rrrf:Qs6h|4s2h/QdAc6s:60|-60:p1|p2
STATE:917:rrrf:4s9c|2c2d:-30|30:p2|p1
STATE:918:crc/cc/cc/rrrrc:6c4c|Tc7d/AsQd3d/9c/5h:-100|100:p1|p2
STATE:919:f:TdQd|9h2h:5|-5:p2|p1
STATE:920:rrrc/rrrc/crc/rrrrc:7d8s|Jd6h/KsTh7h/As/Ts:170|-170:p1|p2
STATE:921:f:Jh5d|AcAs:5|-5:p2|p1
STATE:922:cc/rrc/crc/crrrc:2sKh|8c7d/9c2hJc/4h/Td:-110|110:p1|p2
STATE:923:rc/rc/rrrrf:2hKd|Ac7d/4d7sQh/8h:-90|90:p2|p1
STATE:924:cc/rrrrc/rc/rrc:9hAs|7c2h/3d4dTh/9d/3s:110|-110:p1|p2
STATE:925:rc/rrc/rrc/cc:QsAs|7d4h/6hKdQh/5c/Th:80|-80:p2|p1
STATE:926:cc/cc/cc/rc:5hKc|2hTd/4sJd2d/8s/Kh:30|-30:p1|p2
STATE:927:rrc/rc/rc/cc:6c9d|3s7c/Js6hQd/7s/2c:-60|60:p2|p1
STATE:928:rrf:7h6s|Qs2c:20|-20:p1|p2
STATE:929:f:5dTs|8s5c:5|-5:p2|p1
STATE:930:crrc/rc/cc/cc:6c4s|Qs2h/9dJdKc/2c/7s:-40|40:p1|p2
STATE:931:f:ThTc|2d3s:5|-5:p2|p1
STATE:932:crf:2dJh|7h5d:10|-10:p1|p2
STATE:933:crrrc/rrrrc/crc/rrrrc:TsJh|4c5d/8cKcQc/7s/As:180|-180:p2|p1
STATE:934:cc/rrrc/cc/crc:AcTc|Kh5c/9d7c8s/3s/4h:60|-60:p1|p2
STATE:935:cc/rc/rrc/rc:5h2h|Ad9s/3sTc7c/3h/7h:-80|80:p2|p1
STATE:936:crf:KsTd|4d6h:10|-10:p1|p2
STATE:937:cc/cc/crc/rc:8h6d|3d7c/KsJc6s/2s/Ad:50|-50:p2|p1
STATE:938:crc/cc/crrrrc/cc:2cAd|3dKc/6d4d7c/9s/Ks:-100|100:p1|p2
STATE:939:crrc/cc/rc/rrrrc:QhKh|Ad3h/2c6h8c/7s/Qd:130|-130:p2|p1
STATE:940:crc/crrf:JdQd|3hTs/8h6c7h:30|-30:p1|p2
STATE:941:rc/rf:8s2h|KsJh/8d7c3d:20|-20:p2|p1
STATE:942:crrrc/cc/crc/cc:Kd5s|As7h/TsTd8c/Qh/7c:-60|60:p1|p2
STATE:943:cc/crc/rc/crc:3h4h|AdJd/6d7d8c/3c/4d:-60|60:p2|p1
STATE:944:cc/crrc/rrrc/crc:Jd6c|Qd8d/Jh3c2h/Ah/8s:110|-110:p1|p2
STATE:945:cc/cc/rc/crf:Kd2s|Js7c/AcKhTc/7d/Jc:-30|30:p2|p1
STATE:946:rrf:2c5h|Ad7c:20|-20:p1|p2
STATE:947:rrc/rrc/rc/rc:8cTd|6sKc/9hKs9s/Qc/3h:-90|90:p2|p1
STATE:948:rc/rrrrc/cc/rrrc:8hQd|4sKs/5h6sTs/2h/Jd:-120|120:p1|p2
STATE:949:crrrc/crrrc/crc/crc:KdTs|4s7h/QcAcKc/3s/4d:110|-110:p2|p1
STATE:950:crc/rc/rc/rc:5h9s|Th6d/5c6h8s/9c/Kd:70|-70:p1|p2
STATE:951:crc/crrc/rc/rrc:7h4s|Jh8h/Td9h2s/Kd/Js:-100|100:p2|p1
STATE:952:rc/rc/rc/rc:Qc9c|Kc6s/4c7hAh/7c/4s:0|0:p1|p2
STATE:953:cc/cc/rrc/rrrc:Qd8h|6cJh/2sAsJs/4c/7h:-110|110:p2|p1
STATE:954:crc/crrrrc/cc/cc:6s8s|Jd9h/5d5hTc/Td/7s:-60|60:p1|p2
STATE:955:rrrc/rrrc/cc/rrc:6sAd|4h8h/6dKdKh/5c/4d:110|-110:p2|p1
STATE:956:rc/rc/rc/rc:9c4d|Qs5h/As9sKs/2c/Qd:-70|70:p1|p2
STATE:957:rrrc/rc/rf:Kh9s|2h5c/Kc5s3h/7d:50|-50:p2|p1
STATE:958:cc/rc/crc/cc:Kd3h|TcKs/JcAc6s/Kc/9d:-40|40:p1|p2
STATE:959:rrrc/rrc/rc/rc:8h6s|Ks5h/4c3hKd/3c/6h:-100|100:p2|p1
STATE:960:cc/cc/rrc/rrf:2c7d|8d3d/9s7hQc/6s/2d:-70|70:p1|p2
STATE:961:rc/cc/crrc/rc:9hAs|5d6c/7d6s4s/Js/4d:-80|80:p2|p1
STATE:962:rrrc/rf:Js3c|5cKs/6h3dKd:40|-40:p1|p2
STATE:963:cc/rrrc/crrc/crrc:9sJc|5d8h/6d4h4c/Kd/3s:120|-120:p2|p1
STATE:964:rrc/cc/rc/crc:9s4c|7h6h/3cKdTd/3h/7s:-70|70:p1|p2
STATE:965:rc/crc/rrrrc/cc:3sAh|QhKs/6s2sQc/Qd/Jh:-110|110:p2|p1
STATE:966:rc/rc/rc/rc:3d7d|7h6s/4s2cJs/Ad/Qd:-70|70:p1|p2
STATE:967:rrc/cc/crc/rf:9d7c|Qc5d/3dJcJs/8h/5h:50|-50:p2|p1
STATE:968:rc/rrc/cc/rc:Tc2h|AhJs/9d9cJh/7d/2c:-60|60:p1|p2
STATE:969:rf:KcAh|3h5d:-10|10:p2|p1
STATE:970:rrc/rc/cc/cc:4c4s|KdAs/AdThTc/9h/Jh:-40|40:p1|p2
STATE:971:cc/crf:KcJh|9c9s/AdTd8h:-10|10:p2|p1
STATE:972:rc/crrrc/cc/rc:3c9d|Tc2s/6c2hTh/Qs/Ts:-70|70:p1|p2
STATE:973:rc/cc/cc/cc:9s9c|Ks9h/Ac4cQh/Ts/4h:20|-20:p2|p1
STATE:974:crrrc/cc/cc/crc:Tc7h|As3c/5dQc3s/2c/5h:-60|60:p1|p2
STATE:975:cc/rc/crrc/rrrc:Qd9d|Ts3h/6d8hJh/Qh/Th:-120|120:p2|p1
STATE:976:rc/crc/rf:9h8d|6c2s/8s2d7c/5s:30|-30:p1|p2
STATE:977:f:Qs8c|6d5c:5|-5:p2|p1
STATE:978:cc/rc/cc/rrc:3s5s|8s2s/Kd6sTc/7s/6d:-60|60:p1|p2
STATE:979:crrrf:Jh6d|KdAs:30|-30:p2|p1
STATE:980:rc/rc/cc/rc:Qc3s|2c6d/Jc7s7d/Tc/Ts:50|-50:p1|p2
STATE:981:f:Td4s|5d6h:5|-5:p2|p1
STATE:982:rrrf:3d4s|2h7s:-30|30:p1|p2
STATE:983:rc/rc/crc/rc:2s4c|3c2c/9cTdAd/Ac/Qc:-70|70:p2|p1
STATE:984:crc/crrc/cc/crc:3dKh|9s7s/2dQs9d/8d/Jh:-60|60:p1|p2
STATE:985:cc/cc/crrc/rrc:8d9c|5hKs/Jh6h5s/6c/7h:90|-90:p2|p1
STATE:986:rc/rrc/rrrc/crc:6sAd|4c9s/As8h5c/7c/6h:-120|120:p1|p2
STATE:987:cc/rf:QcTs|6cKs/AhKcTh:10|-10:p2|p1
STATE:988:crc/cc/cc/cc:3s4d|8s5d/7h7s3d/6c/5s:20|-20:p1|p2
STATE:989:rrc/cc/cc/rrc:QsKc|8c2c/Td6sQh/7d/Th:70|-70:p2|p1
STATE:990:crrrc/rrc/rf:3s5d|Td2s/4d5c4s/Kd:60|-60:p1|p2
STATE:991:rc/crrrrc/rrc/rc:7d5s|Kh9c/As3hTs/Jh/Js:-120|120:p2|p1
STATE:992:cc/cc/rc/rc:Kh6h|As2h/Qd2c2d/7d/3d:-50|50:p1|p2
STATE:993:cc/rrrc/rc/rc:8c7d|QcKc/Ac6hTd/9h/3d:80|-80:p2|p1
STATE:994:rf:6s9d|4dQd:-10|10:p1|p2
STATE:995:cc/crc/cc/cc:6c2d|9cKs/4dKc7d/Td/Ah:-20|20:p2|p1
STATE:996:rrrc/rc/cc/rc:9h7h|3d8s/JcAc5c/Ah/Ks:70|-70:p1|p2
STATE:997:rrrf:5s9c|8dJh:-30|30:p2|p1
STATE:998:rrrc/cc/rc/rrc:Kc6h|Qc3s/QhAh8d/Th/9d:-100|100:p1|p2
STATE:999:crc/cc/cc/rc:Jc8d|TdQd/As6d6h/7h/4s:-40|40:p2|p1
SCORE:455|-455:p1|p2
