# name/game/hands/seed 2p.nolimit.h1000.r0 /home/dmorrill/.rvm/gems/ruby-1.9.3-p194/gems/acpc_dealer-0.0.1/vendor/project_acpc_server/holdem.nolimit.2p.reverse_blinds.game 1000 0
#--t_response 600000
#--t_hand 600000
#--t_per_hand 7000
STATE:0:r19686r20000c///:5d5c|9hQd/8dAs8s/4h/6d:20000|-20000:p1|p2
STATE:1:r19848c/cr19998c/r20000c/:6sKs|5dJd/2sTh2h/Qh/8h:20000|-20000:p2|p1
STATE:2:f:Ah8s|2h4c:50|-50:p1|p2
STATE:3:r19996f:4s8s|6hJd:-100|100:p2|p1
STATE:4:cr16267c/r16572r17578r19017c/cr19523r20000c/:5s4c|Kc7d/KsAsJd/Th/7h:-20000|20000:p1|p2
STATE:5:r17416r20000c///:KhTh|8s7d/9c8d5c/Qd/Td:20000|-20000:p2|p1
STATE:6:cc/r2992c/r9446c/r16944c:Kc8h|5cAs/9dAh4d/7h/Qs:-16944|16944:p1|p2
STATE:7:cr7857c/cc/r19705c/r19946c:Ah6c|2c3d/5d6hTc/6d/Td:19946|-19946:p2|p1
STATE:8:cr4547r11622r18793r20000c///:2hAd|Js7c/4d3s3c/Jh/7d:-20000|20000:p1|p2
STATE:9:cr1164r5726r14808r20000c///:Qd5h|9h2d/AsKs3h/Th/8c:20000|-20000:p2|p1
STATE:10:cr12163c/cc/r17130r20000c/:KcAd|Jd5c/6s7c4h/Ks/Kh:20000|-20000:p1|p2
STATE:11:cc/cr11400r20000c//:9dTc|9s4h/3h7c2h/9h/Ts:20000|-20000:p2|p1
STATE:12:cr6852r18814r20000c///:3hTs|AdQd/9d7h4h/Kd/As:-20000|20000:p1|p2
STATE:13:r6610r17704r20000c///:8h9s|3d2s/7hJcKc/2d/2c:-20000|20000:p2|p1
STATE:14:r2571c/cc/cr12960c/cc:2d3s|6sQh/5d8h4d/Qs/2c:-12960|12960:p1|p2
STATE:15:r3988c/r17278c/r17811r19780c/r19994f:3c4c|Th7s/5d6c8s/6h/3d:19780|-19780:p2|p1
STATE:16:f:3c8d|Ks6c:50|-50:p1|p2
STATE:17:cc/cc/cc/cc:Kc7c|2s7d/As3h6s/Qc/7s:100|-100:p2|p1
STATE:18:cr11150r20000c///:AsJh|8d2c/7dAh5c/3s/3c:20000|-20000:p1|p2
STATE:19:cc/r8552c/r13312c/cc:2h6d|7dKc/5sAs6h/6s/Jd:13312|-13312:p2|p1
STATE:20:cc/r19325r20000c//:5cAs|2s7h/KsQcTh/Qd/Qh:20000|-20000:p1|p2
STATE:21:r10198r20000c///:9sTs|7d4h/5c4sAh/4c/7c:-20000|20000:p2|p1
STATE:22:r13537r20000f:5sJh|8dTh:13537|-13537:p1|p2
STATE:23:r8854r19946c/cc/cr20000c/:6c7s|AcTh/TsAhQh/5s/As:-20000|20000:p2|p1
STATE:24:r12661r20000c///:9d3h|Qh6s/6hQc7d/2c/4s:-20000|20000:p1|p2
STATE:25:r2286c/r15814r20000c//:2s3d|7dTs/Ad4hJh/9c/6c:-20000|20000:p2|p1
STATE:26:f:5dJs|9h4h:50|-50:p1|p2
STATE:27:r9176f:2d2s|8s4d:-100|100:p2|p1
STATE:28:r11279c/cc/r16784r20000c/:AdTd|Qd2c/2d7d6c/9d/Jh:20000|-20000:p1|p2
STATE:29:r10054c/cr11773c/r13406r16846c/cc:8s2d|8h9d/7h5c7s/7c/Jc:-16846|16846:p2|p1
STATE:30:r13494r20000c///:3c2s|4sTs/4hQc3h/3d/Qd:20000|-20000:p1|p2
STATE:31:r18769c/r19490r20000c//:Jd9c|6s8s/7s6d5c/Jc/Qc:20000|-20000:p2|p1
STATE:32:cr14463r20000c///:QsKd|7c7d/2c2d6c/6h/Jd:-20000|20000:p1|p2
STATE:33:cc/r1391r7670r19785r20000c//:Th5d|Qs8h/7sAcJs/Td/7h:20000|-20000:p2|p1
STATE:34:cr13093f:7hAc|AdAs:100|-100:p1|p2
STATE:35:cc/cc/r11718f:AsAh|2dQs/4s7dTs/Kd:100|-100:p2|p1
STATE:36:cc/r5484r13953r20000c//:AhQc|8c5c/4dAs4h/4s/6d:20000|-20000:p1|p2
STATE:37:cc/cr8060f:KcQd|8sJc/9hJh9d:-100|100:p2|p1
STATE:38:r11355r20000c///:Ad6s|Qh8h/6cJc7c/8c/8s:-20000|20000:p1|p2
STATE:39:f:9sTc|6cAs:50|-50:p2|p1
STATE:40:cc/cr14221r20000f:5d6s|8hKc/Kd3d2h:14221|-14221:p1|p2
STATE:41:r11356r20000c///:4d6d|9s6s/7dJd5c/Ad/Ks:20000|-20000:p2|p1
STATE:42:r1070r15074r20000c///:ThQh|Kc8s/2d3h9s/4s/2c:-20000|20000:p1|p2
STATE:43:r14829c/cr18339c/cc/r18480c:7s8h|9h4c/Ts9s6d/4d/5c:18480|-18480:p2|p1
STATE:44:cc/cr13719r20000f:9c6h|3dJh/AhTs9d:13719|-13719:p1|p2
STATE:45:cc/cr8604r17234c/cc/cc:5c3s|7c8h/9sKh8s/2d/4c:-17234|17234:p2|p1
STATE:46:r13636r20000c///:8hJd|5cQh/6s3d9h/3c/Js:20000|-20000:p1|p2
STATE:47:r18223c/cc/r18335r19819c/cr19922c:Qc2s|JsAh/9d8s2h/6s/Jh:-19922|19922:p2|p1
STATE:48:r4256r19845c/r19963r20000c//:5cJc|Jd4c/3hAc4d/3d/6s:-20000|20000:p1|p2
STATE:49:cc/cc/r1835c/r19624r20000c:QhTd|Js3c/9cQc5d/Ad/Kd:20000|-20000:p2|p1
STATE:50:r4500c/r15011r20000c//:Tc5d|JsAd/4h7s8s/9c/3d:-20000|20000:p1|p2
STATE:51:r2710c/cc/r19110r20000c/:Ah7c|AsKc/7d2c8c/Jh/Jd:20000|-20000:p2|p1
STATE:52:cc/r4648r14510c/r17303c/r17619r18421c:5cJh|Th8h/8s9d6c/5d/8d:-18421|18421:p1|p2
STATE:53:cc/r17949c/cc/r18839c:Qd5c|3h6d/AsTd8d/Kh/Qc:18839|-18839:p2|p1
STATE:54:cr359r12227r20000c///:7s4h|7h9d/8d2dQs/2s/6d:-20000|20000:p1|p2
STATE:55:cr12636c/cr17393r20000c//:8c6s|Tc8h/Qc2h8s/7h/6c:20000|-20000:p2|p1
STATE:56:r2693r15150c/r18236c/r19000r19958c/r20000c:Ks7d|9hTs/Jd4h9c/3c/6h:-20000|20000:p1|p2
STATE:57:cr16773r20000c///:5cAh|9dTh/As3dTs/Kh/9h:-20000|20000:p2|p1
STATE:58:r13709f:2c9h|5hKh:-100|100:p1|p2
STATE:59:r8949r19636c/r19823r20000c//:4dTd|9s9c/TcJcKh/5s/7h:20000|-20000:p2|p1
STATE:60:r3275c/cr13156r20000c//:5s9s|3c4c/Jc3sAs/6c/2c:-20000|20000:p1|p2
STATE:61:r14082r20000c///:Jd5d|4s4d/6c8h7s/Jh/7h:20000|-20000:p2|p1
STATE:62:cc/cr5235r16922r20000c//:5s2s|Kh2c/6d8hQs/Ah/Ks:-20000|20000:p1|p2
STATE:63:r3183c/cr6343c/r11046r19970c/cr20000c:7c5s|9c2c/QdKh9d/Jd/Kc:-20000|20000:p2|p1
STATE:64:f:7c9d|8s9h:50|-50:p1|p2
STATE:65:r13741c/r17705c/cc/cc:8h7h|Ah2s/3dJh4s/Qd/As:-17705|17705:p2|p1
STATE:66:r14356c/r18214c/cc/cr19737c:QhAd|5s3h/2h2cTc/6h/2s:19737|-19737:p1|p2
STATE:67:r13869c/cc/r14194r16535r19801c/r19911r20000c:4d6d|9hJc/Jd4h3s/Ah/6s:20000|-20000:p2|p1
STATE:68:r7219r16278c/r19340c/cc/cr19937f:7h6d|6h4d/3cJd7d/8s/Kc:-19340|19340:p1|p2
STATE:69:f:Jh4c|9d2d:50|-50:p2|p1
STATE:70:cc/cc/r2725r13430r20000c/:Ah4d|JhTs/AsKh5s/6d/2c:20000|-20000:p1|p2
STATE:71:cc/cr9248c/r15558r20000c/:6c5h|8h2s/5sQd4h/Js/9c:20000|-20000:p2|p1
STATE:72:r13335c/r14713r17234f:3c3s|7c3h/2s8s5s:-14713|14713:p1|p2
STATE:73:cc/cc/r9930c/cc:3s5d|Kh2h/3h2d9h/8d/9d:9930|-9930:p2|p1
STATE:74:f:5c3c|2dJh:50|-50:p1|p2
STATE:75:cr2639c/cc/r7727c/r19585c:Kc7s|2s6d/4hQdKh/Ah/Kd:19585|-19585:p2|p1
STATE:76:r15135c/r19689r20000c//:Qh9s|Tc5d/Qc8h2c/Ks/Jh:20000|-20000:p1|p2
STATE:77:r10676r20000c///:JsTd|5s2c/AsAcTc/Ah/8h:20000|-20000:p2|p1
STATE:78:r10878c/cc/cr12424c/cc:As8s|4cQc/Ad6hKh/Kd/8d:12424|-12424:p1|p2
STATE:79:cr17102c/cr18749r20000c//:3c6h|3dKc/5hJc3h/9s/8h:-20000|20000:p2|p1
STATE:80:cr5791c/cc/r10205r17577c/r19046r20000c:6d6s|Tc6c/4c8s7s/Js/4d:20000|-20000:p1|p2
STATE:81:cr19469r20000c///:5s6s|7c3s/Qd4dQc/2c/6c:20000|-20000:p2|p1
STATE:82:r10870r20000c///:2sQs|2c7d/AhAd8c/9h/3s:20000|-20000:p1|p2
STATE:83:r7484c/r16544c/r19008c/r19378c:8dTc|2h6c/Qs4c2s/Td/6h:-19378|19378:p2|p1
STATE:84:cc/cc/r18911c/r19324r19960c:Ah9d|5c6c/Ts9s4c/Qh/4d:19960|-19960:p1|p2
STATE:85:cr4341c/cc/cc/r9652r19767r20000c:3d8h|5d2s/4s9cQs/7h/As:20000|-20000:p2|p1
STATE:86:r19882c/r19995f:6d8h|6h6c/Ts2sQc:19882|-19882:p1|p2
STATE:87:r19685c/r19895c/cr19996r20000c/:AdAc|8d8s/2cKhTs/8c/Qh:-20000|20000:p2|p1
STATE:88:cr1281r7616c/cc/cr10400c/cc:Jh2c|2hKc/5s8dTs/Tc/6d:-10400|10400:p1|p2
STATE:89:r7707r18806c/r19350r19968r20000c//:JsKc|JdQh/Ts9c5d/6c/5h:20000|-20000:p2|p1
STATE:90:r10845c/cr17655c/cr19263r20000c/:2sTs|Kd6s/9dTh6h/2c/3d:20000|-20000:p1|p2
STATE:91:cr4771r18675c/cc/r19191c/r19614r20000f:7d9h|JdKc/KhQdJc/Ts/Td:-19614|19614:p2|p1
STATE:92:cr10274r20000c///:8hJc|JhAc/6s5s6d/9h/4s:-20000|20000:p1|p2
STATE:93:cc/cr13842r20000f:Jh2d|2c5h/AdKdTd:13842|-13842:p2|p1
STATE:94:r17086r20000c///:Tc3s|9s4h/Td8d5c/Qh/Jd:-20000|20000:p1|p2
STATE:95:cr9589c/cc/r13994c/r17198c:9dAd|5sTc/AhJd3d/Jc/5c:17198|-17198:p2|p1
STATE:96:f:4sQh|8dTc:50|-50:p1|p2
STATE:97:f:Qd9h|AsAd:50|-50:p2|p1
STATE:98:cr10195c/cr12266r16123c/cc/cc:QsQc|7cQh/Kd6h3h/Kh/5d:16123|-16123:p1|p2
STATE:99:cc/cc/r1175c/r17252f:4cTs|Qs9s/9h5d8d/6c/6d:1175|-1175:p2|p1
STATE:100:r1751c/cr10622r19909r20000c//:Qd2c|3cKh/8h8c7h/Kd/2d:-20000|20000:p1|p2
STATE:101:r441c/cc/r4071f:Qs6d|7s7h/8c8h2c/3d:441|-441:p2|p1
STATE:102:cc/cr15918c/r17898f:JsKc|5dTh/6sQsJh/2c:15918|-15918:p1|p2
STATE:103:r7348f:Js5h|Td3h:-100|100:p2|p1
STATE:104:cr8163r18149c/r18256r18926r19945c/r20000c/:Qs8d|9c8h/5hKh3c/6h/Kc:20000|-20000:p1|p2
STATE:105:cc/r10687r20000c//:Th6d|5s4d/5cJc8c/6h/9s:20000|-20000:p2|p1
STATE:106:r1475c/r5578r10851c/cc/cc:Qd7c|3d8c/Th3cJs/Ac/9d:-10851|10851:p1|p2
STATE:107:r6597c/r13960r20000c//:JsTc|Jd5s/ThTsKd/Ac/3c:20000|-20000:p2|p1
STATE:108:r9137r18521r20000c///:4hJc|5s6h/9d3dQc/7s/Qh:20000|-20000:p1|p2
STATE:109:cc/r567r17956c/cc/r19896c:2d5d|4s4c/5s3d7d/Ad/As:19896|-19896:p2|p1
STATE:110:cr19172r20000c///:8c7c|3d2h/Qs7dTc/Th/2d:20000|-20000:p1|p2
STATE:111:f:AcQc|5sKh:50|-50:p2|p1
STATE:112:cc/r4452c/cc/r19586c:8d9s|9d7h/2hJh6h/5c/As:19586|-19586:p1|p2
STATE:113:r15677r20000c///:Ad6s|3c6h/7dTd4h/9s/4d:20000|-20000:p2|p1
STATE:114:r19182c/cr19608c/cc/r19792r19986r20000c:9sKc|3sAs/4s5d8d/5h/8s:-20000|20000:p1|p2
STATE:115:f:3d2s|9cKh:50|-50:p2|p1
STATE:116:f:Jc6h|9s9h:50|-50:p1|p2
STATE:117:cr16665c/r17806r19413c/r19682c/r19785r19983c:AhTd|6c3c/5hJcAd/4c/6d:19983|-19983:p2|p1
STATE:118:cr5521c/cr13799r20000c//:Js8d|Jc6c/6s9d6h/2s/3h:-20000|20000:p1|p2
STATE:119:cc/cr4659r17771c/r19144c/cc:Tc7s|Ac7d/Ad3d5s/9h/As:-19144|19144:p2|p1
STATE:120:cr19692r20000c///:Td6s|6cJs/8hJdAh/8c/9h:-20000|20000:p1|p2
STATE:121:r7942c/cr17747c/cr18903c/r19407c:5cTs|4d7c/3hTdKs/7h/9d:19407|-19407:p2|p1
STATE:122:cc/cc/cc/r4654r9955c:2c2h|Ah7h/4hTs5d/Jc/Qs:9955|-9955:p1|p2
STATE:123:cc/r17125c/cc/r17458r17948r19593r20000c:9c5d|KhAh/Qh4c4s/Qc/2d:-20000|20000:p2|p1
STATE:124:cr17018c/r18006r19234c/r19644r20000c/:Qh6c|9s5d/8d8sJd/Kd/8h:20000|-20000:p1|p2
STATE:125:r6933c/r17088c/cr17923f:Tc6c|8c6d/Ts4cAs/4h:-17088|17088:p2|p1
STATE:126:r3658r8355r13763c/r19368f:As9d|3d9c/Qh8cKc:13763|-13763:p1|p2
STATE:127:cc/r16290c/cc/r18297c:QcKd|3d9c/KhJdQd/7c/Ah:18297|-18297:p2|p1
STATE:128:cc/cc/r11272c/cc:Kc8d|2cKd/6c5dTh/4c/5s:11272|-11272:p1|p2
STATE:129:r14772r20000c///:As5d|4hQs/8sKh6c/Jh/4c:-20000|20000:p2|p1
STATE:130:cc/cc/r17746c/r18064c:7s8d|Ad3s/4c2hJc/7c/9c:18064|-18064:p1|p2
STATE:131:r18089c/r19853c/cr19983r20000c/:2hJh|JdKs/3c5hKh/Tc/9c:-20000|20000:p2|p1
STATE:132:r19171c/cc/r19297c/cc:9d2c|Qh8d/2d9s7c/3d/Ks:19297|-19297:p1|p2
STATE:133:r16323r20000c///:9dJc|6dJh/6c7c9c/Qd/Ks:20000|-20000:p2|p1
STATE:134:cc/cc/cc/cr2878c:Tc8c|5d9h/AhTs7h/8h/Kd:2878|-2878:p1|p2
STATE:135:cr6183c/r13978r20000c//:9d2s|6c8c/5c6sJd/Th/Ah:-20000|20000:p2|p1
STATE:136:cr4632c/r14336c/r19633r20000c/:2d3d|5sQh/3c4c2c/8h/Ks:20000|-20000:p1|p2
STATE:137:r16357f:3d5h|QsTd:-100|100:p2|p1
STATE:138:cc/cc/cc/cr14181c:TsQd|5hTd/3c5dJd/5s/2s:-14181|14181:p1|p2
STATE:139:cr2627f:3c5d|5c7s:100|-100:p2|p1
STATE:140:cc/cc/r19803c/r19923r20000c:6s4s|2dKd/5d2h5h/3s/Qs:20000|-20000:p1|p2
STATE:141:r12915r20000c///:Ah7c|QsJc/2dTd8d/3c/9c:-20000|20000:p2|p1
STATE:142:cr18031r20000c///:5c2s|Qc7c/TsAs3s/6d/6h:-20000|20000:p1|p2
STATE:143:r4624c/r12505r20000c//:5c8s|Js6s/TcTh3h/9d/4c:-20000|20000:p2|p1
STATE:144:r2389r17042f:Qh6s|AdKs:2389|-2389:p1|p2
STATE:145:cr1126r7851f:2c9s|Jh2s:-1126|1126:p2|p1
STATE:146:r1608r6808r19969r20000c///:5d6c|7d6d/5cKd6s/3c/2c:20000|-20000:p1|p2
STATE:147:cr16947c/cr19930f:AdKh|6h5s/4cJh5d:-16947|16947:p2|p1
STATE:148:f:2d5d|Kc6d:50|-50:p1|p2
STATE:149:cc/r1273c/cr15294c/cr17954r20000c:As9d|5c3h/3c7cQd/Ac/Jh:20000|-20000:p2|p1
STATE:150:f:Td5d|AsJs:50|-50:p1|p2
STATE:151:cr5708c/r8644f:KsKh|2c5h/2hJh5d:5708|-5708:p2|p1
STATE:152:cr18503r20000c///:JcQd|7c3s/9c5h7s/3h/Js:-20000|20000:p1|p2
STATE:153:r2179r7860c/cc/r9269r13634c/cr14173r16561c:2s3s|Qs8c/JsAs5h/Ac/Kc:-16561|16561:p2|p1
STATE:154:r2003c/r10583c/cr14648r19843r20000c/:5h5d|4d2s/5s6sQh/7c/Ks:20000|-20000:p1|p2
STATE:155:cc/cr12281c/cc/cc:TcAd|Qs7d/8c9c5h/Kc/7s:-12281|12281:p2|p1
STATE:156:r3519r12157r20000c///:4c7h|4s9d/Jh5h8d/8h/5s:0|0:p1|p2
STATE:157:cc/r5097c/r18344r20000c/:5c3s|Jc4s/4h8d6d/4c/6s:-20000|20000:p2|p1
STATE:158:r3203r16333f:5h6s|Kc6c:3203|-3203:p1|p2
STATE:159:r11181c/cr12073r16406r20000c//:Ah8d|9s7h/5c7s3h/6d/4d:20000|-20000:p2|p1
STATE:160:cc/r1824r10347c/cr19099c/cc:3d3s|7cTs/2h2sKs/8c/Ad:19099|-19099:p1|p2
STATE:161:f:Qh4c|6dAc:50|-50:p2|p1
STATE:162:cc/r17818r20000c//:4cQd|Td4h/6d3d5s/Js/6c:20000|-20000:p1|p2
STATE:163:cc/cr8706r19910c/r20000c/:2c8s|8cJc/Th5c9h/Qs/7h:-20000|20000:p2|p1
STATE:164:cc/r9726c/r11323r18482c/cc:Qc6d|3h5s/7hAs8d/Kc/Jc:18482|-18482:p1|p2
STATE:165:r9111r18512r20000c///:9dJs|Qh3d/Jc3h8h/5h/8c:20000|-20000:p2|p1
STATE:166:r7333c/r15374r20000c//:8dKd|Ac9h/Th2c6d/4d/Ts:-20000|20000:p1|p2
STATE:167:cc/cr8605r19276r20000c//:KsTd|7s2d/4d8h8d/4s/9s:20000|-20000:p2|p1
STATE:168:r4503c/r15415r20000c//:AdQd|3d3c/2dAh4c/Qs/Tc:20000|-20000:p1|p2
STATE:169:r13051r20000c///:8d6c|Tc3s/7c3h7s/5s/Jc:-20000|20000:p2|p1
STATE:170:r1744r5106c/cr19586c/cc/cr19914c:7h6c|AdKc/8sQd3d/Kh/5d:-19914|19914:p1|p2
STATE:171:cc/r8514r19438c/r19711r19991c/cc:Ac7s|Td6c/2s7hAs/5d/Qc:19991|-19991:p2|p1
STATE:172:cr3798c/r16805r20000c//:Kd5c|TsJh/6c5h3s/9s/4h:20000|-20000:p1|p2
STATE:173:cr18176r20000c///:Th5d|Js4h/Kd7sTc/6d/As:20000|-20000:p2|p1
STATE:174:r10406r20000c///:2d4h|Jd6s/7s3h4d/Ts/2s:20000|-20000:p1|p2
STATE:175:f:5cJc|2c2h:50|-50:p2|p1
STATE:176:r19776c/r19975c/cr20000c/:8c4s|TsKd/3h6s6d/8s/5h:20000|-20000:p1|p2
STATE:177:r18046c/r18523c/cr19253c/r19504r19853f:8hTs|2d3c/AdAc4h/4c/Js:-19504|19504:p2|p1
STATE:178:cc/r16611c/cc/r17305c:8hAh|Kh3s/2hKs2c/Qd/7d:-17305|17305:p1|p2
STATE:179:cc/r5128c/r7257r16441f:9h2c|4dQh/2dTd9c/Ah:-7257|7257:p2|p1
STATE:180:r9988r19915r20000c///:9d4d|6h7s/AhQs5h/7c/8c:-20000|20000:p1|p2
STATE:181:cr16340c/r17580r19717c/cr19938f:7cQc|6s6d/JhKs7h/9s:-19717|19717:p2|p1
STATE:182:f:6cTs|Jh4d:50|-50:p1|p2
STATE:183:r3364r15269c/cr19210r20000c//:7c6d|TsJs/3sAh9c/3c/4d:-20000|20000:p2|p1
STATE:184:cr19707r20000c///:8hQc|5s3s/KcKsTc/8s/Qh:20000|-20000:p1|p2
STATE:185:f:Td6h|7c7h:50|-50:p2|p1
STATE:186:cc/cr19396c/cr19715r20000c/:8c5c|Jc9c/TdAh9s/Qh/Kd:-20000|20000:p1|p2
STATE:187:r19480c/cr19896r20000c//:QhJh|5h8s/Kh8d9c/9s/As:-20000|20000:p2|p1
STATE:188:cc/cr8896c/cr10529c/cr18098r20000c:Qs7c|As2h/6d6cJh/Tc/Js:-20000|20000:p1|p2
STATE:189:cr9565r19773c/r19989r20000c//:Ac7h|8c6h/AhQh9d/9h/2s:20000|-20000:p2|p1
STATE:190:r15878f:Ks6h|8dJs:-100|100:p1|p2
STATE:191:r15093c/cr17861r20000c//:9c4d|5cQs/6dQcQd/4s/Ks:-20000|20000:p2|p1
STATE:192:r4520f:Qh7h|JhTh:-100|100:p1|p2
STATE:193:r202r15542c/r19746r20000c//:KhKd|4h2s/8hKs9d/4s/Qd:20000|-20000:p2|p1
STATE:194:cc/r2914c/r17587r20000c/:6dTs|2dJd/7d5hJs/5s/Qh:-20000|20000:p1|p2
STATE:195:r7251c/cr9517c/cc/cr14604c:Jd9c|6sQh/3c8d8s/4d/5h:-14604|14604:p2|p1
STATE:196:cc/r14474c/r17350c/r18659c:JsKs|6h8h/5s2s2h/4s/Ah:18659|-18659:p1|p2
STATE:197:cc/r13146r20000c//:Ks9h|Qd3s/JhJsAd/2s/Kc:20000|-20000:p2|p1
STATE:198:r15706c/cr18426r20000c//:5h9c|5cTc/7d4c4d/Ks/2h:-20000|20000:p1|p2
STATE:199:r12090r20000c///:6h9h|4d7s/JhThTd/8c/Kc:20000|-20000:p2|p1
STATE:200:r16014r20000c///:7s3s|7c4h/ThQs4s/8h/Tc:-20000|20000:p1|p2
STATE:201:r10928c/r17531c/cr19982c/r20000c:3dKd|9d2c/2hKhAd/6d/Js:20000|-20000:p2|p1
STATE:202:r14617c/r19073r20000c//:9c7s|2d9s/3d4sJd/Kc/3h:0|0:p1|p2
STATE:203:r1715c/r16336r20000f:9c6d|8s2d/AsAcQs:-16336|16336:p2|p1
STATE:204:r16644c/cc/cr17196c/cr17368c:2s5h|Tc3d/7s8sTh/Kc/Js:-17368|17368:p1|p2
STATE:205:r5055r17147r20000c///:Ts7c|Th7s/2c3s4h/Ad/8s:0|0:p2|p1
STATE:206:r9341r18796r20000c///:ThAs|Js4s/2s4h2h/Qh/7h:20000|-20000:p1|p2
STATE:207:cr9591r19506f:2sQs|KcJd:-9591|9591:p2|p1
STATE:208:r9343c/r9669r17602r20000c//:AcAh|9s9c/Ad8c3c/Qs/6h:20000|-20000:p1|p2
STATE:209:r3461r14914c/cr18761c/cc/r19200r19782c:Js5c|2sTd/As2h3d/Kh/Ad:-19782|19782:p2|p1
STATE:210:cr10912c/r12940c/r18762r20000c/:Qc6s|Js5h/4s4h8d/6h/5c:20000|-20000:p1|p2
STATE:211:r3234c/cc/cr16189r20000c/:TdKs|2dAh/Qh4h9s/Qs/3h:-20000|20000:p2|p1
STATE:212:f:Tc8c|9c6h:50|-50:p1|p2
STATE:213:r3904c/r10036r18054c/r18288r18977r19985c/r20000c:3c6h|Jc7d/8d9d6c/3d/Kd:-20000|20000:p2|p1
STATE:214:cr17141r20000c///:2c6d|Kc8s/7c4d9d/4h/Ad:-20000|20000:p1|p2
STATE:215:cr9156r19027r20000c///:2s3s|Td9d/7sJd9h/Tc/Qh:-20000|20000:p2|p1
STATE:216:r11411c/cr16755c/cc/cr18731f:7d2h|9sQh/TsTd4s/Qs/5s:-16755|16755:p1|p2
STATE:217:r4902c/r17704f:AhKs|Th8d/JsAs4s:4902|-4902:p2|p1
STATE:218:r19774c/cr19907c/cc/cc:6s6c|Kd8d/2c7hJh/As/6h:19907|-19907:p1|p2
STATE:219:cc/cr16151r20000c//:4sKc|4hAh/5s2d8s/5d/Kd:20000|-20000:p2|p1
STATE:220:cr14012c/cc/r17552r20000c/:Th7h|7c5d/4s3sJd/7d/5s:-20000|20000:p1|p2
STATE:221:r4089c/cr7068c/cc/r17556c:6sTs|7h9s/6c7cQs/Th/4s:17556|-17556:p2|p1
STATE:222:cc/r6817c/r17571c/cr19411r20000c:2d8h|Kc2s/8c3d9s/Ks/6c:-20000|20000:p1|p2
STATE:223:cr8544r19898c/r19998f:Tc3c|Kc7h/7dAd3h:19898|-19898:p2|p1
STATE:224:cr17107c/cr19685c/cc/cc:3h3s|Ts2d/Jh5c9d/3c/8h:19685|-19685:p1|p2
STATE:225:r18291c/r19142r19994c/r20000c/:2d4h|6d7d/TsQhQd/Ad/3s:-20000|20000:p2|p1
STATE:226:f:AsKc|2cTs:50|-50:p1|p2
STATE:227:f:6s7d|9s3c:50|-50:p2|p1
STATE:228:cr8811r18242c/r18994f:Ac3s|5h2d/Jc7dQs:18242|-18242:p1|p2
STATE:229:cr13872c/cc/cr15943r19098c/r19899c:JsJh|Kh6h/As6d3c/Qc/Ac:19899|-19899:p2|p1
STATE:230:r18869r20000c///:2c9c|4d9d/6h6d3s/As/4h:-20000|20000:p1|p2
STATE:231:cr2969r6931c/r11592r19031c/r19400f:2h2d|3h6s/7c4hTc/3d:19031|-19031:p2|p1
STATE:232:cc/cr12348c/cc/r12464c:6c9s|JsTs/9c7cKd/Tc/2c:12464|-12464:p1|p2
STATE:233:r7352c/cr9275r18323c/r19052r19816c/cc:Qs5h|TcKc/Jh9c2s/8s/Jd:-19816|19816:p2|p1
STATE:234:r15248f:Td6s|AdTc:-100|100:p1|p2
STATE:235:r5016r15553c/r15684r16951r19476f:5s8c|6d4c/4d6c3d:16951|-16951:p2|p1
STATE:236:f:8d5s|3s2d:50|-50:p1|p2
STATE:237:cr1929f:8h6c|KhAh:100|-100:p2|p1
STATE:238:r19153c/r19841c/r19955f:Js3s|6d8h/Kd2s3c/Qc:19841|-19841:p1|p2
STATE:239:cr15441c/r18679c/cc/r19120r19970c:9sQd|8s6h/JdAs5c/3d/Js:19970|-19970:p2|p1
STATE:240:r1045f:7c4s|Kh2d:-100|100:p1|p2
STATE:241:r4596f:6d6c|3c7h:-100|100:p2|p1
STATE:242:r18614r20000c///:3d8d|JdAd/7h9s9h/Ac/Js:-20000|20000:p1|p2
STATE:243:cc/cc/cr1730r11597r20000c/:3s3h|9h8c/TsJcTh/Qd/4h:-20000|20000:p2|p1
STATE:244:r9089r19959r20000c///:8d7d|Ah9d/JcTd9h/Ks/3s:20000|-20000:p1|p2
STATE:245:r11906f:QcQs|7dQh:-100|100:p2|p1
STATE:246:cr4709r10637c/cc/cr19052c/cr19892r20000c:KdJc|QdQs/6dJhAd/4c/Tc:-20000|20000:p1|p2
STATE:247:r1299r4817r13739r20000c///:QsAd|2h7s/ThJdJs/2s/4s:-20000|20000:p2|p1
STATE:248:cc/cc/cc/cr10917c:Tc5d|4dKs/4cTsJc/3d/9c:10917|-10917:p1|p2
STATE:249:r13564r20000c///:7c2d|Ks5s/4sAh9h/Qc/6c:-20000|20000:p2|p1
STATE:250:r12191c/r18285c/cr18457c/r19990f:7h2c|Qd5h/Ah6dTc/Qs/4d:18457|-18457:p1|p2
STATE:251:f:Jh4c|AcTs:50|-50:p2|p1
STATE:252:r15775r20000c///:3c3s|Qh5h/JhKhQc/2c/7c:-20000|20000:p1|p2
STATE:253:r1154c/cr16644r20000c//:5s4s|KdTc/7s5c6h/Jh/2d:20000|-20000:p2|p1
STATE:254:f:2s5s|6h7c:50|-50:p1|p2
STATE:255:cc/cc/r10029f:8hAd|5c8s/5h7h2h/7c:100|-100:p2|p1
STATE:256:cc/cc/cr13252c/cc:7dJd|6s5d/Kh5s4s/Jc/2d:13252|-13252:p1|p2
STATE:257:f:9hJs|5c8d:50|-50:p2|p1
STATE:258:r13648f:6dAd|6h7s:-100|100:p1|p2
STATE:259:r3044r10675c/r13485r17177r20000c//:JhTc|9c4s/Qd3sTh/4c/7h:20000|-20000:p2|p1
STATE:260:cc/cr12324f:7h8s|5cJh/6h4d3h:-100|100:p1|p2
STATE:261:r4271c/r19614c/r19836r20000c/:JhKc|9c7s/3h7d9s/7c/4h:-20000|20000:p2|p1
STATE:262:r5995r18505r20000c///:8s7s|4cKc/4dKs2d/9h/5h:-20000|20000:p1|p2
STATE:263:r9500f:9d2s|5sQh:-100|100:p2|p1
STATE:264:cr11681r20000c///:Jd2d|4dKc/7cKd2h/9c/4s:-20000|20000:p1|p2
STATE:265:r18049r20000c///:QhKh|9s6s/3sJcKs/2s/Kc:-20000|20000:p2|p1
STATE:266:cr10392r20000c///:7sTs|9d2h/3dAc5h/8c/Qd:20000|-20000:p1|p2
STATE:267:cr16196c/r17318r19862c/r19999c/cr20000c:3cTd|6dQc/5h2s3s/Ah/Js:20000|-20000:p2|p1
STATE:268:cc/cc/cc/r11107c:5c4s|9h4d/2dQsQd/9s/5s:-11107|11107:p1|p2
STATE:269:f:3d7s|2d9h:50|-50:p2|p1
STATE:270:r12959r20000c///:9s8h|AsTh/TcQcAc/5h/Ts:-20000|20000:p1|p2
STATE:271:r9481c/cr19636c/cc/r19778c:JcJh|Th4d/5sTs8s/Kh/Jd:19778|-19778:p2|p1
STATE:272:cc/cc/r2103r10214c/r11551c:3s8h|Td5d/5s8sKh/7s/2s:11551|-11551:p1|p2
STATE:273:cr6270c/r11649c/cc/cc:7dQh|9dQd/Qc6sKh/Ad/2s:-11649|11649:p2|p1
STATE:274:r14372c/cc/r15976c/r19249c:9dKh|Tc2h/8d2dKs/As/8c:19249|-19249:p1|p2
STATE:275:cr5467r19279r20000c///:As9d|Ad5s/Ac7cQc/5d/Ts:-20000|20000:p2|p1
STATE:276:r12345c/r18338c/r18449r19229c/cc:3c2c|ThAc/Tc7sKc/Js/8s:-19229|19229:p1|p2
STATE:277:r1433r4180c/cr17853r20000c//:Ts7h|Td3s/8cThAh/8d/3h:0|0:p2|p1
STATE:278:r2453c/r14849c/cc/r18311r20000c:Jd5d|3c5s/7d4h6s/Ks/9h:-20000|20000:p1|p2
STATE:279:cc/r7452r19994c/cr20000c/:Kh3h|TsQc/Kd8s6s/4s/7d:20000|-20000:p2|p1
STATE:280:r8960r19304r20000c///:4h7h|8sQc/8hQdJd/3h/6c:-20000|20000:p1|p2
STATE:281:cr11306r20000c///:8sQs|4h6d/7sQhAh/Ts/Th:20000|-20000:p2|p1
STATE:282:cr11862r20000c///:As3s|Ks5h/2s5dJh/9s/6h:-20000|20000:p1|p2
STATE:283:r18053r20000c///:Js7c|9d3s/KcAs3d/5h/3h:-20000|20000:p2|p1
STATE:284:cr14385c/r17786c/cr19944c/cc:AhTc|7s2d/7d9hQs/3d/As:19944|-19944:p1|p2
STATE:285:cc/cr9329c/cc/cr14521r19946c:8h3d|6cQh/AsQdAh/8c/5d:-19946|19946:p2|p1
STATE:286:cr3936r8584r13633r19770r20000c///:Qs6d|8s5c/Ad3d8c/7h/Qc:20000|-20000:p1|p2
STATE:287:cr7394r18647r20000c///:6c6d|8c8s/5dAhQc/3d/2s:-20000|20000:p2|p1
STATE:288:r6769c/r7562f:Ah9h|7c5c/6hKsQs:6769|-6769:p1|p2
STATE:289:cr18401c/r19522c/r19978r20000c/:Ac3c|TcKh/2d5c7s/8h/Jh:20000|-20000:p2|p1
STATE:290:r8794c/cc/r14597r20000c/:Td5d|6s4d/5s7dQd/Jd/7h:20000|-20000:p1|p2
STATE:291:cc/cc/cr16443r20000c/:9c7c|7s4s/QcJh9s/6s/Qs:-20000|20000:p2|p1
STATE:292:r18966c/cr19852r20000c//:8hQh|3c9h/AhTd4d/Th/7c:20000|-20000:p1|p2
STATE:293:r17106c/r17637r19820c/r19989c/r20000f:2d7c|8hKs/5c9cKc/6c/5s:19989|-19989:p2|p1
STATE:294:r6810f:5c3h|6cQc:-100|100:p1|p2
STATE:295:r14257r20000c///:Ac2d|Td4d/9hKhAd/4c/Th:-20000|20000:p2|p1
STATE:296:r6789f:3sQd|2cQs:-100|100:p1|p2
STATE:297:r18538c/r18684r19416c/cr19776c/cc:8c8h|QhQc/KhTsTd/2c/5h:-19776|19776:p2|p1
STATE:298:cr7316f:9c7c|7s6d:100|-100:p1|p2
STATE:299:cr12679c/cc/r16431r20000c/:7sKc|2dAd/Jd5dKh/3c/Ks:20000|-20000:p2|p1
STATE:300:cr14368r20000c///:2cQc|KhJd/AsJsTc/Td/Qs:-20000|20000:p1|p2
STATE:301:cc/cr18837r20000c//:5dKd|Qc6h/3s9sJh/Tc/7d:20000|-20000:p2|p1
STATE:302:r14274c/r18221c/r18408r19046c/r19873r20000c:3sQc|9c6h/2h7dKd/6s/7c:-20000|20000:p1|p2
STATE:303:r14143c/r18679c/cr19777r20000f:As7c|5hKc/3dTh8s/7d:19777|-19777:p2|p1
STATE:304:r11098r20000c///:Js7c|2h6d/4s9c8d/Kc/7h:20000|-20000:p1|p2
STATE:305:r16733c/cr19214r20000c//:8h6d|2sAs/AdQcQd/Ah/3s:-20000|20000:p2|p1
STATE:306:r2161c/r7237r15945r20000c//:JcKs|7s5d/9d3cQh/Jd/4s:20000|-20000:p1|p2
STATE:307:r14866r20000c///:Js4s|2d7c/9h9s4d/7s/Tc:-20000|20000:p2|p1
STATE:308:r2008f:Th2h|Ac5d:-100|100:p1|p2
STATE:309:cc/r17552c/cc/r19912r20000c:7hKh|5sQc/TsKs6c/2s/Qd:20000|-20000:p2|p1
STATE:310:cr10779r20000c///:2h2c|5d6c/Kh7h6d/Ac/Td:-20000|20000:p1|p2
STATE:311:cc/cc/r8619r18143r20000c/:6cAd|QsJh/Kh7hKd/As/8d:20000|-20000:p2|p1
STATE:312:r2906c/cc/r4932c/cr13150r20000c:7h8d|JsKc/7cJhTh/3c/Ah:-20000|20000:p1|p2
STATE:313:r3381c/r6221c/r6699c/cr18962c:6dQh|3hQd/3d9h7s/8s/5c:18962|-18962:p2|p1
STATE:314:cr11880c/r12405c/cc/r16418c:5d6c|TcAc/7s9s9h/4c/3d:16418|-16418:p1|p2
STATE:315:cc/cc/cr11185r20000f:2c5d|Qs9c/Th4sJh/Jc:11185|-11185:p2|p1
STATE:316:cc/r438r12104r20000f:Qs2d|3s9d/Kh5c2c:12104|-12104:p1|p2
STATE:317:r298r633r10299r19999f:3h9c|2c4c:10299|-10299:p2|p1
STATE:318:r14553c/r15257c/r18894r20000c/:ThJh|Qc6c/Jc2c4h/7h/Kc:-20000|20000:p1|p2
STATE:319:r15828c/cr17004r19856c/r19999c/r20000f:QdKd|9s8h/6hKc5s/3c/6c:19999|-19999:p2|p1
STATE:320:r1644r6924f:5d3h|8cQc:1644|-1644:p1|p2
STATE:321:r17048r20000c///:Td9d|7s4h/3h2hJs/Th/Ad:20000|-20000:p2|p1
STATE:322:cr7371c/cc/r9625r19114c/r19499c:Js6c|Kh7d/6sAsQh/7s/7c:-19499|19499:p1|p2
STATE:323:r8198c/cc/r19144c/cr19429r19887c:Kc8c|7s9c/Js8h3h/Kd/Jc:19887|-19887:p2|p1
STATE:324:r3030f:Qd7h|Qs4s:-100|100:p1|p2
STATE:325:r4365r9746r18294r20000c///:Jh7d|2d9d/QcAd7h/Th/Td:20000|-20000:p2|p1
STATE:326:r18919r20000c///:3h5h|2c4d/8sKdAs/Qs/Js:0|0:p1|p2
STATE:327:cr3496c/cc/r9878c/cc:KhQc|QhAh/3c5d7d/Jd/2h:-9878|9878:p2|p1
STATE:328:r17274c/cr18936c/r19156c/cr19812c:2h8h|QhAs/Kd8c5d/7s/Kc:19812|-19812:p1|p2
STATE:329:cc/cc/r17807c/r18627c:AsTd|Tc3c/TsJhAd/Qh/Kh:0|0:p2|p1
STATE:330:r9508r19637f:AsQd|7c3s:9508|-9508:p1|p2
STATE:331:cc/cr9584r19825c/r19985r20000c/:8cAc|As3h/9c4s5c/8d/3c:20000|-20000:p2|p1
STATE:332:cc/cr18848c/r19488r20000c/:Js4h|6h7d/2s8h3h/8c/Kc:20000|-20000:p1|p2
STATE:333:r19171c/r19587c/r19937c/r20000c:8cKh|3h9s/6d9h4h/Tc/2h:-20000|20000:p2|p1
STATE:334:r12805c/cc/r13532c/cr19478c:Td4h|8c8h/7d5dJd/Kh/5s:-19478|19478:p1|p2
STATE:335:cc/r9908c/cc/r13213c:7h3d|JsAh/9dQsAc/Jd/Kc:-13213|13213:p2|p1
STATE:336:cr16538c/cr19117f:Td6s|8cQs/9s2cQd:-16538|16538:p1|p2
STATE:337:f:AdKc|Ah7d:50|-50:p2|p1
STATE:338:r6859r15110r20000c///:7dKc|6c3s/7s8d6h/9s/5s:0|0:p1|p2
STATE:339:f:3d4d|9d4c:50|-50:p2|p1
STATE:340:cc/cr16199r20000c//:7hJc|4c2d/TcKh8s/Th/9s:20000|-20000:p1|p2
STATE:341:cr4708c/cr6868r9665r19599r20000c//:7dQh|8s9s/Qs9c4d/Jh/6c:20000|-20000:p2|p1
STATE:342:cr19872r20000c///:5d3d|7cJs/4d2c6h/Kh/5c:20000|-20000:p1|p2
STATE:343:cr13044c/r15307r17793r20000f:4cKd|4h7c/7hQdKh:17793|-17793:p2|p1
STATE:344:r7724c/r10825c/r13352c/r18262c:3sJh|9cTs/QsAd2d/9h/Th:-18262|18262:p1|p2
STATE:345:cr12042c/r17630r20000c//:8dTh|Td7h/3cJc5c/6h/Qh:20000|-20000:p2|p1
STATE:346:cr14273c/cr17298c/r17469r19085r20000f:Td4c|JdQc/JcQh5s/5h:19085|-19085:p1|p2
STATE:347:r2080c/r7474r19265c/r19842c/cc:6s3c|JdQc/7sTsKh/8s/8c:-19842|19842:p2|p1
STATE:348:cr409f:5hKc|3c8d:100|-100:p1|p2
STATE:349:cr17752r20000c///:Ts8d|AdTd/6c6s9h/6h/Ah:-20000|20000:p2|p1
STATE:350:r13901c/r16472r19221r20000c//:QcJs|Ks4h/2s3hKc/3d/9c:-20000|20000:p1|p2
STATE:351:r14096r20000c///:Jd2c|Td6s/3h5c8h/7h/As:20000|-20000:p2|p1
STATE:352:cc/r6063r17908r20000c//:3h6s|5sAc/8hAs2d/Js/Qh:-20000|20000:p1|p2
STATE:353:r15569r20000c///:8s6h|4hTc/4s6d5h/4c/2s:-20000|20000:p2|p1
STATE:354:cc/r8463c/cc/cr13297c:As8s|2s2d/5s3sJd/8c/Qs:13297|-13297:p1|p2
STATE:355:cr16001c/r17113c/r18018c/cc:8c9s|Jh9h/3hQh2c/Td/Kc:-18018|18018:p2|p1
STATE:356:cr4722r10833r17035r20000f:7c5d|2dJd:-17035|17035:p1|p2
STATE:357:r5069r17914r20000c///:5h4c|4s3d/4d3c3s/Kd/6c:-20000|20000:p2|p1
STATE:358:cc/cr716c/cc/cr17652c:Js4c|Jh7c/JcQs6h/6d/3s:0|0:p1|p2
STATE:359:cc/cc/cc/r15868c:7d5s|6c9h/Kh7c3c/5c/9s:15868|-15868:p2|p1
STATE:360:cr9321r19225r20000c///:JdJs|9c3c/5sQc2d/7d/4c:20000|-20000:p1|p2
STATE:361:cc/r11124c/r18973r20000c/:8cJc|Kd7s/6dAdAs/9s/8h:20000|-20000:p2|p1
STATE:362:cc/r18674r20000c//:KsAh|7s8s/TsJc9h/3d/7c:-20000|20000:p1|p2
STATE:363:r2188r14101c/r18027c/cr18328c/cc:Td2h|9d3h/5cJsAh/Tc/9c:18328|-18328:p2|p1
STATE:364:r16227r20000c///:QdTh|9dAd/Ks7d5d/4d/5s:-20000|20000:p1|p2
STATE:365:cr17195c/cc/r19311r20000c/:TcJd|6d2c/3c8sAc/9c/8h:20000|-20000:p2|p1
STATE:366:cc/cc/cc/r11255c:6d2h|2c5d/Qs8h6s/7h/2s:11255|-11255:p1|p2
STATE:367:cc/r13865r20000c//:3h8c|9s8s/3dKd6s/Kc/2s:20000|-20000:p2|p1
STATE:368:r19975r20000c///:6d3d|TdQh/4h9cJh/Ac/4d:-20000|20000:p1|p2
STATE:369:r10397c/cr19021r20000c//:2sKd|4dJd/Qd2d6s/6c/Tc:20000|-20000:p2|p1
STATE:370:cr452r8611r17005r20000c///:9dTh|7dJc/2s4c9s/4d/As:20000|-20000:p1|p2
STATE:371:cc/r9057r18857c/r19355c/r19818r20000c:6h9c|9d8c/6cJs7s/5c/2s:-20000|20000:p2|p1
STATE:372:r16993c/cc/r19197r20000c/:6dJc|Ah8d/8c9h3s/2d/Qc:-20000|20000:p1|p2
STATE:373:r7565c/r19627c/cr19974r20000c/:Qs2c|7cTc/6hKsKh/9s/Td:-20000|20000:p2|p1
STATE:374:cc/cc/cr208c/cr9954r19818c:As7h|8dAh/6dThTc/Jc/Qc:0|0:p1|p2
STATE:375:r16131r20000c///:6s6d|Ts7c/Tc3hKd/5d/7d:-20000|20000:p2|p1
STATE:376:r1705r4780c/cr6006c/cc/cr17276c:9s8c|Ac6s/7s8sQc/3d/5c:17276|-17276:p1|p2
STATE:377:cr14095c/r14433r19364c/cr19934c/cr20000c:9hTd|Ts8c/2d5c7d/9s/Th:20000|-20000:p2|p1
STATE:378:cc/cc/cc/cc:8hQh|4h5c/2s3d5h/Ts/Kh:-100|100:p1|p2
STATE:379:r4771c/r13867r20000c//:9s8c|Js9c/Kd9hJd/Ad/6h:-20000|20000:p2|p1
STATE:380:cc/cc/r11445r20000c/:5d8d|Kh5h/5sTsAc/As/2d:-20000|20000:p1|p2
STATE:381:r18364r20000c///:7c7d|KsQh/QsJs7h/Kc/As:20000|-20000:p2|p1
STATE:382:cr19535r20000c///:JdJc|6s9s/KcTh3c/7c/7d:20000|-20000:p1|p2
STATE:383:cc/cr19187c/cr19466r19972r20000c/:8d5c|5h5d/8h2h4h/Qs/Js:20000|-20000:p2|p1
STATE:384:r19013r20000c///:8c4c|8hAh/5c4d8d/6s/2s:20000|-20000:p1|p2
STATE:385:r8949r18456r20000c///:3h2c|9sAs/Td4sKh/8d/4d:-20000|20000:p2|p1
STATE:386:cc/cc/cr3641r18054r20000f:2c9h|3hQs/8cAhTh/7s:-18054|18054:p1|p2
STATE:387:r14216r20000c///:Jc9h|3h6h/5hTs8c/Ac/Tc:20000|-20000:p2|p1
STATE:388:r9806f:Th4h|5s7d:-100|100:p1|p2
STATE:389:r19272f:9sJh|2h2c:-100|100:p2|p1
STATE:390:r5136r13647c/r15431c/r19075r20000c/:8h2s|2hKs/7hQhAh/7s/Qd:0|0:p1|p2
STATE:391:cr14268r20000c///:5s7c|3s2h/Ac5h4h/Jd/Td:-20000|20000:p2|p1
STATE:392:r10304r20000f:Td8c|9s7d:10304|-10304:p1|p2
STATE:393:r16044c/r19845r20000c//:7cJc|8c8d/3sTdQc/6d/Ts:-20000|20000:p2|p1
STATE:394:cr5994c/cr15330r20000c//:6h7s|8h6d/4hJs3h/Jc/6s:-20000|20000:p1|p2
STATE:395:r18300c/r19874r20000c//:Jc3s|8h9s/Ac6cJh/7h/Qh:20000|-20000:p2|p1
STATE:396:cr6444c/cc/r12568r18909c/r19996c:3hJs|Kh2d/Qd7s7d/4s/9h:-19996|19996:p1|p2
STATE:397:r5861f:KsTs|Qh5d:-100|100:p2|p1
STATE:398:r4959f:8cJd|4c4d:-100|100:p1|p2
STATE:399:r1325r12679f:4s7d|5d5s:1325|-1325:p2|p1
STATE:400:r6272c/r13731r20000c//:3hAc|AhKd/Jd7s2d/Js/Qs:-20000|20000:p1|p2
STATE:401:r11984r20000c///:7cQs|JcKd/4hJd4d/4s/5c:-20000|20000:p2|p1
STATE:402:r2057r16485r20000c///:Qh3c|Js5s/6d9hKd/Jd/8c:-20000|20000:p1|p2
STATE:403:cc/cr13529r20000c//:Ks6h|Qh8d/JsKhTd/As/5h:-20000|20000:p2|p1
STATE:404:cr8335c/r14438r20000c//:Qc5c|9sKh/Ah5h2d/Kd/3c:-20000|20000:p1|p2
STATE:405:r9355c/r19597f:2h4d|8s8c/5cQs3c:9355|-9355:p2|p1
STATE:406:r18999r20000c///:3h9c|4d7h/Jc4c6s/Qs/8h:-20000|20000:p1|p2
STATE:407:cr19112r20000c///:3d8h|4sAh/TdQs4c/Ac/7d:-20000|20000:p2|p1
STATE:408:cr16884c/cr18278r19893c/cr20000c/:Td9s|9c7d/Ks3c3s/Jh/4d:20000|-20000:p1|p2
STATE:409:r7197r18919r20000c///:7s2h|9sKd/6s3h8d/2d/Ah:20000|-20000:p2|p1
STATE:410:cc/r1823r18498r20000c//:2d6c|Jc7s/9h9dKd/6s/3d:20000|-20000:p1|p2
STATE:411:cr4440r14333r20000c///:8c4h|9h7d/AcQcKd/5s/5d:0|0:p2|p1
STATE:412:cr1268c/r6235c/r18353r20000c/:3d5d|Kd2h/9d5cQd/Ac/Qs:20000|-20000:p1|p2
STATE:413:r4239c/cc/cr16421r20000c/:6d6c|4s2c/2s7hQc/Kh/7c:20000|-20000:p2|p1
STATE:414:cc/cr12262c/r14432f:5sQs|4s2c/6sKsAh/Ad:12262|-12262:p1|p2
STATE:415:cc/r12053c/r16598r20000c/:Jd4s|8s2c/3s4c5c/Tc/3c:-20000|20000:p2|p1
STATE:416:r16191c/r19439c/r19937r20000c/:AsJs|3h5h/QdKd6h/Jc/Th:20000|-20000:p1|p2
STATE:417:cr6096c/r12252r18766f:Qd7s|Kc2d/Ac4d9s:-12252|12252:p2|p1
STATE:418:cr8824c/r19477c/cr19590c/cc:8hQd|3c6h/JsTs6d/Kc/Ac:19590|-19590:p1|p2
STATE:419:r15637r20000c///:2d8c|Ks8s/Qs9s3c/3h/7h:-20000|20000:p2|p1
STATE:420:r1066r15736c/cr18938c/cr19914r20000c/:4sJd|JsKs/5d2s3h/Qs/6s:-20000|20000:p1|p2
STATE:421:cr3503c/r19068c/r19364r19882c/cc:TcTh|2h5c/Qc3c7d/Ad/Td:19882|-19882:p2|p1
STATE:422:r5445f:8cKh|5cKd:-100|100:p1|p2
STATE:423:cr9432c/r17099c/cr19166c/r19548c:Ah9h|8d5d/Tc3d4c/6c/Ac:19548|-19548:p2|p1
STATE:424:cr5442r12874c/cr17398c/cr18881c/r19458r20000c:3h6d|5cQc/TdJh4s/6s/Tc:20000|-20000:p1|p2
STATE:425:r3373c/r7675r14049r20000c//:4d5c|9d6c/6s8cJc/7d/Qh:20000|-20000:p2|p1
STATE:426:cc/r6418r13229c/r15367c/cc:7sTh|4sAs/4d9cQs/Ts/6d:15367|-15367:p1|p2
STATE:427:r804r16858c/r17045r17433c/r18418r19782r20000c/:Jc5d|Qs5h/KdJdJh/9d/Tc:-20000|20000:p2|p1
STATE:428:cr6656c/r7195c/r19013r20000f:4s2s|Js3h/TdQh2h/5s:-19013|19013:p1|p2
STATE:429:f:3s8c|9c5d:50|-50:p2|p1
STATE:430:r8008c/cr11317c/cc/cr16259r20000c:5d4d|2cKc/Kh2sQs/9c/3h:-20000|20000:p1|p2
STATE:431:cc/cc/r19267r20000f:7d8s|ThJh/7h7cTd/4d:-19267|19267:p2|p1
STATE:432:r7266r18694c/r19760c/r19920c/r20000f:Qd5s|AcTd/Kd2h6c/5d/9d:19920|-19920:p1|p2
STATE:433:f:9cAh|3h5h:50|-50:p2|p1
STATE:434:cr10174c/r17249r20000c//:2sTs|Qh8s/6s2d9d/6c/Ah:20000|-20000:p1|p2
STATE:435:cr17213c/cr19600c/r19936r20000c/:2h5c|JsQs/7s5sQh/3h/6s:-20000|20000:p2|p1
STATE:436:cr13924c/cr17012r20000f:Ah9d|JcAs/3cQh7d:17012|-17012:p1|p2
STATE:437:cr4905c/cr13319c/cc/r19460c:Qc2d|Kh3h/6h6c5h/9h/7d:-19460|19460:p2|p1
STATE:438:r13123r20000c///:7dKd|5cQc/6cJhJc/4s/8d:20000|-20000:p1|p2
STATE:439:r3205r10827c/cc/cr13942c/cc:Ts3s|Th2c/2d2s4c/3d/7c:-13942|13942:p2|p1
STATE:440:cr15618c/r18314r20000c//:Jd8d|8c3h/QhJs2d/Td/6d:20000|-20000:p1|p2
STATE:441:r1330r8167c/r9566c/cr17889c/r19076r20000c:Jc6c|JdQs/5d3h9h/Qd/6d:-20000|20000:p2|p1
STATE:442:r2707r17763r20000c///:4s3s|2hAh/QdKh9d/Tc/Kc:-20000|20000:p1|p2
STATE:443:r15086c/r16105c/cr18973c/cr19703c:Ah2d|Qc9h/Kc8d4h/Ks/Qh:-19703|19703:p2|p1
STATE:444:cc/cc/cc/cr13872r20000c:KdTc|9d6s/Js4c8s/8d/4s:20000|-20000:p1|p2
STATE:445:cc/r11034r20000c//:6cKc|5sJs/7s7c2c/3c/8s:20000|-20000:p2|p1
STATE:446:r19620c/r19925c/cr20000c/:Kd5s|6hJc/JhAd3c/Tc/Ah:-20000|20000:p1|p2
STATE:447:cc/r1644c/cr13344r20000c/:AcJh|As6h/5d2s7s/8c/Qs:20000|-20000:p2|p1
STATE:448:cr2782c/cr15232r20000c//:8c7d|4dQs/4h8dAh/5c/Td:20000|-20000:p1|p2
STATE:449:r13907r20000c///:Td5d|KcAh/5c7cJh/9c/8d:20000|-20000:p2|p1
STATE:450:r4133r9069r19948c/r20000c//:Jd4c|5c7d/JcJhTs/Kh/Qh:20000|-20000:p1|p2
STATE:451:r3035r19673f:Th5h|6dKs:3035|-3035:p2|p1
STATE:452:cr19067r20000c///:Kh8c|3dTd/6sTcJc/Jd/7d:-20000|20000:p1|p2
STATE:453:r707c/r2108c/r6691c/r10440c:Qd5h|Ah8s/5dTc6c/Th/3h:10440|-10440:p2|p1
STATE:454:r6660r14275r20000c///:9s3c|7cQc/9hTdKs/Ts/Qh:-20000|20000:p1|p2
STATE:455:r16433f:5sAs|TdTc:-100|100:p2|p1
STATE:456:cr2845c/r16246c/cc/cr19871c:KsKd|8cTh/2d6c2c/5c/7h:19871|-19871:p1|p2
STATE:457:r13584c/cc/cr14479c/cr16450c:9c6h|Qd7d/4sKhJc/9s/Ac:16450|-16450:p2|p1
STATE:458:cr8075f:5c9h|9d5d:100|-100:p1|p2
STATE:459:r19103r20000c///:8sAd|3hJh/6c8d3d/2s/2c:20000|-20000:p2|p1
STATE:460:r2963c/cc/cc/r5252c:8sJc|5d7d/Jh7c5h/Ad/7h:-5252|5252:p1|p2
STATE:461:cc/cc/r9588c/cr11216r13930r16683c:5c4h|KdJc/Js6h3s/Tc/Ac:-16683|16683:p2|p1
STATE:462:r3059c/cc/r10280c/r13584c:7sJc|4h2s/2hQs5h/2c/7d:-13584|13584:p1|p2
STATE:463:cr15433r20000f:Ah4d|3cKs:-15433|15433:p2|p1
STATE:464:cr11147r20000c///:Kc7h|5h7d/Js9c5s/8d/4h:-20000|20000:p1|p2
STATE:465:f:2cTs|6c3c:50|-50:p2|p1
STATE:466:cr18872r20000c///:9s9h|JsAd/5s6c4d/8d/Kc:20000|-20000:p1|p2
STATE:467:cr13221r20000c///:8h9s|Kd6d/3dTh9c/Jc/Ad:20000|-20000:p2|p1
STATE:468:r4321c/cc/r6400r15298c/cr19201r20000c:Qc3c|2s8c/Jc4h6d/7h/Ac:20000|-20000:p1|p2
STATE:469:r3780f:4h9c|Qh3d:-100|100:p2|p1
STATE:470:cc/r13954c/r19557r20000c/:5cTs|7h9s/8dTcQs/3c/Ac:20000|-20000:p1|p2
STATE:471:r8610c/r17155c/r17715r18708f:JhTh|3s9h/6cKs4h/2d:-17715|17715:p2|p1
STATE:472:cc/r3948r14987f:8sQc|Kh7c/5dAh8c:-3948|3948:p1|p2
STATE:473:cr9611c/r9746r19361c/r19603r19928r20000c/:4sKd|4d5c/8s5s9d/Ah/Qs:-20000|20000:p2|p1
STATE:474:cc/cr12572c/cr17704c/r18854c:7dJh|3hTh/2d8hTc/Kh/Td:-18854|18854:p1|p2
STATE:475:r18957c/r19482r20000c//:4sKs|6h7c/Ts2dTc/2s/Kc:20000|-20000:p2|p1
STATE:476:cc/cc/cr16399r20000c/:Qc4c|4h7c/8d3c9d/Qh/Td:20000|-20000:p1|p2
STATE:477:cr399c/cr11170c/cc/cc:8s5s|5hAc/Td9hJs/6d/Kh:-11170|11170:p2|p1
STATE:478:cc/cc/r13090r20000c/:Td8c|4c2d/Qh8d2c/Qc/Js:20000|-20000:p1|p2
STATE:479:cc/cr5326c/cr10313r19079r20000c/:9h6s|5hTd/Qd7c5d/Kh/3s:-20000|20000:p2|p1
STATE:480:cr8596c/cc/r17715c/r18179c:9h6h|Kc2d/8d5cKd/Th/6c:-18179|18179:p1|p2
STATE:481:cr15717c/r19859c/r19965c/cc:2sQc|2d8s/As5hKc/8c/Jc:-19965|19965:p2|p1
STATE:482:cc/cr19455f:AdTd|7h5d/Kd6c3c:-100|100:p1|p2
STATE:483:cc/r11956c/r13869r18712r20000c/:5c5h|3c3h/4h5d4c/Td/7h:20000|-20000:p2|p1
STATE:484:r9341c/r13510c/r14988r19298c/cr19961r20000c:5cQh|QsTc/4s7hTd/4c/2h:-20000|20000:p1|p2
STATE:485:cc/cc/cc/r18023c:As4h|9cQs/2s8d7h/Jc/2c:18023|-18023:p2|p1
STATE:486:r7438r15109c/r18045c/r18376c/r18843c:5s8s|5d6c/2h9dKs/2c/Th:0|0:p1|p2
STATE:487:f:Kd6c|QdAs:50|-50:p2|p1
STATE:488:r3867c/r9996c/cc/cr10982f:AhKc|3cKd/9c5cQs/3s/As:-9996|9996:p1|p2
STATE:489:cr11390c/r14881c/cr19071r20000c/:QhKc|9c2d/3hThAd/7h/Kh:20000|-20000:p2|p1
STATE:490:r2723c/r6096r13120r20000c//:Qd3s|QcJc/Ac3dAs/2h/9c:20000|-20000:p1|p2
STATE:491:cc/cc/cc/cr11610c:8d2h|Kh2s/Jd3c6h/8c/Ad:11610|-11610:p2|p1
STATE:492:r19301r20000c///:Qh6c|5d4c/Td9sAc/5s/Jh:-20000|20000:p1|p2
STATE:493:r350r16062c/r18217c/r19898c/r19998r20000c:Ac9d|2h3c/Kd7c4c/2c/3s:-20000|20000:p2|p1
STATE:494:r16387r20000c///:QdJc|7hTh/3cAd9s/3s/Js:20000|-20000:p1|p2
STATE:495:cc/r12856c/r16998r20000c/:Ac6h|7c2c/KcAd3c/6s/4c:-20000|20000:p2|p1
STATE:496:r9854c/r13686f:4s6s|7d2c/Tc4cTd:9854|-9854:p1|p2
STATE:497:f:Jd9h|7h3s:50|-50:p2|p1
STATE:498:r3949r9989r17088c/cc/cc/r19725c:4d5d|7s9d/6dQs3d/Ah/7d:19725|-19725:p1|p2
STATE:499:f:2c9c|KhQs:50|-50:p2|p1
STATE:500:r16693r20000f:9d2d|Th6h:16693|-16693:p1|p2
STATE:501:cc/cr19121c/r19393c/r19730r20000c:3h5c|Qc9c/3cJhTc/6h/Js:20000|-20000:p2|p1
STATE:502:r19201c/r19496r19917f:5s7h|9s3d/Kc9d8d:-19496|19496:p1|p2
STATE:503:cc/cr12091c/r17667c/cc:3c5c|Kd2h/AhTc3s/As/Qs:17667|-17667:p2|p1
STATE:504:r390c/cr9052c/cr15304c/cc:9dAd|6d7c/2c8cJh/4c/8d:15304|-15304:p1|p2
STATE:505:cr18948r20000c///:3c8h|Jh7c/Ac4d7d/5c/6h:20000|-20000:p2|p1
STATE:506:r9045r19666c/r19954r20000c//:9h6s|QcAc/AsJc2c/9d/Kc:-20000|20000:p1|p2
STATE:507:r7734c/cr11868c/cc/r14260f:4h4s|7dKh/5d9cQc/Js/7h:11868|-11868:p2|p1
STATE:508:r9555r19566r20000c///:6sJs|QhQc/6cTh3d/8s/9d:-20000|20000:p1|p2
STATE:509:r16060c/r17692c/cr18802r19928c/r20000c:8cKd|5dJs/4d9s8d/Ah/Jd:-20000|20000:p2|p1
STATE:510:cc/r6913c/cc/r9544r19378r20000c:Qd5h|Ts4s/3sAcTc/2s/Qs:-20000|20000:p1|p2
STATE:511:r2728r17317r20000c///:Qh8h|9s5s/6s4c3h/9c/8d:-20000|20000:p2|p1
STATE:512:cr9635r19462r20000c///:6c9s|8cTc/Kc2s2c/6h/3c:-20000|20000:p1|p2
STATE:513:r5845r16278c/cc/cr16406c/cc:3hTh|2h2c/7cJd8s/Kd/2d:-16406|16406:p2|p1
STATE:514:f:9d5d|QsTh:50|-50:p1|p2
STATE:515:r17441r20000c///:2cJc|Qd5h/QhTsQs/7s/7c:-20000|20000:p2|p1
STATE:516:r11740r20000c///:5c6c|JsAd/Ac8c5d/Qc/9s:20000|-20000:p1|p2
STATE:517:cc/r15350r20000c//:Kd3h|8sKc/Ah4c3d/Jc/Th:20000|-20000:p2|p1
STATE:518:cc/cc/r4676r19561c/r19880c:5c2h|ThTc/Jc8c6s/Td/4h:-19880|19880:p1|p2
STATE:519:cc/r1577c/cr16179c/r19182c:6c9d|2s3d/2h8dQs/Ts/8c:-19182|19182:p2|p1
STATE:520:cc/r8155r16590c/r17684c/r19301r20000f:2s9h|2c4d/6c5hJd/8h/3h:-19301|19301:p1|p2
STATE:521:cr15859c/r16570r18703c/cc/r18960c:8d4d|JcTd/2h3d7s/2d/Js:-18960|18960:p2|p1
STATE:522:cc/cr10656r20000c//:Ac3s|TdJc/5c3c6d/Kc/Ah:20000|-20000:p1|p2
STATE:523:r17453r20000c///:3d7s|4d5h/8s9s3h/Tc/4s:-20000|20000:p2|p1
STATE:524:cr19995r20000c///:3cJd|KdAs/Qh2hJh/2c/3s:20000|-20000:p1|p2
STATE:525:r18663r20000c///:AdKs|8cKd/5h2h4c/2s/8h:-20000|20000:p2|p1
STATE:526:cr4116c/cr13467r20000c//:2s5d|ThQs/5hAdJc/Ts/Qh:-20000|20000:p1|p2
STATE:527:f:9h3h|AdJc:50|-50:p2|p1
STATE:528:cr11145c/cc/cc/r14874c:8h3d|4s5c/Td3sQs/Ks/Ts:-14874|14874:p1|p2
STATE:529:r12529r20000c///:KhQh|6c7h/Qc5h9h/7s/Qd:20000|-20000:p2|p1
STATE:530:cc/r18616r20000c//:Kc2d|KsAd/Ah9d4s/7d/7h:-20000|20000:p1|p2
STATE:531:cr4752r18804c/cc/cr19499c/r19954f:7c6d|Ad7s/3sKc3h/7d/4c:19499|-19499:p2|p1
STATE:532:r17533r20000c///:9h3d|6hQc/4hAhKh/4s/2d:-20000|20000:p1|p2
STATE:533:cc/r6881c/r19922r20000c/:Kh2c|6sAh/4sQc9d/3c/6d:-20000|20000:p2|p1
STATE:534:cc/cc/cr1170r18555r20000c/:3h6h|3c7s/5hTs4c/6d/Jh:-20000|20000:p1|p2
STATE:535:cc/r9732f:Ah5h|8cAc/2h8h9s:100|-100:p2|p1
STATE:536:f:Qh9c|3h2d:50|-50:p1|p2
STATE:537:r11533c/r19082r20000c//:8hJc|4hQc/Ks8cAs/Ts/2c:20000|-20000:p2|p1
STATE:538:cc/r1896c/cr10740c/r18339r20000c:7d4d|2s6c/8c8sQc/Kc/Jc:-20000|20000:p1|p2
STATE:539:r19555c/cr19840r20000c//:4c5s|7h8d/9s9h8c/7c/Jh:-20000|20000:p2|p1
STATE:540:r869r4726r17155c/cr18662r20000c//:4d5s|6cTs/AhJd7d/7c/2c:-20000|20000:p1|p2
STATE:541:r5787c/r6782f:Th3s|6h4h/Td2cAh:5787|-5787:p2|p1
STATE:542:f:8s8d|Qd3s:50|-50:p1|p2
STATE:543:r11545r20000c///:5h6c|Jh6d/8sQh9c/3s/7d:20000|-20000:p2|p1
STATE:544:f:QcQh|6d3s:50|-50:p1|p2
STATE:545:r7203r15976c/r17314c/r18397f:TdKc|8d5c/As9hAd/2d:17314|-17314:p2|p1
STATE:546:cr5807r16864c/r17798c/cc/cc:7s7d|QhAc/6dQs4c/Jd/5c:-17798|17798:p1|p2
STATE:547:r2761r7619c/cc/cr13797r19981c/cc:Td6s|Ad6h/AhQd9d/Ts/3d:-19981|19981:p2|p1
STATE:548:cr9623r19858c/cc/cc/cc:6d2c|Kh8c/2hQc3h/5c/8s:-19858|19858:p1|p2
STATE:549:r4674c/r10628c/r16759r20000c/:AhKc|JdKd/QdTh9c/Ad/Qc:-20000|20000:p2|p1
STATE:550:cc/r7667c/cc/cr19276c:4cJd|QdAd/Td4s9s/Jh/8s:-19276|19276:p1|p2
STATE:551:r16962r20000c///:3dJh|9sQc/6h5c6c/7h/8s:-20000|20000:p2|p1
STATE:552:cc/r6947c/r11950c/cc:Kh4s|8c7h/3d6s3s/Qs/8h:-11950|11950:p1|p2
STATE:553:f:6cJd|3d2s:50|-50:p2|p1
STATE:554:cc/cr1942c/r9083r18169r20000f:5s2d|QdTs/Kd8h7d/8s:18169|-18169:p1|p2
STATE:555:r4793c/r8698c/cr10707c/r16358r20000c:As2h|4sTc/2s7dKs/4h/Kh:-20000|20000:p2|p1
STATE:556:cr1095r7588r18225r20000c///:5s9h|Qd7s/8h9d5c/Kc/As:20000|-20000:p1|p2
STATE:557:r6167c/cr16368r20000c//:4h5c|2cKd/7d7h6c/2h/8d:20000|-20000:p2|p1
STATE:558:r1648c/r18200r20000c//:2hKd|AsAd/Jd9s2c/8c/2s:20000|-20000:p1|p2
STATE:559:cc/r6699r16442c/cc/cc:KcKd|7hJs/9cAs8h/7d/9h:16442|-16442:p2|p1
STATE:560:cc/r1962c/cc/cr4239r14449c:9dJs|2d8s/QdQhAs/4h/9h:14449|-14449:p1|p2
STATE:561:r9004r19902c/cr20000c//:2dTh|2sTs/Kh5dTc/7d/7c:0|0:p2|p1
STATE:562:f:3h8c|2s5s:50|-50:p1|p2
STATE:563:cc/cr19507c/cc/r19925c:9c5h|7d6d/4c6h9s/Jh/3h:19925|-19925:p2|p1
STATE:564:cr8601r17632c/r19330r20000f:5h8h|2dAs/8cKs6h:-19330|19330:p1|p2
STATE:565:cc/cr17359c/cc/r19154r20000c:4h3d|Jh8h/2c5s5h/6d/Td:20000|-20000:p2|p1
STATE:566:cr1355f:7cQc|3s8d:100|-100:p1|p2
STATE:567:cr14367r20000c///:5dKh|8s7s/As2sTc/3c/3h:20000|-20000:p2|p1
STATE:568:r11561c/r13202c/cc/cr16664c:7dKd|3c6s/QsQhAs/8d/Ks:16664|-16664:p1|p2
STATE:569:r2464r13985r20000c///:Ah4s|Ts6s/4dTd5c/2d/6c:-20000|20000:p2|p1
STATE:570:r3707r16867r20000c///:Js7c|Tc8h/8cJh7d/5c/5h:20000|-20000:p1|p2
STATE:571:r13373c/r14802r19688r20000c//:9sQc|8d7c/5d9c2d/4s/5h:20000|-20000:p2|p1
STATE:572:cr10947c/r11640c/r16173r20000c/:3dKd|8d5s/4cTcQd/3s/7h:20000|-20000:p1|p2
STATE:573:r2586c/cr7115c/cr9528c/cc:Qc3c|9cTd/4sTh6s/6h/Js:-9528|9528:p2|p1
STATE:574:cc/cr8383c/r15071r20000c/:Js9h|Kh3c/QhJdAs/2d/2c:20000|-20000:p1|p2
STATE:575:r5972r13483c/r18719r20000c//:4s2c|6s8c/7h3s9c/2s/Js:20000|-20000:p2|p1
STATE:576:r16609c/cc/r18520c/r19468c:3s6h|6s8c/5hKsKc/As/9d:-19468|19468:p1|p2
STATE:577:cr15227r20000f:3dTs|Tc7d:-15227|15227:p2|p1
STATE:578:r13056r20000c///:2d5c|3cQc/6sKs6h/Qd/5h:-20000|20000:p1|p2
STATE:579:f:3h7d|9d6s:50|-50:p2|p1
STATE:580:f:4dQh|8c5c:50|-50:p1|p2
STATE:581:r19927c/r20000c//:Qc4d|8c7d/Qd8hTh/4s/5s:20000|-20000:p2|p1
STATE:582:cr14090r20000c///:8dQs|3hQd/3cKc6d/Td/Qc:-20000|20000:p1|p2
STATE:583:cr10405r20000c///:9h3d|9c5d/As7s2c/5h/2s:-20000|20000:p2|p1
STATE:584:cc/cc/cr5847r17760c/r19341r20000c:Qh8h|7s4c/Tc3cJh/Js/Ts:20000|-20000:p1|p2
STATE:585:cc/cc/r5088r19772c/cc:5h4s|9sQd/2c6d7d/Tc/6c:-19772|19772:p2|p1
STATE:586:cr1117c/cc/cc/r13903c:3h7s|Js5s/Th9cTd/9s/As:0|0:p1|p2
STATE:587:r10251r20000c///:5cTc|4d3h/9sJc9d/Qd/6h:20000|-20000:p2|p1
STATE:588:cc/cc/r4580c/r19880c:Qh8s|9s2h/4c3h7d/Kc/3s:19880|-19880:p1|p2
STATE:589:r569c/cc/cr3270f:Ad6s|Js8s/5dTs6c/9s:-569|569:p2|p1
STATE:590:r13050c/r15686r18571c/r19974r20000c/:Jh8s|TcQs/4hJd3h/9s/6c:20000|-20000:p1|p2
STATE:591:r18015c/r19198r20000c//:7cTs|AhJs/9h3dQd/2h/3c:-20000|20000:p2|p1
STATE:592:cc/r10332c/cr19975c/r20000f:JcJh|KdAh/9dKc8d/4c/9c:19975|-19975:p1|p2
STATE:593:cr9015c/r19944c/r20000c/:Qs2c|Jd6s/Js3dKs/Kc/8h:-20000|20000:p2|p1
STATE:594:r438c/r5061r16807r20000c//:6sQs|9dJh/7sAsTh/5c/5d:20000|-20000:p1|p2
STATE:595:f:6h8h|9h2d:50|-50:p2|p1
STATE:596:cc/r7304c/cc/r11934c:3sQc|4c2c/Ts8sTd/5s/Ah:11934|-11934:p1|p2
STATE:597:cr3630r18171c/r19207c/r19476r19931r20000c/:7sQd|Ac6s/6h9dJc/Jh/Kc:-20000|20000:p2|p1
STATE:598:r12190c/r16176c/cr16548r18467r20000f:3cJd|JsAs/9dAh9s/3d:-18467|18467:p1|p2
STATE:599:cc/cc/cr8569c/r14114r19793r20000c:3dTc|8s9s/KdKc2d/5d/Ts:20000|-20000:p2|p1
STATE:600:r7563c/r19375c/cc/r19968r20000c:4h8d|4dKh/3s9h7d/9c/Kc:-20000|20000:p1|p2
STATE:601:cc/cc/r8894r19746c/cr19873r20000c:TsKh|Qh6h/Td9h8s/9c/Ac:20000|-20000:p2|p1
STATE:602:r7379c/r11926c/r18421c/cc:4d3s|4sJh/8sTs5c/4c/As:-18421|18421:p1|p2
STATE:603:r12658c/r16122c/r17042c/cr18913r20000f:6sJc|Kc3d/As5s7c/Td/9c:18913|-18913:p2|p1
STATE:604:cr7373c/cr18773r20000c//:Qs4s|8c6s/4d7s7c/Qc/Kd:20000|-20000:p1|p2
STATE:605:r10975c/cr12768r18469r20000f:Kh7c|5sQs/Kd6s2c:-18469|18469:p2|p1
STATE:606:cr11857c/cr19827r20000c//:5hAh|8hTh/3s4sTd/6s/As:20000|-20000:p1|p2
STATE:607:cr408f:8dQh|6s8c:100|-100:p2|p1
STATE:608:r2110c/r17527r20000f:3h9d|3sAh/Qc7c8d:-17527|17527:p1|p2
STATE:609:r2814c/cc/cr18631f:KsJc|6s4d/7cJd9s/6c:-2814|2814:p2|p1
STATE:610:cr14597r20000c///:Qc7s|7d8s/5cAs8c/6c/9h:0|0:p1|p2
STATE:611:cc/r13260c/cr18906c/cr19232c:9h5d|2s3d/Th8c5c/Jd/Jh:19232|-19232:p2|p1
STATE:612:cc/cr15349f:7cJc|TcQs/9h9cJd:-100|100:p1|p2
STATE:613:r3699r9701r16287c/r19206c/r19561c/cr19744c:3d9s|4s2d/Ts6h4d/7h/Qh:-19744|19744:p2|p1
STATE:614:f:KcQd|7hTd:50|-50:p1|p2
STATE:615:r6958r16712c/r19028r20000c//:Td4h|8c9s/TcAs7d/Jh/9h:-20000|20000:p2|p1
STATE:616:f:5h6h|Th3s:50|-50:p1|p2
STATE:617:r15801c/r19278r20000c//:TdQd|Kd6s/Qs5h9s/2h/3c:20000|-20000:p2|p1
STATE:618:cc/r16371r20000c//:AhQh|7cQd/QcKh2h/7h/2d:20000|-20000:p1|p2
STATE:619:f:2h7c|5hKs:50|-50:p2|p1
STATE:620:r9184r18678r20000c///:8hKc|9s8s/Kd5sQd/5d/Th:20000|-20000:p1|p2
STATE:621:cc/cr2389c/cc/cc:9sTd|KdJs/3dQc3h/2h/4h:-2389|2389:p2|p1
STATE:622:r630r11305r20000c///:2s4c|Jd5c/8h4hQs/7h/4d:20000|-20000:p1|p2
STATE:623:cr18337r20000c///:Js9s|9d6h/8cAc8s/Ad/Ah:0|0:p2|p1
STATE:624:r12566r20000c///:4hKd|7h8s/Ts7d4s/3h/8c:-20000|20000:p1|p2
STATE:625:r15496c/cc/cc/cr16872c:9h6c|4h7d/As8h3d/Ac/6s:16872|-16872:p2|p1
STATE:626:r5059r17790r20000c///:AcQd|2s8c/Qs3hKs/Ah/9s:20000|-20000:p1|p2
STATE:627:r7578r19317c/r19485c/cc/r19633c:9sAc|3cKh/Kc5s8h/2h/9h:-19633|19633:p2|p1
STATE:628:r3450c/cr6010r15473c/cc/cc:8d4c|5c8s/9dAs5h/2c/7h:-15473|15473:p1|p2
STATE:629:r6709c/r10697f:3hJc|2d5h/Jd2hKd:6709|-6709:p2|p1
STATE:630:cc/cr4447r9349c/r13668r18013c/r18576r19199r19934r20000c:JsTs|QsAd/4d7d6c/Qh/9d:-20000|20000:p1|p2
STATE:631:r19818r20000c///:7s9h|Td8c/3dQh2s/Ah/8d:-20000|20000:p2|p1
STATE:632:r4093r18055r20000c///:6d4s|8cTh/Td9c9d/Kd/Ah:-20000|20000:p1|p2
STATE:633:cc/cc/cr8259r18001r20000c/:8c9c|Ah8s/Jc2h3h/Qh/6h:-20000|20000:p2|p1
STATE:634:cc/cc/cr16023r20000c/:8c6c|9dAs/8h2sJh/Td/Qh:-20000|20000:p1|p2
STATE:635:r4222r16971r20000c///:4h9c|KcAs/3dKd5s/8d/Js:-20000|20000:p2|p1
STATE:636:cr5933r14957c/cc/cr16719c/cc:Qc6c|2cTc/AhKdAs/Qs/Ac:16719|-16719:p1|p2
STATE:637:r16877r20000c///:9dJd|Th9c/3hAs4s/Ad/9s:20000|-20000:p2|p1
STATE:638:f:Ac3c|7d3s:50|-50:p1|p2
STATE:639:cc/cc/r2582r6345c/cr19369r20000c:5dQh|8c4h/8s7h7c/Jh/2c:-20000|20000:p2|p1
STATE:640:r11244c/r11533c/cr11975r17440c/cc:7d8h|AsKs/3hJh4c/Th/8c:17440|-17440:p1|p2
STATE:641:r10345c/r11579c/cr14484c/cc:AsKd|AhTc/4c5h2s/2d/2c:14484|-14484:p2|p1
STATE:642:cr17742f:2sAd|3d6s:100|-100:p1|p2
STATE:643:r14417c/cc/r15055r17486c/cr17912r19594c:8h2d|Kc8d/3c6dTh/6h/2h:19594|-19594:p2|p1
STATE:644:r11138c/r15728c/cc/cc:3sJd|3h5d/QsKd8s/4d/2d:15728|-15728:p1|p2
STATE:645:r228r18254c/r19124c/r19977c/cc:9h8h|4dAd/2hQc5h/5s/7h:19977|-19977:p2|p1
STATE:646:r12089c/cc/r17829r20000c/:Kd6h|9d4h/9c7s8h/Qd/8c:-20000|20000:p1|p2
STATE:647:cc/r8696f:JcTd|3hKd/Jh9dAd:100|-100:p2|p1
STATE:648:cr19908r20000c///:KcKd|3c2s/3d6h7c/Jh/8c:20000|-20000:p1|p2
STATE:649:r6112c/r14243c/cr17413r20000c/:Ah5c|Kc5h/5sQs4s/7d/6h:20000|-20000:p2|p1
STATE:650:cc/r17570r20000c//:9hJs|QhKh/3c2c7d/9d/9c:20000|-20000:p1|p2
STATE:651:r12704r20000c///:5dQd|4h9h/Ac7hJc/Kh/Qs:20000|-20000:p2|p1
STATE:652:cc/cc/r1047r5359r14627r20000c/:Jc4c|KdJh/7hKsTc/8d/9c:0|0:p1|p2
STATE:653:cc/cc/cr13598c/r16316f:Kd8h|Tc5d/Qh6s7h/Js/Qs:13598|-13598:p2|p1
STATE:654:cr4378c/r8964r19706r20000c//:6sJh|8hQc/9h4s7c/7s/As:-20000|20000:p1|p2
STATE:655:r18421r20000c///:As6d|5h2s/4s6s9d/Qh/7s:20000|-20000:p2|p1
STATE:656:r4567c/r12895c/cr13122r14270r18439r20000c/:QhKs|9h5h/6d2d7h/Qc/4s:20000|-20000:p1|p2
STATE:657:r4724c/r12670c/cr16032c/cr19797c:Ks3c|4h8s/JhKdQd/9s/Th:0|0:p2|p1
STATE:658:r5204c/cc/r12924c/r19705r20000f:QcQd|8d5s/7sAdTh/7c/2h:-19705|19705:p1|p2
STATE:659:cc/r11715c/r15648r19901r20000c/:Kh2d|5d2h/TdAd6c/Jh/3s:20000|-20000:p2|p1
STATE:660:cc/r7942f:6sTc|4d9s/Ah2cKh:100|-100:p1|p2
STATE:661:r5243r16658c/cr19969r20000c//:5h3s|Jc9c/Qd7cKs/Kd/Qs:-20000|20000:p2|p1
STATE:662:r9691r19917r20000c///:Ac7s|Kd3d/Ts6d8h/9s/Ks:20000|-20000:p1|p2
STATE:663:cr3914r8402r17090c/cc/cc/r19512c:3c8h|QhJd/9c4d6c/As/Ac:-19512|19512:p2|p1
STATE:664:r11550r20000f:6cAh|8h2d:11550|-11550:p1|p2
STATE:665:cc/r8701r17673r20000c//:3s7c|Tc7d/9cKd5c/Kh/7s:-20000|20000:p2|p1
STATE:666:cc/cr275c/cc/cr16370r20000c:6s8d|7hKd/Td8sQd/Ah/2c:20000|-20000:p1|p2
STATE:667:f:4s7h|Jh7s:50|-50:p2|p1
STATE:668:cc/r13744r20000c//:9sQh|3d5d/8h7hAc/6s/Td:20000|-20000:p1|p2
STATE:669:cc/cr9654c/r18159c/cc:KsQc|Td7s/4s5s3s/8h/Qd:18159|-18159:p2|p1
STATE:670:cr19278c/r19470c/r19910c/cc:8hQd|4h2c/4sTs7d/7s/Td:19910|-19910:p1|p2
STATE:671:r5098c/cc/cr13512c/r14335r16386r18440r20000c:KdAs|Ad3c/2s7s9c/Jc/Td:20000|-20000:p2|p1
STATE:672:r15778c/cr19862r20000c//:9s5s|Qs7d/Qc7s8c/Ts/8s:20000|-20000:p1|p2
STATE:673:cr17951r20000c///:6s4h|Ts9d/2dAc7s/9s/2c:-20000|20000:p2|p1
STATE:674:r8445r18952f:8c2h|Td8s:8445|-8445:p1|p2
STATE:675:cr18916c/r19125r19420c/r19745r20000c/:8cJd|Qd5d/QhQcAh/3d/9s:-20000|20000:p2|p1
STATE:676:cr11740c/cr15240r19446c/r19647c/r19912c:Jh8c|7hJd/2h9dKd/Ah/2c:0|0:p1|p2
STATE:677:r12618c/r16164c/cr19153r20000c/:9s3s|8s5d/5c8d2c/9c/Ad:-20000|20000:p2|p1
STATE:678:r8987c/r18410c/r19601r20000c/:Tc4h|6hAc/Qs3h7s/8h/Jd:-20000|20000:p1|p2
STATE:679:r1439r9071c/cc/cr10483c/r10867r15704c:AcTc|Ah2d/8c2h9c/4h/Td:15704|-15704:p2|p1
STATE:680:cr15143c/r16141r17667c/cr18984c/cc:Kh2s|4s4d/8dAc2c/5d/7c:-18984|18984:p1|p2
STATE:681:f:6d4c|Qh7c:50|-50:p2|p1
STATE:682:r16265c/r18340c/cc/r19053c:7c8h|7d2s/9dJhKs/4c/2c:-19053|19053:p1|p2
STATE:683:f:2dTc|AhKd:50|-50:p2|p1
STATE:684:cc/r13990r20000c//:3dAh|Kd8h/KsQs4c/4s/8d:-20000|20000:p1|p2
STATE:685:cr5418c/cc/r18659c/cc:4s6s|Qc7d/Qh7c5d/Td/2h:-18659|18659:p2|p1
STATE:686:cc/r3435c/r4372c/r18201c:As4h|9s5c/Ks5hKh/8c/7h:-18201|18201:p1|p2
STATE:687:cc/cr7791r16362c/cr18703c/cr19870f:JhTh|2hQh/6s5h2c/Ah/6d:-18703|18703:p2|p1
STATE:688:cc/cr13681c/cc/cr19006r20000c:9h7s|6h6d/7d9dQc/Kh/4s:20000|-20000:p1|p2
STATE:689:r19892r20000c///:Ks8s|Qs4s/7hKh8c/3c/3s:20000|-20000:p2|p1
STATE:690:f:7dQd|Td9s:50|-50:p1|p2
STATE:691:r1899r16494c/r16919r17856r19233r20000c//:2h5h|2d2s/TdJsAh/Jc/7c:-20000|20000:p2|p1
STATE:692:cc/r8578c/cr15707r20000f:Js6d|3h5h/7hKh4c/Td:15707|-15707:p1|p2
STATE:693:cr2287r14819r20000f:6d5c|KsAd:14819|-14819:p2|p1
STATE:694:r2589c/r17144r20000c//:2c3c|Qh7h/AsJs7d/Td/Kd:-20000|20000:p1|p2
STATE:695:cc/cc/cr3147c/r6953c:2c8d|8c8s/8h4d9s/9d/4h:-6953|6953:p2|p1
STATE:696:cc/cc/r9940c/r18338f:7s5h|2hKs/KdQhJs/4s/Jd:9940|-9940:p1|p2
STATE:697:f:2h3d|JdKh:50|-50:p2|p1
STATE:698:r541c/cc/cr14789f:5dTs|8c7c/6d2dKs/Js:-541|541:p1|p2
STATE:699:cr4600r11069r19337r20000c///:5h8s|8hQd/7c4c3c/Jc/2c:0|0:p2|p1
STATE:700:r1943r11761r20000c///:6dQh|6cTs/7h3c7s/4h/3s:20000|-20000:p1|p2
STATE:701:r6404r16096c/r16748r17413f:9c7c|4sJd/8s8cKd:-16748|16748:p2|p1
STATE:702:cc/r983r6530c/cc/r7700r9384f:2c7c|5h2h/3dTsAc/7s/Jc:-7700|7700:p1|p2
STATE:703:r11898r20000c///:7h5d|KhKc/Jh2d8d/9c/7d:-20000|20000:p2|p1
STATE:704:f:3cJh|6h7d:50|-50:p1|p2
STATE:705:r14626c/cc/r17873r20000c/:JdTh|8sAc/7c3c3h/5s/Ks:-20000|20000:p2|p1
STATE:706:cc/cc/r6104r13855r20000c/:3cAh|5d6h/9s4c8c/Jc/3h:20000|-20000:p1|p2
STATE:707:f:Ah8h|QsAd:50|-50:p2|p1
STATE:708:r7317r17779r20000c///:Ks3d|TsJd/8s8c6d/5d/Qh:20000|-20000:p1|p2
STATE:709:r3694c/r12431c/r16368r20000c/:5d9c|ThAd/Qc6c2s/8s/Ac:-20000|20000:p2|p1
STATE:710:r1257f:4cTh|Js8d:-100|100:p1|p2
STATE:711:cc/r4246r8459f:6sJd|6h3d/Kd5dAc:-4246|4246:p2|p1
STATE:712:cc/r7514r16236c/cc/cc:Ks5d|8d2h/KhAs4c/8s/Kc:16236|-16236:p1|p2
STATE:713:cr9934c/cr19183r20000c//:4hTc|4c5s/Js9sAs/4d/Ts:-20000|20000:p2|p1
STATE:714:r18222r20000c///:2d5h|Th9c/8h9dTc/8c/Qd:-20000|20000:p1|p2
STATE:715:r11218r20000c///:Ad3c|7h8h/4d7sJs/3h/6d:-20000|20000:p2|p1
STATE:716:f:As4s|Qd3d:50|-50:p1|p2
STATE:717:r14098f:Ad2c|As4d:-100|100:p2|p1
STATE:718:cr18740c/r19091c/r19447c/r19723c:4sTd|Qh4h/5c7h6c/7d/6s:-19723|19723:p1|p2
STATE:719:cr4619r13302c/r13474c/cr13695c/cc:3c7s|8s3s/Ts4c5c/Jc/9s:-13695|13695:p2|p1
STATE:720:cr17582c/r18000r18746c/cc/cr19213r19924r20000f:7d2d|As9s/9dThAc/Kc/2h:-19924|19924:p1|p2
STATE:721:r11928r20000f:Ad6h|Tc3s:11928|-11928:p2|p1
STATE:722:r8654r18276c/cc/r19418r20000c/:AcAh|Kc3c/TsKhAd/Jh/8s:20000|-20000:p1|p2
STATE:723:r9196r19751c/r19878f:Td6h|Ts8c/5h8d2c:19751|-19751:p2|p1
STATE:724:r18040r20000c///:Ad3h|Kc4d/As5cJh/8h/Js:20000|-20000:p1|p2
STATE:725:r12089r20000c///:8c6c|KsKd/Tc9hJs/7s/Jd:20000|-20000:p2|p1
STATE:726:r11388c/cc/cc/cc:AhTs|3d8s/3c5h8h/Ad/2h:-11388|11388:p1|p2
STATE:727:r8188r18526r20000c///:3c9d|Jc4c/8c9hQh/Kc/Kd:20000|-20000:p2|p1
STATE:728:r18827c/r19788r20000c//:6d8d|3h9h/2s7dKc/3s/Kh:-20000|20000:p1|p2
STATE:729:r13341c/r18230r20000c//:5d5h|6d2h/4d6h3s/Ad/6s:-20000|20000:p2|p1
STATE:730:cr14852r20000c///:ThAd|QsAh/AcKh3d/3c/7d:0|0:p1|p2
STATE:731:cc/r15156r20000c//:9s2h|Jd9h/Ad5cAc/8c/4d:-20000|20000:p2|p1
STATE:732:r5350c/cc/cr18413c/r19531r20000c:5dKs|Qc5c/Jd8h9h/Qd/3s:-20000|20000:p1|p2
STATE:733:r5414c/r18135c/r18284c/cc:As4c|5s5h/Tc6cQs/6h/6s:-18284|18284:p2|p1
STATE:734:cc/cc/r19541r20000c/:Ac5c|9sJh/2dJc5d/7c/Kh:-20000|20000:p1|p2
STATE:735:cr556c/cc/cc/cc:JsKh|7dKd/4h2sAc/4d/8s:556|-556:p2|p1
STATE:736:cr1084c/cr8062r17553r20000c//:3dJd|9h8c/Jh5d9s/3h/Ks:20000|-20000:p1|p2
STATE:737:r2261f:5h9s|7d8d:-100|100:p2|p1
STATE:738:f:7sAh|8hJc:50|-50:p1|p2
STATE:739:r15199r20000c///:Ac9c|6s2d/KcKd4c/6d/Ad:20000|-20000:p2|p1
STATE:740:cr10242c/cr15884c/r18770c/r19770c:6s5s|KhTd/KsJc4s/9h/7d:-19770|19770:p1|p2
STATE:741:cc/r17449c/r18487c/cr19662c:Th6h|3c9h/4dJh4s/Kd/5d:19662|-19662:p2|p1
STATE:742:f:AcQh|Ts7c:50|-50:p1|p2
STATE:743:r3878r18139c/r18824c/r19866r20000c/:Ks9d|9hAs/Kc6c5h/Ad/Kd:20000|-20000:p2|p1
STATE:744:cc/cr710r4229r10338r19575r20000c//:8h3c|5dQd/4d3h6h/2s/Ad:-20000|20000:p1|p2
STATE:745:cc/cc/r1200r3710r15642r20000c/:9d8h|QdKs/Jh6c9s/2d/3s:20000|-20000:p2|p1
STATE:746:r6012r14918r20000c///:2c3h|JcKs/KdTdTc/2s/9s:-20000|20000:p1|p2
STATE:747:r11662c/r18495c/r18640r19470r20000c/:QcTs|As4h/8d2s2h/Ad/4c:-20000|20000:p2|p1
STATE:748:cc/r18685r20000c//:As2d|Qs9s/2sThQd/9h/Ks:-20000|20000:p1|p2
STATE:749:f:Th8d|7h3d:50|-50:p2|p1
STATE:750:r12619r20000f:9cKh|4d8c:12619|-12619:p1|p2
STATE:751:r10022c/cc/cr18779c/cr19100c:8dQc|QsTh/Jc3sAc/3d/4h:0|0:p2|p1
STATE:752:r5258c/cr19367c/r19859r20000c/:3s4c|5c9d/As3h3c/2h/4s:20000|-20000:p1|p2
STATE:753:r10039r19988r20000c///:8cKs|4sQc/6sJh4h/6c/Th:-20000|20000:p2|p1
STATE:754:r4974c/r10815c/cc/cr14138r19203c:8d5c|6s6c/TsAhKc/Qs/Qd:-19203|19203:p1|p2
STATE:755:r5792c/cr19056r20000c//:Ah9h|QcTs/Kh3h3s/Kd/2h:20000|-20000:p2|p1
STATE:756:r10890c/r14292c/cc/cc:Ts7d|Kd9s/5s8d5h/6s/9d:14292|-14292:p1|p2
STATE:757:r3861c/cc/cr19401r20000c/:5s5c|9h9d/Ad2h4d/Qc/Td:-20000|20000:p2|p1
STATE:758:r6280r19610r20000c///:Kh9s|Ac6c/JcQdKs/4h/Ah:-20000|20000:p1|p2
STATE:759:cc/r5938r16524c/r19423f:Kd9c|Jh8d/Qc9hJc/7c:16524|-16524:p2|p1
STATE:760:r4139r12042r19968c/cc/r20000c/:9c4s|Jh5c/AcKd3h/2s/Kh:-20000|20000:p1|p2
STATE:761:r11444c/r19066f:Td2s|7dAs/9s8s6c:11444|-11444:p2|p1
STATE:762:r17647c/cc/cr18773c/cr19490r20000c:JhTd|TcAh/2s9dAd/4h/Qs:-20000|20000:p1|p2
STATE:763:cc/cr3035r16612c/cr18641r20000c/:Jd8d|9hTd/3h9s5c/7s/9c:-20000|20000:p2|p1
STATE:764:r4362c/r12377r20000c//:ThAc|2d4c/Jh3s5h/6s/Td:-20000|20000:p1|p2
STATE:765:r10557r20000c///:Qh8d|2sJc/Kh7s3d/Kc/4h:20000|-20000:p2|p1
STATE:766:r12955r20000f:Qs6s|9hKs:12955|-12955:p1|p2
STATE:767:cr9537c/cr12182r15749c/r16329f:Kc2h|4h8d/3sTs4d/Qd:15749|-15749:p2|p1
STATE:768:r17622r20000c///:QhAh|2cTd/6s3c4h/Tc/9h:-20000|20000:p1|p2
STATE:769:cr10318c/r12749r19539r20000c//:6d5h|3hQh/2d6c8s/3s/2h:20000|-20000:p2|p1
STATE:770:r4929c/cc/cc/cr14706c:TcAs|Td7c/3d9s5s/Ac/4h:14706|-14706:p1|p2
STATE:771:r13039r20000c///:2s7h|Qs8h/3c5hJs/Jd/5d:-20000|20000:p2|p1
STATE:772:f:6h5d|As7d:50|-50:p1|p2
STATE:773:cc/r4299c/cr4563c/r13629r20000c:3d6h|6d2h/JsAh4h/9d/7d:0|0:p2|p1
STATE:774:cr4814r17488c/r18663r19949c/cc/cc:8s6d|3d8c/Ah7hKh/7d/9s:0|0:p1|p2
STATE:775:r18732f:Ks6c|7sJh:-100|100:p2|p1
STATE:776:r19243f:Ah5d|6s2s:-100|100:p1|p2
STATE:777:cc/r19657r20000c//:7h2h|9cTc/7dKs2d/4c/Jd:20000|-20000:p2|p1
STATE:778:f:8hKc|2d9s:50|-50:p1|p2
STATE:779:r4298c/r9342r16221c/cr16527r18579c/r19815r20000c:AhTh|5h2h/8sQh8d/2c/7d:-20000|20000:p2|p1
STATE:780:r18361c/r18961f:7h8s|6hAs/QhQcJd:18361|-18361:p1|p2
STATE:781:cr5417r15444c/r16610r19560c/r19851r20000f:Td5s|7c8c/4cKc7s/Jh:-19851|19851:p2|p1
STATE:782:cc/r17432c/cc/cr18232c:2d7c|2hQh/5h6h4h/6c/Jc:-18232|18232:p1|p2
STATE:783:r19530c/cc/r19769r20000f:5hTh|3sAh/QdKh9s/Tc:-19769|19769:p2|p1
STATE:784:cr13428r20000c///:4h7h|7c3d/Th7sQd/Tc/3h:0|0:p1|p2
STATE:785:r4998r16380c/r16705r18355r20000c//:Kc9c|5d6d/8dTs7h/9s/2d:-20000|20000:p2|p1
STATE:786:r5209r19465c/cr19772c/r19946c/r20000c:QcQh|7dQd/4d2cTc/Kh/Jd:20000|-20000:p1|p2
STATE:787:r2981r17368c/r17808c/cr17943c/cr18254c:9hJc|5d4c/4d6cKd/8h/Th:-18254|18254:p2|p1
STATE:788:r16349c/r19454c/cc/r19579c:TcTh|Td6c/Ac8s8d/2s/Kc:19579|-19579:p1|p2
STATE:789:cc/r18989r20000c//:Js3s|5s4d/QhKd7d/6s/4c:-20000|20000:p2|p1
STATE:790:r6479r13056c/cr14495f:Qs4d|AsAc/6h4c3d:-13056|13056:p1|p2
STATE:791:cc/cr9337r19624c/r19841r20000c/:2c5d|JsQh/Jc9c3d/6d/7s:-20000|20000:p2|p1
STATE:792:cc/r16424r20000c//:9s5s|Jh5h/8cQc7c/7h/6h:20000|-20000:p1|p2
STATE:793:r11188f:4sAs|8d5h:-100|100:p2|p1
STATE:794:cr647c/cc/r15158r20000c/:9h5h|9dAc/Jc2h4s/3d/3s:-20000|20000:p1|p2
STATE:795:r12541c/r18500f:Kd3s|8sKc/JcKhAd:12541|-12541:p2|p1
STATE:796:f:Qh2d|Kd7d:50|-50:p1|p2
STATE:797:r11272c/cc/cc/r17722c:Qd7h|2c4d/AcTh3c/9h/2d:-17722|17722:p2|p1
STATE:798:cc/r2529c/cc/cc:6h5s|Jh6d/9c2d5h/Kd/Ah:2529|-2529:p1|p2
STATE:799:cr7349c/r10081f:6dTh|7h6h/AsTdTc:7349|-7349:p2|p1
STATE:800:f:5sAd|5h8d:50|-50:p1|p2
STATE:801:f:6d6c|8d8c:50|-50:p2|p1
STATE:802:cr4725c/r13997c/r17418c/r17933c:Qh3c|Kd8s/As5cJh/6s/Td:-17933|17933:p1|p2
STATE:803:r17368r20000c///:Tc2s|Ac5c/9d7sAh/6s/6d:-20000|20000:p2|p1
STATE:804:cr1163c/cr13016f:Td7c|QsQh/AsQc7h:-1163|1163:p1|p2
STATE:805:r12087r20000f:7h8d|Tc6s:12087|-12087:p2|p1
STATE:806:r4496c/r10275c/r11847r15763c/r18743r20000c:2c7c|Qc3h/JcKc2h/8d/7h:20000|-20000:p1|p2
STATE:807:cc/cc/r14221c/r15673c:2sKd|AdJh/5hTh9s/Ac/Jc:-15673|15673:p2|p1
STATE:808:cc/cr7078c/cr10497c/cr15869r20000c:Qh2c|4sQs/5d9sJc/5h/5c:0|0:p1|p2
STATE:809:cc/cr2732r10139c/cr10598f:Qh8s|3cJh/6d7sTc/Qc:-10139|10139:p2|p1
STATE:810:r11611r20000c///:9s5d|2c6h/5cQd3c/2s/Jd:20000|-20000:p1|p2
STATE:811:cc/cr11237c/r11730r13280c/cc:5sQs|3h8s/4d6d4h/8d/Th:-13280|13280:p2|p1
STATE:812:cr971c/cc/r7932f:Qc8d|JsAs/6cTd7d/8h:971|-971:p1|p2
STATE:813:f:AsJs|Ah6h:50|-50:p2|p1
STATE:814:r1681r6558r18014c/r18250r19829r20000c//:8c7s|6dQd/7c5cTc/Ts/7h:20000|-20000:p1|p2
STATE:815:cc/cr12961c/cc/r18177c:2cAh|3c3d/JcQhTc/6h/Kh:18177|-18177:p2|p1
STATE:816:cr13868c/cc/cr17627c/r18707c:5c2s|6h4c/2h4dQs/Td/4s:-18707|18707:p1|p2
STATE:817:cr6739c/cc/cc/r9857r13414c:3sJh|Js6s/7h3h5h/6h/Jc:13414|-13414:p2|p1
STATE:818:cr14161c/cc/r19087c/cc:Ks8h|8c7s/6sTc5h/Ts/7d:-19087|19087:p1|p2
STATE:819:r13311c/r16935f:Jc8s|AcAh/TcQdKs:13311|-13311:p2|p1
STATE:820:r3293r11334c/r16863c/cc/r17792c:5dQc|2c6s/TsKhAh/6c/5h:-17792|17792:p1|p2
STATE:821:r1099r16993c/r19628c/cr19804c/r19914c:9c7c|6hKs/2h3c5d/Qh/5c:-19914|19914:p2|p1
STATE:822:r12208r20000c///:Kh9s|8d6s/JdAh9d/7d/Tc:-20000|20000:p1|p2
STATE:823:f:3s3h|4cJc:50|-50:p2|p1
STATE:824:f:6hJs|2h3s:50|-50:p1|p2
STATE:825:cc/r13951r20000c//:3d5h|KsKd/4sTsQd/Th/5d:-20000|20000:p2|p1
STATE:826:r13794c/r15113c/r19541c/cc:6d8s|5s7h/4sTsTd/7s/6h:-19541|19541:p1|p2
STATE:827:r16890r20000c///:4hAs|KdTs/5sJh4c/9s/Ad:20000|-20000:p2|p1
STATE:828:r15994r20000c///:ThQs|Qd7c/6sAd3s/Ts/Js:20000|-20000:p1|p2
STATE:829:r17293c/r17640r19162r20000c//:AdQh|TsKd/4sJh5s/3d/2d:20000|-20000:p2|p1
STATE:830:cc/cc/cr2812r13963c/cr17954r20000c:Th7c|Ts6c/5dJcQc/6h/3s:-20000|20000:p1|p2
STATE:831:r10835c/cr17111c/r17339r17765c/r18100r19163r20000c:8cAc|8sAd/2c4cTh/7c/Jd:20000|-20000:p2|p1
STATE:832:cr13108c/r16777f:TsQh|As8h/Ac8d7s:13108|-13108:p1|p2
STATE:833:cc/cc/r19214r20000c/:5d9d|6hQd/7sKh2h/Qh/7h:-20000|20000:p2|p1
STATE:834:cc/cc/cr4498r19629c/r19883c:6s7c|QcAh/9cKhQs/3d/6d:-19883|19883:p1|p2
STATE:835:cr1273r3999r8765c/r12691r17705c/cr18345c/cc:ThKh|3cJh/5c8cQd/Qh/7c:18345|-18345:p2|p1
STATE:836:r15173r20000c///:9c4d|7d9s/6d8dTc/Jc/Qc:0|0:p1|p2
STATE:837:f:3d9d|Kh4s:50|-50:p2|p1
STATE:838:cc/cr13168r20000c//:6cTd|Kc9s/8s9hQs/6s/Th:20000|-20000:p1|p2
STATE:839:cc/r980r12390r20000c//:7h4d|7sTc/Qh5d9c/8h/7c:-20000|20000:p2|p1
STATE:840:f:KsQs|As4c:50|-50:p1|p2
STATE:841:r9447r19849c/r19988r20000c//:4h2s|As7h/6h7cKd/4d/Kh:-20000|20000:p2|p1
STATE:842:r2632c/r9514r16571c/r17430c/r19861r20000c:4dAd|9c6d/7c8s6s/5h/2h:-20000|20000:p1|p2
STATE:843:r9395r19546r20000c///:3c3s|8s6d/Ad2dKs/Tc/Kh:20000|-20000:p2|p1
STATE:844:cc/r13213r20000f:5dKh|JhQh/Kc8s3d:-13213|13213:p1|p2
STATE:845:f:6h3h|QdQh:50|-50:p2|p1
STATE:846:r4875c/cc/r8144r13683r19721r20000c/:Jh9c|Qs4d/Qh9h8c/2h/4s:-20000|20000:p1|p2
STATE:847:cc/r18071r20000c//:2c9s|Jh5c/QhKh7d/3c/6s:-20000|20000:p2|p1
STATE:848:cr15471r20000c///:ThKs|7dAd/7sKc4s/4d/Js:20000|-20000:p1|p2
STATE:849:r6643c/cr11049r16862c/r17585r19102r20000c/:4hQd|9s9d/Qc6cAc/2h/7s:20000|-20000:p2|p1
STATE:850:cc/r14815r20000c//:JsAs|Kh5s/Tc3s2c/Kc/9c:-20000|20000:p1|p2
STATE:851:cc/r785r1929r15638c/r16482r18891c/cc:4cKh|Kc7c/9d5d6s/Ks/4h:18891|-18891:p2|p1
STATE:852:r7821c/r19656r20000c//:AsTd|Th4h/Kc3d4s/Ac/6c:20000|-20000:p1|p2
STATE:853:cr6684r14143r20000c///:Td7h|9h9d/AcAdJs/7s/Kc:-20000|20000:p2|p1
STATE:854:r15008c/cc/r17330c/cc:Ad9c|AcQd/4sKdAs/4c/9d:17330|-17330:p1|p2
STATE:855:r5650c/cr10789c/r13418r19147c/cr19923c:Ks2d|9s5c/Jd6s2c/Qd/Qs:19923|-19923:p2|p1
STATE:856:cc/r10900c/r14609r19763c/cc:3cAc|Ks9h/ThAh5c/4h/6d:19763|-19763:p1|p2
STATE:857:f:8c5s|KsTs:50|-50:p2|p1
STATE:858:cc/r7368c/cr13821c/cr15823r19048c:JhQh|6h8s/3d2sAd/4s/5s:-19048|19048:p1|p2
STATE:859:r7120r15214c/r18989c/cr19640c/r19747r19867r20000c:5s7h|3c4d/QsAhKd/3d/4h:-20000|20000:p2|p1
STATE:860:r6616r18129c/r18386r19619r20000c//:Ad8d|QdTd/9h5d6c/9d/7h:20000|-20000:p1|p2
STATE:861:r16338r20000c///:7s7h|9dQc/JdKsKh/8d/Th:-20000|20000:p2|p1
STATE:862:cr4982c/cr6722c/r8351r13137c/r14233r16831c:Td7d|5sQs/5h3hJc/3c/4c:-16831|16831:p1|p2
STATE:863:r16678c/r18541r20000c//:7h5d|TdJs/KhQh9d/4h/6s:-20000|20000:p2|p1
STATE:864:cc/cc/cc/r3272c:Qd8d|2hTs/9h7c4c/3h/4s:3272|-3272:p1|p2
STATE:865:r15785c/cr18077r20000c//:QhJh|5h3h/4c8d6s/Jd/9d:20000|-20000:p2|p1
STATE:866:cc/cr15827r20000c//:9d9s|5h6d/2s9h7s/Qd/Kc:20000|-20000:p1|p2
STATE:867:cr11916r20000c///:AsQh|Jd7h/9sTh9h/Qc/Tc:20000|-20000:p2|p1
STATE:868:r19612r20000c///:Ac4h|9h6d/Tc3dAh/4c/Kd:20000|-20000:p1|p2
STATE:869:f:JhKh|5cJc:50|-50:p2|p1
STATE:870:r16574r20000c///:4d5h|2hQd/4h2c7s/4s/6s:20000|-20000:p1|p2
STATE:871:r9002r19174r20000c///:2d6d|5c3d/7d7c6c/4c/Ks:-20000|20000:p2|p1
STATE:872:cc/cr8059c/r8647c/cr13808r19312c:2d3d|9c5s/9s6s7h/7c/8c:-19312|19312:p1|p2
STATE:873:r9428r19518c/r19986r20000c//:8d8h|Qh7d/As9c5h/Tc/4c:20000|-20000:p2|p1
STATE:874:r4417c/cr5679c/cr11666c/r17805r20000c:4sKs|4d8h/QdTdTh/9c/Jd:20000|-20000:p1|p2
STATE:875:cc/cc/cr3574r16153c/cr16819c:7s3c|As3d/AdJsJh/Ks/9c:-16819|16819:p2|p1
STATE:876:r1441c/cc/cc/r16046c:8h5s|6dTh/KhAd8c/5c/Kc:16046|-16046:p1|p2
STATE:877:r13778r20000c///:7d7h|QsQh/8h5c9d/Kh/3s:-20000|20000:p2|p1
STATE:878:cc/r8235c/cr19426c/r19651r19897r20000f:9cQh|AhTs/7c8s5c/2d/Kd:19897|-19897:p1|p2
STATE:879:cc/cr8730c/cr13466c/r14887c:8d4d|9cQh/5s2hKd/8h/8s:14887|-14887:p2|p1
STATE:880:f:Qs7s|3sKc:50|-50:p1|p2
STATE:881:cr7266r19820r20000c///:Ac5s|9c2d/8dKd6d/8h/3s:20000|-20000:p2|p1
STATE:882:r4391r15234c/r18468c/cc/r18901c:TsJs|3h4h/Kd9h8c/6h/Qh:-18901|18901:p1|p2
STATE:883:cc/cc/r11121r20000c/:7sQd|Jc7d/2d2cJd/Ah/5d:-20000|20000:p2|p1
STATE:884:cr1101r4501r14050c/r16788c/r17766r19764c/r19877c:3d2d|Kh6d/KsAc6c/Ad/5c:-19877|19877:p1|p2
STATE:885:r18367c/r19261r20000c//:6hTc|ThKs/8cJcAd/5s/Td:-20000|20000:p2|p1
STATE:886:r15792c/cr17627c/cr19931c/r20000c:Td6c|7dKs/JhAh5c/Jd/4h:-20000|20000:p1|p2
STATE:887:r7677f:2s7c|JhJs:-100|100:p2|p1
STATE:888:r11615c/cc/r15550r19801c/r19946r20000c:As5s|6dJc/4c3hKh/7s/Kd:20000|-20000:p1|p2
STATE:889:cc/r6180c/r11137f:Kh5c|9cJd/8d2s2c/Qs:6180|-6180:p2|p1
STATE:890:r14548c/r15264c/cc/cc:9h8d|7c4d/5hQh2d/Ac/3h:-15264|15264:p1|p2
STATE:891:cc/cr19478r20000c//:2cJc|Ks9s/2h7sAs/6s/3c:-20000|20000:p2|p1
STATE:892:cr7717c/cc/cr19131c/r19443r19881r20000c:7h8c|Ad6c/6dKhJh/3c/Qd:-20000|20000:p1|p2
STATE:893:f:Jh2c|Tc9c:50|-50:p2|p1
STATE:894:r6786r14875c/cr15394r16684c/cr19630r20000c/:8d9c|6c7s/4c9h5d/7d/7h:-20000|20000:p1|p2
STATE:895:cc/cc/r6276r16393c/cc:4s2d|4hKc/Jd9d8h/Ac/5d:-16393|16393:p2|p1
STATE:896:r4461c/cr4769c/r10473c/cc:Jc5c|5sAd/Ts4h6s/5h/7c:-10473|10473:p1|p2
STATE:897:r2917f:Ts3c|6s6h:-100|100:p2|p1
STATE:898:cr3046f:9c5d|Td5s:100|-100:p1|p2
STATE:899:cr11841c/cc/cc/r19662c:KdTd|7cTc/9sQs5d/4d/6c:19662|-19662:p2|p1
STATE:900:r12542r20000c///:5h3h|6c5d/QhAd2h/5c/9c:0|0:p1|p2
STATE:901:r3254r11341r19674f:JdQc|Jc7c:-11341|11341:p2|p1
STATE:902:cc/cc/cr5579c/cr11493f:Ah4s|Ks4d/2s5cJc/8h/Ad:-5579|5579:p1|p2
STATE:903:r4862r13376c/cc/cc/cc:Ad6c|Kc2c/2d7hJd/8c/2h:-13376|13376:p2|p1
STATE:904:cr6370f:8dQh|JhTd:100|-100:p1|p2
STATE:905:cr10484r20000f:3s4s|3d2c:-10484|10484:p2|p1
STATE:906:cc/cc/cr6300r17102c/r18298c:Kd4c|8cJc/3sAhQc/9d/7d:18298|-18298:p1|p2
STATE:907:r13545r20000c///:Ks5h|8s5s/TcKdKc/Qs/Jc:20000|-20000:p2|p1
STATE:908:r9561r19823r20000c///:8d3s|2s6c/Kd4d8c/5h/Th:20000|-20000:p1|p2
STATE:909:cc/r18399c/r19003r19720r20000c/:9hAs|5d9d/6d7d7s/Td/2c:-20000|20000:p2|p1
STATE:910:r10133c/r11002r17418c/r18557c/r19600c:Kd4s|4dJc/7d3h8h/2d/5s:19600|-19600:p1|p2
STATE:911:r11826r20000c///:9s8d|3h2d/Ad7sJs/4s/4d:20000|-20000:p2|p1
STATE:912:r1570c/cr4205r19090r20000c//:8cTc|4cJc/8s5cTh/Ad/5d:20000|-20000:p1|p2
STATE:913:cr3723f:ThAd|4sQs:100|-100:p2|p1
STATE:914:r9065c/cc/cr11587c/cr16326c:3hKd|3sKh/7s5cJh/Ac/5h:0|0:p1|p2
STATE:915:cr1600c/r19620r20000c//:AdTc|Th9c/Ks3h6h/9d/Ts:-20000|20000:p2|p1
STATE:916:r15797r20000f:Qs6h|4s2h:15797|-15797:p1|p2
STATE:917:cr1979c/r3185c/r14537c/r17034c:4s9c|2c2d/KdQd4c/Tc/7c:17034|-17034:p2|p1
STATE:918:cc/r15609c/r17438r19755c/cc:6c4c|Tc7d/AsQd3d/9c/5h:-19755|19755:p1|p2
STATE:919:cc/cc/r3607r17269c/r19960f:TdQd|9h2h/Qh2cAd/9c/Jh:17269|-17269:p2|p1
STATE:920:cr15055r20000c///:7d8s|Jd6h/KsTh7h/As/Ts:20000|-20000:p1|p2
STATE:921:f:Jh5d|AcAs:50|-50:p2|p1
STATE:922:cr7774c/cc/r17863c/r18025r18275r19126c:2sKh|8c7d/9c2hJc/4h/Td:-19126|19126:p1|p2
STATE:923:cr7505r19126c/cc/cr19619r20000f:2hKd|Ac7d/4d7sQh/8h:19619|-19619:p2|p1
STATE:924:r12011r20000c///:9hAs|7c2h/3d4dTh/9d/3s:20000|-20000:p1|p2
STATE:925:cc/cr10526r20000c//:QsAs|7d4h/6hKdQh/5c/Th:20000|-20000:p2|p1
STATE:926:cr1870r10281c/cr13326r16735c/r17794c/cr18423r19416c:5hKc|2hTd/4sJd2d/8s/Kh:19416|-19416:p1|p2
STATE:927:cc/r10562c/r12318r16488f:6c9d|3s7c/Js6hQd/7s:-12318|12318:p2|p1
STATE:928:cr13364r20000c///:7h6s|Qs2c/3dJs6d/Th/9c:20000|-20000:p1|p2
STATE:929:r1028r17536c/cc/cc/cr18157r19513c:5dTs|8s5c/2cAcKh/2s/3h:19513|-19513:p2|p1
STATE:930:r18160c/r18713r19455c/cc/r19816c:6c4s|Qs2h/9dJdKc/2c/7s:-19816|19816:p1|p2
STATE:931:cc/cr18902f:ThTc|2d3s/8h5dQc:-100|100:p2|p1
STATE:932:r17708r20000c///:2dJh|7h5d/4d3dQc/5c/Ad:20000|-20000:p1|p2
STATE:933:cc/cc/r11946c/r12522c:TsJh|4c5d/8cKcQc/7s/As:12522|-12522:p2|p1
STATE:934:cc/r1968r11556c/r13390r17621c/r19953r20000f:AcTc|Kh5c/9d7c8s/3s/4h:-19953|19953:p1|p2
STATE:935:cc/cr3571c/cr6281c/cr9523c:5h2h|Ad9s/3sTc7c/3h/7h:-9523|9523:p2|p1
STATE:936:r11778r20000c///:KsTd|4d6h/JcTs9c/2d/3d:20000|-20000:p1|p2
STATE:937:cr5052c/r5586r16929r20000c//:8h6d|3d7c/KsJc6s/2s/Ad:20000|-20000:p2|p1
STATE:938:r3049c/cr3269c/cc/cc:2cAd|3dKc/6d4d7c/9s/Ks:-3269|3269:p1|p2
STATE:939:cc/cr13658r20000c//:QhKh|Ad3h/2c6h8c/7s/Qd:20000|-20000:p2|p1
STATE:940:r8501r19282c/cc/r19833r20000f:JdQd|3hTs/8h6c7h/9c:-19833|19833:p1|p2
STATE:941:r9692r19463c/cr19843c/cc/cr19999r20000c:8s2h|KsJh/8d7c3d/6d/2s:20000|-20000:p2|p1
STATE:942:r12802r20000c///:Kd5s|As7h/TsTd8c/Qh/7c:-20000|20000:p1|p2
STATE:943:r10999r20000c///:3h4h|AdJd/6d7d8c/3c/4d:-20000|20000:p2|p1
STATE:944:cc/cc/r5843c/r19649c:Jd6c|Qd8d/Jh3c2h/Ah/8s:19649|-19649:p1|p2
STATE:945:cc/r2471r10479c/r14879c/cr17937r20000c:Kd2s|Js7c/AcKhTc/7d/Jc:-20000|20000:p2|p1
STATE:946:cc/r2357r11729c/r14901r19772c/r19970c:2c5h|Ad7c/7d3cTs/4h/Ks:-19970|19970:p1|p2
STATE:947:r10472r20000c///:8cTd|6sKc/9hKs9s/Qc/3h:-20000|20000:p2|p1
STATE:948:cr7390r16564r20000c///:8hQd|4sKs/5h6sTs/2h/Jd:-20000|20000:p1|p2
STATE:949:cr5850c/cc/cc/r14159c:KdTs|4s7h/QcAcKc/3s/4d:14159|-14159:p2|p1
STATE:950:r4439c/r19510c/r19969c/r20000f:5h9s|Th6d/5c6h8s/9c/Kd:19969|-19969:p1|p2
STATE:951:cr17811c/r18522r19520c/cr19857r20000c/:7h4s|Jh8h/Td9h2s/Kd/Js:-20000|20000:p2|p1
STATE:952:cc/cc/r465c/r1601r17466r20000c:Qc9c|Kc6s/4c7hAh/7c/4s:0|0:p1|p2
STATE:953:r5755c/r8760c/cc/cc:Qd8h|6cJh/2sAsJs/4c/7h:-8760|8760:p2|p1
STATE:954:cc/r7422c/r12557r19527c/r19819r20000c:6s8s|Jd9h/5d5hTc/Td/7s:-20000|20000:p1|p2
STATE:955:cr11430r20000c///:6sAd|4h8h/6dKdKh/5c/4d:20000|-20000:p2|p1
STATE:956:cc/cc/cc/cr16792r20000f:9c4d|Qs5h/As9sKs/2c/Qd:16792|-16792:p1|p2
STATE:957:r10829r20000f:Kh9s|2h5c:10829|-10829:p2|p1
STATE:958:r15325r20000c///:Kd3h|TcKs/JcAc6s/Kc/9d:-20000|20000:p1|p2
STATE:959:r12751c/r17310r20000c//:8h6s|Ks5h/4c3hKd/3c/6h:-20000|20000:p2|p1
STATE:960:cc/cc/r904c/cc:2c7d|8d3d/9s7hQc/6s/2d:904|-904:p1|p2
STATE:961:cr16074r20000c///:9hAs|5d6c/7d6s4s/Js/4d:-20000|20000:p2|p1
STATE:962:cr13230c/r18287c/r19067c/r19711r20000c:Js3c|5cKs/6h3dKd/Ah/2d:-20000|20000:p1|p2
STATE:963:cr723r17909r20000c///:9sJc|5d8h/6d4h4c/Kd/3s:20000|-20000:p2|p1
STATE:964:cr13170r20000c///:9s4c|7h6h/3cKdTd/3h/7s:-20000|20000:p1|p2
STATE:965:cc/r3939c/cc/cr10052c:3sAh|QhKs/6s2sQc/Qd/Jh:-10052|10052:p2|p1
STATE:966:r11572f:3d7d|7h6s:-100|100:p1|p2
STATE:967:r784r4332c/cc/r19881c/r19988c:9d7c|Qc5d/3dJcJs/8h/5h:-19988|19988:p2|p1
STATE:968:cc/cc/cc/cc:Tc2h|AhJs/9d9cJh/7d/2c:-100|100:p1|p2
STATE:969:r9520c/cc/r9912r15530r20000c/:KcAh|3h5d/Kh7d3d/6c/Jd:20000|-20000:p2|p1
STATE:970:cr18290c/cc/cc/cc:4c4s|KdAs/AdThTc/9h/Jh:-18290|18290:p1|p2
STATE:971:cc/cr12376r20000f:KcJh|9c9s/AdTd8h:12376|-12376:p2|p1
STATE:972:r11036c/r15306c/cr16261r17679r19374r20000c/:3c9d|Tc2s/6c2hTh/Qs/Ts:-20000|20000:p1|p2
STATE:973:r12590r20000c///:9s9c|Ks9h/Ac4cQh/Ts/4h:20000|-20000:p2|p1
STATE:974:r10555c/r11172r15659c/r16556c/cc:Tc7h|As3c/5dQc3s/2c/5h:-16556|16556:p1|p2
STATE:975:cc/r1818f:Qd9d|Ts3h/6d8hJh:100|-100:p2|p1
STATE:976:r5029c/r7344r10165c/r12596c/r15774c:9h8d|6c2s/8s2d7c/5s/6s:15774|-15774:p1|p2
STATE:977:f:Qs8c|6d5c:50|-50:p2|p1
STATE:978:cr9033c/cr11235c/r11366r17549r20000c/:3s5s|8s2s/Kd6sTc/7s/6d:-20000|20000:p1|p2
STATE:979:r2053c/r4045c/r17794r20000c/:Jh6d|KdAs/TsJc4s/3h/Ad:-20000|20000:p2|p1
STATE:980:cr2414c/r9030r19636c/cc/r19911r20000c:Qc3s|2c6d/Jc7s7d/Tc/Ts:20000|-20000:p1|p2
STATE:981:cc/cc/r4809c/r7393c:Td4s|5d6h/6d7cTh/3h/Jc:7393|-7393:p2|p1
STATE:982:r3552r8647r14591c/cr18730c/r19067r19960r20000c/:3d4s|2h7s/Jc6s3h/6c/7d:-20000|20000:p1|p2
STATE:983:r9366c/r15543r20000c//:2s4c|3c2c/9cTdAd/Ac/Qc:-20000|20000:p2|p1
STATE:984:cc/r17610c/r18216r19404c/cc:3dKh|9s7s/2dQs9d/8d/Jh:-19404|19404:p1|p2
STATE:985:r1585r13106r20000c///:8d9c|5hKs/Jh6h5s/6c/7h:20000|-20000:p2|p1
STATE:986:f:6sAd|4c9s:50|-50:p1|p2
STATE:987:r12844r20000c///:QcTs|6cKs/AhKcTh/9s/9c:-20000|20000:p2|p1
STATE:988:r13260c/r17182r20000c//:3s4d|8s5d/7h7s3d/6c/5s:20000|-20000:p1|p2
STATE:989:r7462r17702f:QsKc|8c2c:7462|-7462:p2|p1
STATE:990:r5924c/r17356c/cc/r19718c:3s5d|Td2s/4d5c4s/Kd/2c:19718|-19718:p1|p2
STATE:991:cc/r7485r16652c/r17998r19429r20000c/:7d5s|Kh9c/As3hTs/Jh/Js:-20000|20000:p2|p1
STATE:992:r18810c/r19264r19774c/cr19995r20000c/:Kh6h|As2h/Qd2c2d/7d/3d:-20000|20000:p1|p2
STATE:993:cr281c/r18446r20000c//:8c7d|QcKc/Ac6hTd/9h/3d:20000|-20000:p2|p1
STATE:994:r13583r20000f:6s9d|4dQd:13583|-13583:p1|p2
STATE:995:cc/r15416f:6c2d|9cKs/4dKc7d:100|-100:p2|p1
STATE:996:r15542r20000c///:9h7h|3d8s/JcAc5c/Ah/Ks:20000|-20000:p1|p2
STATE:997:r1147c/cc/cr5404f:5s9c|8dJh/TdQc9d/Jd:-1147|1147:p2|p1
STATE:998:cc/r5841r19996r20000c//:Kc6h|Qc3s/QhAh8d/Th/9d:-20000|20000:p1|p2
STATE:999:f:Jc8d|TdQd:50|-50:p2|p1
SCORE:-64658|64658:p1|p2
