# name/game/hands/seed 3p.limit.h1000.r0 /home/dmorrill/.rvm/gems/ruby-1.9.3-p194/gems/acpc_dealer-0.0.1/vendor/project_acpc_server/holdem.limit.3p.game 1000 0
#--t_response 600000
#--t_hand 600000
#--t_per_hand 7000
STATE:0:rfrrc/cc/rrc/rrrrc:5d5c|9hQd|8dAs/8s4h6d/5s/Js:-5|-160|165:p1|p2|p3
STATE:1:crcc/rcc/ccrrcrfc/rrrc:Ks6h|Qs5d|Tc4d/Ah3dTd/8c/Qd:-70|220|-150:p2|p3|p1
STATE:2:ccc/rcrrrcf/rc/rc:Jh7c|Kd7d|Kh3h/8d2c9h/Ts/Kc:-40|20|20:p3|p1|p2
STATE:3:rcc/crfc/cc/crrc:6c4h|JhKd|Ts9s/ThAh6s/9c/8d:90|-70|-20:p1|p2|p3
STATE:4:rcrrcc/ccc/crcf/cc:KcQd|9hAs|3d2s/Tc5h4s/Kh/6d:-40|-60|100:p2|p3|p1
STATE:5:rrcrcc/crrrrcc/ccrrrrcf/rrrrc:9dQd|8cKh|KsTh/Kd7d3d/3s/6s:380|-140|-240:p3|p1|p2
STATE:6:ccc/rcc/crcrrrcc/rrcrcrcc:7d4h|As9s|7cJh/3dAd9d/Ac/2s:-180|360|-180:p1|p2|p3
STATE:7:cfc/rrrrc/crc/rrrrc:4h6c|3sQc|TsAd/4s2s4d/Ah/8d:-5|-150|155:p2|p3|p1
STATE:8:rrcrcc/crrcrrcc/crrrrcc/ccrcc:3hKc|Jh6d|9s7s/Qs4sTh/Js/Ks:-180|-180|360:p3|p1|p2
STATE:9:ccrcc/rrcrrcc/crrcrrcc/ccrrcc:9dTc|9s4h|3h7c/2h9hTs/2c/Ah:360|-180|-180:p1|p2|p3
STATE:10:ccrrrcc/rrrrcc/ccrrcrcc/rfc:2sKh|ThJd|3sAd/3h6hJh/Jc/As:-160|-140|300:p2|p3|p1
STATE:11:crcrcf/crrrc/crf:7h5d|9c5s|8h7d/2s6sQd/7c:-60|-20|80:p3|p1|p2
STATE:12:crcrfrc/cc/rrc/rrc:8sJd|Th4c|Js9s/4h6c6d/7d/Ac:-20|140|-120:p1|p2|p3
STATE:13:rcc/rrrcc/rcc/ccc:2hAc|ThAs|7cQs/5cKs5s/3d/9c:-70|140|-70:p2|p3|p1
STATE:14:crrcrcc/crcc/crcrcrrcc/ccc:7d9c|Td6h|4c5d/2h8sJh/4d/5h:-130|-130|260:p3|p1|p2
STATE:15:rfrc/cc/cc/crrrrc:TsQh|7s3d|6c2h/Th9d5s/Ks/6h:-5|-110|115:p1|p2|p3
STATE:16:ccrrrcc/rrcrcrcc/ccc/crcrrrcc:7c4s|4h9s|3hQh/9cTs7s/Js/Ah:-160|320|-160:p2|p3|p1
STATE:17:rrcrcc/rcc/rcrfrc/rrc:JdKs|Js2h|3dQh/3h6dKd/2c/2d:-70|220|-150:p3|p1|p2
STATE:18:ccrrcc/crrcrcc/rrcrcrcc/rcc:5sJh|8dTh|5c2d/5dTcAd/Jd/7s:320|-160|-160:p1|p2|p3
STATE:19:rcc/crcrrrcc/crcrcrcc/rcrrcc:6cKs|3cAs|5s9c/QcTc4d/Qd/5h:-180|-180|360:p2|p3|p1
STATE:20:crcc/crcrcc/rcrcc/crcf:7dKc|3sJs|2dAh/As9hAd/2s/4d:-80|-100|180:p3|p1|p2
STATE:21:ccrrrcc/crcrcc/rcrfc/rrc:9cKh|8h3c|8s5c/QcQsAc/4h/Ks:-80|40|40:p1|p2|p3
STATE:22:cfrrc/rrc/crrrrc/rrc:6hAd|4d5d|6dTs/Ah3hKc/Qh/2d:-5|175|-170:p2|p3|p1
STATE:23:rfrc/cc/crc/rc:9sKh|5cTs|2sQc/8h5s7c/3s/Ac:-5|75|-70:p3|p1|p2
STATE:24:rcc/rcrfc/rc/rc:5sAd|6s3d|TsTd/4s2sJh/7s/3s:-30|-80|110:p1|p2|p3
STATE:25:rrrcc/rrrcc/ccc/rcc:Qh7h|3dAd|Th4s/JhQdAs/9d/7c:180|-90|-90:p2|p3|p1
STATE:26:rcrfrc/cc/rc/rrc:Ks3c|5hTc|Qd4d/2h4h2c/3h/9d:120|-100|-20:p3|p1|p2
STATE:27:ccrrrfc/cc/rc/rrrrc:Th5d|Qs8h|7sAc/JsTd7h/Ah/5c:-140|-20|160:p1|p2|p3
STATE:28:crcc/crrrrcc/ccc/rrrcrcc:Qd5h|5cKs|Qh3s/Td8h7h/2d/5s:-140|280|-140:p2|p3|p1
STATE:29:ccrfc/cc/rf:6dKd|Ad6h|Js3h/8c8s7h/Qd:30|-20|-10:p3|p1|p2
STATE:30:cfc/rrc/rc/rc:7dJh|TsAs|Qd7h/6dTd5d/2s/8h:-5|75|-70:p1|p2|p3
STATE:31:frc/crc/rc/crc:7sJs|2sQc|4dQs/Ac9d2h/Jc/3s:70|-70|0:p2|p3|p1
STATE:32:rrrcc/rfc/cc/rc:Jc6d|2c6s|KdTh/2sKs6c/Td/6h:110|-40|-70:p3|p1|p2
STATE:33:rcrrcc/rfrc/rrc/cc:Qd4d|6hTh|5dJc/3h4c3s/9d/Kd:140|-40|-100:p1|p2|p3
STATE:34:crrrfc/rc/rrrc/rrrc:3d5c|AdKh|Th6c/Js7c4s/5h/6d:-20|-170|190:p2|p3|p1
STATE:35:rrrcc/ccrcrrrcc/ccc/rrcc:8sKc|5s8h|As9s/5h6hTd/6s/7h:-120|240|-120:p3|p1|p2
STATE:36:rrrfc/rrrrc/rrrc/rc:9c6h|3dJh|AhTs/9d7s7h/8s/2d:180|-160|-20:p1|p2|p3
STATE:37:rrcrcc/ccc/rcc/ccrcrrcrcc:2dAs|3s8c|Jc2s/6h5cQd/Qh/Jd:-140|-140|280:p2|p3|p1
STATE:38:crcc/crrcrrcc/crrcrcc/rcc:Ts8d|Jh7d|5d4d/9cTc8c/Kh/2c:-140|280|-140:p3|p1|p2
STATE:39:ccc/rrcc/ccc/rcc:5dAs|5h2s|5cKh/TcJs2d/9c/8h:-50|100|-50:p1|p2|p3
STATE:40:rcc/rcc/rrcf/rrrc:As6d|Jh5s|2sQs/Jc6cTd/4h/Ah:-50|180|-130:p2|p3|p1
STATE:41:rcc/rcc/rrcrcrcc/ccrrcc:As6s|5c4s|Qh8h/9s3s5s/2d/Th:300|-150|-150:p3|p1|p2
STATE:42:crfc/rc/crrc/cc:4hJs|Tc7s|Jh6c/Ad8h3s/5d/4d:80|-10|-70:p1|p2|p3
STATE:43:rcc/rcc/rrcrcrcc/crcc:2d7c|Qh6s|Ts4c/5c8cQd/Kh/8d:-130|260|-130:p2|p3|p1
STATE:44:crrrcf/cc/rrrrf:3d4s|Ac6d|Js2d/Jh3h5h/6c:-100|-30|130:p3|p1|p2
STATE:45:rcrcc/rcc/rrcrcf/cc:8c6s|Tc8h|Qc2h/8s7h6c/Kh/2s:180|-100|-80:p1|p2|p3
STATE:46:ccrrff:5cTh|2h7d|7cAs:-10|-20|30:p2|p3|p1
STATE:47:rcc/crrrcc/crcrcf/rrc:3hQd|Kh3s|4s5h/9c6c2h/4c/Ts:-130|200|-70:p3|p1|p2
STATE:48:rfc/rrrc/rrrrc/rrc:Kd9h|JdTc|2cQd/8h9s7s/Jc/As:-5|175|-170:p1|p2|p3
STATE:49:rcrcc/crcrcf/cc/cc:Qd5s|6s9h|Qh7d/8h6h6c/Ac/Tc:-50|90|-40:p2|p3|p1
STATE:50:frrrf:TdKs|8c8s|Qh3d:30|-30|0:p3|p1|p2
STATE:51:rcc/ccrcc/rcrrfc/crc:2c8h|3h8c|QdJc/QsAc8d/4h/4s:-110|-50|160:p1|p2|p3
STATE:52:ccrcrcrfc/rf:7h6s|JdQh|Jc8c/TsKc9d:-30|70|-40:p2|p3|p1
STATE:53:rrcf/crc/crrrf:3s5c|Th7c|5d5s/Kd8h6d/As:-80|100|-20:p3|p1|p2
STATE:54:fcc/crc/rc/crrc:QhAd|5s3h|2h2c/Tc6h2s/7h/Jh:80|-80|0:p1|p2|p3
STATE:55:rrcrfc/rc/rrc/cc:2sTd|ThQc|7s3c/4dKc8d/4h/Qh:-30|120|-90:p2|p3|p1
STATE:56:rrcc/ccc/ccrrrcrcc/ccrrrrcc:KhKs|9s2h|KcAc/Js9d5s/Tc/5c:380|-190|-190:p3|p1|p2
STATE:57:rcrrcc/crcf/crrc/cc:AcKs|Th3h|Qh5c/Jc7c6s/Kd/6d:-40|-90|130:p1|p2|p3
STATE:58:rrcrcc/rrcrcc/rcrcrrfc/crc:8h8c|7c5h|9d4h/Kd9hJc/Ts/4s:-110|-170|280:p2|p3|p1
STATE:59:rrrfc/crrrc/crrc/rc:2d9c|5h3h|As4d/5s8s9d/Js/2s:150|-130|-20:p3|p1|p2
STATE:60:crrcc/ccrrrrcc/ccc/rcrrcf:8s2c|9s8c|Jd6d/4sQcQd/Ah/2d:240|-130|-110:p1|p2|p3
STATE:61:ccc/ccrff:4d4c|2cAd|5cKc/7h7cAc:-10|-10|20:p2|p3|p1
STATE:62:crcrrcc/crrcrrcc/ccc/rcrcrrcc:2h9s|Qc3d|AhJh/AcJd8c/3h/8d:-160|-160|320:p3|p1|p2
STATE:63:crcc/rrcc/rcrcrcrcc/crcf:JsTd|5s2c|AsAc/TcAh8h/Jh/3h:-120|-140|260:p1|p2|p3
STATE:64:crcrcc/ccrcrrrcc/crrcrrfc/cc:JdQc|7cTc|Ad7s/9cKc2s/8s/8h:-110|-150|260:p2|p3|p1
STATE:65:rcrrcc/rrrcrcc/crcrrcc/crrrcc:2dJc|7c9d|JsKs/8h5cQs/Jd/Kh:-200|-200|400:p3|p1|p2
STATE:66:crrcc/rrrrcc/rrcrcrcc/ccrrfrc:AhAd|7h4c|8dJh/JdQd2h/3c/Qh:360|-150|-210:p1|p2|p3
STATE:67:cfrf:3s9c|JsTs|8d6c:-5|15|-10:p2|p3|p1
STATE:68:rrrcc/crrrrcc/rrcrrcc/rrrcrcc:2hQc|5s9c|6s7d/Jh4h8c/6h/3c:-240|-240|480:p3|p1|p2
STATE:69:ccc/ccc/rrrrcc/rrrcrcc:8c4c|2sAc|TdAd/7d4s9d/6h/Qd:-170|-170|340:p1|p2|p3
STATE:70:crcrrfc/rc/rf:Jd5s|8cKc|Kh9s/Th5d7h/Qd:70|-20|-50:p2|p3|p1
STATE:71:rcc/ccc/rcc/crcrfc:2cJc|4d5h|3c6h/2h5d8h/9c/3s:-80|-60|140:p3|p1|p2
STATE:72:rcc/crcrfrf:Jh2c|2hKc|5s8d/TsTc6d:-40|-30|70:p1|p2|p3
STATE:73:frc/rc/rc/cc:8hAd|Ks2d|4h7c/3cQh3h/7h/7s:50|-50|0:p2|p3|p1
STATE:74:ccrcc/rrrrcc/rrrcc/rcc:3s6d|9d2h|8cKh/4h8h6h/3d/5h:-140|-140|280:p3|p1|p2
STATE:75:rrfc/rc/cc/rrrrc:6d9s|JhAs|8c4c/4dKh5c/2h/2s:-120|-10|130:p1|p2|p3
STATE:76:rrcc/rcf/rc/rc:4s7s|8c7h|6h7c/AdKs8s/Tc/Qh:-80|110|-30:p2|p3|p1
STATE:77:rcrcc/rcf/rrrc/crrc:TdTs|8s2c|Ks7s/3hQc8h/5d/4h:170|-140|-30:p3|p1|p2
STATE:78:ccc/rrrrcc/rcf/cc:2sKc|9dKd|Js2h/QdAs8s/9s/6c:-70|120|-50:p1|p2|p3
STATE:79:ccrrcc/rrcc/crcrrcc/ccrcrfrrc:5c9c|5sQd|3hTc/7c4s3d/6s/Td:65|65|-130:p2|p3|p1
STATE:80:crcrcc/ccrfrrc/rf:Ah3s|5c6c|7h4h/5sJsAd/8c:-30|90|-60:p3|p1|p2
STATE:81:fcc/crc/rc/cc:4cTs|Qs9s|9h5d/8d6c6d/8h/4d:-40|40|0:p1|p2|p3
STATE:82:rcc/rcc/ccrrcc/ccc:QdKs|4hTc|7h5d/AsQc9d/8h/Kd:140|-70|-70:p2|p3|p1
STATE:83:ccc/rrcc/rrcrcc/rcrrrcc:Qc5s|9s3c|Qd4c/5c5d7d/2s/9d:340|-170|-170:p3|p1|p2
STATE:84:crcrcrcc/ccrrcc/rcrcc/rcc:Kh2c|8c3c|Ah3d/Ks9c3h/Ad/Ts:-120|-120|240:p1|p2|p3
STATE:85:ccc/crcc/ccc/rcf:9d6h|3d9s|2cAs/2hAc4s/5h/7d:-40|60|-20:p2|p3|p1
STATE:86:ccrrcc/crcc/ccrrcrrcc/ccrrfc:KhQs|Jh2c|5s2s/7s5dKs/3h/8s:-160|-120|280:p3|p1|p2
STATE:87:crrrcc/ccrrrrcc/rcc/rcrrrfc:7d2d|3d4s|2s9s/KdKc6h/7h/6c:320|-180|-140:p1|p2|p3
STATE:88:frrc/rrf:TcJc|6d4s|Ac8s/AsAh3s:-40|40|0:p2|p3|p1
STATE:89:cfc/rrc/cc/crc:2c8d|2d3s|Qd9h/JdKc8c/5s/Td:-5|-50|55:p3|p1|p2
STATE:90:crrrcf/cc/rrrc/crf:8c7c|3d2h|Qs7d/TcTh2d/Qh/7h:-100|-30|130:p1|p2|p3
STATE:91:ccrcf/rrrrc/crrrrc/cc:7d5s|8c9d|Th6d/Tc3h3c/Kc/Qc:-10|150|-140:p2|p3|p1
STATE:92:rcc/crfc/crc/crf:8c4h|As7c|JhQc/TcTd2h/Ah/6c:-50|70|-20:p3|p1|p2
STATE:93:rrcrcc/rrcc/rrcrrcc/ccrfrrrc:3d6h|2d8d|8h6d/4sAh5s/3c/4c:-140|360|-220:p1|p2|p3
STATE:94:crcrrcc/rcrcrcrcc/rrcrcrcf/cc:5cQs|5h3s|7s2h/2cKc7d/6s/7h:-160|-140|300:p2|p3|p1
STATE:95:crcc/rrrrcc/ccrrfrc/rc:7dQs|3dQd|As5h/Ac8cTh/9h/6s:200|-60|-140:p3|p1|p2
STATE:96:rrcrcf/rrc/rrrf:7sTs|3cAh|TcKs/3s5d5c/3h:130|-30|-100:p1|p2|p3
STATE:97:rrrcc/rcrrcc/rrfrrc/rrrc:5c7h|3d6h|AcQs/2hTcAd/Jc/7d:280|-210|-70:p2|p3|p1
STATE:98:rcc/ccc/rrcrcc/crcc:9dAs|6d8h|8c4s/7sTc2h/3h/Td:200|-100|-100:p3|p1|p2
STATE:99:crrrcf/rf:5cTs|4d7c|3hTd/Ks7h9d:70|-30|-40:p1|p2|p3
STATE:100:crcrrcc/rfrrc/cc/rrc:Jd8d|6h8c|8h2c/Qh3sAh/3h/5c:150|-40|-110:p2|p3|p1
STATE:101:rfc/rrrc/rc/crc:2c3h|Ad6s|Kh8c/9s5d7c/Qh/Tc:-5|95|-90:p3|p1|p2
STATE:102:ccrcf/cc/rc/crrrrc:8c4d|6c9d|2dQs/9h7cTh/5s/Ad:-10|130|-120:p1|p2|p3
STATE:103:rfrc/cc/rc/cc:7cQh|7dAs|Jc5c/Ah6sKc/Ks/Kd:-5|55|-50:p2|p3|p1
STATE:104:crrcrfc/cc/rc/crrrc:Qh9d|Td9h|Ad7h/6cTs2s/2d/8s:-120|-30|150:p3|p1|p2
STATE:105:ccrcrrfc/crrc/rrrrc/crc:8sKh|Qh3s|Qd5d/JcJdAh/5h/4d:180|-160|-20:p1|p2|p3
STATE:106:rrcrcc/crcrcc/crrrcc/ccc:4c6s|6hAs|8h3c/8sAd7d/6c/9c:-120|240|-120:p2|p3|p1
STATE:107:rcf/rc/cc/crc:7d9s|2hAh|AsTh/KcQh3h/Js/7h:-50|-10|60:p3|p1|p2
STATE:108:crrrcc/rcc/crcrrrfc/rc:9d2c|Qh8d|2d9s/7c3dKs/2h/Td:-90|-150|240:p1|p2|p3
STATE:109:ccc/crcrcc/rrrrcc/rcrcc:JcTs|7sAc|2dJh/Kc9sAh/Td/3s:-150|300|-150:p2|p3|p1
STATE:110:rcrcc/rrcc/crrcc/rrrrcc:5sKc|Qd3h|Qh5c/Ac7sQs/8d/Qc:-170|85|85:p3|p1|p2
STATE:111:crrrcc/rrrcrcc/ccc/rcc:KdKh|Ah6h|4s2s/4h6c9c/8c/Kc:200|-100|-100:p1|p2|p3
STATE:112:crrrcc/ccrcc/ccc/ccrrcc:5s2c|7c8d|6h4s/Kh5c4h/Kd/Ad:180|-90|-90:p2|p3|p1
STATE:113:cfrrc/cc/rc/rrc:8dKd|3dAc|QdAd/9d6d9h/4h/5h:-5|-90|95:p3|p1|p2
STATE:114:ccrcc/ccc/ccrrrcrcc/crcrfrc:9sJc|2s4s|3s9d/9c6d2d/Ac/Qc:280|-120|-160:p1|p2|p3
STATE:115:rrcrcc/crcc/ccrcrrcrcc/ccrrrcc:4h7d|2c7c|8c6d/Js5c4s/8s/3c:-190|-190|380:p2|p3|p1
STATE:116:rrcc/ccrrcc/rrcc/crfc:9h8s|6sJd|8hTh/3c5h2c/Ac/6c:-110|200|-90:p3|p1|p2
STATE:117:ccrcc/crrrrcc/rfrrc/rc:5c8s|Js6s|TcTh/3h9d4c/Ts/9c:-140|-60|200:p1|p2|p3
STATE:118:frrc/rc/rc/crrc:Ad9h|Kd4d|KhJs/5cQsAs/2d/6c:100|-100|0:p2|p3|p1
STATE:119:rcc/rcrrrcc/rrrrcf/cc:Ah8c|Jc4h|3c7h/Kd5c8d/8s/Jh:260|-140|-120:p3|p1|p2
STATE:120:fcrc/crrc/rrrc/rc:6s7h|5s8h|Qc6h/5hQd4s/Td/Qh:-120|120|0:p1|p2|p3
STATE:121:rrcrcc/ccc/ccrrcc/ccrcc:4c4d|5hQs|4sAs/JsJc5d/3s/7h:-100|200|-100:p2|p3|p1
STATE:122:ccc/ccrrfc/cc/rc:QcAh|6c3h|9sKs/4hKdTd/7s/7c:-50|-10|60:p3|p1|p2
STATE:123:rrrcf/crrrrf:4d2s|4cQc|KdJh/Ts3c8s:-30|100|-70:p1|p2|p3
STATE:124:rcrrcf/cc/rc/crc:3h4c|AcTd|2dQs/JhJc6s/Ts/Jd:-80|-30|110:p2|p3|p1
STATE:125:rcc/rrcc/rrrrcc/crfc:6s2s|As4h|KsTd/Qh6c3h/2c/7h:260|-140|-120:p3|p1|p2
STATE:126:rrrcc/ccc/rrrrff:5h5d|4d2s|5s6s/Qh7cKs/9h:180|-80|-100:p1|p2|p3
STATE:127:ccc/rrrrcc/crcc/rfc:Td7d|Th3c|2dKs/5c9h9s/3s/Qs:-90|-70|160:p2|p3|p1
STATE:128:ccc/rcrrcrcc/ccc/rcrcrcc:2s9s|3hAc|Ks6c/4dTs7s/Td/7h:-110|220|-110:p3|p1|p2
STATE:129:rff:Kc8h|2d5c|ThQc:-5|-10|15:p1|p2|p3
STATE:130:crrcf/rc/crc/cc:7s7c|5cTc|TdTs/3c9d7h/9h/As:-20|-60|80:p2|p3|p1
STATE:131:rrcrfc/rc/crc/rrc:9dTd|As2h|7cJc/6s3c6c/2s/Kc:-30|-110|140:p3|p1|p2
STATE:132:rcrrcc/crrrcrcf/rc/rc:KcJh|7d2c|Qs6c/TsKsTd/8s/5h:190|-70|-120:p1|p2|p3
STATE:133:frf:7c6h|7d2c|3s9s:10|-10|0:p2|p3|p1
STATE:134:rcc/ccc/ccrrrfrc/rc:5dJc|ThTd|7c4d/5h7d9s/9c/3c:-120|160|-40:p3|p1|p2
STATE:135:rrcc/rrcc/rcrrrcf/cc:9dJs|Qh3d|Jc3h/8h5h8c/Ks/Kd:-110|240|-130:p1|p2|p3
STATE:136:ccrcc/rcc/crrcf/crc:3sQh|5d6d|KcJs/2c9hJc/Ad/3h:-90|-50|140:p2|p3|p1
STATE:137:ccrcf/rf:6s5d|AsJh|3sAd/9dKdQh:-10|30|-20:p3|p1|p2
STATE:138:rrcrcc/rrrrcc/crrrcrfc/rc:Th4s|3s4c|9c6c/Td2hJh/5c/4d:-140|320|-180:p1|p2|p3
STATE:139:ccc/crcrcc/ccrcc/ccc:2dQd|8sQh|9s4c/Td3d8c/Kc/Ts:-50|100|-50:p2|p3|p1
STATE:140:crrrcc/ccrcrrrcc/crfc/cc:KhTs|7c5h|4sQs/As6sTc/3s/3h:180|-100|-80:p3|p1|p2
STATE:141:crcrrfc/crrc/cc/rc:7c4h|AhJd|QsQh/Kd5dTs/7d/2c:-80|-20|100:p1|p2|p3
STATE:142:crrcc/rcc/crcrrrcc/crcf:Th7d|Ts7c|Js2s/Ah2dQh/Qs/9h:-120|-140|260:p2|p3|p1
STATE:143:ccc/rrcrcrcc/rcc/crrrrcc:Td2h|3c4c|5d6h/Ac6d2d/2s/7h:300|-150|-150:p3|p1|p2
STATE:144:rfrc/rrrf:8c4s|TsKd|3h6s/6d8s5h:-5|55|-50:p1|p2|p3
STATE:145:rrrcc/rcrcrcrcc/crcc/crrcc:4d3c|5cTs|2c4s/JcQsKc/Tc/2h:-140|280|-140:p2|p3|p1
STATE:146:ccrfrrc/crrc/rf:4cTh|6h8c|5s2d/7h9d6d/Qd:70|-60|-10:p3|p1|p2
STATE:147:ccrcrcc/rrcrcrcc/crrcc/crrrfrf:9c6d|ThTs|8s3c/5s5h8h/Td/Jh:-170|-130|300:p1|p2|p3
STATE:148:crrcc/rcrrrcc/ccrrcc/ccc:ThAc|5h9h|6s7d/8cJhQc/Ks/8h:220|-110|-110:p2|p3|p1
STATE:149:rcc/rrfc/rc/crc:6c3c|3s8h|4c4d/9sKsTd/7h/6s:-80|100|-20:p3|p1|p2
STATE:150:crcrrcc/rcc/rrrrfc/cc:6cAd|3c6s|4hTs/5d7hQh/7d/Qd:220|-90|-130:p1|p2|p3
STATE:151:crcc/crfrc/cc/cc:2dAd|7d6d|8sQs/9h6sQd/Ks/3c:-40|60|-20:p2|p3|p1
STATE:152:rrrcc/ccrcc/rrcrcc/crcrrrcc:3d8h|QcAc|JcTd/2s6hKd/Kh/7s:-190|380|-190:p3|p1|p2
STATE:153:ccrrcrfc/rrrc/rrrc/rrc:QhJh|5h8s|Kh8d/9c9sAs/Jd/4s:200|-170|-30:p1|p2|p3
STATE:154:rrcrcc/rcrcrcrcc/rcc/rrrrcc:QsAh|8dTc|6dAd/6h2s6s/7c/Kh:-180|-180|360:p2|p3|p1
STATE:155:frc/crf:4c7d|6h9h|8dTh/8c3dJd:-20|20|0:p3|p1|p2
STATE:156:crrrcf/rrrrc/crc/crc:8hJs|3hKh|8sQh/4dAh6d/6h/9d:-120|-30|150:p1|p2|p3
STATE:157:crcc/ccc/rrfc/cc:KcAd|2c9h|2s6d/Qh7c2d/9c/Qd:-60|80|-20:p2|p3|p1
STATE:158:rrrcc/ccrrcc/ccrrrcc/rrcrcc:8cAd|JsQh|2c3s/5d9dTd/7s/7c:360|-180|-180:p3|p1|p2
STATE:159:rcrcc/rrrrfc/crc/crc:5sJc|6dQs|As9h/Ac5d9s/8h/3c:-110|-50|160:p1|p2|p3
STATE:160:crcc/ccc/ccc/rrrrcf:4c4h|6h7h|2c4d/3s2s3d/Kh/6c:-100|180|-80:p2|p3|p1
STATE:161:ccc/rrrcrcc/rcrcc/rrrcrcc:9d4s|Th7h|9h3d/KcKs2d/5s/5h:-170|340|-170:p3|p1|p2
STATE:162:crrrcc/rcrrrcc/crrcrcc/crcf:5h9c|5cTc|7d4c/4dKs2h/9d/Qh:-140|-160|300:p1|p2|p3
STATE:163:rcrcrcc/rcc/rfrrrc/crc:6d7h|2sJs|JhTs/3h5h9s/5s/3d:-150|-50|200:p2|p3|p1
STATE:164:rcrrcc/rrrrcf/rc/rrrrc:AhQs|Jh2s|4hTc/9d2c4s/Ac/8c:250|-180|-70:p3|p1|p2
STATE:165:rcrcf/cc/rc/rc:Jh4s|KdAd|AhKs/7h6d8d/9c/8h:-20|10|10:p1|p2|p3
STATE:166:crcc/rrcc/ccrrcc/rcc:3hKd|Qh7d|2d4h/9s8cKc/4d/Kh:200|-100|-100:p2|p3|p1
STATE:167:rrcc/rcrrcrcc/rcrcc/ccc:Kd6c|8c9d|9c2h/3dThTs/9h/Jd:-110|55|55:p3|p1|p2
STATE:168:rcrrcc/ccc/rrfc/rrrc:6hJs|3s9d|Qs8h/KdJd4c/Td/4d:-140|180|-40:p1|p2|p3
STATE:169:rcc/ccrcrrcrcc/crcrrrcc/rcc:9c2c|3c4d|Qd9d/9h8c7d/8s/7c:-160|-160|320:p2|p3|p1
STATE:170:ccc/rrcc/rcc/crcf:Ts4d|7sQs|9s6s/9c3c4s/Ks/2c:-50|-70|120:p3|p1|p2
STATE:171:ccc/ccrrrrcc/rcrrrcc/crrcrcc:Js5c|2sTd|As2h/3dKhAd/Kc/7h:-190|-190|380:p1|p2|p3
STATE:172:rfc/rf:2c7s|8dKd|9hJs/Jc3d5h:-5|25|-20:p2|p3|p1
STATE:173:rrrcc/rcc/rrcc/crrrcc:8h6h|Qh5h|6s2s/Td3h4c/8d/3s:300|-150|-150:p3|p1|p2
STATE:174:rcc/ccrcc/rcrcrcrcc/rfc:7s9h|2hTs|3hJh/7dTh3d/Ac/9d:240|-110|-130:p1|p2|p3
STATE:175:ccrrcc/rfc/rc/crrrc:6c9s|3s6d|7cTd/AcKh7s/7d/Kc:-120|-30|150:p2|p3|p1
STATE:176:ccc/crrcrrcc/rfc/cc:6c6h|Qd4s|AhQc/5cAcJd/9c/9s:-70|-50|120:p3|p1|p2
STATE:177:rcc/crrcc/rcc/crrrrcf:3cKc|Td8s|9hJd/TcKs8h/3d/Kh:-120|260|-140:p1|p2|p3
STATE:178:rcrcc/crcrrrcc/rrrcrfc/cc:8d4c|QcJs|5c9c/Qh2hKd/7c/9h:-150|280|-130:p2|p3|p1
STATE:179:crrrcc/rrcrrcc/crcf/rc:Ac5d|9hJc|2h2s/5s3hAd/4d/Qh:-80|-120|200:p3|p1|p2
STATE:180:rrrcc/rcc/crrcc/ccrcrcrcrcc:Th7h|7c5d|4s3s/Jd7d5s/3d/2h:-170|340|-170:p1|p2|p3
STATE:181:crcrrcc/ccrcrcrcc/crrcc/rrrrcc:9cKh|9d5d|4s9h/5hJcKs/2d/Ad:380|-190|-190:p2|p3|p1
STATE:182:cfc/cc/rrc/rrc:8cAs|6h5c|QhKs/Th7h8s/7d/8h:-5|-90|95:p3|p1|p2
STATE:183:rfrc/cc/rrrrc/rrc:Qs7h|6sKh|9s9h/AcKcQh/8c/Js:-5|155|-150:p1|p2|p3
STATE:184:rrcc/rcc/rrrrcc/ccc:6cJs|7s7d|7c4s/6d5cTc/2s/Kh:-120|240|-120:p2|p3|p1
STATE:185:rcf/rrc/rrrc/rc:3d4s|7h8h|AdTh/4cJs3h/Ts/Tc:-120|-10|130:p3|p1|p2
STATE:186:rrcrcc/crrrrfc/cc/rc:7c8s|6h9s|9d3h/5d3c7s/Qh/4d:-100|160|-60:p1|p2|p3
STATE:187:rrcf/rrc/crc/crc:9d8h|6h7h|4h9c/6s3d7d/7c/5c:-90|110|-20:p2|p3|p1
STATE:188:rcrfrc/rrrc/rf:JsQc|QhTh|6dJc/9dKd4h/4d:90|-70|-20:p3|p1|p2
STATE:189:ccc/crrcf/rc/crrrc:2h2d|3h6s|7c4h/Tc3dAd/4s/9s:-110|-20|130:p1|p2|p3
STATE:190:rcc/rrrcrfc/cc/cc:Ah8d|4dAs|5s5h/TcQc9s/Th/6c:25|25|-50:p2|p3|p1
STATE:191:rrrfc/rrc/cc/rf:9c5c|7c6h|Th5d/9sQc8h/Ad/8s:80|-60|-20:p3|p1|p2
STATE:192:rrrcc/ccc/ccc/ccc:8dJd|2s7d|8sJs/4s9h5h/7c/Qh:-40|80|-40:p1|p2|p3
STATE:193:crcc/rcc/ccc/rrrrcc:Qd7c|Ts6s|9c6c/Qs5c5h/4c/6h:220|-110|-110:p2|p3|p1
STATE:194:crfrrc/cc/rc/cc:Ad5h|3c5d|7dAh/4cQd3s/Ac/7h:-60|-10|70:p3|p1|p2
STATE:195:frrc/rc/crc/cc:6hAs|AcQs|Qc3h/7d7c3c/5s/5d:0|0|0:p1|p2|p3
STATE:196:rfrc/rf:8d4d|7sAc|Jc7h/7c7dQs:-5|35|-30:p2|p3|p1
STATE:197:cfc/rrrrc/rf:8hTs|5c2h|4s9s/Js6c9c/2c:-5|55|-50:p3|p1|p2
STATE:198:crrcc/crfrc/cc/rrc:3d8d|JdAd|7h9s/9hAcJs/3h/6h:-90|120|-30:p1|p2|p3
STATE:199:crcrrcc/ccrcf/rrrc/rrc:3cAd|KcQd|4hAs/2c8dAc/Kd/3h:190|-40|-150:p2|p3|p1
STATE:200:ccrrrcc/rrrrcc/rrcc/ccc:Jc3s|4s7c|6c9h/4cTc3c/As/3h:240|-120|-120:p3|p1|p2
STATE:201:ccrrcc/rrcc/rrcc/rrcrcrcf:8cJs|Jc6d|AsQd/4c4s5s/8d/9d:320|-150|-170:p1|p2|p3
STATE:202:rcc/crrcc/rcc/crcrrcc:8h3s|Td2s|5d3c/As4s5c/Qd/Ts:-120|240|-120:p2|p3|p1
STATE:203:ccrcc/ccc/ccrrcc/rcc:JhJc|AcAd|AhKc/7d4dKh/4c/5h:-80|160|-80:p3|p1|p2
STATE:204:ccc/crcf/cc/rrc:Jc4c|3c3d|6s2h/7hQhKh/Td/Ah:-10|-60|70:p1|p2|p3
STATE:205:fcrrrc/rrc/crc/cc:Ac3h|Ah4h|4dJh/8cJs5s/Ks/2d:0|0|0:p2|p3|p1
STATE:206:ccc/rrcc/crrcrcc/crrcf:5d3s|9hJd|2c5c/Ad9sTh/Qh/Td:55|-110|55:p3|p1|p2
STATE:207:rrrcf/crrrf:5s4s|KdTc|7s5c/6hJh2d:-30|-60|90:p1|p2|p3
STATE:208:rrrcf/crrrrc/rc/rc:JdJh|Qh2s|4sAd/5d8h6d/9h/Ah:-30|-120|150:p2|p3|p1
STATE:209:ccrrcc/rrrcc/crcrrrcc/crcf:8s3d|2h7h|Qh9d/3h9h6c/9c/Js:-140|-160|300:p3|p1|p2
STATE:210:crrrcc/rrrrcc/crrcc/rrrcc:TsTd|3h3d|8c2s/6sTc5s/Kh/Jc:360|-180|-180:p1|p2|p3
STATE:211:crrcc/rcc/crcc/rcc:9cKh|KcJc|As4c/AhJh5c/Th/4d:-80|-80|160:p2|p3|p1
STATE:212:rrrcc/crcrfc/crrrc/rrc:3d4s|Qc8h|Qs9d/5s5c7s/5h/2s:-160|-50|210:p3|p1|p2
STATE:213:rcc/ccc/rrcc/crrrrcc:3c3h|8d4c|9cTh/Ks3d4s/Jh/9h:280|-140|-140:p1|p2|p3
STATE:214:rrcrcc/rcrcc/ccrfc/crc:5hKh|7c8h|6dTs/3s6hJh/8d/4d:-60|160|-100:p2|p3|p1
STATE:215:rrcrcf/crrc/rc/rc:Td5h|5d3c|5s7s/7hJdAc/4c/As:-100|-30|130:p3|p1|p2
STATE:216:crrcrcc/crrcc/ccrcrrcc/ccrcrrfrc:Jd2d|4dKc|7cKd/2h9c4s/2c/As:-140|340|-200:p1|p2|p3
STATE:217:rrcrcc/rcc/crcc/ccc:5s4c|2h8h|Jh7c/JcKs9d/5c/3s:-70|-70|140:p2|p3|p1
STATE:218:rrcrcc/crrcrrfc/rc/rf:Jd3h|Ad8d|2s4c/9cKh6c/Ac/Jh:-60|160|-100:p3|p1|p2
STATE:219:crrcrcc/crrcrcc/crrrrcc/rrrcrfc:2hAs|5d3s|3dTc/6h3cKs/Kc/Td:-230|440|-210:p1|p2|p3
STATE:220:rrrcc/crrrcrcf/rc/crc:5sQs|3h2d|7c5h/9d4d3d/4c/8h:190|-70|-120:p2|p3|p1
STATE:221:rrrcc/rrrrcc/crcc/crcrrrcf:Qd3s|4d8h|QhAh/Kh4c6d/5s/3d:340|-160|-180:p3|p1|p2
STATE:222:crrcrcf/crrrrf:6cJs|6dJd|ThAs/9sJh5c:100|-70|-30:p1|p2|p3
STATE:223:crfc/rc/rrrrc/rrf:9s8h|8dAh|6hTh/2h4sJd/Jh/Jc:-130|-10|140:p2|p3|p1
STATE:224:rrcrcc/crcc/crfrrrc/rrc:2cKc|QhAc|Jd3s/4s9d7c/Jc/7d:-170|220|-50:p3|p1|p2
STATE:225:crcrcc/rfc/rc/rrrc:As9d|Ad5s|Ac7c/Qc5dTs/6c/2c:-120|-30|150:p1|p2|p3
STATE:226:crcc/crcrrrcc/crrcc/ccc:6c7c|3sTs|KsTh/Td7sKc/4c/8d:-100|-100|200:p2|p3|p1
STATE:227:rrcc/ccc/rrrff:9s8h|Kd6h|7h6d/8dQhTs/Jh:-50|-70|120:p3|p1|p2
STATE:228:rcc/crrrcc/crrcc/rcc:TsQc|3h9d|Jc7c/Kc5c8s/4d/Tc:-110|-110|220:p1|p2|p3
STATE:229:crcrcrfc/crc/rc/rc:7dJd|4sAh|Jc8s/8h5dQd/2d/Jh:120|-90|-30:p2|p3|p1
STATE:230:rrrfc/rrc/rrc/rc:7cQc|9cJh|5h6s/8s2h5c/3c/Jd:-120|140|-20:p3|p1|p2
STATE:231:rrcrcc/crfrrrc/rrc/cc:Kh7d|QcAh|9sKd/2h9d8c/8d/6d:-120|160|-40:p1|p2|p3
STATE:232:rrcc/crcc/ccrcrcc/rfrc:Qd6d|JcTd|Ah3h/8cJh6h/2h/6c:-120|-80|200:p2|p3|p1
STATE:233:ccrfc/cc/crrrc/rrrrf:8cKd|Js5s|4h6s/Jd9hQc/Qd/8h:-140|150|-10:p3|p1|p2
STATE:234:crfc/rc/rrc/rc:Qs6d|8s5c|Ad3d/8c7hQc/Th/9d:100|-10|-90:p1|p2|p3
STATE:235:frrc/crrc/crc/rrc:2c4s|JsQs|4h5h/6sJh6d/Qc/5c:-110|110|0:p2|p3|p1
STATE:236:fcrrrc/rc/cc/rf:2hKd|7hKh|7dTs/4d9s6h/Qh/5s:50|-50|0:p3|p1|p2
STATE:237:rfrc/cc/crc/rrrrc:Ks7c|5h4h|Qc8c/6dJcTs/7h/Jd:-5|-130|135:p1|p2|p3
STATE:238:rrrfc/rrc/crrc/rrc:TsAd|9c7c|QcJd/Qd9d3h/7d/4c:-140|160|-20:p2|p3|p1
STATE:239:rrcc/rcrcc/rfc/rrrc:7d3c|Jc2d|6h5s/8d5hTd/3s/As:-130|-50|180:p3|p1|p2
STATE:240:rcrrcc/rrrrfc/rc/rrrc:Td9h|6sJc|AdKs/JhQh3s/Qs/3h:-160|-60|220:p1|p2|p3
STATE:241:crcrrcc/crrcc/rrcc/rcc:Th8c|JhAd|7s3c/Qs3h6d/6s/Td:240|-120|-120:p2|p3|p1
STATE:242:rrrcc/crrfc/crf:7d5h|3sTc|8c6c/Td9h8s/Qd:-40|-60|100:p3|p1|p2
STATE:243:rrrcc/ccc/crcc/crcc:8c8h|QhQc|KhTs/Td2c5h/8s/4s:160|-80|-80:p1|p2|p3
STATE:244:rcrfc/crc/cc/cc:AcTs|6sJs|As4c/6h3h7s/9s/Kc:-40|60|-20:p2|p3|p1
STATE:245:crrrcc/rcc/rcc/rrcrcrcc:8c5c|Qd5d|9cTc/8s3h4c/9h/6d:-150|-150|300:p3|p1|p2
STATE:246:rcc/ccc/ccrcrcrcc/rrcc:Ks8s|5cTc|As6s/4d7hQc/6c/9d:-120|-120|240:p1|p2|p3
STATE:247:crcc/ccc/rrrrcc/crrcrrcc:9sTd|6d7c|JdJc/7sTc5s/9h/Qs:360|-180|-180:p2|p3|p1
STATE:248:rcrrcc/crrcc/rrrcrcc/rcrcrrcc:6hKc|4cQd|5sJc/KsQsQh/5d/Kd:440|-220|-220:p3|p1|p2
STATE:249:rrcrcc/crcrcrcrcc/rrcrcrcc/crcc:7hQd|2sAh|2h9d/9sKcKh/6d/Ad:-180|360|-180:p1|p2|p3
STATE:250:cfc/rc/cc/cc:Td6s|Js9c|Jc5h/Qh5dKd/Qd/8c:-5|-20|25:p2|p3|p1
STATE:251:fcrc/rrc/cc/rc:3sAh|4c2d|3c3d/7h2h6s/As/6c:60|-60|0:p3|p1|p2
STATE:252:rcrrcc/crrrcrcc/crrrcrcc/rfrc:Th2h|Ac5d|Qs8c/KhAd9c/2s/6s:360|-160|-200:p1|p2|p3
STATE:253:ccrcrcf/rc/cc/rc:Th7s|4sQd|Ac5c/Jh4d7c/3c/7d:80|-60|-20:p2|p3|p1
STATE:254:crcrcc/rrcrcrcc/rcf/rc:7cQc|Qd8d|AdQh/8c3d4s/9d/Kc:-110|180|-70:p3|p1|p2
STATE:255:crrcc/crrrrcc/crcrcrrcf/cc:Ac2d|Ad5d|4h8c/2h7sJc/5s/Ks:-150|280|-130:p1|p2|p3
STATE:256:rfrrc/crrc/cc/rrrrc:8cAs|5s6c|AdQd/2c5h4c/3c/6s:-5|2.5|2.5:p2|p3|p1
STATE:257:rcrcrcc/ccc/crfc/rc:2dAs|2c5c|7h6s/4s6c3s/Qc/5h:20|20|-40:p3|p1|p2
STATE:258:crrcrcc/rcc/crcrcc/rfrrc:Jh6c|7sQh|JsTd/9h2dQc/8d/Ad:-150|-90|240:p1|p2|p3
STATE:259:rcrrcc/ccrrcrcrcc/crrcrcc/ccc:Kh4s|5cQs|4dKs/4c7sTd/Jd/6s:70|-140|70:p2|p3|p1
STATE:260:crrrcc/rcrcc/rcc/rcrrcc:Ah6h|7dKh|Th8s/Td8d3s/9c/4d:-140|-140|280:p3|p1|p2
STATE:261:rcc/crrrcrcf/crrc/cc:QdKd|9s8h|6hKc/5s3c6c/2h/Ks:-100|-50|150:p1|p2|p3
STATE:262:rrcc/rrcrrcf/cc/rrc:JsQd|Jd3h|KhJc/8sAhQh/5c/9c:-60|-110|170:p2|p3|p1
STATE:263:rcrcrcc/crcc/rcrrcrcc/ccrcrrrfc:8dAh|3sQs|3c9s/Ac9c8s/5s/Jh:380|-170|-210:p3|p1|p2
STATE:264:rcrrcc/crcc/crcc/crcrrcrff:2hTc|2s2c|8c4d/KsKhJd/Qh/3h:260|-130|-130:p1|p2|p3
STATE:265:crcrcrfc/rc/rc/rc:AdTh|2c8d|QdJc/9sAs5c/9d/Js:120|-90|-30:p2|p3|p1
STATE:266:cfc/rrrrc/cc/rrrrc:8d4c|Qc8s|Qh5s/8c4d7s/6s/Kd:-5|-130|135:p3|p1|p2
STATE:267:rrcrcc/crrcrcc/rcc/ccc:Qs4d|3s9c|2s5c/JhJd2c/Ah/Kh:-90|-90|180:p1|p2|p3
STATE:268:rrfrc/rc/crrrrc/rc:2h6h|6d5d|8cQs/3s5sTc/Ad/Th:-150|-10|160:p2|p3|p1
STATE:269:ccrrrcc/crcc/rrcrrcc/rrcc:Ks3h|7c9d|QhTd/8sKc4s/Qs/4d:340|-170|-170:p3|p1|p2
STATE:270:rcrcrcc/rrrrcc/rrrrcc/crcc:AsQd|7c3s|8d7h/6c3hQs/9d/2s:360|-180|-180:p1|p2|p3
STATE:271:rcrrff:9sQs|2sQd|5cJh:-20|-30|50:p2|p3|p1
STATE:272:crrcc/crfrrrc/cc/cc:8d6h|As3h|2sJs/3d6dTd/Qc/5h:100|-70|-30:p3|p1|p2
STATE:273:ccc/rcrrcrcf/rrc/rrrc:4hAh|2hKs|3s7c/9h8c3d/Js/2d:-150|-40|190:p1|p2|p3
STATE:274:rcrcrcc/ccrcrrfrc/rc/cc:Ah8c|4s7h|QhQd/6c9c3s/3c/7s:-50|-100|150:p2|p3|p1
STATE:275:rcc/crrcrcrcc/crcc/rcf:2dJd|9d2h|4dQs/3d3h9h/Jh/Js:180|-100|-80:p3|p1|p2
STATE:276:rrrcc/crcrcc/ccc/crcf:Jc9h|KsAc|9cAd/4h8h9d/2c/4c:-60|-80|140:p1|p2|p3
STATE:277:crcc/ccrrrrcc/crcrcrrcc/crrcc:Ts2d|8d6h|5sJh/2h7s5h/4s/6s:-180|360|-180:p2|p3|p1
STATE:278:rcrrcc/rcrrcc/ccrcc/rcc:QcJh|9h3c|9s6d/Qh2dAd/4h/4s:220|-110|-110:p3|p1|p2
STATE:279:rcrcc/rcrcc/ccc/rrrcrcf:7dQh|8s9s|Qs9c/4dJh6c/Kc/4c:-110|-130|240:p1|p2|p3
STATE:280:crcc/crrrcrcc/rcc/rcrrcc:4s2s|Kc3s|Ac7h/3hKd7c/7s/6s:-140|-140|280:p2|p3|p1
STATE:281:crcc/rcc/rcrrcc/crrcrcrcc:7hTc|4dJc|4sTd/2c9cTh/Qh/3c:340|-170|-170:p3|p1|p2
STATE:282:rrcc/rrcf/rrrf:8d7d|QcKd|6sAc/8sAs2c/5s:-40|130|-90:p1|p2|p3
STATE:283:rrcrcc/rcrrcrcc/crcrcrcrcc/ccc:6cTh|TsTc|9c5c/Kh6s5s/3h/5h:-160|-160|320:p2|p3|p1
STATE:284:rcc/crcc/crcc/rrcf:8c2h|3h2c|6h7c/Qc8dTd/7s/Jh:-70|-90|160:p3|p1|p2
STATE:285:crrcc/rrrrcc/rfrf:AcQd|6d6s|8c7d/2d8s8d/Kc:-90|-70|160:p1|p2|p3
STATE:286:ccrrrcc/crcc/crrcrcf/rc:5s6d|4dQh|Qc6c/Ac7d8d/Ks/Ad:-90|45|45:p2|p3|p1
STATE:287:ccc/rfrrc/cc/cc:4s6s|7s3d|KsAd/AsQhQc/8h/Ah:-40|-10|50:p3|p1|p2
STATE:288:rrrcc/rrcrcrcc/ccrcrrcrcf/cc:3h6s|5sAc|8hAs/2dJsQh/9d/6h:-140|-160|300:p1|p2|p3
STATE:289:rrrcc/rrcrcrfc/rf:8hAs|JcJh|6s8d/3h9cTh/5s:-70|150|-80:p2|p3|p1
STATE:290:ccrrrcc/rrcc/crrrrcc/rrrrcf:7d4h|Tc9c|3h6s/2sAd3s/8c/2c:-220|420|-200:p3|p1|p2
STATE:291:rfrrc/crrrc/crc/cc:8cQh|Ad6d|8dJc/3d4h5c/9c/Ac:-5|95|-90:p1|p2|p3
STATE:292:cfrc/crc/crc/cc:7c2s|Qc2h|3sTd/QhQd4s/6h/4c:-5|55|-50:p2|p3|p1
STATE:293:frc/cc/crc/crrrrc:5cJh|6d9h|Tc4c/Th2sAh/4h/6c:-120|120|0:p3|p1|p2
STATE:294:rrrcc/ccc/rcrcc/rrrrcc:9d7h|JsKh|8s5h/QcTd5c/6s/7d:320|-160|-160:p1|p2|p3
STATE:295:ccrrrcc/rcrcc/rcrrcrcc/rcc:Tc5d|9h2c|Jd3d/8cKcTd/6h/8h:320|-160|-160:p2|p3|p1
STATE:296:crrrff:2d8s|4c8h|7s3h:-20|-30|50:p3|p1|p2
STATE:297:ccc/crfrf:Td2h|9d3h|5cJs/AhTc9c:30|-20|-10:p1|p2|p3
STATE:298:rcc/rrrrcf/rc/cc:5d6d|9s4c|QsKh/Jd3hQc/5c/3d:130|-80|-50:p2|p3|p1
STATE:299:rcrcc/rcc/crfrrrc/crc:TdAd|8h3d|AcJs/Th4dKd/Ah/Qh:180|-140|-40:p3|p1|p2
STATE:300:crcc/rrcrfrc/cc/cc:6d9s|Jc8s|8cAh/JdQdTc/Ks/9d:-60|-40|100:p1|p2|p3
STATE:301:rfc/crrc/cc/rf:KcQh|6d7d|2h6c/Ad5s7s/Qc/5h:-5|45|-40:p2|p3|p1
STATE:302:crcrcc/rcrfc/rrrf:KsQc|5hKc|2dTd/4h3s2c/9c:-40|130|-90:p3|p1|p2
STATE:303:rcrcc/rcc/rcc/ccrrcc:JdJc|QcAh|2cTh/8h6cAc/3s/Qs:-100|200|-100:p1|p2|p3
STATE:304:crrrcc/rcf/cc/crrc:7d7c|Tc6s|Ks8c/9d6hAs/8h/7s:-90|130|-40:p2|p3|p1
STATE:305:rcc/crcf/crf:2h2c|8s7h|4dAh/6hQd2d/8d:-20|-30|50:p3|p1|p2
STATE:306:ccc/crrcrrcc/ccc/crrfrc:As7h|8dAh|6dTh/TcJcQc/4s/Jh:-50|-110|160:p1|p2|p3
STATE:307:rcc/rrfrc/crrrrc/crrrc:4sJh|9s3s|5d8s/Kd8d3c/9d/Jd:-190|210|-20:p2|p3|p1
STATE:308:crcc/crcrcrcc/rcrrrcc/ccrcc:Qh4d|6cJs|QdAc/Ts9s4s/6d/7c:-150|300|-150:p3|p1|p2
STATE:309:rrrff:Th9h|Tc7s|5s4h:-30|50|-20:p1|p2|p3
STATE:310:crcc/rcc/ccc/crrrcc:TdTs|9hJc|4s7s/2h9c9s/8s/Tc:180|-90|-90:p2|p3|p1
STATE:311:ccrrcc/rcrrfrc/rc/rc:KcKh|QdKd|2dAs/8s5hTd/Ad/Th:-110|-40|150:p3|p1|p2
STATE:312:rcc/ccc/ccrcc/crrrcc:5hJc|3sAh|As7d/2h9h4s/2d/7c:-100|-100|200:p1|p2|p3
STATE:313:crfrrf:Ks6s|4d5d|5c2s:40|-10|-30:p2|p3|p1
STATE:314:rrrcc/ccc/crrcc/ccc:9hKh|4cJc|AcTh/5hKd3h/Ah/As:160|-80|-80:p3|p1|p2
STATE:315:rcrcrfc/rrrc/rf:3h2c|9sAs|Td4s/Kh8d4d/2h:100|-30|-70:p1|p2|p3
STATE:316:ccc/ccc/rrrcc/ccrrrcc:Kc5h|Th8d|9sTd/7d9hKs/2d/4c:260|-130|-130:p2|p3|p1
STATE:317:crcrcrcc/rcc/ccrcc/crcf:Ad9h|9s6s|5dAh/8dKh7h/6h/Ks:-70|160|-90:p3|p1|p2
STATE:318:rcf/crrrc/cc/rc:4d9c|Qd8h|5h3c/Jd9hTh/5c/3h:-70|-10|80:p1|p2|p3
STATE:319:rcrrfc/cc/cc/rc:9h7c|ThKc|6cJc/Ah7d3s/Jh/Tc:-20|-60|80:p2|p3|p1
STATE:320:rcc/crcrcrrcc/rcc/rcc:6d5s|Qd3c|2d4h/9s7c4s/3h/9d:200|-100|-100:p3|p1|p2
STATE:321:ccc/ccrrrcrcc/ccc/rrrcc:Qh6d|6sKs|Kc8s/9s3hAs/Js/5d:-110|220|-110:p1|p2|p3
STATE:322:rcrrfc/cc/cc/rc:2sTc|8h3s|6h8d/KsJhQh/Jd/7s:-20|10|10:p2|p3|p1
STATE:323:rrcc/rcrcrcf/crrc/cc:8d9c|8s6h|8cQc/8h2h7h/Jc/6c:-50|150|-100:p3|p1|p2
STATE:324:rrcc/rrrrcc/rrrcrcc/ccrrrrcc:3hJs|Kh2d|Qd7s/7d4s9h/Ah/6d:-230|-230|460:p1|p2|p3
STATE:325:crcrrcc/crcrcrrcc/ccrcc/rcc:9s8s|Jc5c|Th8d/TcAc9c/3d/Qh:-120|240|-120:p2|p3|p1
STATE:326:ccc/ccrcrrrcc/rrrrcc/crcrcf:4cQc|4d8c|7s8d/Jd5d8s/Jh/Ks:-170|320|-150:p3|p1|p2
STATE:327:rcrrfc/rrc/crc/crrc:9dKc|6d2d|8cJs/5d4hJd/5s/Td:-20|140|-120:p1|p2|p3
STATE:328:rcrcrcc/ccrrrrcc/ccrrrrcf/crc:Ks5c|4h8c|7hAh/TdJhAd/Js/4c:-180|-140|320:p2|p3|p1
STATE:329:fcc/rc/cc/rrc:9c9s|4cJc|8c2d/KdTc3d/Jh/8h:-60|60|0:p3|p1|p2
STATE:330:rrcrcc/ccrrrrcc/crcc/rcrcc:6h3c|QdTc|8s4s/5dKdTh/5h/2h:-140|280|-140:p1|p2|p3
STATE:331:ccc/crrcc/ccrcc/crcc:Th7d|JcQh|5s4s/3h6h5c/Ah/6d:-70|-70|140:p2|p3|p1
STATE:332:rrcc/ccrfrc/rc/crf:3cAc|8d2s|JhJs/7cAd4s/Qd/8h:-30|-70|100:p3|p1|p2
STATE:333:crrrcc/crcf/crrc/rc:3d8h|4sAh|TdQs/4cAc7d/2d/5d:-40|150|-110:p1|p2|p3
STATE:334:crcrcrff:7h4d|Ac9c|3s6c:-30|60|-30:p2|p3|p1
STATE:335:rcrcrcc/crcc/crcrrrcc/ccc:7h8c|5c6c|ThJc/8sTs7c/3d/4h:-130|260|-130:p3|p1|p2
STATE:336:fcrc/rrc/crc/rrrrc:JsQs|8cKh|Qc5c/7c9hQd/Ah/Kd:-140|140|0:p1|p2|p3
STATE:337:rrrcc/ccc/rcc/crfrc:Js7h|7c7d|4hAs/5d6hJh/6s/9h:160|-100|-60:p2|p3|p1
STATE:338:crcc/rrrcrcc/ccc/crcrrcrcc:Ts3c|6d2c|7h4d/5c7sQc/7c/5h:-140|-140|280:p3|p1|p2
STATE:339:rcc/ccc/rcrrfc/rrc:8hTh|Ad3c|2d8d/Qh9d4s/5c/Ks:160|-40|-120:p1|p2|p3
STATE:340:rcc/rcc/rcrcc/crrcrrcc:4sKs|Qd9d|4dTd/KhAs9c/7h/3d:300|-150|-150:p2|p3|p1
STATE:341:rcc/ccc/ccrcrcf/rrc:3s2c|4d2s|Jc4h/5d9sKh/8c/Tc:-40|-100|140:p3|p1|p2
STATE:342:rrcrfc/crc/crrrrc/rrc:8hQd|3c6h|JsTs/6dKcAc/7d/8c:-30|200|-170:p1|p2|p3
STATE:343:crrcrcc/rrrcrcc/ccrcrcrcrcc/rrcc:5d4s|JdQs|9h6d/5hAh8c/Ks/Js:-200|400|-200:p2|p3|p1
STATE:344:ccrcc/ccrcrrcrcc/ccc/crrrcc:8h8c|4sKh|KcQc/AdKs8d/4h/4c:240|-120|-120:p3|p1|p2
STATE:345:frrrf:2hQs|5cAd|7h7s:30|-30|0:p1|p2|p3
STATE:346:crcc/rcc/rrcc/crcc:Js8c|6s8d|Kc6h/AsAd7h/9s/Kh:-90|-90|180:p2|p3|p1
STATE:347:crcc/crcc/rrrcc/rrrrcc:Th3h|JdTs|9c8s/Qh4cJs/Ks/6c:-170|340|-170:p3|p1|p2
STATE:348:rrfc/rrf:8c3s|JcAd|Td9h/7s8dTs:-40|-10|50:p1|p2|p3
STATE:349:rrcc/ccc/rcc/crrcrrcc:Ts6c|7c7h|TdQd/KhJs5d/Tc/4s:-130|-130|260:p2|p3|p1
STATE:350:rcc/ccrcrrrcc/ccc/ccc:5sTh|3cQc|8cKh/9s6cTc/Qd/5d:120|-60|-60:p3|p1|p2
STATE:351:cfc/cc/rc/crc:3s8c|9c5d|5s4d/7sTc2h/Kh/2s:-5|55|-50:p1|p2|p3
STATE:352:ccc/ccc/crrrcrcc/rfrrc:8c9s|6sTc|7dTs/Jh4hKh/As/7s:-150|-90|240:p2|p3|p1
STATE:353:rcc/rcc/crrrrcc/rrcrcc:3hTc|3cTh|9d8c/2s5s6d/Jh/Jd:85|85|-170:p3|p1|p2
STATE:354:ccrcc/rcc/ccrcrrrcc/rrrcc:QhJd|9s3s|7s9h/Jc3d6h/Ah/2s:340|-170|-170:p1|p2|p3
STATE:355:ccc/ccrrrcf/cc/rc:6hAs|6s4c|9c3s/5dKc7s/4h/Jd:-30|90|-60:p2|p3|p1
STATE:356:rrrcc/rrrrfc/rc/rc:3sQd|JsQh|TdKs/4c3c8s/Ts/Kh:-120|-60|180:p3|p1|p2
STATE:357:rcc/rcc/crff:8d3s|5h2s|7cJh/6c7hAs/Td:-30|60|-30:p1|p2|p3
STATE:358:ccc/ccrcf/rc/rc:9h5s|Tc6d|6h5c/Kc6cAc/4h/Kh:-60|-10|70:p2|p3|p1
STATE:359:rrcc/rrrrcc/rcc/ccc:AdKh|Ks2h|QhTd/As6s8h/Ah/4s:180|-90|-90:p3|p1|p2
STATE:360:rfrrc/crc/rrrrc/rc:Jd8d|8c3h|QhJs/2dTd6d/Qd/Qc:-5|-150|155:p1|p2|p3
STATE:361:rrcc/rcf/cc/crrf:2h5h|8h8c|9h6s/2s5s6h/3s/Kd:90|-60|-30:p2|p3|p1
STATE:362:ccc/rcrcrrcc/ccrrrrcc/rcrfrrc:KcKh|JsTd|2s2c/5h9s5c/9h/3h:-150|360|-210:p3|p1|p2
STATE:363:rfrrc/rrc/crc/crrrc:9d6s|3sKd|7c2s/Tc9cKc/Js/3c:-5|-140|145:p1|p2|p3
STATE:364:fcrrrf:4s3d|2d3c|7s8d:-30|30|0:p2|p3|p1
STATE:365:rrrfc/crrrc/rc/rf:AsTh|3cAc|Kh4h/8cAh9s/2c/2h:110|-90|-20:p3|p1|p2
STATE:366:rrcrfc/cc/rc/crrc:5cKh|5dKd|3h2c/3dTd2d/3c/3s:-30|-100|130:p1|p2|p3
STATE:367:rcrfc/rrc/crc/rc:5h8c|2dAs|Kh8s/TdAh6s/4s/7h:110|-90|-20:p2|p3|p1
STATE:368:ff:8h3h|2c8c|8s9s:-5|5|0:p3|p1|p2
STATE:369:crfc/cc/crf:Th5h|6dKs|9hAc/4d9c9s/Ts:-20|-10|30:p1|p2|p3
STATE:370:rcc/ccc/rcc/ccrcc:QcTd|KcAs|8dAd/5d3h7c/2d/Js:-60|120|-60:p2|p3|p1
STATE:371:crrrcc/rcrrcrcc/rcrrrff:5dQd|Ah6h|7h2d/3d4d5s/Qc:-140|260|-120:p3|p1|p2
STATE:372:crrcrcc/rcc/rcrrrcc/rrrrcc:9hAc|4c8s|Qh9s/2d5sAs/6d/9c:420|-210|-210:p1|p2|p3
STATE:373:rrrcc/rrrcc/crcrcrrcc/ccrcc:Ks3h|3d5c|9s8s/8c4sQh/Jh/Jc:-170|-170|340:p2|p3|p1
STATE:374:ccrrcc/ccrcc/ccc/rcf:7cAh|Ks5s|TcTd/2s2d6s/2h/Ts:-60|100|-40:p3|p1|p2
STATE:375:rfc/crc/cc/crc:Ts7h|6cQd|4d7s/2d3cJs/Ac/4h:-5|-50|55:p1|p2|p3
STATE:376:crcf/rrrc/rrrrc/rc:7s8h|KdAc|JcTs/QhQsKc/Ks/5h:-150|160|-10:p2|p3|p1
STATE:377:rcc/crcc/crcrcrfrc/rf:6sAh|5hAd|9s2d/KcJs5s/Qc/As:-70|180|-110:p3|p1|p2
STATE:378:rrcc/crrrrfc/rrrc/crrrrc:7sJc|4h2s|2hQs/5h2c7d/Js/5c:260|-210|-50:p1|p2|p3
STATE:379:rcc/ccrcc/rcc/rrrrfc:7h9c|As6d|JhTh/8h3h2c/Js/6c:-130|-90|220:p2|p3|p1
STATE:380:rfc/cc/cc/rc:4cTd|7dKd|4hQh/Js6c8h/8c/Ks:-5|45|-40:p3|p1|p2
STATE:381:rrcc/rcrrrcc/rcc/rcc:9s2d|Kc5s|8c4c/7d5cJs/8s/7h:-110|-110|220:p1|p2|p3
STATE:382:rrrcc/rrcc/rcc/crrrcrcc:Kc8s|5d4c|Th2d/2cJs3h/Tc/Qh:-160|-160|320:p2|p3|p1
STATE:383:rcrrcc/rrcc/ccc/rrrfrc:8s2c|4s9d|AsKs/2h7sQh/4h/Ts:-80|220|-140:p3|p1|p2
STATE:384:crfc/rrc/rc/rrrrc:TdAh|2h8s|9hQc/4s6d3h/4h/8d:150|-10|-140:p1|p2|p3
STATE:385:rcc/rcrrrcf/rc/cc:8s3c|Kc9c|JsJc/QhKhAs/Ad/8h:-50|130|-80:p2|p3|p1
STATE:386:ccrrrcc/rrcrcc/ccrcrcrcc/crrrcc:3s3d|5hKh|Jh4s/Tc7d2c/6s/6h:380|-190|-190:p3|p1|p2
STATE:387:rrrcc/ccc/ccc/crcc:4sKd|4d5c|8s5s/9dAhQs/Jc/8h:-60|-60|120:p1|p2|p3
STATE:388:rrcc/rcc/rrrrcc/rrrcrcc:2sAd|Qs2c|7sKd/5h3dJd/Qd/9h:-200|400|-200:p2|p3|p1
STATE:389:ff:TsJc|3s8d|5cTc:-5|5|0:p3|p1|p2
STATE:390:rrcc/rcf/rc/cc:JsTd|8s6d|5sKs/6h7d2d/5c/8h:-60|90|-30:p1|p2|p3
STATE:391:ccrrrcc/crrrcrcc/rcc/ccrcc:6dAc|KcAh|7dQc/2d7cKs/6c/4s:-120|240|-120:p2|p3|p1
STATE:392:rrfc/cc/crrc/rc:Th8c|Qh7h|AhQd/5sAd9h/Ac/9c:-90|-10|100:p3|p1|p2
STATE:393:rrrcc/ccrcrrrfc/rrrc/crc:2d8d|Ah5h|AdQs/JsKh7h/8h/3h:220|-60|-160:p1|p2|p3
STATE:394:ccc/rrrrcc/crcrcrcc/rrcrrcc:2dAd|Kc9c|7c8d/6s7sAc/8h/4d:-190|-190|380:p2|p3|p1
STATE:395:ccrrrcc/crcc/rrrrcc/rrrcc:KdQh|AdTs|Td3d/2c5dJd/8h/Qs:380|-190|-190:p3|p1|p2
STATE:396:rrrcc/crcrrfc/cc/cc:5cQh|QsTc|4s7h/Td4c2h/Ad/9s:-70|120|-50:p1|p2|p3
STATE:397:ccc/crrrcrcc/ccrcrrrcc/ccc:6s7h|As7d|Kc6d/2h6h8c/7s/Ts:260|-130|-130:p2|p3|p1
STATE:398:rcc/ccrrcc/ccc/crcrrrcc:7dJc|3c5h|3dKh/Js2d2h/3s/Kc:-120|-120|240:p3|p1|p2
STATE:399:crrcc/rcrrrcc/crrcrrfc/rrc:5c4h|Qh5h|Tc2h/6sKh2d/6h/3s:-110|-190|300:p1|p2|p3
STATE:400:ccc/rrfc/cc/crc:8c4c|5c3d|AsJs/Jh3s7h/9d/4d:60|-50|-10:p2|p3|p1
STATE:401:rrcc/rcc/crrfrc/cc:TcKc|9hKs|JsKd/Qs3sJh/4h/7h:-40|-100|140:p3|p1|p2
STATE:402:rrcc/crcc/rrcrcrcc/rrrrcc:6sAs|QhJd|QsTs/8c4h4c/Jh/Td:-200|400|-200:p1|p2|p3
STATE:403:ccc/rcrrrcc/rcc/rrrrcc:4dTs|Ks3h|3sAd/Th8sKd/8c/6s:-150|300|-150:p2|p3|p1
STATE:404:rrrcc/rcc/crrrrcc/rfrc:Jd5s|9h8s|TsQs/6d8c9c/5c/3s:300|-130|-170:p3|p1|p2
STATE:405:ccc/crrcrrfc/rrc/crc:Ac6h|7c2c|KcAd/3c6s4c/4d/2d:-30|140|-110:p1|p2|p3
STATE:406:ccc/ccc/rcc/rcrcrrcc:AhKd|4hAd|8sJc/QdTh3h/8d/Ac:220|-110|-110:p2|p3|p1
STATE:407:rcc/rrrrcc/crcc/rcf:3h7d|Qh7s|2d6h/4sJs2s/5s/4c:-100|180|-80:p3|p1|p2
STATE:408:rrcc/ccrrcrrcc/rrrcrcc/rrcc:Qc6d|8h9s|7hQd/3hKsJc/9d/5h:-190|380|-190:p1|p2|p3
STATE:409:ccc/ccc/ccrcc/rrrfrc:Ts3c|Jh7s|Tc8s/Th3h5c/3s/Td:-50|-110|160:p2|p3|p1
STATE:410:rrrcf/rrc/crrrrc/cc:7c3d|8s2c|Qd5c/8cTdTh/Ah/4c:-30|170|-140:p3|p1|p2
STATE:411:rcc/ccc/crrcf/crrc:5d4s|JcQc|8h7s/Ks2sTs/6d/Ah:-100|-40|140:p1|p2|p3
STATE:412:ccrcc/crrcc/rcf/cc:6cJs|9s2h|KdTd/QdAhAs/3s/Jc:100|-60|-40:p2|p3|p1
STATE:413:rrcrcc/crrcrcc/rrcrcc/crrcrcc:8c6h|5cAs|7h2c/Qh4c7s/3c/8h:380|-190|-190:p3|p1|p2
STATE:414:crcrrcc/crrcrrcc/crrcrrcc/rrfc:9h6s|QcAc|AsJc/2c9dKc/Td/3d:360|-200|-160:p1|p2|p3
STATE:415:cfrc/cc/rc/rc:8h7h|8c5h|Jd3s/Kh8d6d/3h/Ks:-5|65|-60:p2|p3|p1
STATE:416:crrrfc/rrc/crrc/crc:4h3c|7d7c|9d3s/AsQhTh/4c/Ac:-20|140|-120:p3|p1|p2
STATE:417:rcrcrcc/crfc/cc/rrc:5c5h|7sJc|Qd5d/3h3sAh/4d/Ac:130|-90|-40:p1|p2|p3
STATE:418:rcc/ccc/ccc/rcc:5dJd|8sQd|6cTs/QhTh7c/Td/Qc:-40|80|-40:p2|p3|p1
STATE:419:rrrcc/rrcf/crrrrf:Js7h|2c3s|7d3d/4hKcJh/Kh:-50|170|-120:p3|p1|p2
STATE:420:rrcc/rcrcc/rcrcrcrcc/rcc:9h3d|TcAc|3h4c/9s6sTd/Kh/7s:-150|300|-150:p1|p2|p3
STATE:421:rrcf/rc/crc/cc:6s8s|5d8d|3s2h/JcQd8h/7s/3c:10|10|-20:p2|p3|p1
STATE:422:rcc/rcrrcrcc/rcf/rc:ThJs|Ad3s|AsKd/Qc9h2h/6s/Jd:160|-100|-60:p3|p1|p2
STATE:423:ccc/ccc/rrrcc/crcc:Kd3h|8sKc|Ah4c/3dJcTh/2d/Ts:180|-90|-90:p1|p2|p3
STATE:424:ccrcrcc/ccc/crcc/rcrcc:7d3h|4dAc|3c8d/3dKc4c/6h/2c:-90|180|-90:p2|p3|p1
STATE:425:rcrrcc/crrcrcrcc/rcc/rrrrcc:8c6s|2sQh|7d4s/Jd9d2h/9s/5c:-180|360|-180:p3|p1|p2
STATE:426:crrfrc/cc/rc/rc:6hTs|7h4d|As2s/Qd9d8d/9h/Qc:90|-80|-10:p1|p2|p3
STATE:427:rrcrcc/rcrrcc/rcc/rcrrfrc:8s8c|3cAc|Jh4h/JcKc7d/6d/8h:280|-110|-170:p2|p3|p1
STATE:428:rcrcrcc/rrrrff:JsQc|Qh2d|4d2h/ThTcJc:130|-60|-70:p3|p1|p2
STATE:429:crcrrfc/rrc/crrrf:9sKd|Td2c|8c9d/4d6dTh/5d:-100|-20|120:p1|p2|p3
STATE:430:crcrrcc/crrrrcc/rfrf:9dQc|Qs5s|4dTd/7s4c5h/Kd:-100|-80|180:p2|p3|p1
STATE:431:rrrfc/rc/rc/rrc:9dJc|4dKs|Jh2d/6s4c5s/Qs/Tc:-110|130|-20:p3|p1|p2
STATE:432:rrrcf/crf:8h3d|4s5c|Td3s/QsKsTs:-30|-40|70:p1|p2|p3
STATE:433:rcrcrcc/rcrrcrcc/crfc/cc:2h5s|Js4s|Jc5d/KhAcKd/7d/Ks:-100|180|-80:p2|p3|p1
STATE:434:ccrcc/rcc/rrcrcc/rcc:7d4c|3h3s|2s6d/6hJh2d/Kh/6c:-110|-110|220:p3|p1|p2
STATE:435:fcrf:Jc4d|AhQc|Tc5c:-10|10|0:p1|p2|p3
STATE:436:rcc/crrcc/crcc/ccrrcc:3cKd|6dKs|JsJh/2s8sTh/9s/9h:-100|-100|200:p2|p3|p1
STATE:437:frc/rrrc/rc/crc:3sTc|Qs7d|9h2s/6sAd3d/2h/Qh:-90|90|0:p3|p1|p2
STATE:438:crrcc/crfrrrc/cc/rc:Ks4c|8c4d|6d8s/7d5dKc/Qd/7c:120|-90|-30:p1|p2|p3
STATE:439:rcc/crcc/crrcc/crrrrcc:Ac4h|Jh8c|2c5c/6c6d7s/7d/8s:-150|300|-150:p2|p3|p1
STATE:440:rcf/rc/cc/crrrrc:Ah7h|9s4c|Ts9h/6c7s8s/Qh/Ad:-110|-10|120:p3|p1|p2
STATE:441:rcc/ccrcrcrcrcc/ccc/crcrrfc:4c5s|7h8d|9s9h/8c7cJh/3d/8s:-120|200|-80:p1|p2|p3
STATE:442:rrcrcc/ccc/rrrrcc/ccc:8h3c|Kd2h|Ac5h/QsKh9h/Ts/4h:-120|240|-120:p2|p3|p1
STATE:443:rcrrcc/ccc/ccrrcc/ccc:6d9c|Ac7c|8sJd/8h9h6h/Qd/8c:-80|-80|160:p3|p1|p2
STATE:444:crcc/ccrrfrrc/rc/rrrrc:Ks5h|Td3s|7h2d/6c8c6d/2h/Ts:-160|-20|180:p1|p2|p3
STATE:445:rcrcrcc/rrrcrcc/rrrcrcc/crcrcc:Ks7s|9h3d|AcQh/9s5h8s/4d/Qs:400|-200|-200:p2|p3|p1
STATE:446:crcc/ccc/rcrcc/rrrfc:4dKc|3dAs|7cQh/9d6c2c/8h/Jd:-80|200|-120:p3|p1|p2
STATE:447:rrcc/crcrcrrcc/ccrcc/ccrcrff:2dJh|Td5s|5d2s/7c3cKc/Qh/4c:-110|220|-110:p1|p2|p3
STATE:448:rrcrcc/ccc/crrrrcf/crrrc:2dAd|9h3d|3c4d/9cQd6h/Jc/As:-100|280|-180:p2|p3|p1
STATE:449:ccrcrcc/crrrcrfc/rf:9sAh|As7s|Ks5c/2d7cKc/8d:-60|130|-70:p3|p1|p2
STATE:450:ccc/rrfrrc/rc/cc:4cJd|QdAd|Td4s/9sJh8s/9h/7s:80|-70|-10:p1|p2|p3
STATE:451:rrrcc/rrrcc/ccrcc/rcrrrcc:7d6d|As4c|8h2h/Qh9d2c/Ad/Kd:340|-170|-170:p2|p3|p1
STATE:452:ccrcrcf/crrc/rrrrc/rrc:ThKs|5d4s|Kd7h/5h2sKc/3h/9h:190|-170|-20:p3|p1|p2
STATE:453:crcrrcc/crcc/ccc/rcrrrcc:7sQc|8dQh|Jd4d/AsAcTs/7c/7d:260|-130|-130:p1|p2|p3
STATE:454:rrcrcf/cc/cc/cc:4dJh|KhJc|8s9h/9c6cJs/Qd/Kd:70|-30|-40:p2|p3|p1
STATE:455:rrrcc/ccc/crrrrcc/rcc:Qd2d|Kd7c|6d7h/6h7d2c/4h/Qh:280|-140|-140:p3|p1|p2
STATE:456:ccc/rcf/crc/rrrrc:3sAc|5d5h|KcTd/9d8cJd/9c/Qc:-120|130|-10:p1|p2|p3
STATE:457:rcrcc/ccc/rrrcc/crrrrcc:8sKd|2hAd|3h2d/4d9s6s/2s/7d:-170|340|-170:p2|p3|p1
STATE:458:crcc/crfc/rrrrc/rrf:4sQc|ThJs|3c6c/9c5h9d/8d/5c:-130|150|-20:p3|p1|p2
STATE:459:crcrcf/crc/rf:2dTh|2sTs|Kh5d/Tc7d7c/Jh:60|-20|-40:p1|p2|p3
STATE:460:rcc/rcc/rrcrrfc/crrrrc:Qs6c|7d7c|Js8h/6h4dKc/Jh/Qc:260|-190|-70:p2|p3|p1
STATE:461:rrrcc/rcc/ccc/ccc:2h9c|7d5c|Js6h/8s2dAs/4c/6s:-50|100|-50:p3|p1|p2
STATE:462:frc/cc/cc/rc:Js5c|7cTd|3d2s/Jh2cKc/9d/Qs:-40|40|0:p1|p2|p3
STATE:463:crrcc/crrcc/rcrrcrcc/rcrrcrcc:4s7s|2cTs|6d2d/4cQsKs/3s/6s:-210|420|-210:p2|p3|p1
STATE:464:crcrcc/crrcc/rfrc/rrf:ThQc|7d9d|6sKs/8c5d5s/7h/Td:-110|-50|160:p3|p1|p2
STATE:465:rcrcrcc/ccrcrrcc/crcc/crrcc:5cJd|9dAh|ThJs/Kd6d3h/Td/6s:-130|-130|260:p1|p2|p3
STATE:466:ccc/rrfc/crrc/rrf:Qh6c|9h8h|As3c/7dAhTh/Ac/3d:-90|100|-10:p2|p3|p1
STATE:467:rcrcrff:Td6h|Qc7d|7h4h:60|-30|-30:p3|p1|p2
STATE:468:crcc/rrcrfrc/crc/cc:3dKd|8d5s|4cTc/Qd3s7h/3h/6c:120|-40|-80:p1|p2|p3
STATE:469:cfc/rc/crrc/rrf:Jc4c|Jh8s|3cAd/2d2s5h/9s/6s:-5|-80|85:p2|p3|p1
STATE:470:ccrcc/rcc/rrrrcc/rrrcrfc:Tc8d|9h6c|5dAd/KsQd4c/Kh/7d:360|-190|-170:p3|p1|p2
STATE:471:ccc/crfrrrc/rc/rrc:6d2s|9sTs|Ks4h/9h7c2c/8d/Kh:-110|120|-10:p1|p2|p3
STATE:472:crrcc/rcc/rrrcc/rcrrrfc:7s7d|7h9d|AsQs/3c2hJh/Jd/4s:320|-180|-140:p2|p3|p1
STATE:473:rrrcc/crrfrc/rrc/cc:Js9h|5hQd|6c7h/8s4dKc/9d/2h:-40|150|-110:p3|p1|p2
STATE:474:rcc/rrcrcrcc/rcc/crcc:9c5d|8s3h|KhAc/2dTd4c/3c/Jc:-100|200|-100:p1|p2|p3
STATE:475:rrrcc/rcrcc/rcc/ccrcc:AsTh|Ad9h|6hAc/4cTs9c/6s/5d:200|-100|-100:p2|p3|p1
STATE:476:rcf/crrrrc/crrrrc/rrc:5s6h|6d9d|9cKs/Qd7cAd/9h/6c:-180|-10|190:p3|p1|p2
STATE:477:rcrfc/cc/crc/crf:9h3d|9c5d|As7s/2c5h2s/Tc/Jh:-50|70|-20:p1|p2|p3
STATE:478:rcrrcc/ccc/crrcc/rrrrcf:7d8h|9sTs|7c3h/KdKcQh/Ah/6h:-160|300|-140:p2|p3|p1
STATE:479:crrcc/crrcc/rfc/rc:QhTh|7sTs|9dTc/2h2dJh/6s/As:140|-50|-90:p3|p1|p2
STATE:480:crcc/rcc/rcrcc/rcrcc:9cQc|2dAh|4s2h/Ac3cTh/2s/8h:-110|220|-110:p1|p2|p3
STATE:481:rcc/ccrcrcf/rrc/cc:6hTs|Kc5h|Ad6s/Qd3h4h/4c/4s:-30|-80|110:p2|p3|p1
STATE:482:ccc/ccc/crrrrcc/crrrcc:6hAd|5c5h|8hJs/5d8dQs/6d/4c:-150|300|-150:p3|p1|p2
STATE:483:rcc/crcc/crcrcrrcf/crrc:6h6s|JhQd|9cTs/5hAhTc/7d/2s:240|-150|-90:p1|p2|p3
STATE:484:crrrcc/ccrcrcrrcc/rfc/crc:4hTc|3c5c|4s3s/Qh8s2c/5d/4d:200|-80|-120:p2|p3|p1
STATE:485:ccc/rcc/crrcc/rrcrrcc:5c9c|3h6d|6hJh/7h4c5d/Th/2c:-140|280|-140:p3|p1|p2
STATE:486:rrrcc/rcc/crcrcrfrc/rc:6sQs|9dJh|7sAs/Th5c5d/Qc/7c:-90|-150|240:p1|p2|p3
STATE:487:ccrrfc/cc/rc/rrc:4d4h|5s3c|Kd7h/2h3h9s/5d/3d:-10|100|-90:p2|p3|p1
STATE:488:ccc/rcrfrrc/rrrc/cc:As5c|2dAd|8c6s/AhAcKs/4s/5s:-20|130|-110:p3|p1|p2
STATE:489:rrrcc/crrrrcf/cc/rc:9cJh|6sKc|KhQh/7hJsAc/Jd/5h:-70|-100|170:p1|p2|p3
STATE:490:ccc/crcc/rrrfrf:KsQd|2s2c|2d3c/5cAcAd/8c:-40|120|-80:p2|p3|p1
STATE:491:crrcrcf/rc/cc/rrc:8dKh|9sAs|Td3h/9d7dQs/4c/Ah:-90|120|-30:p3|p1|p2
STATE:492:ccrcc/crrrcc/rrrfrc/crc:9cKd|6cTs|KhJc/KcTh5c/Tc/6s:-70|220|-150:p1|p2|p3
STATE:493:crrrcf/rf:Td3c|Kh9h|Kc3h/As5dTs:70|-30|-40:p2|p3|p1
STATE:494:rcrcc/crcc/ccrcrrrcc/crcc:6s4c|8sKd|7dKc/JhTdQs/4h/Ac:-140|70|70:p3|p1|p2
STATE:495:ccc/rrcrcc/ccrrcc/ccc:Kh7c|5sQs|Kd6s/2c9c2d/5h/2h:-80|160|-80:p1|p2|p3
STATE:496:crcrcrcc/rrrcc/crrrrcc/ccrcrrrcc:7s2h|4h3s|Kc6c/JcJd4d/4s/8c:-230|460|-230:p2|p3|p1
STATE:497:rcc/crfrrc/crc/rrf:2c8h|3h3d|5c9h/Js4d3s/9c/Ts:-90|110|-20:p3|p1|p2
STATE:498:ccrrrcc/rrcc/rrrcc/ccc:4d7h|AsTc|Qs5s/Jh4sAd/8d/9c:-120|240|-120:p1|p2|p3
STATE:499:rcc/ccrcc/rfc/rrrc:Jc6s|Qh8s|QdTd/2h9s6d/4d/3c:140|-30|-110:p2|p3|p1
STATE:500:rcrrcc/rrcc/ccrrrcc/crcc:Qs4c|Ah2d|6c3c/9h4h7c/3s/2c:280|-140|-140:p3|p1|p2
STATE:501:fcc/rc/rrrrc/rrc:9d9h|Ks6h|4c8c/8h5d3h/Jd/5h:140|-140|0:p1|p2|p3
STATE:502:crrcrcc/rrcc/rrrrcc/ccc:6d4h|2h6h|TsQc/3cKs3d/5h/2c:280|-140|-140:p2|p3|p1
STATE:503:rrfc/cc/rrc/crrc:4dKh|AdAh|3dQc/5s4h8s/5h/4s:120|-10|-110:p3|p1|p2
STATE:504:rcrcrcc/rrrcrcf/cc/cc:5h6h|Th3s|5dTd/4sJcAh/5s/As:-70|-80|150:p1|p2|p3
STATE:505:rrrfc/crrrrc/cc/rc:Js7h|2h8h|QdKc/8dQsJc/Kd/4c:120|-100|-20:p2|p3|p1
STATE:506:ccrcrcrcc/rrrcrcf/rrrrc/cc:7dAd|KdAc|6d3h/5c5hTs/9h/Ks:-70|230|-160:p3|p1|p2
STATE:507:rcc/ccrcrfc/crc/crc:7sJd|Kh2c|Tc5s/7cJcTs/6d/3s:110|-80|-30:p1|p2|p3
STATE:508:rrrcc/rrcc/ccc/ccrrcc:Th2c|Jc8c|3s3h/6sAs9s/4c/Ad:-100|-100|200:p2|p3|p1
STATE:509:cfrrc/rc/rf:5dQc|Ad5s|6c3h/2c4d8s/Js:-5|45|-40:p3|p1|p2
STATE:510:crrrcc/rrrfc/rc/rc:Th2c|8cJc|AsJh/6hQh2s/Kc/7c:-50|-110|160:p1|p2|p3
STATE:511:ccrcrrcc/ccc/rrcrcrcc/ccrcc:3d8c|JdTc|AdQd/3s4h5h/Th/9d:-140|280|-140:p2|p3|p1
STATE:512:rcrrcc/ccrrrrcc/rfc/crc:4c8s|5dKh|3h6s/6d7h4s/3d/Kc:-120|-80|200:p3|p1|p2
STATE:513:ccc/rcrcc/crrrrcc/ccc:9sAc|3cKh|Kc5s/8h2h9h/5c/Tc:220|-110|-110:p1|p2|p3
STATE:514:crcrrcc/rcrrrcf/rrrf:Ts2d|7s2s|Ks6d/5hTc4h/Qh:-70|190|-120:p2|p3|p1
STATE:515:ccc/crcc/crrcc/rcc:AhKh|5s7c|8h5c/8c5h7s/Ks/2c:-80|-80|160:p3|p1|p2
STATE:516:crcc/ccc/rrcrcf/rc:6cJc|Ah4c|8c3s/Th2h4s/Qc/5h:-100|160|-60:p1|p2|p3
STATE:517:crrcrcc/rcc/crfc/cc:QdQs|Td4h|7cJc/Ac9d8d/Ah/8c:120|-70|-50:p2|p3|p1
STATE:518:ccc/ccc/rrrrcc/ccc:Td5d|QhQd|Kh4c/As8sJd/Jh/6s:-90|180|-90:p3|p1|p2
STATE:519:rcc/crrcrrfc/cc/rrrrc:8hJh|4d5d|6h3d/9s4h3h/Ac/9d:-40|180|-140:p1|p2|p3
STATE:520:rrcrcc/crcc/rff:7cJh|Th5h|3dAs/Jd6s8s/Ts:100|-50|-50:p2|p3|p1
STATE:521:rrrcc/crcc/crrcrrcc/ccc:8d3c|3d9s|4hTc/8s3h5c/Qc/2c:260|-130|-130:p3|p1|p2
STATE:522:crrrfc/crrc/rc/crrrrc:Ac3c|7d3s|4h6c/8d6s9s/4d/2s:-20|-160|180:p1|p2|p3
STATE:523:rrrcc/crcc/ccc/rrcc:3sKs|6s3h|8d4d/KdQs8c/7c/7d:180|-90|-90:p2|p3|p1
STATE:524:ccc/ccrcrrrcc/crcc/crrcc:AsJd|3dQc|Ah7s/9h8s8h/Jh/4s:220|-110|-110:p3|p1|p2
STATE:525:crcrcrcc/crfrc/cc/crc:AdJd|Kd9c|Kh4s/Qs9sQh/8d/7c:-80|120|-40:p1|p2|p3
STATE:526:rrcrcc/rrrcc/rcrff:8sJs|3d9c|Kh3h/Ks6s4c/2d:-90|-90|180:p2|p3|p1
STATE:527:crrrcf/crrrc/crc/crrc:Qc8d|2cKs|3cJs/Td9d6d/2s/Jc:160|-30|-130:p3|p1|p2
STATE:528:crcrrcc/crrrcrcc/ccc/rcrrrcc:6c4s|5c4h|Td4c/Ac5sAs/4d/Ad:-160|320|-160:p1|p2|p3
STATE:529:rfrc/rrrrc/rrrrc/cc:5h2s|TcTh|9h3d/KsAs7h/Jc/8d:-5|155|-150:p2|p3|p1
STATE:530:rcc/rrcc/rrrrcc/ccc:5cJs|8s2d|7h5s/Jd2hKs/6c/Kd:240|-120|-120:p3|p1|p2
STATE:531:rrfc/rrc/rc/rc:Ah5c|Kc5h|5sQs/4s7d6h/7s/8c:5|-10|5:p1|p2|p3
STATE:532:frf:9dJc|4d5h|3sAs:10|-10|0:p2|p3|p1
STATE:533:frrrf:Tc7h|Jc8c|6cQs:30|-30|0:p3|p1|p2
STATE:534:ccc/ccc/rrfrc/crc:Qh3c|4s7c|QsJc/2h5cQc/2s/4h:100|-90|-10:p1|p2|p3
STATE:535:cfc/rrrc/rrc/rrrc:4h4d|Td9d|JdJc/8c2sQd/6s/9s:-5|-140|145:p2|p3|p1
STATE:536:rfc/crc/rc/cc:4sJd|6s4c|8cAd/9sQhKd/Ks/Jc:-5|-50|55:p3|p1|p2
STATE:537:crcc/rrcc/rcc/rcrrrcf:4hTs|5sTh|Kh5d/Qh6cKd/Tc/Qd:-120|-140|260:p1|p2|p3
STATE:538:fcrc/rc/cc/cc:2dQh|3dTs|6h5s/As9h8h/Ad/Tc:-30|30|0:p2|p3|p1
STATE:539:crfrc/crrc/rrrc/crc:Td6c|9cKh|6h7s/JcJd2c/5h/4h:140|-10|-130:p3|p1|p2
STATE:540:ccc/rfc/rf:6sTc|4d9s|Ah2c/Kh3s3c/4h:30|-10|-20:p1|p2|p3
STATE:541:ccc/crrcc/rrrrcc/ccrrrrcc:As9s|AdTs|9d2h/KcTh8h/6h/4h:-190|-190|380:p2|p3|p1
STATE:542:ccc/rcc/ccrrcc/crrcf:KcJc|Qc2c|7c6s/7hTdAd/9d/Ac:-100|-80|180:p3|p1|p2
STATE:543:ccrcc/crrcrcrcc/crrff:5dQs|Kd8d|7sAs/8cAdTs/3d:-60|-80|140:p1|p2|p3
STATE:544:rrrcf/rrc/rc/crc:7c6c|2h4c|Ac3d/KsJdKd/9h/Kh:-30|-100|130:p2|p3|p1
STATE:545:crcrrcc/crcrrrcf/rc/rc:6c3c|KcAd|4sJd/QhTdJs/2s/9c:-120|-70|190:p3|p1|p2
STATE:546:crrcc/rcc/rrrcc/crcc:5s7h|7dAc|5h3h/5dAs2h/Qs/6s:-120|240|-120:p1|p2|p3
STATE:547:rcrrfc/cc/rrc/cc:Kh8s|Ah7h|5sKs/4d9sTd/Jh/Th:-20|100|-80:p2|p3|p1
STATE:548:crcrrcc/ccc/crcrcrrcc/rrrrcc:2h3c|AsQc|9sQh/JcJh6h/3h/Qd:-200|400|-200:p3|p1|p2
STATE:549:rcc/rrcc/rrrrcc/rrfc:KdAs|Ad3c|2s7s/9cJcTd/6h/9s:280|-160|-120:p1|p2|p3
STATE:550:fcrc/rc/rc/crc:Td5s|4cJs|Jd7s/6h7dKc/4s/Th:70|-70|0:p2|p3|p1
STATE:551:crrrcc/ccc/rrrcrcc/crrcc:Jc8s|5s9c|5d7c/8hTsQh/Ad/Ah:320|-160|-160:p3|p1|p2
STATE:552:ccc/rrrrcc/rcc/ccc:QcKd|5d5h|8d3s/7dQh7s/7h/9d:140|-70|-70:p1|p2|p3
STATE:553:rcc/rcc/rrrcf/rc:3dKd|8c5h|4dKs/Ts5s6d/Js/6c:35|-70|35:p2|p3|p1
STATE:554:rrrcc/crcrrcc/rrrrcf/crrc:7c5s|Th9c|Qc2h/2dAcQh/Jh/2c:65|65|-130:p3|p1|p2
STATE:555:rcc/rrrrcc/crcc/ccrcrfrc:4c5c|Tc9s|Jh3s/Th7cAs/9d/8c:-140|240|-100:p1|p2|p3
STATE:556:rrrcc/ccc/rrcrrcf/rrrrf:TdKh|2dAc|8sTh/TsQc9c/Kd/4h:-100|-180|280:p2|p3|p1
STATE:557:crcrrcc/crcrcc/crcc/rcc:3c5c|3h9c|Tc6s/Js5h6d/8h/4c:-100|-100|200:p3|p1|p2
STATE:558:crcrcc/crrrrcf/rc/cc:7c8h|7d2s|9dJh/Ks4c2c/2h/5s:-60|150|-90:p1|p2|p3
STATE:559:rcrcc/rrcc/crcc/crrrcrfc:QhTc|KhJd|2cAh/7d6c9s/8c/Ad:-130|-150|280:p2|p3|p1
STATE:560:rrrcc/ccrcc/rcrcrrcc/ccrcc:JdAc|Js7h|3h3d/8dJhTc/2c/5c:300|-150|-150:p3|p1|p2
STATE:561:crcrrcc/ccc/rcrcrrcc/rrcrrcc:Th3h|Qh5d|Qc4s/9h7hTc/Jh/2c:400|-200|-200:p1|p2|p3
STATE:562:crrcrcc/rcc/rrrcc/crcc:As7s|8h6d|4dAd/Tc6sKd/2d/5c:-130|260|-130:p2|p3|p1
STATE:563:frc/rc/rc/rc:JhQs|QdKs|2c3h/5sJs8s/5h/6s:-70|70|0:p3|p1|p2
STATE:564:rrfc/rrc/rc/rrc:7d2d|6dQh|AdQd/3dTcTd/8c/4s:-110|-10|120:p1|p2|p3
STATE:565:frc/crc/rf:5c4h|3cQs|4cAs/8sTdKh/9c:30|-30|0:p2|p3|p1
STATE:566:rrcrcc/crrrrcc/ccc/ccrcc:6d7h|3sKc|Ts5c/8s9dKd/8h/6h:-100|200|-100:p3|p1|p2
STATE:567:ccrrfc/rrrc/crc/rrc:6d5c|KsAd|Ts2h/6h5s7d/7s/Th:-10|-120|130:p1|p2|p3
STATE:568:ccrrcrcc/crfc/crrrrc/rc:JdKh|5d4h|Qs7s/8c6dJs/8h/9s:190|-150|-40:p2|p3|p1
STATE:569:rrrcc/crrcf/rc/rc:6c7s|8d4s|Kd9s/7c7hQh/Ac/3c:150|-50|-100:p3|p1|p2
STATE:570:ccc/ccrcc/crcc/rcrcrcc:6dJh|Ah9d|KcJc/7h5dJs/5h/2s:-100|-100|200:p1|p2|p3
STATE:571:ccc/crcc/rcrrrcc/ccc:Th5d|JdTd|Tc3s/3c9d6d/Ad/7h:-100|200|-100:p2|p3|p1
STATE:572:rrrcc/rrrcrcc/rrrcrcf/rc:5d3s|QdTd|6d4s/5hAc9s/8s/7d:-140|-180|320:p3|p1|p2
STATE:573:frrrc/rc/rrc/rc:3sQs|6h3c|6sJc/4d4s8d/7d/2s:110|-110|0:p1|p2|p3
STATE:574:rfc/crc/rrc/rrc:9dKs|4s5h|TcAd/6dQc7d/8s/As:-5|115|-110:p2|p3|p1
STATE:575:ccc/ccc/crcc/rcrrcc:6hAh|2dKc|7cKh/Td9c5h/2h/8h:180|-90|-90:p3|p1|p2
STATE:576:rcf/cc/rrf:3cJh|6h7d|Kh7c/Ac8dTh/6c:-40|-10|50:p1|p2|p3
STATE:577:rfrrc/rc/rc/rc:6d9s|2dTh|7c3d/Tc6s8c/3h/Kh:-5|95|-90:p2|p3|p1
STATE:578:rfrrc/cc/cc/crrf:7d2s|AcTh|8d5s/3h6cQs/As/8h:-5|65|-60:p3|p1|p2
STATE:579:rcc/crcrcc/crrrrcc/rcrrcrcc:Jh9d|8c2c|TcJs/AhJcTd/5d/Kh:-200|-200|400:p1|p2|p3
STATE:580:crrcrcc/rrrrcc/rrfrc/crc:Tc6d|AsJd|5h9s/6hThQs/4s/4h:240|-160|-80:p2|p3|p1
STATE:581:rrcrcc/rcc/crrcrfrc/rc:Kc6s|8h3h|8sJh/Tc9cAs/Kh/4h:240|-150|-90:p3|p1|p2
STATE:582:rrrcc/crrcrrcc/rrrrcc/crrrrcf:8d7d|9sAd|4c5d/2h2dJc/3h/Js:-220|460|-240:p1|p2|p3
STATE:583:rcc/crrrcrcc/rrrrcc/rcc:5sTd|Jd5d|2c9h/Ac4cQc/8d/8c:-160|-160|320:p2|p3|p1
STATE:584:ccrcc/rrcc/rfc/rc:3c9s|7hAh|3s9d/Js5h6c/8h/Jh:20|-40|20:p3|p1|p2
STATE:585:rcc/crrrcf/cc/rc:Ad3c|7h8h|4d7s/Js3h6d/Ah/7c:110|-70|-40:p1|p2|p3
STATE:586:ccrrcf/crc/rc/rrrc:3c3d|3s4c|9cJs/7c2h3h/7s/5h:140|-20|-120:p2|p3|p1
STATE:587:crfrrc/rrc/rf:Qd7d|5c7c|3sKd/8sKc6d/9s:70|-10|-60:p3|p1|p2
STATE:588:rrcrfc/crrc/rc/crc:Jd8c|9c5c|2h3c/Kh6dTd/Kc/6h:-30|15|15:p1|p2|p3
STATE:589:ccrrrcc/crcrrrcc/ccc/rrrcrcf:2hQc|8hJs|KdKc/JdAcJh/8s/4d:-140|300|-160:p2|p3|p1
STATE:590:crcrcrcc/crcf/rrrrc/rrf:5cKd|5d6s|3d9s/ThJcQs/6c/2d:-40|-150|190:p3|p1|p2
STATE:591:rcf/rrrrc/crc/rrf:8c7s|4s7h|QdTs/Ad2c8d/Qs/Jh:-100|-10|110:p1|p2|p3
STATE:592:frc/rc/crrrc/rrrc:7hTh|Ad9c|5hKh/JsQd7c/Tc/Ts:150|-150|0:p2|p3|p1
STATE:593:rcrcc/crcrrcf/rc/crc:4h2s|2cJc|3sAh/5dTcQs/2h/3d:-50|-100|150:p3|p1|p2
STATE:594:fcc/rrrc/rrrc/crrrc:AhTs|3d8s|3c5h/8hAd2h/2c/Tc:160|-160|0:p1|p2|p3
STATE:595:rcrcrcc/rcrrrcc/rrcc/ccc:Qd8d|Qc4c|JsQs/8h5c5h/6h/Ac:240|-120|-120:p2|p3|p1
STATE:596:rcrrcc/rrrrcf/cc/crrc:4d5d|4sJs|5h7c/8s4c8c/9h/6c:-120|190|-70:p3|p1|p2
STATE:597:rrrcc/crrrrcc/ccc/ccrcc:9d7h|Kh9c|6cJd/Ac3h3s/Qd/4h:-100|200|-100:p1|p2|p3
STATE:598:crcf/rrc/cc/rrrc:8cAd|5dQh|Jh3c/9d6s9c/Kh/3s:110|-100|-10:p2|p3|p1
STATE:599:crrcc/rrrcrcc/rrcrrcc/crcrcrcrcc:4dAs|3sAd|6c9c/4h7dKc/9d/Jd:-230|-230|460:p3|p1|p2
STATE:600:rcrcc/ccc/crcrrcc/ccrrrcc:4h7c|AdAs|6h7d/3s2cKd/6s/3c:-150|300|-150:p1|p2|p3
STATE:601:rrcc/ccrcf/rrrrc/rc:3hKc|7c9c|Tc7s/Ah4c9d/8d/2c:170|-30|-140:p2|p3|p1
STATE:602:crrrcc/rrcf/cc/cc:Kc6s|Qc6h|6d7c/5h5cTc/Ah/4h:-50|110|-60:p3|p1|p2
STATE:603:fcc/rrrrc/rc/crc:5h9s|7d8d|4dAd/TcJs2s/6h/4s:90|-90|0:p1|p2|p3
STATE:604:ccrrrcc/rrcc/ccc/crcc:5dJd|6d8d|Th6s/2c9sTd/5h/8c:-80|-80|160:p2|p3|p1
STATE:605:crcrcc/rfrrc/crrrc/crc:AsKs|TcQh|3c4c/JcJd2s/2c/8h:170|-30|-140:p3|p1|p2
STATE:606:ccc/rcrcc/ccc/ccc:7cJs|Th8s|Qh6h/2s3hAc/Qs/Td:-30|-30|60:p1|p2|p3
STATE:607:crrrcc/crfrrc/crf:2c8h|6cKh|3sQs/4d6hKs/9d:-70|110|-40:p2|p3|p1
STATE:608:cfc/rc/crc/rc:Th5d|9dTc|7sJc/4cAh4h/7c/6s:-5|-60|65:p3|p1|p2
STATE:609:ccrrrfc/crc/cc/crf:6c2c|7h6d|KsQs/2hKc3h/9h/5h:-50|-20|70:p1|p2|p3
STATE:610:rcc/rcc/crrrrcc/crrcc:8h5c|Tc6s|Ac9c/9h4dTs/As/6h:-150|-150|300:p2|p3|p1
STATE:611:ccc/crcc/crcc/rrcc:9s7c|7s9c|3d3s/5c5s5d/7h/8c:40|40|-80:p3|p1|p2
STATE:612:frc/crrrc/crc/rc:As2d|Qs9s|2sTh/Qd9hKs/2h/4h:-90|90|0:p1|p2|p3
STATE:613:frc/crrf:4d7d|2c9d|JhTd/QsAdTh:30|-30|0:p2|p3|p1
STATE:614:rcrcrcc/rcc/rrcc/rrcrfrc:TsKs|JsKd|9d3c/Tc3dQh/Qs/Ac:300|-130|-170:p3|p1|p2
STATE:615:ccrcrrcc/ccrrrcc/rcc/crcrrrcc:AhQd|4cKs|AsKc/5c6sJh/Ac/9s:-170|-170|340:p1|p2|p3
STATE:616:ccc/ccc/ccc/rrcc:2d7s|7c6s|QhQd/6c9c2h/Th/Jc:-50|-50|100:p2|p3|p1
STATE:617:ccc/crcrcc/rcc/rrfrc:KsAc|6dQc|9d8c/KdKc9s/5d/3d:160|-110|-50:p3|p1|p2
STATE:618:ccrrfrc/rrrrc/crrc/cc:KdTh|Kh6c|8s7d/QsQh3s/7s/5s:-10|-120|130:p1|p2|p3
STATE:619:ccrcc/rcrrrfc/rc/crc:3d4c|Ah8c|6hJh/9cJs3c/9h/7c:140|-100|-40:p2|p3|p1
STATE:620:rcrrcc/ccrcf/rc/crrc:2h5h|Kh7s|8h2c/9c7h4d/5d/Kd:150|-40|-110:p3|p1|p2
STATE:621:frrrc/rrc/rrc/crf:Kd9c|Jh8d|Qc9h/Jc7c2h/Tc/Qd:-100|100|0:p1|p2|p3
STATE:622:ccrrrcf/cc/crc/rc:AdTs|5d9c|9hJc/8s3c2s/Qc/2c:110|-80|-30:p2|p3|p1
STATE:623:ccrrrcf/crc/cc/rc:Jd8d|Tc6s|As5h/Kc4h5d/3s/4s:100|-70|-30:p3|p1|p2
STATE:624:ccc/rrcc/rcrrcc/rcc:5hQs|2c7s|2dKd/9hJc4d/Ac/3d:-110|-110|220:p1|p2|p3
STATE:625:rrcrcc/rrcc/crcc/ccrrcf:Qd5h|KdAc|6cJh/QcTcAd/7d/5d:220|-120|-100:p2|p3|p1
STATE:626:crrfc/rrrc/rrc/cc:9c8d|6hQs|AcAs/8hQh2d/Td/Jc:110|-100|-10:p3|p1|p2
STATE:627:ccc/rcc/ccrcrcc/crrcc:4c2c|7c7s|5d8d/QsTcTs/2d/Qc:-100|-100|200:p1|p2|p3
STATE:628:crrcf/rrrc/crc/rrf:7c8s|TcAd|Ac6d/3s2s8d/6c/2h:-20|-100|120:p2|p3|p1
STATE:629:ccc/rcc/ccrcrcrfc/rrrc:4sAs|Ks4h|Jh2s/8dTc9c/8h/Qc:-140|-60|200:p3|p1|p2
STATE:630:ccrcc/rrrcf/rrc/rrrrc:TcAs|Td7c|3d9s/5sAc4h/2h/2d:-170|-40|210:p1|p2|p3
STATE:631:rcf/rrc/rrc/rrc:Ts5h|Qd6h|3dQs/2h7s8d/Js/2s:-120|-10|130:p2|p3|p1
STATE:632:crrrfc/crrc/crrc/rrc:2h5c|KdKh|9d3s/Qd4c5h/Kc/Ts:-20|160|-140:p3|p1|p2
STATE:633:crcc/rcc/rcc/rcc:7dTs|5d3c|7c8h/AsJh7s/Jd/5c:35|-70|35:p1|p2|p3
STATE:634:rcrrcf/rrc/rc/rrc:9c5s|5c4d|QdKs/TdTc3s/Qs/7s:-120|-30|150:p2|p3|p1
STATE:635:crrrfc/crrf:5sQh|KhTs|QsKs/3h4cKc:-20|70|-50:p3|p1|p2
STATE:636:crrcrcc/rcc/crfc/cc:9c4d|Qc8s|9dJc/7s4c4s/5d/3c:120|-70|-50:p1|p2|p3
STATE:637:crfrrc/rf:9s2s|7h6s|8c6h/2d9dTd:50|-10|-40:p2|p3|p1
STATE:638:crrrcc/rrrrcf/crrc/crrrc:2sKs|Qd5h|TcAh/2h4s7d/Td/Kd:250|-180|-70:p3|p1|p2
STATE:639:rcrrcc/rrrcf/rc/rc:Td5s|7c8c|4cKc/7sJhKd/Ad/Ah:-110|-60|170:p1|p2|p3
STATE:640:rcrcrcc/rcrcc/rcc/rrrrcc:Tc4d|3c3s|2h8h/2sQh4s/5h/Ah:-160|-160|320:p2|p3|p1
STATE:641:ccrfrc/crrrrc/rc/rrrc:As3d|6s7s|2s5s/3c2c6h/4s/7c:-150|160|-10:p3|p1|p2
STATE:642:rcc/ccrrcc/rcrcrcrcc/rcrrrcc:9h4s|QdTd|2dQs/8cKhQc/3c/7s:-200|400|-200:p1|p2|p3
STATE:643:ccrcrcrcc/crcrcrcrfc/cc/cc:2d8d|KhJc|5dAc/Qc4c6d/Td/Ad:150|-80|-70:p2|p3|p1
STATE:644:ccc/ccrcc/rfrrrc/rc:JdQs|9c9s|Ac5d/As7cTc/6h/4d:-120|-20|140:p3|p1|p2
STATE:645:rcc/rcc/ccc/crcrcf:6sQh|9c7h|3hJh/5s8dAc/8h/Ks:120|-70|-50:p1|p2|p3
STATE:646:rrrcc/ccc/crcrcrrcc/rrcrrcc:QhJc|7d8s|3cTh/Kh4c3d/9d/8c:-200|400|-200:p2|p3|p1
STATE:647:rrcc/ccrrrcrcc/ccc/crrrcrfc:Qc8h|2h2d|AcJd/Kc6h4c/3c/Jh:-130|-150|280:p3|p1|p2
STATE:648:crrrfc/rc/rrrrc/rrc:9s5s|Jh5h|8cQc/7c7h6h/9h/Tc:-20|190|-170:p1|p2|p3
STATE:649:rcrcf/crc/cc/cc:6sAc|5s3d|Kc5d/QsQcTs/Jh/7c:-20|-40|60:p2|p3|p1
STATE:650:ccc/rrcrcrcc/ccc/rrrrcc:5h9h|JhJd|AcQc/KcAd6h/Qh/Tc:-130|260|-130:p3|p1|p2
STATE:651:crcrfc/cc/cc/rrrrf:AdAc|3s3d|5d8s/TcJsJc/6h/As:-20|-90|110:p1|p2|p3
STATE:652:rcrrfc/rc/rrrf:Ks6s|3c7c|Ah9c/AsJcJs/5c:-20|110|-90:p2|p3|p1
STATE:653:rrcf/cc/rc/rc:3sAh|5d3h|Kc7h/9hTd8s/Qh/5h:-70|90|-20:p3|p1|p2
STATE:654:rcrrcc/ccc/ccrrrcrcc/rcc:5h2h|6d6h|KhJd/7sAdJh/3h/9s:-140|-140|280:p1|p2|p3
STATE:655:ccc/ccc/rfrrrc/rc:2sKc|KsTh|Jc4d/7h8h6d/Kd/2h:120|-10|-110:p2|p3|p1
STATE:656:rrcrcc/crrrrcc/rrcc/rcrcc:Ad7h|Js8s|5d8d/5sTs4d/4c/4s:-160|-160|320:p3|p1|p2
STATE:657:crcc/crrrcc/rcc/crfrrc:Tc2s|Ac5c|9d7s/Ah6s6d/9c/Qd:-130|200|-70:p1|p2|p3
STATE:658:crrrcc/crrrrcc/rrrrcc/rcrcc:Td7c|9h2d|5hQh/7h6h3d/Qd/Tc:400|-200|-200:p2|p3|p1
STATE:659:frc/rc/cc/cc:JcAc|4s5c|QhAs/4cQcQs/Ad/9s:30|-30|0:p3|p1|p2
STATE:660:rrrcc/rcrcc/rrcrrcf/crrrc:2hKh|3cKs|4dAd/3s8h2c/5s/2s:-120|-200|320:p1|p2|p3
STATE:661:ccc/crcc/rrcc/rcrrrfc:Qs9h|TsJs|7d7h/AdQc3s/4s/As:-140|240|-100:p2|p3|p1
STATE:662:ccc/crrrrcf/crc/cc:3hJc|4dAc|2c4s/TcQd7d/8d/3d:-40|110|-70:p3|p1|p2
STATE:663:crcrrfc/cc/cc/rc:2dKd|QhAh|9h3s/5dQcKh/2s/Ts:80|-20|-60:p1|p2|p3
STATE:664:crrrcc/crrrrcc/rfc/rrrrc:Kc5c|7s4h|3d5d/3s6s9s/9d/8h:-180|-80|260:p2|p3|p1
STATE:665:rcc/rrcrcf/rc/rrf:2cAd|8s6s|3d4h/5hKd4d/Js/9d:-90|130|-40:p3|p1|p2
STATE:666:rrcrcc/crrfc/rc/crrrrc:8c7s|6dQd|7c5c/TcTs7h/2c/Ks:-40|-160|200:p1|p2|p3
STATE:667:crrcrcc/crcrcc/ccc/crrcc:AdKh|Qd4h|5d5h/9c4d6d/Tc/Jc:-100|-100|200:p2|p3|p1
STATE:668:crcc/crcrrrcc/crcc/rcc:4c4h|JsKs|Ad9s/3s5c8s/Qc/5s:-100|200|-100:p3|p1|p2
STATE:669:rrrcc/crrcrcc/rrrrcc/rcc:AdTd|Qd2s|3dJd/Tc8d5d/2h/3s:340|-170|-170:p1|p2|p3
STATE:670:rfc/rc/rc/rrc:ThJd|9d2s|QsTd/2hTcTs/Ah/Qc:-5|-90|95:p2|p3|p1
STATE:671:fcrc/rc/crc/cc:6c9h|4h3h|4d8h/QsKdTs/6d/As:50|-50|0:p3|p1|p2
STATE:672:ccrrcrfc/rf:7sTs|Ad4c|4dJd/6dQsAs:70|-40|-30:p1|p2|p3
STATE:673:crrrcc/crrrcc/rcrcc/rcrcf:7hAd|QdAs|7s8d/2c9d3h/8h/4d:-150|-130|280:p2|p3|p1
STATE:674:rcc/rrcc/rrrrcc/rrfrc:5c6d|6hAs|Tc9c/4hKdTh/8h/Jh:-180|300|-120:p3|p1|p2
STATE:675:rrrcf/rrrrc/cc/rc:3d5h|KsKd|4sTs/QdTh5d/9s/Jc:-30|130|-100:p1|p2|p3
STATE:676:crrcrcc/rrcrrcc/crrrcrcc/rrcf:5sKd|AdAs|4s9c/2hAh6s/8c/Ac:-180|380|-200:p2|p3|p1
STATE:677:ccrcc/ccc/rcrcf/rrf:7dAd|As9c|8s4c/AhTs2d/3s/9h:-80|-40|120:p3|p1|p2
STATE:678:rrcrfc/rc/cc/rrc:2cJd|Kh7h|9hTd/3h2hJs/5c/Tc:-30|-90|120:p1|p2|p3
STATE:679:rcrrcf/rc/cc/rrrc:4sAc|8s2d|Kc9c/7cQdKd/Ts/3s:-110|-30|140:p2|p3|p1
STATE:680:crrcc/ccrcrrrcc/ccc/ccrrrcc:9d5s|6sJc|6h5c/5hKcQs/Qh/Td:65|-130|65:p3|p1|p2
STATE:681:rcc/ccc/rcc/rrcrfc:2c5c|5s7h|4dTs/4h7cKd/Jh/8h:-100|-80|180:p1|p2|p3
STATE:682:crcc/rrcc/crrcc/crrrrcc:2c2h|4s6c|5cTs/JsKcJh/8s/8h:0|0|0:p2|p3|p1
STATE:683:rrcc/crfc/cc/cc:4s7s|5dQc|Ad5c/8d4h3h/9h/5s:-40|70|-30:p3|p1|p2
STATE:684:rcc/crcc/rrcrrcc/crcc:9c4d|7d9s|6d8d/TcJcQc/4c/Qd:260|-130|-130:p1|p2|p3
STATE:685:rcc/ccc/rrrrfc/rc:2dAd|JhTc|3c8s/9hQdJd/3d/6c:180|-60|-120:p2|p3|p1
STATE:686:rcrrcf/rc/rc/rrf:7c5s|4d3s|8c4h/2sJc2h/3h/3c:-90|-30|120:p3|p1|p2
STATE:687:rcrcf/crc/rc/rrc:8d9d|5c6d|2dKs/As5hTh/4s/Ad:-20|120|-100:p1|p2|p3
STATE:688:rrrcc/ccrcrrrcc/rfrc/rrc:KhQd|4hAh|5s4c/8h7c7h/Jh/As:240|-80|-160:p2|p3|p1
STATE:689:crfc/rc/cc/crrrc:4d2c|Js4h|4c3s/5c2h6d/Qc/9h:-90|-10|100:p3|p1|p2
STATE:690:rcc/rcrcrfc/rc/rrc:3s3c|4h8d|AhTh/AsJd3h/8h/6d:150|-110|-40:p1|p2|p3
STATE:691:crrcrcc/rcc/ccc/crrrfrc:9cKh|Ts4c|JsJc/9h7hKs/8d/Qd:200|-70|-130:p2|p3|p1
STATE:692:crcrcrcc/rcc/crrrcrcc/ccrrrfc:4hTh|QdAc|9hTc/9d6s5s/3h/Ts:340|-190|-150:p3|p1|p2
STATE:693:rcc/crrrcrcf/rc/cc:2c9s|Jh5c|QhKh/7d3c6s/Qd/Qs:-80|-50|130:p1|p2|p3
STATE:694:rrcc/crcc/ccrrcc/rcc:Kd4s|QhAd|9h2h/3cTs6c/Qc/8c:-100|200|-100:p2|p3|p1
STATE:695:rcc/rrcrrcc/rrcrcc/crcc:Qc4d|9sKh|Jd8s/5c8h4c/3h/Jh:-140|-140|280:p3|p1|p2
STATE:696:ccrrrcc/rcc/rcc/ccc:7s2h|Td4s|6c3h/5s8hJc/Th/Ts:-70|140|-70:p1|p2|p3
STATE:697:ccc/ccrcc/rrcrrcc/crcc:Qh9d|Qs5h|2hAs/3cAhJc/Jh/7c:-120|-120|240:p2|p3|p1
STATE:698:crrrcc/rrrcrfc/rf:JdKh|2c3s|6c9d/4dTd7s/5s:150|-80|-70:p3|p1|p2
STATE:699:crrrcc/ccc/ccrcf/crrrrc:5hTc|4c5s|7c3h/7d9cTh/6c/3s:-140|-40|180:p1|p2|p3
STATE:700:frrrc/rrc/rrc/cc:7hAd|Qd6s|6dTh/2c8c9s/Ac/2s:100|-100|0:p2|p3|p1
STATE:701:ccc/rcrcc/ccc/rcc:6cTh|9d5d|JsJh/Qd8c7s/Qs/4s:-50|-50|100:p3|p1|p2
STATE:702:rrrcc/crrcf/cc/crrc:JhQh|6h8s|3d2s/Ad4s5s/8c/Kh:-100|-50|150:p1|p2|p3
STATE:703:ccrrcrcc/ccc/rcf/cc:2d8d|7c6h|2hKd/8hTs8c/3h/Jh:100|-60|-40:p2|p3|p1
STATE:704:crcrrcc/ccrcc/rrrcc/rcc:2dTs|4c3c|Qd2s/Ks2c9d/As/Kd:65|-130|65:p3|p1|p2
STATE:705:rcrcrcc/rrrrcc/rcrrrcf/rrc:4d7h|5s5d|3h6h/Ah7c4s/2s/6c:-140|-200|340:p1|p2|p3
STATE:706:crrrcc/rrcf/rc/rc:5s6d|2d4d|Qh9c/Kh9h3h/Qs/Jc:-50|-100|150:p2|p3|p1
STATE:707:rfc/crc/cc/crc:Js2c|Tc3s|7s8d/Ts9s9d/9c/3h:-5|55|-50:p3|p1|p2
STATE:708:crcc/ccc/ccc/crcc:3sQd|4h2s|6c3d/Th6s9c/6h/4d:-40|-40|80:p1|p2|p3
STATE:709:rrcf/cc/rc/rrc:QdKc|5c2s|7hTh/JdTc6h/5d/Jh:-90|110|-20:p2|p3|p1
STATE:710:ccc/rrrrfc/rc/cc:AdQs|6hKc|Qd4c/3d9c6c/6d/Qh:100|-30|-70:p3|p1|p2
STATE:711:crrcc/rfrrc/crrc/crrrc:JhKh|5cJc|QsTs/7h2h5d/7d/4s:190|-30|-160:p1|p2|p3
STATE:712:rrrcf/crc/rrrc/crc:Ah3c|As3h|8c9d/9hKcAd/4c/Td:-30|160|-130:p2|p3|p1
STATE:713:ccrrcc/rrrcc/crrrcrcc/rrrrcc:9s2h|7dAs|5h7c/Td5sJs/4s/9h:440|-220|-220:p3|p1|p2
STATE:714:rrcrcc/rrcc/rrrcrcc/rrrcrcc:KcTs|3s8c|7sJh/2c8d6c/Kd/3d:-220|440|-220:p1|p2|p3
STATE:715:ccrrcrcf/rc/cc/crrc:9sTc|2s4c|Qh6c/8dJd9c/Ts/Kd:-30|-90|120:p2|p3|p1
STATE:716:ccrcrcrcf/crc/crc/rrc:5hKh|Qd8s|Qc9s/3c3h6c/Th/5c:140|-30|-110:p3|p1|p2
STATE:717:crcrcc/ccc/crrcf/crc:Kc6s|KsKh|5cQs/6h6c3h/4h/4c:140|-50|-90:p1|p2|p3
STATE:718:ccc/crrrrcc/rcc/rcrrrcc:4h6d|Kh5h|7h7d/KdQhAd/Qs/Jh:-150|300|-150:p2|p3|p1
STATE:719:crrrcf/cc/rrc/cc:4d5s|AsQs|9c5d/Qh6cTc/2s/Th:-80|-30|110:p3|p1|p2
STATE:720:cfrrc/rrrc/crrc/crrc:Qs7s|3sKc|7hJd/2d9c5h/Qc/Ac:-5|145|-140:p1|p2|p3
STATE:721:rcc/rrfc/crrrc/rrrrc:Jh7c|6d8c|KhKd/9s2sJs/7s/2c:200|-180|-20:p2|p3|p1
STATE:722:crrcc/crrrfc/crc/rc:JsTc|KdJh|4h9d/2d6c5c/6s/9c:-100|-40|140:p3|p1|p2
STATE:723:frrrf:5s4s|AhKs|Th4d:30|-30|0:p1|p2|p3
STATE:724:cfrrrc/cc/crc/rc:5c7d|8dQs|9h4s/7sQhJs/Qd/Kc:-5|85|-80:p2|p3|p1
STATE:725:crrcrcc/rrrrcc/rrcc/ccc:3c7c|TcKd|Jh9c/5h6d9s/Qc/6s:-120|-120|240:p3|p1|p2
STATE:726:ccc/crcrrcrcc/ccc/rrrrcc:9c9h|4cQs|Qh6c/2s2c3c/Qc/3d:-130|-130|260:p1|p2|p3
STATE:727:rcc/rrcrrff:Ad4h|6cKs|2d3d/TsTh4d:-50|90|-40:p2|p3|p1
STATE:728:rcrfc/rc/rc/cc:7s5s|Ts6s|9h5d/7cKh3c/4h/5c:-60|80|-20:p3|p1|p2
STATE:729:rrrcf/crrc/crrc/crrrrc:2cJc|Ks9s|2h7s/As6s3c/Qs/4d:-30|210|-180:p1|p2|p3
STATE:730:ccc/ccc/crcrfc/crc:7h9d|TsQs|Jc3c/Jh5dTc/Kc/8s:100|-30|-70:p2|p3|p1
STATE:731:crcrrcc/crrcf/rc/crc:9c5h|7cQh|Th5s/8dKdTs/3d/Qc:-100|-50|150:p3|p1|p2
STATE:732:ccrrcc/rrcc/ccrcrrcrcc/crrcc:5d5s|Td2h|2d4h/4cQcKc/3c/2c:0|0|0:p1|p2|p3
STATE:733:rrcrcc/ccrcc/rcrcc/rrrcc:8h2s|Qs5d|5c2d/4h8s7s/6h/Td:-150|75|75:p2|p3|p1
STATE:734:rfrrc/cc/cc/crrrrc:4d7d|ThKd|Ac5d/KhAs3h/Qh/5h:-5|125|-120:p3|p1|p2
STATE:735:rfrrc/cc/rc/rc:4h8s|7h6d|Ks6c/7d4d3h/Td/As:-5|85|-80:p1|p2|p3
STATE:736:rrrcf/cc/rrrrc/cc:Ac3s|KsAd|8s4s/4h3cKd/Th/Ah:-30|150|-120:p2|p3|p1
STATE:737:ccrcrcc/crrcrcc/ccrcc/ccc:7c7s|4c3s|6d5d/5cJcQs/3d/8d:160|-80|-80:p3|p1|p2
STATE:738:crcc/crcrfc/rc/cc:Ah4s|Ks4d|2s5c/Jc8hAd/8s/Th:90|-30|-60:p1|p2|p3
STATE:739:rcc/crfc/cc/rrc:7h3s|KhJh|4hJd/9d5d9h/6d/Ts:-70|90|-20:p2|p3|p1
STATE:740:rfc/rrc/rc/crf:AhJh|TsKd|2dJs/Qh5h6d/Qs/2c:-5|-60|65:p3|p1|p2
STATE:741:rrrcc/rcf/rc/rc:6c5c|KsJh|5h3d/4cAd9h/Kc/9d:-90|130|-40:p1|p2|p3
STATE:742:ccrcc/rrfrrc/crc/rf:4c9c|4s5c|KsAh/9s7dQh/7c/6d:100|-80|-20:p2|p3|p1
STATE:743:crrcc/ccrcrrrcc/rrrrcc/rrcc:QsKs|Ah7h|Js9c/JhTs3c/8c/2c:-190|-190|380:p3|p1|p2
STATE:744:frrrc/cc/crc/cc:QdAh|3cKc|Kd2c/Ts9d5c/Tc/7d:60|-60|0:p1|p2|p3
STATE:745:ccc/rrcc/ccrrrfc/crc:5d2h|Js8d|3dTd/AdJd6d/9s/Jc:-110|160|-50:p2|p3|p1
STATE:746:crrrcc/crcrrrcc/ccc/ccrcc:9hTh|AcKd|2cJs/5c7cQh/Kh/7d:-100|200|-100:p3|p1|p2
STATE:747:rcrrcc/crrrcrcc/rrrcc/rrrrcc:ThAd|4sQs|JsQh/5hKd9s/Qd/4d:-220|440|-220:p1|p2|p3
STATE:748:frrc/cc/rf:8h4d|Tc6d|TdQd/9h4cKh/3c:30|-30|0:p2|p3|p1
STATE:749:cfc/rrrc/rrrc/crrc:8h2d|As4d|2cAc/5d4s4h/Td/6d:-5|145|-140:p3|p1|p2
STATE:750:rrrcc/crrrcrcc/ccrfc/rrc:3h6c|2d7h|Ad4h/4d2cAc/Qd/3d:-80|-140|220:p1|p2|p3
STATE:751:crcc/ccrrrcrcf/rrrc/cc:KhJh|7s9d|2hJs/8h8s2c/8c/9h:-120|170|-50:p2|p3|p1
STATE:752:rrrcc/ccrrcc/ccc/rrcc:JsQh|Td2h|7hKh/Ad7c4c/2s/Qc:200|-100|-100:p3|p1|p2
STATE:753:rcc/ccc/crrcrcrcc/ccrcrrcc:Jh5c|Ad7s|6hQc/AsQsJd/Js/9h:320|-160|-160:p1|p2|p3
STATE:754:rrcc/rcrrrcc/rcrrrcf/cc:7c5s|3d8d|6sJs/AcTc5c/6h/Jc:-130|-150|280:p2|p3|p1
STATE:755:ccrrrcc/crrcc/rcrrcc/rrcc:JhAs|5d7d|5sTc/3c9hTs/8c/2d:-160|-160|320:p3|p1|p2
STATE:756:crrcrcc/ccc/ccc/rrcc:9hAs|7c2h|3d4d/Th9d3s/Qh/4h:-80|-80|160:p1|p2|p3
STATE:757:rfrc/rc/rrrf:6c7s|4cKs|9d8h/3d4dQc/8d:-5|85|-80:p2|p3|p1
STATE:758:rcc/crcc/rrrrcc/rcc:2dJh|Kc4c|9hAd/8d9d3s/6h/5d:-130|-130|260:p3|p1|p2
STATE:759:rrrcf/rc/rc/rrc:Ad4c|QcJs|9sAh/6c5hTd/Kc/8s:-30|-110|140:p1|p2|p3
STATE:760:crrcrcf/rrc/crc/crrc:Kc4s|2hJc|Qs4c/3d7sKd/Ac/Ts:150|-120|-30:p2|p3|p1
STATE:761:crcrcc/rcrrrcc/crcc/rcrcc:2c9h|JsTc|4h7h/JcAc2h/3c/6d:-130|260|-130:p3|p1|p2
STATE:762:rrrcc/rrcc/crcrcc/rrfrc:6dAh|KsJh|5h9c/3c4sTd/6s/5s:260|-160|-100:p1|p2|p3
STATE:763:crrcrcc/rrcc/crrrcf/crf:Ks7h|7dAd|JhKc/8h5hQc/8c/4h:-120|220|-100:p2|p3|p1
STATE:764:cfc/rc/cc/cc:2d6s|5dJs|6d6c/Ah4hAs/Tc/2c:-5|-20|25:p3|p1|p2
STATE:765:ccrrrcc/ccrrrcrcc/rrrrcc/crfrrrc:5h2h|Ad9s|3sTc/7c3h7h/Qs/Qh:400|-240|-160:p1|p2|p3
STATE:766:crrcc/rcc/crrrrcc/ccrcc:6s6c|3hTh|5h5c/3sJdJs/4c/2h:280|-140|-140:p2|p3|p1
STATE:767:rcrrcc/ccc/ccc/rcrcrcrcc:Ad2c|Jc5s|9hKh/5dKd3d/6c/Qh:-120|-120|240:p3|p1|p2
STATE:768:rrrcc/ccc/crfrrc/cc:3c2c|7h6d|3sTc/Td6h8s/2d/Kc:-100|140|-40:p1|p2|p3
STATE:769:ccc/rcrcc/rcrrcrcf/rrrc:7h3d|3sTh|4h2d/AsQc6c/8s/5c:260|-90|-170:p2|p3|p1
STATE:770:crrcc/rrrrcc/rrcc/rcc:7sAs|8s4s|Qc3d/7c7h5d/6d/3s:-130|260|-130:p3|p1|p2
STATE:771:crrcrcc/rcrcrrcc/ccrcf/cc:4cAs|7d2c|8sQd/Kh8dJc/2h/9s:-100|-80|180:p1|p2|p3
STATE:772:ccrcc/rrcrfc/rrc/cc:Ad6s|QhTh|4cKd/5cAhJh/3d/9d:130|-40|-90:p2|p3|p1
STATE:773:rcc/rcrrrcc/ccrcrrcrcc/crcc:5cQh|4cKs|3dJh/QcQdTh/Jc/Kc:320|-160|-160:p3|p1|p2
STATE:774:rcc/rcrcrcc/rrcrcc/rrrcc:2c5h|Ad7c|7d3c/Ts4hKs/Qh/4d:-170|340|-170:p1|p2|p3
STATE:775:rfc/rc/cc/crc:4dKs|7c2c|2d4c/8s6h9h/9s/7s:-5|55|-50:p2|p3|p1
STATE:776:rrrfc/cc/rc/crc:Qs7c|3hTh|4c5s/6s4s7d/5d/As:-80|100|-20:p3|p1|p2
STATE:777:rcc/rcc/crrcc/crcrcrrcf:Ad6s|2dAc|8dKd/4cTdJd/4s/Ks:65|65|-130:p1|p2|p3
STATE:778:rrrcc/rcc/ccrrff:Js5s|2sKh|Ts9c/4sJd3c/9h:120|-50|-70:p2|p3|p1
STATE:779:rrrcc/rcc/ccrrrcrcc/rrrcf:4s9h|QcAd|Ts8h/6sQd5c/4d/Ah:360|-170|-190:p3|p1|p2
STATE:780:rcrrcc/rcc/rrrrcc/ccc:2d8c|9dQc|AhQd/AsQhTh/9s/Jd:260|-130|-130:p1|p2|p3
STATE:781:rcrcrcc/ccc/crcc/crcc:Ad2h|Td8s|2s8d/4h9d7c/2c/3c:160|-80|-80:p2|p3|p1
STATE:782:ccrcf/crc/rc/crrc:4cTc|QsTs|Ad4s/4d5d6s/Jc/8s:-10|-90|100:p3|p1|p2
STATE:783:rrcrcc/rrfrf:Kh9s|2h5c|Kc5s/3h7d6c:100|-60|-40:p1|p2|p3
STATE:784:ccrcc/rcc/crcrrrcc/rfc:2h2d|5h7d|Jc5c/5d6d8d/Jh/Jd:-130|-110|240:p2|p3|p1
STATE:785:rrcrfc/rrc/cc/rrc:3dQc|7sTs|As8h/4dJs9s/Tc/9c:-30|130|-100:p3|p1|p2
STATE:786:ccc/ccrcrcrrcc/crrcrrcc/ccc:8cAd|Kh9d|5s6h/4dTs7c/8h/6c:-130|260|-130:p1|p2|p3
STATE:787:fcc/rrc/rc/rc:Ts5h|2h6d|5sAs/2dTcJs/Qd/Qc:70|-70|0:p2|p3|p1
STATE:788:rcrrcc/crcc/ccc/rcrrrcc:QdAh|3h7d|8c3d/5c6h4c/9h/4d:-130|260|-130:p3|p1|p2
STATE:789:ccc/rrrrfc/cc/cc:2s7h|9d3s|9hTc/JsQsQh/7c/3c:80|-30|-50:p1|p2|p3
STATE:790:rfc/rc/rrc/rc:Qs3c|5cTc|5s8h/3h2h6d/8c/Ad:-5|-90|95:p2|p3|p1
STATE:791:rcrrcc/rcf/rrrrf:3s2s|Kd3d|9d2d/2c8h4c/8d:-110|150|-40:p3|p1|p2
STATE:792:rrcc/ccrcrcrrcf/crc/rrrc:Tc2h|AhJs|9d9c/Jh7d2c/Ks/8s:-60|210|-150:p1|p2|p3
STATE:793:rrcrcc/rrcc/ccc/crcrcc:AdKh|Qd7h|Th5c/KdAc6d/Js/4c:200|-100|-100:p2|p3|p1
STATE:794:ccc/crcc/crrcrrfc/cc:7c4d|Qc2s|8d8h/3c6d8c/Qd/3s:-60|-100|160:p3|p1|p2
STATE:795:rrrcc/ccc/rrrrcc/rrcc:6cAc|7d7h|Tc2s/ThQc9c/Qd/3d:-160|-160|320:p1|p2|p3
STATE:796:crcc/ccrrrcrcc/rrfc/cc:6c9h|AhJs|Td7d/4sQcAd/Ts/Qs:-100|160|-60:p2|p3|p1
STATE:797:rrcc/ccrcc/ccc/ccc:Kd2d|7dKh|2h8s/As6d5c/3s/9c:-40|80|-40:p3|p1|p2
STATE:798:rrcf/rrf:5dTs|Kd4h|3h6h/4dJd3d:-40|60|-20:p1|p2|p3
STATE:799:crcrcc/rrrcc/ccrcc/ccrrrrcc:Kc8s|Jd9h|3c5d/4d9sJh/5s/Ks:-160|320|-160:p2|p3|p1
STATE:800:ccc/ccrrrcf/crc/crc:7h7d|2h5h|KcQh/9d7sAh/Js/Td:-30|-80|110:p3|p1|p2
STATE:801:rrcc/rcrcc/rcc/rcrcc:Jh6d|KdAs|TsJc/4s3hAd/Jd/4h:-110|220|-110:p1|p2|p3
STATE:802:crfc/crrrrc/cc/rc:8hQs|4sKc|Tc6s/6dTd3s/Kh/5d:-80|-10|90:p2|p3|p1
STATE:803:rrcc/rrfc/rc/rc:2dAs|JdQd|4sJs/5h7h7d/2h/Ah:120|-90|-30:p3|p1|p2
STATE:804:rcc/crcc/ccrcc/ccrfrc:JcKh|8h3h|Tc2s/9sJd3d/6h/As:-50|140|-90:p1|p2|p3
STATE:805:crrrcc/rrrcc/ccrcc/ccc:9sKd|6h8s|JdJc/Qc2d8h/2c/4s:-90|-90|180:p2|p3|p1
STATE:806:crrrcc/crcc/ccc/crrrrcc:6c7h|KdAs|9c8c/7cJdKc/3s/Ah:-130|260|-130:p3|p1|p2
STATE:807:ccc/rfrrrc/rc/rc:3d8d|Jc5h|Qd4d/3s7cTc/2d/As:100|-10|-90:p1|p2|p3
STATE:808:rcc/rcrcrrff:QcAh|8cTs|9d2c/Jc3d7h:-40|-50|90:p2|p3|p1
STATE:809:rcc/crcrcc/crcrrrcc/rcrcc:Jd2s|QdQh|4h5d/9h7dTs/Ad/4c:-160|320|-160:p3|p1|p2
STATE:810:crcrcrcc/rcc/crcrrcrcf/rc:3s5d|Td2s|4d5c/4sKd2c/8h/Jc:-150|260|-110:p1|p2|p3
STATE:811:rcc/rrfc/rc/rrrc:2d2s|Js4d|5s8s/8dKhAc/8c/7c:140|-120|-20:p2|p3|p1
STATE:812:crcc/ccc/ccrcc/rfc:9c5d|3h7s|4cTs/7dQc9d/Kc/6d:100|-40|-60:p3|p1|p2
STATE:813:crcrcc/crrcrrcc/ccrcc/crrcf:8d7d|Tc4s|Js3s/KcKd7h/Jd/Jh:-130|-110|240:p1|p2|p3
STATE:814:rrcc/crcc/crrrcc/rrrcrfc:AhTs|3s8d|7d3h/6hAsTc/2s/5c:340|-180|-160:p2|p3|p1
STATE:815:rcc/ccrrcc/crrcc/crfc:4d6s|5sQd|Jd9h/7cJhQs/Qh/9c:-100|180|-80:p3|p1|p2
STATE:816:rcrrcc/ccc/rrrcrcc/rcrcrrcc:6d4d|Qs4c|QcKc/8d7dAh/5c/6h:100|100|-200:p1|p2|p3
STATE:817:ccrcrfrc/rc/rc/crc:3h3d|7sKd|2d9c/5hJhTd/4d/Ks:110|-20|-90:p2|p3|p1
STATE:818:rcrcrcc/ccrrcrrcc/crcf/rrc:Qh2c|Qs4c|6c7d/Js6d9d/3s/5c:-80|-140|220:p3|p1|p2
STATE:819:rcc/rcrrcc/rrcc/ccrrrcc:4cJc|8c6d|9dQc/QhKh3c/Kc/7h:-150|-150|300:p1|p2|p3
STATE:820:rcc/rcc/ccc/ccc:6d9c|2h3s|JdKc/4s9d5h/7h/5s:60|-30|-30:p2|p3|p1
STATE:821:crrrcc/crcc/rrcc/ccc:2d3c|8cJc|8h2s/6hAh3d/9s/Kh:180|-90|-90:p3|p1|p2
STATE:822:crcrcc/rrrrcf/rrrc/crrrrc:JcTs|Qd2d|6h9s/3cTh2s/7d/5d:270|-210|-60:p1|p2|p3
STATE:823:rrrcc/ccc/rrrcrfc/rc:4d7s|4c9h|Td5h/JdAc3h/6s/5d:240|-140|-100:p2|p3|p1
STATE:824:fcrc/cc/cc/cc:Jc5h|AdAc|7s3c/TsJhAh/Tc/5d:-20|20|0:p3|p1|p2
STATE:825:crrcc/rrrfrc/cc/rrc:3cKc|8sTh|Js4d/5cJd6c/6s/8h:-40|-110|150:p1|p2|p3
STATE:826:crrcrcc/crcc/crrfrrf:KsJs|5cTc|9c4d/Jd4h5d/Ac:-50|-110|160:p2|p3|p1
STATE:827:cfrc/rc/rc/cc:3s5c|6dQd|2dAd/9s6hTd/2c/7d:-5|55|-50:p3|p1|p2
STATE:828:crrcc/ccrcc/rrcrrcc/rcrrfrc:4dQd|4h4c|Ts8d/Kh8s4s/8c/7d:-200|-140|340:p1|p2|p3
STATE:829:rcrrcc/rrrcrcc/rrrcc/rrcc:3cAd|2h9s|4c2c/As7s9h/Jh/Js:360|-180|-180:p2|p3|p1
STATE:830:crcrrcc/crcrrrcc/rrfc/cc:3h8c|Ks2s|9dAs/TdJsAc/5h/3c:200|-120|-80:p3|p1|p2
STATE:831:fcc/crrc/rrc/rrrrc:3h5s|8hJc|Kd9c/7hAhTc/4d/3s:150|-150|0:p1|p2|p3
STATE:832:ccc/rcrfrf:9c7s|4d5h|7h6h/3hTc2s:-20|50|-30:p2|p3|p1
STATE:833:ccc/rrrrcc/ccc/crrcc:Kh6h|2c3s|QcTs/Ks2sKc/7s/Jh:180|-90|-90:p3|p1|p2
STATE:834:rcc/crcf/rc/rrrc:6sTs|Js2c|3h3s/2d5hKh/Qd/3d:-20|-110|130:p1|p2|p3
STATE:835:rrcc/rcrcrcc/rcc/ccrcrrrcc:3dKc|2h9d|8h6d/7dQs6c/9c/Ah:-160|320|-160:p2|p3|p1
STATE:836:rrcc/ccc/rcrfrrc/rc:AcKc|Qh3d|Qd4c/3c4h2d/Tc/6d:-50|-130|180:p3|p1|p2
STATE:837:rcc/rcf/crrc/rc:Tc2c|Qc5d|4h2s/ThKc7c/Td/7d:110|-90|-20:p1|p2|p3
STATE:838:crcrcrcc/rcrrff:9dQd|ThTs|3h4s/2c6s2s:110|-50|-60:p2|p3|p1
STATE:839:rcc/rcf/cc/rc:3d7h|Jh3h|Qd5h/7cJd6h/2s/4d:-50|70|-20:p3|p1|p2
STATE:840:cfc/rrrrc/cc/rc:JdTh|8h9d|TdKc/2cAd6h/4d/8d:-5|75|-70:p1|p2|p3
STATE:841:rrcrcc/rcc/rcrcrrcc/crrrrcc:7c5c|Ac3h|2s2c/7d6cJh/6h/4d:420|-210|-210:p2|p3|p1
STATE:842:ccc/crcrfc/cc/cc:Tc8d|6h5s|Qc2s/6s4hJd/5d/As:-30|-20|50:p3|p1|p2
STATE:843:crrrcc/rrrrcc/rrcrcrcc/rcc:4cJd|As9c|TdAc/9d2cQs/Th/Jh:360|-180|-180:p1|p2|p3
STATE:844:ccrcc/crcrrrcc/rrrcf/rrc:8dQd|4s7s|JsJd/9c2d2s/9s/7h:-160|-100|260:p2|p3|p1
STATE:845:fcrf:QdTc|5c5d|4s7s:-10|10|0:p3|p1|p2
STATE:846:ccc/crcf/cc/cc:8c8h|JhKd|4sJs/QdAh2s/Ad/6s:-10|30|-20:p1|p2|p3
STATE:847:rrcrcc/crcc/rrrrcc/ccrfrrrc:5h8c|TsJc|4s8d/4c2cAc/Qs/Qc:-130|340|-210:p2|p3|p1
STATE:848:rcrrcc/rcrrcc/ccrrcrrcc/ccc:Ac2s|7hAs|Jd4d/5dQd4c/Tc/9h:-150|-150|300:p3|p1|p2
STATE:849:rcc/ccc/ccrrrrcc/crrcrrcc:5d2h|8s5h|TcJc/As9d8c/Qh/Ks:-180|-180|360:p1|p2|p3
STATE:850:ccc/crrrfrc/crc/rc:Qs2h|Kh4s|Kd5c/6d8d9h/Qc/3h:110|-20|-90:p2|p3|p1
STATE:851:crrcrcc/rrcc/crrrcc/crcc:7c2s|7s6d|Th7d/8cAhJh/9d/9h:-140|-140|280:p3|p1|p2
STATE:852:frc/crc/rrc/rrc:9d4h|KsKd|Th7h/7d2h2s/Qs/3c:-110|110|0:p1|p2|p3
STATE:853:ccc/rcc/rrrcrcc/crcrrcc:ThJc|Jh9h|3s5c/Ks5h8h/6c/7c:-160|320|-160:p2|p3|p1
STATE:854:rrcc/ccrfc/cc/rc:4dKh|6h9h|Tc5c/5s7cAd/Jc/Ks:-30|-60|90:p3|p1|p2
STATE:855:ccc/crfrc/rc/rrrrc:8hJd|Ah8s|3cKc/2hQd6c/Jh/Qs:140|-130|-10:p1|p2|p3
STATE:856:rrcrcc/crrcc/crrcc/rcc:3c8s|2s8d|9dTs/2hTc4h/Kc/Js:-120|-120|240:p2|p3|p1
STATE:857:crcrrcc/rfc/cc/cc:3h2d|5h3c|2hQh/9c4c4h/4d/Jd:-50|-40|90:p3|p1|p2
STATE:858:frc/rc/rrc/rc:8d2c|Ah6h|9d5c/7s7c4c/Jd/2h:90|-90|0:p1|p2|p3
STATE:859:rrcc/ccc/rrcf/rrc:7cAc|AdQs|8c9s/4dKs2s/5s/9h:-50|-110|160:p2|p3|p1
STATE:860:crrfc/rrc/cc/rrf:9s2d|As4h|5s7s/7hThTd/9h/6h:-70|80|-10:p3|p1|p2
STATE:861:rcf/rrc/rc/rrrc:7h9c|2h7c|8d8c/4h6hTs/4c/Kh:-120|-10|130:p1|p2|p3
STATE:862:ccrrcc/crcc/ccc/ccrcc:8s2h|KcTd|Ks6d/Ac7d3h/9c/Qh:-60|120|-60:p2|p3|p1
STATE:863:frc/crrrrf:3sAh|9hTh|Ac4d/Kd8s6s:50|-50|0:p3|p1|p2
STATE:864:rrrcc/rcc/ccrfrrc/cc:Ac2d|6h9h|Kh5c/8dJsKc/7s/9d:-50|-110|160:p1|p2|p3
STATE:865:crrcrcc/ccc/rrcrcc/rcrrrfc:JhTd|AcQh|3s3h/9c7h6h/Ks/Kh:-180|320|-140:p2|p3|p1
STATE:866:rcc/rrrcc/rcc/ccrrcf:7dJd|QdJs|4cQc/5h6d5d/9s/Td:200|-110|-90:p3|p1|p2
STATE:867:rcrcrcc/ccc/rrcc/rcc:Kc4h|Qh3d|TcQd/3cQc3s/Th/7d:-100|200|-100:p1|p2|p3
STATE:868:frf:3d3h|4dTs|4sKd:10|-10|0:p2|p3|p1
STATE:869:rcc/rcc/crcrrrcc/rrcrcc:JcKs|AdKc|9d6s/3sKd8s/Qd/Th:-170|340|-170:p3|p1|p2
STATE:870:rcc/rrcrrcc/ccrcrcrcrcc/ccrrcf:4s5h|9hKs|JcKd/8cKh4c/Js/3d:-180|340|-160:p1|p2|p3
STATE:871:ccc/rrrcc/crcc/ccc:2d5c|KhJh|KsQh/Ad8h6h/6s/Jc:-60|120|-60:p2|p3|p1
STATE:872:crrcc/rrcc/crrrcrcc/ccc:4dKh|4hAs|Td2c/9h9dTc/Qh/3s:-130|-130|260:p3|p1|p2
STATE:873:ccrcrcc/crrrrcc/rcrcrrcc/crcrrrcc:JhAd|5h9d|4d2d/8s3c9c/Tc/5s:-230|460|-230:p1|p2|p3
STATE:874:rrcrcc/rrrrcc/ccc/rcrrrcc:KcKd|4sKh|7s3h/Js3cKs/6s/5h:320|-160|-160:p2|p3|p1
STATE:875:crcrrcc/ccrrcf/rrrc/rrrc:5dAd|6h8d|Ts9c/AsKcQh/4h/Qc:230|-180|-50:p3|p1|p2
STATE:876:rrcrcf/rrc/rc/rc:Ad3s|4s5s|4d6h/7sKh7h/2d/8h:130|-30|-100:p1|p2|p3
STATE:877:ccc/ccc/rcc/rcc:3cQc|JsQd|6hJd/8h3d3h/7c/Ah:100|-50|-50:p2|p3|p1
STATE:878:rcrcrcc/ccrcrrcf/cc/rf:9s2h|9d7h|Jh7d/Td9cKd/Jc/4h:130|-60|-70:p3|p1|p2
STATE:879:rrcrcc/ccc/crcc/crcc:6hJs|6cKh|8sTh/3cQhAc/Ah/7d:-80|160|-80:p1|p2|p3
STATE:880:ccc/ccc/rrcc/ccrcc:7dTh|AsAd|2dJh/3s6s9h/8d/9s:140|-70|-70:p2|p3|p1
STATE:881:rrcrcc/ccc/rrrrcc/rrcrrcc:3h7s|5sQd|4dTc/3dTd2c/7d/6c:400|-200|-200:p3|p1|p2
STATE:882:rrrcc/rcrrcrcc/ccc/rcc:9c4d|Js8d|Ad6c/5c9dTs/8h/2c:200|-100|-100:p1|p2|p3
STATE:883:ccrrrcc/rfrrrc/cc/rrrrc:4s4h|6sQh|JdAh/2h3s5h/Ad/6d:200|-40|-160:p2|p3|p1
STATE:884:rcrcc/rrcc/rrrcrcc/crcrcf:9c5d|6d4s|Qs7s/3s7c6h/5h/Js:-170|320|-150:p3|p1|p2
STATE:885:crfc/cc/rrrrc/rc:9h8s|QhTs|9dAh/7sJs6s/4s/Jd:130|-10|-120:p1|p2|p3
STATE:886:rrcc/crcrrcrcc/rrrrcc/crrcrrcf:7hTd|9hJs|6h4c/Ks4s8h/Kh/9c:-230|-210|440:p2|p3|p1
STATE:887:rrcf/rrc/cc/crrrc:Jh3s|2d8h|3cKs/9c5cJc/9d/Ts:130|-110|-20:p3|p1|p2
STATE:888:rrcrcc/crcf/crc/rrrrc:4d2h|AdKs|TcKd/3d4c8h/7s/7c:-40|190|-150:p1|p2|p3
STATE:889:crrcc/crcc/crrrcc/rrcc:Ks9c|5c9s|3s8s/KhQsJh/Ah/8d:280|-140|-140:p2|p3|p1
STATE:890:rrrcc/ccrcc/ccc/rcrcrcrff:4sQh|QdTh|3c2c/4hJd8d/6c/9h:220|-110|-110:p3|p1|p2
STATE:891:rcc/rcc/crcc/rcc:JcJs|7d8s|Ad4d/3s9c6d/2s/Jh:140|-70|-70:p1|p2|p3
STATE:892:crfrrc/rc/crc/cc:Kc7c|2h9s|6d8h/7hAhJs/3h/2d:80|-10|-70:p2|p3|p1
STATE:893:ccc/rcc/rrrcrcc/rrrrcc:QsTs|9hTh|TdJc/3h2d5s/9c/5c:-180|360|-180:p3|p1|p2
STATE:894:crcrcc/rrcc/rrcc/rcc:Ac3h|Jc2s|9h3c/2h6s4d/3d/Kd:220|-110|-110:p1|p2|p3
STATE:895:crcc/rrrrcc/ccc/crrrrcc:4h5d|3h8d|4sQs/3sTh9d/7h/3c:-140|280|-140:p2|p3|p1
STATE:896:crcc/rrfrrc/crrc/rc:6s5h|Kc7d|Ah6h/5d2cTs/Qc/2d:140|-120|-20:p3|p1|p2
STATE:897:rcc/rrrrcc/ccc/crcc:3d3c|Kh6c|8hAh/6hTcQd/Td/2h:-80|160|-80:p1|p2|p3
STATE:898:rrcrcc/rrcc/crrcc/rcrcc:5c6c|2c8s|AcAd/4d6s4s/7s/9c:-140|-140|280:p2|p3|p1
STATE:899:rrrcc/ccrcrcc/ccrcrcrcc/rrrcc:3h3d|6s4h|6dTs/Qh8dAd/7d/Js:360|-180|-180:p3|p1|p2
STATE:900:crrcrcc/crcrcc/rcc/ccc:Kc9s|2sTh|3sJh/5c2h6h/3c/Ks:160|-80|-80:p1|p2|p3
STATE:901:cfrrrc/rf:KdAh|2sKc|Qd4d/Ks9sTs:-5|45|-40:p2|p3|p1
STATE:902:ccrrcrfc/cc/rrrc/rc:Th7h|8hAc|6cJc/TcQs4c/Kh/Jh:-120|150|-30:p3|p1|p2
STATE:903:fcrc/rrf:7cQc|2sAc|Kc2h/Ts4d9s:-30|30|0:p1|p2|p3
STATE:904:ccrcrcc/rrcc/ccrcc/rrcrcrcc:6d2d|7d8c|Kd4d/Ks9hKh/9d/5c:-150|-150|300:p2|p3|p1
STATE:905:ccc/ccc/crrcrrcc/rcc:5c7c|6h2h|AsJs/6c2s7h/Qs/Ts:-110|-110|220:p3|p1|p2
STATE:906:rcrrcc/crrrrcc/crrcc/rrcc:5h4s|2s8h|Tc3h/9h6cKh/8d/2d:-160|320|-160:p1|p2|p3
STATE:907:rcc/crrfrf:Jd5d|7c2d|8dJh/8s4hTc:-20|60|-40:p2|p3|p1
STATE:908:crrrcc/crrcc/rcrfc/rrrrc:9h4d|8c8d|Tc3s/4s2d6d/Th/Qd:-80|-180|260:p3|p1|p2
STATE:909:rfrf:6cQd|QsQh|3d5c:-5|25|-20:p1|p2|p3
STATE:910:rcc/crcrcrrcf/rc/rc:9hJs|4sJc|8dAd/As3cTh/Qh/Kc:25|25|-50:p2|p3|p1
STATE:911:rrrcc/ccrcc/rrcc/rrcrrcc:Jc5s|5c7d|AsQc/ThJhQh/8s/3h:-170|-170|340:p3|p1|p2
STATE:912:rrcc/ccc/crrcc/crrrrcc:Th4h|6h4c|KsAd/Qd7sJc/Ac/Jd:-150|-150|300:p1|p2|p3
STATE:913:frc/cc/rrrc/rf:5hJd|2s6h|TdAh/Tc5d5c/6s/2c:80|-80|0:p2|p3|p1
STATE:914:rcc/ccrcrcrrcc/rcc/crcf:Kh8d|6d6c|9c9s/Tc4dAc/Qc/4c:-80|-100|180:p3|p1|p2
STATE:915:ccrfc/rc/crrrrc/crc:2s7d|JcTs|3d2c/6s7s7c/4h/Qs:140|-130|-10:p1|p2|p3
STATE:916:fcc/cc/rc/rc:7c8c|7dJc|3d5s/Ac3cKd/2h/Js:-50|50|0:p2|p3|p1
STATE:917:crcrcc/rcc/rfrc/rc:KsJd|6h2h|4s8s/KdTh7c/Js/2s:140|-40|-100:p3|p1|p2
STATE:918:crrcc/rrcrrcc/crcc/ccc:AhAc|6c9h|5s2s/3s3c4d/9s/4h:180|-90|-90:p1|p2|p3
STATE:919:rrfrc/rrf:6d6c|QsKc|7d6h/6sTs9c:-50|-10|60:p2|p3|p1
STATE:920:rcc/crcf/cc/cc:8s8d|Ts9h|Td2d/4hQhJs/Jc/Ad:-20|10|10:p3|p1|p2
STATE:921:rfc/rc/crrc/cc:ThAh|9s7c|9hTc/4s2d4d/Ks/3c:-5|-70|75:p1|p2|p3
STATE:922:rrrcc/crcc/ccrcc/rfc:7h8c|6c3h|Td9h/9c6s8h/Tc/8s:160|-70|-90:p2|p3|p1
STATE:923:crrcc/rrcc/rrrcc/rcc:9d9c|QdQc|Qh5h/Ks2cJc/2s/9h:260|-130|-130:p3|p1|p2
STATE:924:ccc/crcc/ccrrcc/ccc:9c3d|5s9h|3h2c/TsTdAd/4h/2d:-60|-60|120:p1|p2|p3
STATE:925:rrrcf/crc/rc/crc:Js6h|3c6s|9cJd/QdTsKc/Qh/3h:-30|-90|120:p2|p3|p1
STATE:926:ccc/crcrrfrc/rrrrf:TcAh|4cJh|3s8s/JdTs8c/Ks:-110|130|-20:p3|p1|p2
STATE:927:rff:5sAs|4s3c|7c6s:-5|-10|15:p1|p2|p3
STATE:928:rrcf/rrc/rc/cc:6h9c|4d4h|6sJh/Ah4cAc/6d/5s:-70|90|-20:p2|p3|p1
STATE:929:ccrcc/rrcrrcc/ccrcf/rrrc:7c2c|3d5h|4d6h/5sKc3s/5c/As:200|-60|-140:p3|p1|p2
STATE:930:ccrcf/rrc/rc/rc:9s3c|Jc8s|7sJh/5c7hTs/4s/3s:-10|-80|90:p1|p2|p3
STATE:931:ccrcc/ccc/rcc/rfc:9s5c|9cQs|JhJs/8dTc4s/6h/5d:-60|-40|100:p2|p3|p1
STATE:932:ccc/rcrcc/rrrcrcc/ccrrcc:7cQc|3hJh|6d3d/2s4h6s/6c/4c:-150|-150|300:p3|p1|p2
STATE:933:ccc/rrcc/rcc/ccc:Qc8d|9c9d|As4s/6c7d8c/2s/Jc:-50|100|-50:p1|p2|p3
STATE:934:crrrcc/rrrrcc/rcrrrcc/crrcrrcc:AcTs|4sKh|8cJc/Ah2d5s/7d/4c:480|-240|-240:p2|p3|p1
STATE:935:ccc/rrfrrc/rrc/crc:Ks6s|7h8d|4s4d/6hKc4h/Ac/5c:-110|120|-10:p3|p1|p2
STATE:936:rrrcc/rrrcc/ccc/rrrcrcc:Ks6s|8dAh|Th2h/AdKd4c/Td/4h:-150|300|-150:p1|p2|p3
STATE:937:ccc/rcrrcc/crcc/rfrc:4sKc|8dQc|5c2h/6h4c7s/5s/Tc:-100|-60|160:p2|p3|p1
STATE:938:crfrc/cc/rc/cc:3c5h|Ts8d|5d4c/KsAs7c/6d/2c:5|-10|5:p3|p1|p2
STATE:939:frc/crrc/cc/rrc:4s9c|2d7c|Jd4d/2cThTc/Kh/9s:80|-80|0:p1|p2|p3
STATE:940:crrrcc/rrfrc/cc/cc:6dTh|4d8h|2d8c/8sQc7d/3d/7c:-70|110|-40:p2|p3|p1
STATE:941:frc/rrc/crrc/rc:KsAd|8c2h|9hTc/Qh6s8d/Th/4s:-100|100|0:p3|p1|p2
STATE:942:fcrrc/crrrc/rc/cc:8h3h|8cQs|9s8s/4hKd4c/5h/Qc:-80|80|0:p1|p2|p3
STATE:943:ccrrrfc/rrrc/rrc/cc:4h5c|JhJs|AcQd/Qh7c9d/3d/2d:-110|-20|130:p2|p3|p1
STATE:944:crrcrcc/rrrcc/crrrrcc/crrrrcc:QcTs|Kd3h|Js2s/2dJc9h/6c/3s:-230|-230|460:p3|p1|p2
STATE:945:crrcc/rcc/rcc/rcc:8cAd|8hQh|4h9h/3sQcAc/As/Kh:160|-80|-80:p1|p2|p3
STATE:946:rrfc/crf:8c7c|AcJc|ThJd/8h7s4c:-30|-10|40:p2|p3|p1
STATE:947:crrrcc/rcc/rrcrcrcc/rrfrrc:9s9h|2s7h|3s6h/Ts5c7s/Jd/Th:340|-210|-130:p3|p1|p2
STATE:948:ccrrcc/rrcrrcc/ccrcrcc/rfrrc:JcKc|9sTh|Qh9d/8h6d2h/2s/Qs:-170|-110|280:p1|p2|p3
STATE:949:rcc/rrcc/rcf/crrc:Kh4d|6hTh|7sTs/8c4sKs/Jd/9d:140|-100|-40:p2|p3|p1
STATE:950:ccc/ccc/rcc/rcrcc:KsTd|Jc7s|7c8d/6cAdJh/Qs/Kd:140|-70|-70:p3|p1|p2
STATE:951:rcrcrcc/rrcc/rcrrcc/crcc:AdKc|KdJc|Tc8h/8cJs7d/9h/8s:-140|-140|280:p1|p2|p3
STATE:952:ccc/ccrrrrcc/crcc/ccc:4d9s|8hJs|5cKc/AsTc4s/Kh/Ad:-70|-70|140:p2|p3|p1
STATE:953:rrcc/ccc/crrrrcc/rrrrcc:9sQh|4dQd|8c3h/Kh8sAs/6h/Td:-190|-190|380:p3|p1|p2
STATE:954:crcrfrc/cc/crc/cc:AsJd|4hTh|7s2h/3d6d7c/6c/Kc:-20|-60|80:p1|p2|p3
STATE:955:crcrfc/crrrc/rrc/cc:5h8s|AhKc|2d6d/QhKs8d/5d/3s:-20|120|-100:p2|p3|p1
STATE:956:rrcc/ccc/ccrff:Qs3h|3d4h|Kh7d/QhJh3s/7s:-30|-30|60:p3|p1|p2
STATE:957:rrcrcc/rrrfrc/crrc/cc:4dJd|8sAd|5s9s/TdQd3c/Jh/6h:-50|170|-120:p1|p2|p3
STATE:958:rrrcc/rcrrcrcc/rcf/crf:7d6c|9sAc|2c3d/2h2sAd/Tc/9d:-100|180|-80:p2|p3|p1
STATE:959:crcc/crcrcc/rrcrcrcc/crcc:3dAc|5h7h|Kc5c/9h3s9d/Qs/6d:280|-140|-140:p3|p1|p2
STATE:960:ccrrcc/ccc/crrrcrcc/rrrcrcc:6cAh|8d5s|4d8s/7h2h4h/6d/9s:-190|380|-190:p1|p2|p3
STATE:961:rcrcf/crc/cc/rc:5sQs|AhTh|7d3d/6dQd8h/9d/Ks:-20|-60|80:p2|p3|p1
STATE:962:ccrcrcc/rrcrcc/rcc/crrcc:5h2c|2hQs|Jc7d/Ac5sTc/7s/9d:-120|-120|240:p3|p1|p2
STATE:963:rcrrcc/rrcc/crrcc/rrfrc:3d7s|4sJs|3c6c/As6hAc/Kc/Qd:-160|260|-100:p1|p2|p3
STATE:964:rfrrc/cc/rc/crrc:JdJs|2c5s|9h5h/Kh6hTs/6c/As:-5|2.5|2.5:p2|p3|p1
STATE:965:ccrrrcc/ccrcrrff:JcKc|4c6h|Ks5s/KhTs2s:-50|-60|110:p3|p1|p2
STATE:966:ccrrcrcc/crcrcrrcc/rrcrrcc/ccc:5sTc|Jd2c|3s7c/Qd4dTd/Qs/6c:320|-160|-160:p1|p2|p3
STATE:967:rrcrcc/crcc/ccrcrcrcrcc/crrcrfrc:2d3s|KcKh|7h9h/8hQh6h/8s/Ts:-210|380|-170:p2|p3|p1
STATE:968:rrrfc/cc/rrc/crc:4c3h|8d9s|KhAc/As7c5d/5c/2h:120|-100|-20:p3|p1|p2
STATE:969:rrcc/ccc/rcrcrcc/rrcc:5dTd|2d9d|3cKs/Qs5c7s/4h/3s:260|-130|-130:p1|p2|p3
STATE:970:ccc/rrcrcc/rrcrcc/rrcrcc:7c2c|5c8s|4hTh/6sQcAh/9h/As:-160|-160|320:p2|p3|p1
STATE:971:frc/cc/crc/rrc:9s8h|2h8c|Ad5s/6sTd3c/Jc/4h:80|-80|0:p3|p1|p2
STATE:972:rrcrcf/rrrf:5d8h|Ah6c|4hAc/Kd2s4d:90|-30|-60:p1|p2|p3
STATE:973:rrfc/rc/cc/cc:Qd7h|6cJh|3h2d/4c2c4h/Th/Qc:50|-10|-40:p2|p3|p1
STATE:974:crrrcc/ccrcrcrrcf/cc/rc:4d6c|4hJh|3hAs/9cKhKd/7c/Qs:-70|-100|170:p3|p1|p2
STATE:975:rcrrcc/crcf/cc/rrrc:4s8c|TsJh|Th4d/As9dQs/Kd/Kc:-40|150|-110:p1|p2|p3
STATE:976:cfc/cc/rc/crrrc:QhJc|KsTd|2dJh/Th2c4s/Qc/2s:-5|-90|95:p2|p3|p1
STATE:977:rrrcc/ccc/rrrrcc/rcrcrrcc:2cAd|3hJc|KhJd/Qd5sJs/6d/8h:-200|-200|400:p3|p1|p2
STATE:978:crcc/crcrrcf/cc/rf:2hTs|Td6d|QhAs/Js2cJh/4h/9s:-40|90|-50:p1|p2|p3
STATE:979:rrcc/rcrcc/rrrrcc/crcc:6h3c|5h5c|6s9h/2cAdAs/7s/Ts:-150|300|-150:p2|p3|p1
STATE:980:rcc/ccc/rrrrcf/cc:5s3s|Jh2s|9cTs/Kc7sTh/4c/9s:-100|180|-80:p3|p1|p2
STATE:981:rrfc/rrc/cc/crc:5hKc|5s9h|JcAc/Ad9c8d/7s/4s:-70|-10|80:p1|p2|p3
STATE:982:rcc/crrrrcf/crrc/cc:5s9c|Td9h|5c2h/Jd8sJc/7s/Js:-50|150|-100:p2|p3|p1
STATE:983:crrcrcc/rrrfc/rrrc/crc:7hJc|8dTc|AsQd/7d9d8c/Ts/7s:-50|200|-150:p3|p1|p2
STATE:984:ccc/rcc/crrcrrcc/ccc:3dJh|9h6c|Ks7d/4s8d8c/Td/9d:-100|200|-100:p1|p2|p3
STATE:985:crrcrcc/rrrcrfc/rc/crc:Ks5s|Jd2c|Ts6h/Jc4d7d/Td/Jh:-120|190|-70:p2|p3|p1
STATE:986:ccrrrcc/crcf/rrrc/crc:5hTc|7c8c|7h4c/Jh4d4s/8h/3h:-40|-130|170:p3|p1|p2
STATE:987:ccc/rrcrrcc/ccc/rcrrcrcc:7sQs|6d3c|9cAc/JhJc5s/5h/Tc:-130|-130|260:p1|p2|p3
STATE:988:frrc/cc/rc/crrc:3h4s|2h3c|KdTd/QdAh7s/9s/Js:0|0|0:p2|p3|p1
STATE:989:rrcc/ccc/crrcrcrcc/ccc:2d3h|8cTh|7cQh/QcAc7s/5h/7h:-110|-110|220:p3|p1|p2
STATE:990:ccc/rrcrcrcc/rcrrcc/crcrcrcrfc:Kd2d|6c2s|8hTh/2c4h9s/Ad/As:360|-190|-170:p1|p2|p3
STATE:991:rrcrcc/rrrcf/rrrrc/cc:Td7s|4c5s|Qc4s/5dAd7c/6c/2c:210|-60|-150:p2|p3|p1
STATE:992:fcc/crc/crrc/rrc:Jh9d|8hAh|As6c/3dKc3c/2d/Kh:-100|100|0:p3|p1|p2
STATE:993:rcrcrcf/rc/cc/rc:Qd2h|5c4d|6s2d/As8s6d/7d/2c:-70|100|-30:p1|p2|p3
STATE:994:rrcc/rrrrcf/rrc/rc:8d4c|6sQd|Ts2s/2d9hTh/8c/5h:190|-130|-60:p2|p3|p1
STATE:995:rrrcc/crrfrrc/crc/cc:7cKh|3s2h|Js4h/KcQc2s/5h/4s:-40|-100|140:p3|p1|p2
STATE:996:rrcrcc/rrrcc/ccrrcrcrcc/crrrrfc:QhQd|3cQc|2cTh/Jc8hTs/9c/3s:95|95|-190:p1|p2|p3
STATE:997:crrcrcc/crrfrc/cc/rrc:Qd2s|KdTs|6dQh/6h6sTc/3h/Jd:-40|-110|150:p2|p3|p1
STATE:998:frc/cc/rc/rrc:6hKc|6cAd|6d2c/QdTd9h/7h/Jc:80|-80|0:p3|p1|p2
STATE:999:ccc/ccc/rrcc/rrrfrc:QsAs|3s8h|Qd3c/4d6d2d/5d/2c:-70|-130|200:p1|p2|p3
SCORE:-4330|625|3705:p1|p2|p3
