# name/game/hands/seed 3p.nolimit.h1000.r0 /home/dmorrill/.rvm/gems/ruby-1.9.3-p194/gems/acpc_dealer-0.0.1/vendor/project_acpc_server/holdem.nolimit.3p.game 1000 0
#--t_response 600000
#--t_hand 600000
#--t_per_hand 7000
STATE:0:fcr17162r20000c///:5d5c|9hQd|8dAs/8s4h6d/5s/Js:20000|-20000|0:p1|p2|p3
STATE:1:cr13057cr20000cc///:Ks6h|Qs5d|Tc4d/Ah3dTd/8c/Qd:-20000|40000|-20000:p2|p3|p1
STATE:2:cr2072cr5460r19712r20000cc///:Jh7c|Kd7d|Kh3h/8d2c9h/Ts/Kc:40000|-20000|-20000:p3|p1|p2
STATE:3:r2949r18618cr20000cc///:6c4h|JhKd|Ts9s/ThAh6s/9c/8d:-20000|-20000|40000:p1|p2|p3
STATE:4:ccc/cr10967cc/r11280cc/r19573r20000cc:KcQd|9hAs|3d2s/Tc5h4s/Kh/6d:-20000|-20000|40000:p2|p3|p1
STATE:5:r6574r19094cr20000fc///:9dQd|8cKh|KsTh/Kd7d3d/3s/6s:-19094|-20000|39094:p3|p1|p2
STATE:6:r13679r20000cc///:7d4h|As9s|7cJh/3dAd9d/Ac/2s:-20000|40000|-20000:p1|p2|p3
STATE:7:r17304ff:4h6c|3sQc|TsAd:-50|-100|150:p2|p3|p1
STATE:8:r19254fc/cr19818r20000f:3hKc|Jh6d|9s7s/Qs4sTh:-50|19868|-19818:p3|p1|p2
STATE:9:ccc/ccc/ccr4322cr11555cc/r15451r19577cr20000cc:9dTc|9s4h|3h7c/2h9hTs/2c/Ah:40000|-20000|-20000:p1|p2|p3
STATE:10:cr3851r9426cr19339r20000cc///:2sKh|ThJd|3sAd/3h6hJh/Jc/As:-20000|40000|-20000:p2|p3|p1
STATE:11:ccr7433r19127cr20000cc///:7h5d|9c5s|8h7d/2s6sQd/7c/Ad:-20000|-20000|40000:p3|p1|p2
STATE:12:r14304cr20000cc///:8sJd|Th4c|Js9s/4h6c6d/7d/Ac:-20000|40000|-20000:p1|p2|p3
STATE:13:r617cc/ccr3488cr8037r19213r20000cc//:2hAc|ThAs|7cQs/5cKs5s/3d/9c:-20000|40000|-20000:p2|p3|p1
STATE:14:ccc/cr19641cc/cr19928r20000cc/:7d9c|Td6h|4c5d/2h8sJh/4d/5h:-20000|-20000|40000:p3|p1|p2
STATE:15:cr12524cc/ccr16319r20000cc//:TsQh|7s3d|6c2h/Th9d5s/Ks/6h:40000|-20000|-20000:p1|p2|p3
STATE:16:ccc/r18136cf/cr18304c/cr19853c:7c4s|4h9s|3hQh/9cTs7s/Js/Ah:-19853|19953|-100:p2|p3|p1
STATE:17:r6271cr19302fr20000c///:JdKs|Js2h|3dQh/3h6dKd/2c/2d:-20000|26271|-6271:p3|p1|p2
STATE:18:r2115r17339cr20000cc///:5sJh|8dTh|5c2d/5dTcAd/Jd/7s:40000|-20000|-20000:p1|p2|p3
STATE:19:r19368cr20000cc///:6cKs|3cAs|5s9c/QcTc4d/Qd/5h:-20000|-20000|40000:p2|p3|p1
STATE:20:ccr17725r20000cf///:7dKc|3sJs|2dAh/As9hAd/2s/4d:-20000|-17725|37725:p3|p1|p2
STATE:21:cr16849r20000cc///:9cKh|8h3c|8s5c/QcQsAc/4h/Ks:40000|-20000|-20000:p1|p2|p3
STATE:22:ff:6hAd|4d5d|6dTs:-50|50|0:p2|p3|p1
STATE:23:ccc/ccr9190r19331cc/ccr19922cr20000cc/:9sKh|5cTs|2sQc/8h5s7c/3s/Ac:-20000|40000|-20000:p3|p1|p2
STATE:24:cr16953r20000cc///:5sAd|6s3d|TsTd/4s2sJh/7s/3s:-20000|-20000|40000:p1|p2|p3
STATE:25:ccr12593cc/r19441cr20000cc//:Qh7h|3dAd|Th4s/JhQdAs/9d/7c:40000|-20000|-20000:p2|p3|p1
STATE:26:cr2328r8241r18219cc/r19392r20000cc//:Ks3c|5hTc|Qd4d/2h4h2c/3h/9d:-20000|-20000|40000:p3|p1|p2
STATE:27:r16585cr20000cf///:Th5d|Qs8h|7sAc/JsTd7h/Ah/5c:-16585|-20000|36585:p1|p2|p3
STATE:28:cr6335cr14562cc/ccc/r17303r20000cc/:Qd5h|5cKs|Qh3s/Td8h7h/2d/5s:-20000|40000|-20000:p2|p3|p1
STATE:29:cr5110cr12995cf/cc/cc/r14771c:6dKd|Ad6h|Js3h/8c8s7h/Qd/Kh:19881|-5110|-14771:p3|p1|p2
STATE:30:cfr5438r11308c/r12415f:7dJh|TsAs|Qd7h/6dTd5d:-50|11358|-11308:p1|p2|p3
STATE:31:ccr635cc/r7736r15728fr20000c//:7sJs|2sQc|4dQs/Ac9d2h/Jc/3s:20635|-20000|-635:p2|p3|p1
STATE:32:r2185fr17307r20000c///:Jc6d|2c6s|KdTh/2sKs6c/Td/6h:-50|20050|-20000:p3|p1|p2
STATE:33:cr15871cr20000fc///:Qd4d|6hTh|5dJc/3h4c3s/9d/Kd:-15871|-20000|35871:p1|p2|p3
STATE:34:r6425r13412r20000cf///:3d5c|AdKh|Th6c/Js7c4s/5h/6d:-13412|-20000|33412:p2|p3|p1
STATE:35:r13674r20000cf///:8sKc|5s8h|As9s/5h6hTd/6s/7h:-20000|33674|-13674:p3|p1|p2
STATE:36:fr19546r20000c///:9c6h|3dJh|AhTs/9d7s7h/8s/2d:20000|-20000|0:p1|p2|p3
STATE:37:r9473r19285r20000cc///:2dAs|3s8c|Jc2s/6h5cQd/Qh/Jd:-20000|-20000|40000:p2|p3|p1
STATE:38:ccr2524cr12786r20000cc///:Ts8d|Jh7d|5d4d/9cTc8c/Kh/2c:-20000|40000|-20000:p3|p1|p2
STATE:39:ccr15021r20000cc///:5dAs|5h2s|5cKh/TcJs2d/9c/8h:-20000|40000|-20000:p1|p2|p3
STATE:40:ccc/ccc/r14752cr20000cc/:As6d|Jh5s|2sQs/Jc6cTd/4h/Ah:40000|-20000|-20000:p2|p3|p1
STATE:41:cr3912r19183r20000cc///:As6s|5c4s|Qh8h/9s3s5s/2d/Th:40000|-20000|-20000:p3|p1|p2
STATE:42:r5911r12183r19038cr20000cc///:4hJs|Tc7s|Jh6c/Ad8h3s/5d/4d:40000|-20000|-20000:p1|p2|p3
STATE:43:r7271cr16495r20000cf///:2d7c|Qh6s|Ts4c/5c8cQd/Kh/8d:-20000|-16495|36495:p2|p3|p1
STATE:44:r19933cr20000cf///:3d4s|Ac6d|Js2d/Jh3h5h/6c/9h:-19933|-20000|39933:p3|p1|p2
STATE:45:r7562r17813cc/r19377cc/ccc/cr19940r20000cc:8c6s|Tc8h|Qc2h/8s7h6c/Kh/2s:40000|-20000|-20000:p1|p2|p3
STATE:46:cr14440r20000cc///:5cTh|2h7d|7cAs/JsQd5d/Ah/Ks:40000|-20000|-20000:p2|p3|p1
STATE:47:cr19973cf/cc/cr20000c/:3hQd|Kh3s|4s5h/9c6c2h/4c/Ts:-20000|20100|-100:p3|p1|p2
STATE:48:cr10132r20000cc///:Kd9h|JdTc|2cQd/8h9s7s/Jc/As:-20000|40000|-20000:p1|p2|p3
STATE:49:r1378cr5717cc/ccc/ccc/cr5866r9889fr15229c:Qd5s|6s9h|Qh7d/8h6h6c/Ac/Tc:-5717|20946|-15229:p2|p3|p1
STATE:50:r15458cc/ccr17325cc/ccr17730r19860cc/r19966r20000cf:TdKs|8c8s|Qh3d/8dJdQs/6h/Jc:-19966|39966|-20000:p3|p1|p2
STATE:51:cr2102cc/r16039r20000cc//:2c8h|3h8c|QdJc/QsAc8d/4h/4s:-20000|-20000|40000:p1|p2|p3
STATE:52:r15049cc/ccc/r15809cr19481cr20000cc/:7h6s|JdQh|Jc8c/TsKc9d/2d/Tc:-20000|40000|-20000:p2|p3|p1
STATE:53:fcc/r8082c/r8273r10632r15489r20000c/:3s5c|Th7c|5d5s/Kd8h6d/As/Ts:-20000|20000|0:p3|p1|p2
STATE:54:r15006cf/r17054r19572r20000c//:QhAd|5s3h|2h2c/Tc6h2s/7h/Jh:-20000|-100|20100:p1|p2|p3
STATE:55:ccr14536r20000cc///:2sTd|ThQc|7s3c/4dKc8d/4h/Qh:-20000|40000|-20000:p2|p3|p1
STATE:56:r6469cc/cr10607r18284cr20000cc//:KhKs|9s2h|KcAc/Js9d5s/Tc/5c:40000|-20000|-20000:p3|p1|p2
STATE:57:ccc/r18756cr20000cc//:AcKs|Th3h|Qh5c/Jc7c6s/Kd/6d:40000|-20000|-20000:p1|p2|p3
STATE:58:cr14675cr20000cc///:8h8c|7c5h|9d4h/Kd9hJc/Ts/4s:-20000|-20000|40000:p2|p3|p1
STATE:59:r758r18010r20000cc///:2d9c|5h3h|As4d/5s8s9d/Js/2s:-20000|-20000|40000:p3|p1|p2
STATE:60:r2799cr9899cc/r13761cr19314cr20000cc//:8s2c|9s8c|Jd6d/4sQcQd/Ah/2d:40000|-20000|-20000:p1|p2|p3
STATE:61:ccc/r3373cc/cr10207r17333cr20000cc/:4d4c|2cAd|5cKc/7h7cAc/Qd/8s:-20000|40000|-20000:p2|p3|p1
STATE:62:r517r6252r16340r20000cc///:2h9s|Qc3d|AhJh/AcJd8c/3h/8d:-20000|-20000|40000:p3|p1|p2
STATE:63:r8833r19875cr20000fc///:JsTd|5s2c|AsAc/TcAh8h/Jh/3h:-19875|-20000|39875:p1|p2|p3
STATE:64:ccr3723r17886r20000cc///:JdQc|7cTc|Ad7s/9cKc2s/8s/8h:-20000|-20000|40000:p2|p3|p1
STATE:65:ccr2141cr16654r20000cc///:2dJc|7c9d|JsKs/8h5cQs/Jd/Kh:-20000|-20000|40000:p3|p1|p2
STATE:66:cr7833cr17035r20000cc///:AhAd|7h4c|8dJh/JdQd2h/3c/Qh:40000|-20000|-20000:p1|p2|p3
STATE:67:cr1800cc/cr13791cc/r15359fr18952r20000c/:3s9c|JsTs|8d6c/8hTd7c/2d/9h:-20000|-13791|33791:p2|p3|p1
STATE:68:r5437r12270cr19721r20000fc///:2hQc|5s9c|6s7d/Jh4h8c/6h/3c:-20000|-12270|32270:p3|p1|p2
STATE:69:ff:8c4c|2sAc|TdAd:-50|50|0:p1|p2|p3
STATE:70:cr14226cc/ccc/ccr19993fc/r20000c:Jd5s|8cKc|Kh9s/Th5d7h/Qd/8s:-14226|34226|-20000:p2|p3|p1
STATE:71:cr3388r13011cc/cr14237r17405cf/cr17905f:2cJc|4d5h|3c6h/2h5d8h/9c:-17405|-14237|31642:p3|p1|p2
STATE:72:r5060r11324cc/cr18537cr20000cc//:Jh2c|2hKc|5s8d/TsTc6d/5d/6s:-20000|40000|-20000:p1|p2|p3
STATE:73:cr14757r20000cc///:8hAd|Ks2d|4h7c/3cQh3h/7h/7s:-20000|-20000|40000:p2|p3|p1
STATE:74:cr8409r16965cc/r17311r19340cc/r19976cc/r20000cf:3s6d|9d2h|8cKh/4h8h6h/3d/5h:-20000|39976|-19976:p3|p1|p2
STATE:75:r16787r20000cc///:6d9s|JhAs|8c4c/4dKh5c/2h/2s:-20000|-20000|40000:p1|p2|p3
STATE:76:r15844cc/cr16723r17836cc/r18504cc/r19054r19811r20000cc:4s7s|8c7h|6h7c/AdKs8s/Tc/Qh:-20000|40000|-20000:p2|p3|p1
STATE:77:ccc/r4354cc/cr14957cr20000cc/:TdTs|8s2c|Ks7s/3hQc8h/5d/4h:40000|-20000|-20000:p3|p1|p2
STATE:78:ccc/cr4975r9868r14956r20000cc//:2sKc|9dKd|Js2h/QdAs8s/9s/6c:-20000|40000|-20000:p1|p2|p3
STATE:79:ccc/r1630r12211cr20000cc//:5c9c|5sQd|3hTc/7c4s3d/6s/Td:10000|10000|-20000:p2|p3|p1
STATE:80:fr18255c/cr19238f:Ah3s|5c6c|7h4h/5sJsAd:-18255|18255|0:p3|p1|p2
STATE:81:ccr5077cc/ccc/ccc/r13424r20000cc:4cTs|Qs9s|9h5d/8d6c6d/8h/4d:-20000|40000|-20000:p1|p2|p3
STATE:82:r1072cr7933r15211cc/r18552r20000cc//:QdKs|4hTc|7h5d/AsQc9d/8h/Kd:40000|-20000|-20000:p2|p3|p1
STATE:83:r8547r18876cr20000cc///:Qc5s|9s3c|Qd4c/5c5d7d/2s/9d:40000|-20000|-20000:p3|p1|p2
STATE:84:cr7928cr19378cc/cr19617cr19922r20000cc//:Kh2c|8c3c|Ah3d/Ks9c3h/Ad/Ts:-20000|-20000|40000:p1|p2|p3
STATE:85:ccc/cr850r18638r20000cc//:9d6h|3d9s|2cAs/2hAc4s/5h/7d:-20000|40000|-20000:p2|p3|p1
STATE:86:cr3426cr13135cc/r15939cr19828cr20000cf//:KhQs|Jh2c|5s2s/7s5dKs/3h/8s:-19828|-20000|39828:p3|p1|p2
STATE:87:r18458r20000fc///:7d2d|3d4s|2s9s/KdKc6h/7h/6c:20100|-100|-20000:p1|p2|p3
STATE:88:r9505cc/r16022cr20000cc//:TcJc|6d4s|Ac8s/AsAh3s/Jd/5d:-20000|-20000|40000:p2|p3|p1
STATE:89:r314cr5552r16315cc/cr19490cr20000cc//:2c8d|2d3s|Qd9h/JdKc8c/5s/Td:-20000|-20000|40000:p3|p1|p2
STATE:90:r16104cc/r16311cc/r18628r20000fc/:8c7c|3d2h|Qs7d/TcTh2d/Qh/7h:36311|-20000|-16311:p1|p2|p3
STATE:91:ccc/r12215r20000cc//:7d5s|8c9d|Th6d/Tc3h3c/Kc/Qc:-20000|40000|-20000:p2|p3|p1
STATE:92:ccr7086cc/r7418cc/ccr19303cr20000cc/:8c4h|As7c|JhQc/TcTd2h/Ah/6c:-20000|40000|-20000:p3|p1|p2
STATE:93:r3272r15806r20000cc///:3d6h|2d8d|8h6d/4sAh5s/3c/4c:-20000|40000|-20000:p1|p2|p3
STATE:94:r5985r17997fr20000c///:5cQs|5h3s|7s2h/2cKc7d/6s/7h:-20000|-100|20100:p2|p3|p1
STATE:95:ccr9117r18765r20000cc///:7dQs|3dQd|As5h/Ac8cTh/9h/6s:40000|-20000|-20000:p3|p1|p2
STATE:96:r2939cr15044cr20000cc///:7sTs|3cAh|TcKs/3s5d5c/3h/9c:-20000|40000|-20000:p1|p2|p3
STATE:97:cfr17233c/cc/cr19421r20000c/:5c7h|3d6h|AcQs/2hTcAd/Jc/7d:-50|-20000|20050:p2|p3|p1
STATE:98:ccr8842r19993r20000cc///:9dAs|6d8h|8c4s/7sTc2h/3h/Td:40000|-20000|-20000:p3|p1|p2
STATE:99:ccr19693cc/r19834r19983fc/r20000f:5cTs|4d7c|3hTd/Ks7h9d/Tc:39676|-19983|-19693:p1|p2|p3
STATE:100:cr9579r19429cf/cr19578c/cr19933r20000c/:Jd8d|6h8c|8h2c/Qh3sAh/3h/5c:-9579|4789.5|4789.5:p2|p3|p1
STATE:101:r15771fr20000c///:2c3h|Ad6s|Kh8c/9s5d7c/Qh/Tc:-50|20050|-20000:p3|p1|p2
STATE:102:r18252r20000cf///:8c4d|6c9d|2dQs/9h7cTh/5s/Ad:-20000|38252|-18252:p1|p2|p3
STATE:103:r11983r20000cc///:7cQh|7dAs|Jc5c/Ah6sKc/Ks/Kd:-20000|40000|-20000:p2|p3|p1
STATE:104:r1345cr4045cr14586cr20000cc///:Qh9d|Td9h|Ad7h/6cTs2s/2d/8s:-20000|40000|-20000:p3|p1|p2
STATE:105:r9478cc/r11279cc/ccc/r15276cc:8sKh|Qh3s|Qd5d/JcJdAh/5h/4d:-15276|-15276|30552:p1|p2|p3
STATE:106:cfc/r6978r17495f:4c6s|6hAs|8h3c/8sAd7d:-50|-6978|7028:p2|p3|p1
STATE:107:r1878cf/cr16056r20000c//:7d9s|2hAh|AsTh/KcQh3h/Js/7h:-20000|-100|20100:p3|p1|p2
STATE:108:r5370cr18915cr20000cc///:9d2c|Qh8d|2d9s/7c3dKs/2h/Td:10000|-20000|10000:p1|p2|p3
STATE:109:r19244cc/ccr19547cr19926cc/ccr20000cc/:JcTs|7sAc|2dJh/Kc9sAh/Td/3s:-20000|40000|-20000:p2|p3|p1
STATE:110:cr9683r19887cr20000ff:5sKc|Qd3h|Qh5c:39774|-19887|-19887:p3|p1|p2
STATE:111:r5009r11150cc/cr13477cc/r14645cc/r19329fr20000c:KdKh|Ah6h|4s2s/4h6c9c/8c/Kc:34645|-14645|-20000:p1|p2|p3
STATE:112:r4213cf/r8307r15640r20000c//:5s2c|7c8d|6h4s/Kh5c4h/Kd/Ad:20100|-100|-20000:p2|p3|p1
STATE:113:fr7390r16337c/cr18880c/cc/r19169r19603c:8dKd|3dAc|QdAd/9d6d9h/4h/5h:-19603|19603|0:p3|p1|p2
STATE:114:r15328r20000cc///:9sJc|2s4s|3s9d/9c6d2d/Ac/Qc:40000|-20000|-20000:p1|p2|p3
STATE:115:r17387r20000fc///:4h7d|2c7c|8c6d/Js5c4s/8s/3c:-20000|-100|20100:p2|p3|p1
STATE:116:ccc/r16441cc/cr19223cc/cr19954r20000cc:9h8s|6sJd|8hTh/3c5h2c/Ac/6c:-20000|40000|-20000:p3|p1|p2
STATE:117:cfc/r3342r15508c/r18150c/cc:5c8s|Js6s|TcTh/3h9d4c/Ts/9c:-50|-18150|18200:p1|p2|p3
STATE:118:ccc/ccc/r18568cc/r19936cr20000cc:Ad9h|Kd4d|KhJs/5cQsAs/2d/6c:40000|-20000|-20000:p2|p3|p1
STATE:119:r9493cr19661cr20000cc///:Ah8c|Jc4h|3c7h/Kd5c8d/8s/Jh:40000|-20000|-20000:p3|p1|p2
STATE:120:r9369cr19210r20000cc///:6s7h|5s8h|Qc6h/5hQd4s/Td/Qh:-20000|-20000|40000:p1|p2|p3
STATE:121:cr17399r20000cc///:4c4d|5hQs|4sAs/JsJc5d/3s/7h:-20000|40000|-20000:p2|p3|p1
STATE:122:fr5647r17848c/r18736r19835r20000c//:QcAh|6c3h|9sKs/4hKdTd/7s/7c:20000|-20000|0:p3|p1|p2
STATE:123:cr7631r18662cr20000cc///:4d2s|4cQc|KdJh/Ts3c8s/Kc/9d:-20000|-20000|40000:p1|p2|p3
STATE:124:cr11929r20000cc///:3h4c|AcTd|2dQs/JhJc6s/Ts/Jd:-20000|40000|-20000:p2|p3|p1
STATE:125:r4606cc/r17004cr20000cc//:6s2s|As4h|KsTd/Qh6c3h/2c/7h:40000|-20000|-20000:p3|p1|p2
STATE:126:cr12008r20000cc///:5h5d|4d2s|5s6s/Qh7cKs/9h/3s:40000|-20000|-20000:p1|p2|p3
STATE:127:r9025fr19461c/r19686c/r19949r20000c/:Td7d|Th3c|2dKs/5c9h9s/3s/Qs:-50|20050|-20000:p2|p3|p1
STATE:128:cr8670cc/cr18504r20000cc//:2s9s|3hAc|Ks6c/4dTs7s/Td/7h:-20000|40000|-20000:p3|p1|p2
STATE:129:cfr12879c/cr18400c/cc/r19141r19985c:Kc8h|2d5c|ThQc/4hJs6d/Kh/Qs:-50|-19985|20035:p1|p2|p3
STATE:130:r4213r16723cf/r17815c/cr18574r19808r20000c/:7s7c|5cTc|TdTs/3c9d7h/9h/As:24213|-20000|-4213:p2|p3|p1
STATE:131:r11710cc/cr12570cc/cr19765cr20000cc/:9dTd|As2h|7cJc/6s3c6c/2s/Kc:-20000|-20000|40000:p3|p1|p2
STATE:132:ccr6205r19031r20000cc///:KcJh|7d2c|Qs6c/TsKsTd/8s/5h:40000|-20000|-20000:p1|p2|p3
STATE:133:r7914fr18457r20000c///:7c6h|7d2c|3s9s/8c4sQs/Kc/6d:-50|-20000|20050:p2|p3|p1
STATE:134:r12166cc/r12358r17259r20000cc//:5dJc|ThTd|7c4d/5h7d9s/9c/3c:-20000|40000|-20000:p3|p1|p2
STATE:135:ccc/ccc/r8778r19962r20000cc/:9dJs|Qh3d|Jc3h/8h5h8c/Ks/Kd:-20000|40000|-20000:p1|p2|p3
STATE:136:r560r17354r20000cf///:3sQh|5d6d|KcJs/2c9hJc/Ad/3h:-17354|-20000|37354:p2|p3|p1
STATE:137:r7530cc/r15762r20000cc//:6s5d|AsJh|3sAd/9dKdQh/Kh/8c:-20000|40000|-20000:p3|p1|p2
STATE:138:ccc/r10463cr20000cc//:Th4s|3s4c|9c6c/Td2hJh/5c/4d:40000|-20000|-20000:p1|p2|p3
STATE:139:r3390cc/r8598r17625cr20000cf//:2dQd|8sQh|9s4c/Td3d8c/Kc/Ts:-20000|37625|-17625:p2|p3|p1
STATE:140:ccr4345r18171r20000cc///:KhTs|7c5h|4sQs/As6sTc/3s/3h:-20000|-20000|40000:p3|p1|p2
STATE:141:r18505cr20000fc///:7c4h|AhJd|QsQh/Kd5dTs/7d/2c:38505|-20000|-18505:p1|p2|p3
STATE:142:r13086cc/cr16901r20000cc//:Th7d|Ts7c|Js2s/Ah2dQh/Qs/9h:-20000|-20000|40000:p2|p3|p1
STATE:143:cr7442cr16386cr20000cf///:Td2h|3c4c|5d6h/Ac6d2d/2s/7h:-16386|-20000|36386:p3|p1|p2
STATE:144:r6335fr16074r20000c///:8c4s|TsKd|3h6s/6d8s5h/Qh/7s:-50|-20000|20050:p1|p2|p3
STATE:145:cfc/cr18469r20000c//:4d3c|5cTs|2c4s/JcQsKc/Tc/2h:-50|20050|-20000:p2|p3|p1
STATE:146:fr17812c/cr18546r19746r20000c//:4cTh|6h8c|5s2d/7h9d6d/Qd/6s:-20000|20000|0:p3|p1|p2
STATE:147:r13667r20000cc///:9c6d|ThTs|8s3c/5s5h8h/Td/Jh:-20000|40000|-20000:p1|p2|p3
STATE:148:fr4537c/cr17411c/r19714r20000c/:ThAc|5h9h|6s7d/8cJhQc/Ks/8h:20000|-20000|0:p2|p3|p1
STATE:149:r16413r20000fc///:6c3c|3s8h|4c4d/9sKsTd/7h/6s:20100|-100|-20000:p3|p1|p2
STATE:150:r4365r9188cr19760cr20000cc///:6cAd|3c6s|4hTs/5d7hQh/7d/Qd:40000|-20000|-20000:p1|p2|p3
STATE:151:r12425cr20000cc///:2dAd|7d6d|8sQs/9h6sQd/Ks/3c:-20000|-20000|40000:p2|p3|p1
STATE:152:cr11636cc/r17854r20000cc//:3d8h|QcAc|JcTd/2s6hKd/Kh/7s:-20000|40000|-20000:p3|p1|p2
STATE:153:cr17236cr20000cf///:QhJh|5h8s|Kh8d/9c9sAs/Jd/4s:37236|-17236|-20000:p1|p2|p3
STATE:154:cr2924r5877r9245r12825cr17607cr20000cc///:QsAh|8dTc|6dAd/6h2s6s/7c/Kh:-20000|-20000|40000:p2|p3|p1
STATE:155:r13927cc/r17329cc/cr18179cc/cr19211fc:4c7d|6h9h|8dTh/8c3dJd/Kc/5c:-19211|37390|-18179:p3|p1|p2
STATE:156:r13554r20000cc///:8hJs|3hKh|8sQh/4dAh6d/6h/9d:-20000|40000|-20000:p1|p2|p3
STATE:157:ccc/cr2210r6657r15361cr20000fc//:KcAd|2c9h|2s6d/Qh7c2d/9c/Qd:-15361|35361|-20000:p2|p3|p1
STATE:158:ccr17794cc/r19581cc/cr19713cf/cr19865r20000c:8cAd|JsQh|2c3s/5d9dTd/7s/7c:-19581|39581|-20000:p3|p1|p2
STATE:159:r17129cr20000fc///:5sJc|6dQs|As9h/Ac5d9s/8h/3c:37129|-20000|-17129:p1|p2|p3
STATE:160:r10250r20000cc///:4c4h|6h7h|2c4d/3s2s3d/Kh/6c:-20000|40000|-20000:p2|p3|p1
STATE:161:r10932fc/r15979r20000c//:9d4s|Th7h|9h3d/KcKs2d/5s/5h:-50|20050|-20000:p3|p1|p2
STATE:162:r11532cc/r14546r17743r20000cc//:5h9c|5cTc|7d4c/4dKs2h/9d/Qh:40000|-20000|-20000:p1|p2|p3
STATE:163:ccc/ccc/ccc/ccc:6d7h|2sJs|JhTs/3h5h9s/5s/3d:-100|50|50:p2|p3|p1
STATE:164:cr12034r20000fc///:AhQs|Jh2s|4hTc/9d2c4s/Ac/8c:20100|-20000|-100:p3|p1|p2
STATE:165:r6550cr13734r20000cc///:Jh4s|KdAd|AhKs/7h6d8d/9c/8h:-20000|10000|10000:p1|p2|p3
STATE:166:cr7474r17595cr20000cf///:3hKd|Qh7d|2d4h/9s8cKc/4d/Kh:37595|-20000|-17595:p2|p3|p1
STATE:167:ccc/r10529r20000cc//:Kd6c|8c9d|9c2h/3dThTs/9h/Jd:-20000|10000|10000:p3|p1|p2
STATE:168:r4241r13977r20000cc///:6hJs|3s9d|Qs8h/KdJd4c/Td/4d:-20000|40000|-20000:p1|p2|p3
STATE:169:cr18114r20000cc///:9c2c|3c4d|Qd9d/9h8c7d/8s/7c:-20000|-20000|40000:p2|p3|p1
STATE:170:fr19686r20000c///:Ts4d|7sQs|9s6s/9c3c4s/Ks/2c:20000|-20000|0:p3|p1|p2
STATE:171:ccc/r14665cr20000cf//:Js5c|2sTd|As2h/3dKhAd/Kc/7h:-20000|-14665|34665:p1|p2|p3
STATE:172:ccr8039fr16312r20000c///:2c7s|8dKd|9hJs/Jc3d5h/7c/6d:20100|-20000|-100:p2|p3|p1
STATE:173:ccc/cr14616cr20000cc//:8h6h|Qh5h|6s2s/Td3h4c/8d/3s:40000|-20000|-20000:p3|p1|p2
STATE:174:ccc/r467cc/r5932r17818r20000cc/:7s9h|2hTs|3hJh/7dTh3d/Ac/9d:40000|-20000|-20000:p1|p2|p3
STATE:175:cfr11746r20000c///:6c9s|3s6d|7cTd/AcKh7s/7d/Kc:-50|-20000|20050:p2|p3|p1
STATE:176:r6264r12431r19517r20000cc///:6c6h|Qd4s|AhQc/5cAcJd/9c/9s:-20000|-20000|40000:p3|p1|p2
STATE:177:ccc/r10178r20000cc//:3cKc|Td8s|9hJd/TcKs8h/3d/Kh:40000|-20000|-20000:p1|p2|p3
STATE:178:ccc/r9327fr19590c/cc/r19832c:8d4c|QcJs|5c9c/Qh2hKd/7c/9h:-19832|-100|19932:p2|p3|p1
STATE:179:r15735r20000cc///:Ac5d|9hJc|2h2s/5s3hAd/4d/Qh:-20000|-20000|40000:p3|p1|p2
STATE:180:r4907cc/r9154cr16125r20000cc//:Th7h|7c5d|4s3s/Jd7d5s/3d/2h:-20000|40000|-20000:p1|p2|p3
STATE:181:cr8042cr17201cr20000cc///:9cKh|9d5d|4s9h/5hJcKs/2d/Ad:40000|-20000|-20000:p2|p3|p1
STATE:182:ccc/r1971r13535r20000cc//:8cAs|6h5c|QhKs/Th7h8s/7d/8h:40000|-20000|-20000:p3|p1|p2
STATE:183:fr4513c/cr12581c/r15534r18854c/r19309r19781c:Qs7h|6sKh|9s9h/AcKcQh/8c/Js:-19781|19781|0:p1|p2|p3
STATE:184:ccr17070r20000cf///:6cJs|7s7d|7c4s/6d5cTc/2s/Kh:37070|-17070|-20000:p2|p3|p1
STATE:185:cr723r4472r15590r20000cc///:3d4s|7h8h|AdTh/4cJs3h/Ts/Tc:-20000|-20000|40000:p3|p1|p2
STATE:186:ccr17599cr20000cc///:7c8s|6h9s|9d3h/5d3c7s/Qh/4d:-20000|40000|-20000:p1|p2|p3
STATE:187:r17822cr20000cf///:9d8h|6h7h|4h9c/6s3d7d/7c/5c:-17822|37822|-20000:p2|p3|p1
STATE:188:r2814cc/ccc/cr15696cr20000cc/:JsQc|QhTh|6dJc/9dKd4h/4d/Tc:40000|-20000|-20000:p3|p1|p2
STATE:189:r1956cr16922cc/r19369r20000cc//:2h2d|3h6s|7c4h/Tc3dAd/4s/9s:-20000|-20000|40000:p1|p2|p3
STATE:190:cr11003r20000cc///:Ah8d|4dAs|5s5h/TcQc9s/Th/6c:-20000|-20000|40000:p2|p3|p1
STATE:191:cr5428cr18397r20000cc///:9c5c|7c6h|Th5d/9sQc8h/Ad/8s:40000|-20000|-20000:p3|p1|p2
STATE:192:r13313ff:8dJd|2s7d|8sJs:-50|-100|150:p1|p2|p3
STATE:193:ccc/r19952r20000cc//:Qd7c|Ts6s|9c6c/Qs5c5h/4c/6h:40000|-20000|-20000:p2|p3|p1
STATE:194:r7420r15032r20000cc///:Ad5h|3c5d|7dAh/4cQd3s/Ac/7h:-20000|-20000|40000:p3|p1|p2
STATE:195:r9078cc/ccc/cr17416cr20000cc/:6hAs|AcQs|Qc3h/7d7c3c/5s/5d:10000|10000|-20000:p1|p2|p3
STATE:196:cfr15200r20000c///:8d4d|7sAc|Jc7h/7c7dQs/9d/As:-50|20050|-20000:p2|p3|p1
STATE:197:r13358r20000fc///:8hTs|5c2h|4s9s/Js6c9c/2c/5d:-20000|-100|20100:p3|p1|p2
STATE:198:ccr13139r20000cc///:3d8d|JdAd|7h9s/9hAcJs/3h/6h:-20000|40000|-20000:p1|p2|p3
STATE:199:ccr2544r13871cc/r15094r16597cc/ccr17542cr19085r20000cc/:3cAd|KcQd|4hAs/2c8dAc/Kd/3h:40000|-20000|-20000:p2|p3|p1
STATE:200:r19990r20000cc///:Jc3s|4s7c|6c9h/4cTc3c/As/3h:40000|-20000|-20000:p3|p1|p2
STATE:201:cr11033cc/ccr18698cc/r19474cf/cr19783r20000c:8cJs|Jc6d|AsQd/4c4s5s/8d/9d:38698|-20000|-18698:p1|p2|p3
STATE:202:r5352r19680cr20000cf///:8h3s|Td2s|5d3c/As4s5c/Qd/Ts:-20000|-19680|39680:p2|p3|p1
STATE:203:ccc/r4476r17552r20000cf//:JhJc|AcAd|AhKc/7d4dKh/4c/5h:-20000|-17552|37552:p3|p1|p2
STATE:204:r3084cc/r10470cc/r16094cr20000cc/:Jc4c|3c3d|6s2h/7hQhKh/Td/Ah:-20000|-20000|40000:p1|p2|p3
STATE:205:r11451r20000cc///:Ac3h|Ah4h|4dJh/8cJs5s/Ks/2d:-20000|-20000|40000:p2|p3|p1
STATE:206:fcr6175r13965c/cc/cr16939r19956c/cr20000c:5d3s|9hJd|2c5c/Ad9sTh/Qh/Td:-20000|20000|0:p3|p1|p2
STATE:207:r6017r15155cc/r18522cc/r19296r20000cc/:5s4s|KdTc|7s5c/6hJh2d/Qs/2s:-20000|40000|-20000:p1|p2|p3
STATE:208:r4704cc/r11935cr19474r20000cc//:JdJh|Qh2s|4sAd/5d8h6d/9h/Ah:-20000|-20000|40000:p2|p3|p1
STATE:209:ccc/r13568r20000fc//:8s3d|2h7h|Qh9d/3h9h6c/9c/Js:20100|-20000|-100:p3|p1|p2
STATE:210:cr10908cr20000cc///:TsTd|3h3d|8c2s/6sTc5s/Kh/Jc:40000|-20000|-20000:p1|p2|p3
STATE:211:ccr1713cr3596cr18861cc/r19962cc/cr20000cc/:9cKh|KcJc|As4c/AhJh5c/Th/4d:-20000|-20000|40000:p2|p3|p1
STATE:212:ccc/cr5517cf/r15622c/cr17176c:3d4s|Qc8h|Qs9d/5s5c7s/5h/2s:-100|-17176|17276:p3|p1|p2
STATE:213:r307r5431cr13779r20000cc///:3c3h|8d4c|9cTh/Ks3d4s/Jh/9h:40000|-20000|-20000:p1|p2|p3
STATE:214:cr18819r20000cc///:5hKh|7c8h|6dTs/3s6hJh/8d/4d:-20000|40000|-20000:p2|p3|p1
STATE:215:ccr5867r16725r20000cc///:Td5h|5d3c|5s7s/7hJdAc/4c/As:-20000|-20000|40000:p3|p1|p2
STATE:216:r6795r15327cf/r19994r20000f:Jd2d|4dKc|7cKd/2h9c4s:-19994|26789|-6795:p1|p2|p3
STATE:217:ccc/r18991r20000cc//:5s4c|2h8h|Jh7c/JcKs9d/5c/3s:-20000|-20000|40000:p2|p3|p1
STATE:218:fcr7795r16432r20000c///:Jd3h|Ad8d|2s4c/9cKh6c/Ac/Jh:-20000|20000|0:p3|p1|p2
STATE:219:r9612cr19634cr20000fc///:2hAs|5d3s|3dTc/6h3cKs/Kc/Td:-20000|-19634|39634:p1|p2|p3
STATE:220:r4327r18866cr20000cc///:5sQs|3h2d|7c5h/9d4d3d/4c/8h:-20000|40000|-20000:p2|p3|p1
STATE:221:cr15005r20000cc///:Qd3s|4d8h|QhAh/Kh4c6d/5s/3d:-20000|40000|-20000:p3|p1|p2
STATE:222:r17850r20000cf///:6cJs|6dJd|ThAs/9sJh5c/3d/Kd:8925|8925|-17850:p1|p2|p3
STATE:223:cr8498cr18393r20000ff:9s8h|8dAh|6hTh:26891|-8498|-18393:p2|p3|p1
STATE:224:cfr12133c/cr18969r20000c//:2cKc|QhAc|Jd3s/4s9d7c/Jc/7d:-50|-20000|20050:p3|p1|p2
STATE:225:r4233cc/cr10671r19575cr20000fc//:As9d|Ad5s|Ac7c/Qc5dTs/6c/2c:-20000|39575|-19575:p1|p2|p3
STATE:226:cfr7568c/r17543r20000c//:6c7c|3sTs|KsTh/Td7sKc/4c/8d:-50|-20000|20050:p2|p3|p1
STATE:227:r14203r20000fc///:9s8h|Kd6h|7h6d/8dQhTs/Jh/5c:20100|-100|-20000:p3|p1|p2
STATE:228:r7478r15031cr20000cc///:TsQc|3h9d|Jc7c/Kc5c8s/4d/Tc:-20000|-20000|40000:p1|p2|p3
STATE:229:r4654cc/r5073cc/r11975cc/r14473r17728r20000cc:7dJd|4sAh|Jc8s/8h5dQd/2d/Jh:40000|-20000|-20000:p2|p3|p1
STATE:230:r2982r18755cr20000cc///:7cQc|9cJh|5h6s/8s2h5c/3c/Jd:-20000|40000|-20000:p3|p1|p2
STATE:231:r1441r11521cc/r16137r20000cc//:Kh7d|QcAh|9sKd/2h9d8c/8d/6d:-20000|-20000|40000:p1|p2|p3
STATE:232:ccc/ccc/cr13428r20000cc/:Qd6d|JcTd|Ah3h/8cJh6h/2h/6c:-20000|-20000|40000:p2|p3|p1
STATE:233:r13797cc/cr19807cr20000cf//:8cKd|Js5s|4h6s/Jd9hQc/Qd/8h:-20000|39807|-19807:p3|p1|p2
STATE:234:ccr13993r20000cc///:Qs6d|8s5c|Ad3d/8c7hQc/Th/9d:40000|-20000|-20000:p1|p2|p3
STATE:235:ccr16439cc/ccr19761r20000cc//:2c4s|JsQs|4h5h/6sJh6d/Qc/5c:-20000|40000|-20000:p2|p3|p1
STATE:236:r5931cc/cr8470cc/ccc/ccr10351cr16664cc:2hKd|7hKh|7dTs/4d9s6h/Qh/5s:-16664|33328|-16664:p3|p1|p2
STATE:237:cfr15024c/cc/r19746r20000c/:Ks7c|5h4h|Qc8c/6dJcTs/7h/Jd:-50|-20000|20050:p1|p2|p3
STATE:238:ccr14285cr20000cc///:TsAd|9c7c|QcJd/Qd9d3h/7d/4c:-20000|40000|-20000:p2|p3|p1
STATE:239:ccc/r19127cf/cc/cr19476r19860r20000c:7d3c|Jc2d|6h5s/8d5hTd/3s/As:20100|-20000|-100:p3|p1|p2
STATE:240:r11729cc/cr15386r19093r20000cc//:Td9h|6sJc|AdKs/JhQh3s/Qs/3h:-20000|40000|-20000:p1|p2|p3
STATE:241:r12738cc/ccr13025cf/r14053c/r18932c:Th8c|JhAd|7s3c/Qs3h6d/6s/Td:31670|-12738|-18932:p2|p3|p1
STATE:242:ccc/ccc/r8189cc/cr14397r20000cc:7d5h|3sTc|8c6c/Td9h8s/Qd/7c:-20000|-20000|40000:p3|p1|p2
STATE:243:r6329r19809cc/r19989r20000cc//:8c8h|QhQc|KhTs/Td2c5h/8s/4s:40000|-20000|-20000:p1|p2|p3
STATE:244:r18068r20000cc///:AcTs|6sJs|As4c/6h3h7s/9s/Kc:-20000|40000|-20000:p2|p3|p1
STATE:245:r19338cc/cr19457r19674cc/r19954cc/r20000cc:8c5c|Qd5d|9cTc/8s3h4c/9h/6d:-20000|-20000|40000:p3|p1|p2
STATE:246:r1163r17782cr20000fc///:Ks8s|5cTc|As6s/4d7hQc/6c/9d:-17782|-20000|37782:p1|p2|p3
STATE:247:cr13102cc/cr18546cr20000cc//:9sTd|6d7c|JdJc/7sTc5s/9h/Qs:40000|-20000|-20000:p2|p3|p1
STATE:248:ccr9998cc/r12153r16957r20000cc//:6hKc|4cQd|5sJc/KsQsQh/5d/Kd:40000|-20000|-20000:p3|p1|p2
STATE:249:cr16251cc/r18204fc/r18871c/r19643f:7hQd|2sAh|2h9d/9sKcKh/6d/Ad:35122|-16251|-18871:p1|p2|p3
STATE:250:fcr3889r11136c/cr19076c/cc/r19419r19983f:Td6s|Js9c|Jc5h/Qh5dKd/Qd/8c:-19419|19419|0:p2|p3|p1
STATE:251:r10693r20000cf///:3sAh|4c2d|3c3d/7h2h6s/As/6c:30693|-20000|-10693:p3|p1|p2
STATE:252:ff:Th2h|Ac5d|Qs8c:-50|50|0:p1|p2|p3
STATE:253:r1078fr17515c/cc/cc/r17790c:Th7s|4sQd|Ac5c/Jh4d7c/3c/7d:-50|17840|-17790:p2|p3|p1
STATE:254:cfr13714c/r18777c/cc/cr18895c:7cQc|Qd8d|AdQh/8c3d4s/9d/Kc:-50|18945|-18895:p3|p1|p2
STATE:255:r7799r17695r20000cc///:Ac2d|Ad5d|4h8c/2h7sJc/5s/Ks:-20000|40000|-20000:p1|p2|p3
STATE:256:ccr6628r14286cc/r18826fr20000c//:8cAs|5s6c|AdQd/2c5h4c/3c/6s:7143|-14286|7143:p2|p3|p1
STATE:257:r14834cc/ccc/r18176cr20000cc/:2dAs|2c5c|7h6s/4s6c3s/Qc/5h:-20000|-20000|40000:p3|p1|p2
STATE:258:ccc/ccc/cr14733r20000cc/:Jh6c|7sQh|JsTd/9h2dQc/8d/Ad:-20000|-20000|40000:p1|p2|p3
STATE:259:r8365cf/r9956r14903r19925r20000f:Kh4s|5cQs|4dKs/4c7sTd:-19925|-100|20025:p2|p3|p1
STATE:260:cr4843cr16008cr20000cc///:Ah6h|7dKh|Th8s/Td8d3s/9c/4d:-20000|-20000|40000:p3|p1|p2
STATE:261:cr12070cc/ccc/r16719cr20000cf/:QdKd|9s8h|6hKc/5s3c6c/2h/Ks:-20000|-16719|36719:p1|p2|p3
STATE:262:ccr19450r20000cc///:JsQd|Jd3h|KhJc/8sAhQh/5c/9c:40000|-20000|-20000:p2|p3|p1
STATE:263:r8660cf/r12512r17507r20000f:8dAh|3sQs|3c9s/Ac9c8s:17607|-100|-17507:p3|p1|p2
STATE:264:r17517cc/ccc/r18619cr19898cc/cr20000cc:2hTc|2s2c|8c4d/KsKhJd/Qh/3h:-20000|40000|-20000:p1|p2|p3
STATE:265:r15219r20000cc///:AdTh|2c8d|QdJc/9sAs5c/9d/Js:40000|-20000|-20000:p2|p3|p1
STATE:266:r15797cc/r17522r19688r20000cc//:8d4c|Qc8s|Qh5s/8c4d7s/6s/Kd:-20000|-20000|40000:p3|p1|p2
STATE:267:r15947r20000cc///:Qs4d|3s9c|2s5c/JhJd2c/Ah/Kh:-20000|-20000|40000:p1|p2|p3
STATE:268:ccr4895cr15824cr20000fc///:2h6h|6d5d|8cQs/3s5sTc/Ad/Th:-15824|35824|-20000:p2|p3|p1
STATE:269:fr10714r20000c///:Ks3h|7c9d|QhTd/8sKc4s/Qs/4d:20000|-20000|0:p3|p1|p2
STATE:270:cr18311cr20000cc///:AsQd|7c3s|8d7h/6c3hQs/9d/2s:40000|-20000|-20000:p1|p2|p3
STATE:271:ccc/r12147r20000cc//:9sQs|2sQd|5cJh/9c7sTs/Qc/Ks:40000|-20000|-20000:p2|p3|p1
STATE:272:r13556cc/cr17017cc/r17293cf/r17542f:8d6h|As3h|2sJs/3d6dTd/Qc/5h:34310|-17293|-17017:p3|p1|p2
STATE:273:r7643cr18027r20000cc///:4hAh|2hKs|3s7c/9h8c3d/Js/2d:-20000|-20000|40000:p1|p2|p3
STATE:274:r4768cr12639r20000cc///:Ah8c|4s7h|QhQd/6c9c3s/3c/7s:-20000|-20000|40000:p2|p3|p1
STATE:275:r10102cr20000cc///:2dJd|9d2h|4dQs/3d3h9h/Jh/Js:40000|-20000|-20000:p3|p1|p2
STATE:276:r15277r20000cc///:Jc9h|KsAc|9cAd/4h8h9d/2c/4c:-20000|-20000|40000:p1|p2|p3
STATE:277:r1922r11842cc/r12951r17314r20000cf//:Ts2d|8d6h|5sJh/2h7s5h/4s/6s:-20000|-17314|37314:p2|p3|p1
STATE:278:r5117cc/ccr11018r17093cr20000cc//:QcJh|9h3c|9s6d/Qh2dAd/4h/4s:40000|-20000|-20000:p3|p1|p2
STATE:279:r5684cr13111r20000cc///:7dQh|8s9s|Qs9c/4dJh6c/Kc/4c:10000|-20000|10000:p1|p2|p3
STATE:280:ccc/cr4851cr17134fr20000c//:4s2s|Kc3s|Ac7h/3hKd7c/7s/6s:-20000|-4851|24851:p2|p3|p1
STATE:281:cr2364r8735cf/cc/cr13532f:7hTc|4dJc|4sTd/2c9cTh/Qh:-2364|-8735|11099:p3|p1|p2
STATE:282:cr10452fr20000c///:8d7d|QcKd|6sAc/8sAs2c/5s/9h:-20000|-100|20100:p1|p2|p3
STATE:283:ccc/r2309fr15385r20000c//:6cTh|TsTc|9c5c/Kh6s5s/3h/5h:-20000|-100|20100:p2|p3|p1
STATE:284:r19317cr20000ff:8c2h|3h2c|6h7c:-19317|38634|-19317:p3|p1|p2
STATE:285:r916cc/r7365cc/r16140cr20000cf/:AcQd|6d6s|8c7d/2d8s8d/Kc/Qc:-20000|-16140|36140:p1|p2|p3
STATE:286:r19579r20000cc///:5s6d|4dQh|Qc6c/Ac7d8d/Ks/Ad:-20000|10000|10000:p2|p3|p1
STATE:287:ccr14770cr20000cc///:4s6s|7s3d|KsAd/AsQhQc/8h/Ah:-20000|-20000|40000:p3|p1|p2
STATE:288:cr15557r20000fc///:3h6s|5sAc|8hAs/2dJsQh/9d/6h:20100|-20000|-100:p1|p2|p3
STATE:289:r8601r17174cc/ccr18229r19531r20000fc//:8hAs|JcJh|6s8d/3h9cTh/5s/2d:-20000|38229|-18229:p2|p3|p1
STATE:290:ccr14004r20000cc///:7d4h|Tc9c|3h6s/2sAd3s/8c/2c:-20000|-20000|40000:p3|p1|p2
STATE:291:r4292cc/r16575r20000cf//:8cQh|Ad6d|8dJc/3d4h5c/9c/Ac:-16575|36575|-20000:p1|p2|p3
STATE:292:r16131cc/r19779fr20000c//:7c2s|Qc2h|3sTd/QhQd4s/6h/4c:-20000|-16131|36131:p2|p3|p1
STATE:293:cr12451cr20000cc///:5cJh|6d9h|Tc4c/Th2sAh/4h/6c:-20000|-20000|40000:p3|p1|p2
STATE:294:r9531r19564cc/cr19776r19995cr20000fc//:9d7h|JsKh|8s5h/QcTd5c/6s/7d:39995|-20000|-19995:p1|p2|p3
STATE:295:cr2989r6811cr18965cr20000cc///:Tc5d|9h2c|Jd3d/8cKcTd/6h/8h:40000|-20000|-20000:p2|p3|p1
STATE:296:cr16363r20000cc///:2d8s|4c8h|7s3h/Ks7d9c/2c/9s:-20000|-20000|40000:p3|p1|p2
STATE:297:cr5954r15341r20000cc///:Td2h|9d3h|5cJs/AhTc9c/7h/Jd:-20000|-20000|40000:p1|p2|p3
STATE:298:r10707cc/r19066cr20000cf//:5d6d|9s4c|QsKh/Jd3hQc/5c/3d:-20000|-19066|39066:p2|p3|p1
STATE:299:fr8721c/cc/r13148c/r14950f:TdAd|8h3d|AcJs/Th4dKd/Ah/Qh:13148|-13148|0:p3|p1|p2
STATE:300:cfc/cr9867r19895c/cc/r19995c:6d9s|Jc8s|8cAh/JdQdTc/Ks/9d:-50|-19995|20045:p1|p2|p3
STATE:301:r7734cr15825r20000cc///:KcQh|6d7d|2h6c/Ad5s7s/Qc/5h:40000|-20000|-20000:p2|p3|p1
STATE:302:r18793r20000cc///:KsQc|5hKc|2dTd/4h3s2c/9c/8h:-20000|-20000|40000:p3|p1|p2
STATE:303:cr8765cc/cr11260r14887cc/r18538cc/ccr18867cr19212cc:JdJc|QcAh|2cTh/8h6cAc/3s/Qs:-19212|38424|-19212:p1|p2|p3
STATE:304:ccc/ccc/r8987cc/r18935r20000fc:7d7c|Tc6s|Ks8c/9d6hAs/8h/7s:-20000|28987|-8987:p2|p3|p1
STATE:305:cr13575r20000cc///:2h2c|8s7h|4dAh/6hQd2d/8d/3c:40000|-20000|-20000:p3|p1|p2
STATE:306:ccr17194r20000cc///:As7h|8dAh|6dTh/TcJcQc/4s/Jh:-20000|-20000|40000:p1|p2|p3
STATE:307:r9505r19006r20000cc///:4sJh|9s3s|5d8s/Kd8d3c/9d/Jd:-20000|-20000|40000:p2|p3|p1
STATE:308:r11876r20000cc///:Qh4d|6cJs|QdAc/Ts9s4s/6d/7c:-20000|40000|-20000:p3|p1|p2
STATE:309:ccr19727cr20000cc///:Th9h|Tc7s|5s4h/Jd5c8c/4c/7d:40000|-20000|-20000:p1|p2|p3
STATE:310:r14453r20000cc///:TdTs|9hJc|4s7s/2h9c9s/8s/Tc:40000|-20000|-20000:p2|p3|p1
STATE:311:cr15741cc/r17251r19949cc/cr20000fc/:KcKh|QdKd|2dAs/8s5hTd/Ad/Th:39949|-20000|-19949:p3|p1|p2
STATE:312:cr17128r20000cc///:5hJc|3sAh|As7d/2h9h4s/2d/7c:-20000|-20000|40000:p1|p2|p3
STATE:313:ccc/ccc/cr13154cr20000cc/:Ks6s|4d5d|5c2s/Qd7hAc/5h/Qc:-20000|10000|10000:p2|p3|p1
STATE:314:cr2118r11985cr20000cc///:9hKh|4cJc|AcTh/5hKd3h/Ah/As:40000|-20000|-20000:p3|p1|p2
STATE:315:fcr15516r20000c///:3h2c|9sAs|Td4s/Kh8d4d/2h/Kd:20000|-20000|0:p1|p2|p3
STATE:316:r9351cr18642r20000cc///:Kc5h|Th8d|9sTd/7d9hKs/2d/4c:40000|-20000|-20000:p2|p3|p1
STATE:317:ccc/r14290cc/cr16808cc/ccc:Ad9h|9s6s|5dAh/8dKh7h/6h/Ks:-16808|33616|-16808:p3|p1|p2
STATE:318:fr9237c/r16295r20000c//:4d9c|Qd8h|5h3c/Jd9hTh/5c/3h:-20000|20000|0:p1|p2|p3
STATE:319:r3219cc/ccr8809cc/r17999r20000cc/:9h7c|ThKc|6cJc/Ah7d3s/Jh/Tc:-20000|-20000|40000:p2|p3|p1
STATE:320:r13070cc/r19882r20000cc//:6d5s|Qd3c|2d4h/9s7c4s/3h/9d:40000|-20000|-20000:p3|p1|p2
STATE:321:ccc/ccr11256cr20000cf//:Qh6d|6sKs|Kc8s/9s3hAs/Js/5d:-11256|31256|-20000:p1|p2|p3
STATE:322:cfc/r14211c/r15518r17916f:2sTc|8h3s|6h8d/KsJhQh/Jd:-50|-15518|15568:p2|p3|p1
STATE:323:r5013cc/r7439cc/r9203r12964r18747r20000cc/:8d9c|8s6h|8cQc/8h2h7h/Jc/6c:-20000|40000|-20000:p3|p1|p2
STATE:324:r12550r20000cc///:3hJs|Kh2d|Qd7s/7d4s9h/Ah/6d:-20000|-20000|40000:p1|p2|p3
STATE:325:fcr1903c/cc/r6940f:9s8s|Jc5c|Th8d/TcAc9c/3d:1903|-1903|0:p2|p3|p1
STATE:326:cr13173cr20000cc///:4cQc|4d8c|7s8d/Jd5d8s/Jh/Ks:-20000|10000|10000:p3|p1|p2
STATE:327:ccr12865cc/ccr19924cr20000cc//:9dKc|6d2d|8cJs/5d4hJd/5s/Td:-20000|40000|-20000:p1|p2|p3
STATE:328:cr2549cr8655r18599cc/r18712cr19708cr20000fc//:Ks5c|4h8c|7hAh/TdJhAd/Js/4c:-20000|39708|-19708:p2|p3|p1
STATE:329:ccc/r13503r20000cc//:9c9s|4cJc|8c2d/KdTc3d/Jh/8h:-20000|40000|-20000:p3|p1|p2
STATE:330:r14873r20000cc///:6h3c|QdTc|8s4s/5dKdTh/5h/2h:-20000|40000|-20000:p1|p2|p3
STATE:331:fr4810r19700r20000c///:Th7d|JcQh|5s4s/3h6h5c/Ah/6d:-20000|20000|0:p2|p3|p1
STATE:332:cfc/cr3040r17320c/r19281c/r19463r19788c:3cAc|8d2s|JhJs/7cAd4s/Qd/8h:-50|-19788|19838:p3|p1|p2
STATE:333:r18444cr20000cc///:3d8h|4sAh|TdQs/4cAc7d/2d/5d:40000|-20000|-20000:p1|p2|p3
STATE:334:r9239cr18789r20000fc///:7h4d|Ac9c|3s6c/6sTs5h/4s/As:-9239|-20000|29239:p2|p3|p1
STATE:335:cr10897cr20000cc///:7h8c|5c6c|ThJc/8sTs7c/3d/4h:-20000|40000|-20000:p3|p1|p2
STATE:336:cr8517cc/r13098r17829r20000cc//:JsQs|8cKh|Qc5c/7c9hQd/Ah/Kd:-20000|40000|-20000:p1|p2|p3
STATE:337:r7630cr19037fc/r19331r19749c/r19867r19993r20000c/:Js7h|7c7d|4hAs/5d6hJh/6s/9h:27630|-20000|-7630:p2|p3|p1
STATE:338:r2213cc/ccc/r16933cr20000cc/:Ts3c|6d2c|7h4d/5c7sQc/7c/5h:-20000|-20000|40000:p3|p1|p2
STATE:339:r11159cc/ccr11544cc/r15543cc/cr19059cr20000cc:8hTh|Ad3c|2d8d/Qh9d4s/5c/Ks:-20000|40000|-20000:p1|p2|p3
STATE:340:ccc/ccr4671r13545r20000cc//:4sKs|Qd9d|4dTd/KhAs9c/7h/3d:40000|-20000|-20000:p2|p3|p1
STATE:341:ccr11528r20000cc///:3s2c|4d2s|Jc4h/5d9sKh/8c/Tc:-20000|-20000|40000:p3|p1|p2
STATE:342:r12697cr20000cc///:8hQd|3c6h|JsTs/6dKcAc/7d/8c:40000|-20000|-20000:p1|p2|p3
STATE:343:r5748r17891cc/ccr19455r20000cc//:5d4s|JdQs|9h6d/5hAh8c/Ks/Js:-20000|40000|-20000:p2|p3|p1
STATE:344:ccr4912r18024r20000cc///:8h8c|4sKh|KcQc/AdKs8d/4h/4c:40000|-20000|-20000:p3|p1|p2
STATE:345:ccc/r18266r20000cc//:2hQs|5cAd|7h7s/2c6dKc/2s/3c:40000|-20000|-20000:p1|p2|p3
STATE:346:r8240fr17599c/cr19647c/r19992r20000c/:Js8c|6s8d|Kc6h/AsAd7h/9s/Kh:-50|-20000|20050:p2|p3|p1
STATE:347:ccr1276r16660r20000cc///:Th3h|JdTs|9c8s/Qh4cJs/Ks/6c:-20000|40000|-20000:p3|p1|p2
STATE:348:ccr5480cr11543cf/r17185c/r18743c/cr19251r19861r20000c:8c3s|JcAd|Td9h/7s8dTs/6h/4d:25480|-20000|-5480:p1|p2|p3
STATE:349:ccr19712cf/cc/cr19905f:Ts6c|7c7h|TdQd/KhJs5d/Tc:-100|-19712|19812:p2|p3|p1
STATE:350:cr10338cc/r12948r16591r20000cc//:5sTh|3cQc|8cKh/9s6cTc/Qd/5d:40000|-20000|-20000:p3|p1|p2
STATE:351:r6624cc/r18769r20000cc//:3s8c|9c5d|5s4d/7sTc2h/Kh/2s:-20000|40000|-20000:p1|p2|p3
STATE:352:r7746cc/r17976cc/ccc/ccr18708fc:8c9s|6sTc|7dTs/Jh4hKh/As/7s:-17976|-18708|36684:p2|p3|p1
STATE:353:r14780cc/r16570cr19060cr20000cc//:3hTc|3cTh|9d8c/2s5s6d/Jh/Jd:10000|10000|-20000:p3|p1|p2
STATE:354:r17624fr20000c///:QhJd|9s3s|7s9h/Jc3d6h/Ah/2s:-50|20050|-20000:p1|p2|p3
STATE:355:fr10888c/r16368c/r18960c/r19944c:6hAs|6s4c|9c3s/5dKc7s/4h/Jd:-19944|19944|0:p2|p3|p1
STATE:356:r5646r12806r19974r20000cc///:3sQd|JsQh|TdKs/4c3c8s/Ts/Kh:-20000|-20000|40000:p3|p1|p2
STATE:357:fr12501r20000f:8d3s|5h2s|7cJh:-12501|12501|0:p1|p2|p3
STATE:358:r11819r20000cc///:9h5s|Tc6d|6h5c/Kc6cAc/4h/Kh:-20000|10000|10000:p2|p3|p1
STATE:359:r7129r15479cc/cr19235r20000cc//:AdKh|Ks2h|QhTd/As6s8h/Ah/4s:40000|-20000|-20000:p3|p1|p2
STATE:360:cr18533r20000cc///:Jd8d|8c3h|QhJs/2dTd6d/Qd/Qc:40000|-20000|-20000:p1|p2|p3
STATE:361:r2944cc/r14111cf/r19536c/r19855c:2h5h|8h8c|9h6s/2s5s6h/3s/Kd:22799|-19855|-2944:p2|p3|p1
STATE:362:ccc/ccr13585cr20000cc//:KcKh|JsTd|2s2c/5h9s5c/9h/3h:40000|-20000|-20000:p3|p1|p2
STATE:363:cr12518cc/r16071cr19885r20000cc//:9d6s|3sKd|7c2s/Tc9cKc/Js/3c:-20000|-20000|40000:p1|p2|p3
STATE:364:r12099ff:4s3d|2d3c|7s8d:-50|-100|150:p2|p3|p1
STATE:365:r7425r19529r20000cf///:AsTh|3cAc|Kh4h/8cAh9s/2c/2h:-19529|39529|-20000:p3|p1|p2
STATE:366:r10423cr20000cc///:5cKh|5dKd|3h2c/3dTd2d/3c/3s:-20000|-20000|40000:p1|p2|p3
STATE:367:r3782cr17950r20000cc///:5h8c|2dAs|Kh8s/TdAh6s/4s/7h:40000|-20000|-20000:p2|p3|p1
STATE:368:r3115cc/r8409cc/r18486cr20000cc/:8h3h|2c8c|8s9s/4s7c3c/9d/Ah:-20000|-20000|40000:p3|p1|p2
STATE:369:r1714r17221cc/ccc/cr18742cc/r19040cc:Th5h|6dKs|9hAc/4d9c9s/Ts/2c:-19040|-19040|38080:p1|p2|p3
STATE:370:r4435cr18262r20000cf///:QcTd|KcAs|8dAd/5d3h7c/2d/Js:-20000|-18262|38262:p2|p3|p1
STATE:371:r4411fc/r14466c/r16208c/r19696r20000c:5dQd|Ah6h|7h2d/3d4d5s/Qc/2h:-50|20050|-20000:p3|p1|p2
STATE:372:r5107cr17363cr20000cf///:9hAc|4c8s|Qh9s/2d5sAs/6d/9c:37363|-20000|-17363:p1|p2|p3
STATE:373:cr3229cc/ccr13344cr20000cf//:Ks3h|3d5c|9s8s/8c4sQh/Jh/Jc:-13344|-20000|33344:p2|p3|p1
STATE:374:ccr3011cc/r18884r20000cc//:7cAh|Ks5s|TcTd/2s2d6s/2h/Ts:-20000|-20000|40000:p3|p1|p2
STATE:375:ccr2667r11924cr20000cc///:Ts7h|6cQd|4d7s/2d3cJs/Ac/4h:-20000|-20000|40000:p1|p2|p3
STATE:376:r17673r20000cc///:7s8h|KdAc|JcTs/QhQsKc/Ks/5h:-20000|40000|-20000:p2|p3|p1
STATE:377:r8028cc/ccc/cr16739r20000cc/:6sAh|5hAd|9s2d/KcJs5s/Qc/As:-20000|40000|-20000:p3|p1|p2
STATE:378:cr15202r20000cc///:7sJc|4h2s|2hQs/5h2c7d/Js/5c:40000|-20000|-20000:p1|p2|p3
STATE:379:ccr8562r18925cr20000cc///:7h9c|As6d|JhTh/8h3h2c/Js/6c:-20000|-20000|40000:p2|p3|p1
STATE:380:r17729cc/ccc/ccc/r19019cr20000fc:4cTd|7dKd|4hQh/Js6c8h/8c/Ks:-19019|39019|-20000:p3|p1|p2
STATE:381:r5041cf/cr13474r20000c//:9s2d|Kc5s|8c4c/7d5cJs/8s/7h:-20000|-100|20100:p1|p2|p3
STATE:382:r797r15261r20000cc///:Kc8s|5d4c|Th2d/2cJs3h/Tc/Qh:-20000|-20000|40000:p2|p3|p1
STATE:383:r10865cr20000cc///:8s2c|4s9d|AsKs/2h7sQh/4h/Ts:-20000|40000|-20000:p3|p1|p2
STATE:384:r12405cc/r14757r18098cr20000cc//:TdAh|2h8s|9hQc/4s6d3h/4h/8d:-20000|40000|-20000:p1|p2|p3
STATE:385:fcc/r6378c/cc/cr19975c:8s3c|Kc9c|JsJc/QhKhAs/Ad/8h:-19975|19975|0:p2|p3|p1
STATE:386:ccr10126cr20000cc///:3s3d|5hKh|Jh4s/Tc7d2c/6s/6h:40000|-20000|-20000:p3|p1|p2
STATE:387:ccc/r6150cr13133r20000cc//:4sKd|4d5c|8s5s/9dAhQs/Jc/8h:-20000|-20000|40000:p1|p2|p3
STATE:388:r11093fc/cr13406r15926c/r19960r20000c/:2sAd|Qs2c|7sKd/5h3dJd/Qd/9h:-50|20050|-20000:p2|p3|p1
STATE:389:r15480r20000cc///:TsJc|3s8d|5cTc/TdAh8s/9c/7c:40000|-20000|-20000:p3|p1|p2
STATE:390:r13525fr20000c///:JsTd|8s6d|5sKs/6h7d2d/5c/8h:-50|20050|-20000:p1|p2|p3
STATE:391:r4516r16212cc/r16940r19049r20000cc//:6dAc|KcAh|7dQc/2d7cKs/6c/4s:-20000|40000|-20000:p2|p3|p1
STATE:392:r5301cc/r19476r20000fc//:Th8c|Qh7h|AhQd/5sAd9h/Ac/9c:-20000|25301|-5301:p3|p1|p2
STATE:393:r13052r20000cf///:2d8d|Ah5h|AdQs/JsKh7h/8h/3h:-20000|33052|-13052:p1|p2|p3
STATE:394:ccr11797r20000cc///:2dAd|Kc9c|7c8d/6s7sAc/8h/4d:-20000|-20000|40000:p2|p3|p1
STATE:395:r18798r20000cc///:KdQh|AdTs|Td3d/2c5dJd/8h/Qs:40000|-20000|-20000:p3|p1|p2
STATE:396:cr16820r20000cc///:5cQh|QsTc|4s7h/Td4c2h/Ad/9s:-20000|40000|-20000:p1|p2|p3
STATE:397:cr9759cr19919r20000cc///:6s7h|As7d|Kc6d/2h6h8c/7s/Ts:40000|-20000|-20000:p2|p3|p1
STATE:398:r19919r20000fc///:7dJc|3c5h|3dKh/Js2d2h/3s/Kc:-20000|-100|20100:p3|p1|p2
STATE:399:cr9025cr19369r20000cc///:5c4h|Qh5h|Tc2h/6sKh2d/6h/3s:40000|-20000|-20000:p1|p2|p3
STATE:400:ccc/r17180cc/cr18897r20000cc/:8c4c|5c3d|AsJs/Jh3s7h/9d/4d:-20000|-20000|40000:p2|p3|p1
STATE:401:cr2657cc/r14751cc/ccc/ccr15616r19874r20000cf:TcKc|9hKs|JsKd/Qs3sJh/4h/7h:-19874|-20000|39874:p3|p1|p2
STATE:402:ccc/r12831r20000cc//:6sAs|QhJd|QsTs/8c4h4c/Jh/Td:-20000|40000|-20000:p1|p2|p3
STATE:403:r204r1495r4147cc/r9957cc/r19540cr20000fc/:4dTs|Ks3h|3sAd/Th8sKd/8c/6s:-19540|39540|-20000:p2|p3|p1
STATE:404:r11261r20000cc///:Jd5s|9h8s|TsQs/6d8c9c/5c/3s:-20000|40000|-20000:p3|p1|p2
STATE:405:r17991r20000fc///:Ac6h|7c2c|KcAd/3c6s4c/4d/2d:20100|-100|-20000:p1|p2|p3
STATE:406:ccc/r5033cc/r6795cr14975cr20000cc/:AhKd|4hAd|8sJc/QdTh3h/8d/Ac:40000|-20000|-20000:p2|p3|p1
STATE:407:ccc/ccr15231cf/cr19680r20000c/:3h7d|Qh7s|2d6h/4sJs2s/5s/4c:-20000|-100|20100:p3|p1|p2
STATE:408:fr19289f:Qc6d|8h9s|7hQd:100|-100|0:p1|p2|p3
STATE:409:r16663cr20000cc///:Ts3c|Jh7s|Tc8s/Th3h5c/3s/Td:10000|-20000|10000:p2|p3|p1
STATE:410:ccc/cr9664r19581r20000cc//:7c3d|8s2c|Qd5c/8cTdTh/Ah/4c:-20000|40000|-20000:p3|p1|p2
STATE:411:cr2669cr7345r14692r20000cc///:5d4s|JcQc|8h7s/Ks2sTs/6d/Ah:-20000|40000|-20000:p1|p2|p3
STATE:412:r5316r12533cc/cr17884cr20000cc//:6cJs|9s2h|KdTd/QdAhAs/3s/Jc:-20000|-20000|40000:p2|p3|p1
STATE:413:r6436cc/cr15238cf/cr18332c/cr19777c:8c6h|5cAs|7h2c/Qh4c7s/3c/8h:-6436|-19777|26213:p3|p1|p2
STATE:414:r6935r16122cr20000fc///:9h6s|QcAc|AsJc/2c9dKc/Td/3d:-16122|36122|-20000:p1|p2|p3
STATE:415:ccr14992r20000cc///:8h7h|8c5h|Jd3s/Kh8d6d/3h/Ks:40000|-20000|-20000:p2|p3|p1
STATE:416:cr13288fc/r19329r20000c//:4h3c|7d7c|9d3s/AsQhTh/4c/Ac:20100|-100|-20000:p3|p1|p2
STATE:417:r18917r20000cc///:5c5h|7sJc|Qd5d/3h3sAh/4d/Ac:40000|-20000|-20000:p1|p2|p3
STATE:418:ccc/r6202cc/r19450cr20000cc/:5dJd|8sQd|6cTs/QhTh7c/Td/Qc:-20000|40000|-20000:p2|p3|p1
STATE:419:r11289cr20000fc///:Js7h|2c3s|7d3d/4hKcJh/Kh/Tc:31289|-20000|-11289:p3|p1|p2
STATE:420:cfc/r17015c/r19183c/r19757r20000c:9h3d|TcAc|3h4c/9s6sTd/Kh/7s:-50|20050|-20000:p1|p2|p3
STATE:421:r6547r18985cc/r19131r19960r20000cc//:6s8s|5d8d|3s2h/JcQd8h/7s/3c:10000|10000|-20000:p2|p3|p1
STATE:422:r8848cc/cr13952cc/cr16684cc/r18656r20000cc:ThJs|Ad3s|AsKd/Qc9h2h/6s/Jd:40000|-20000|-20000:p3|p1|p2
STATE:423:ff:Kd3h|8sKc|Ah4c:-50|50|0:p1|p2|p3
STATE:424:r8380cr18313cc/cr19633cr20000cc//:7d3h|4dAc|3c8d/3dKc4c/6h/2c:-20000|40000|-20000:p2|p3|p1
STATE:425:cfc/r1560c/cc/cc:8c6s|2sQh|7d4s/Jd9d2h/9s/5c:-50|1610|-1560:p3|p1|p2
STATE:426:r17003r20000cc///:6hTs|7h4d|As2s/Qd9d8d/9h/Qc:-20000|-20000|40000:p1|p2|p3
STATE:427:cr966cr9000cr18945cr20000cc///:8s8c|3cAc|Jh4h/JcKc7d/6d/8h:40000|-20000|-20000:p2|p3|p1
STATE:428:r5677r13767cr20000cc///:JsQc|Qh2d|4d2h/ThTcJc/8s/7s:40000|-20000|-20000:p3|p1|p2
STATE:429:fcr1249r5554c/cr12954r20000c//:9sKd|Td2c|8c9d/4d6dTh/5d/Jh:-20000|20000|0:p1|p2|p3
STATE:430:r5581r17483r20000cc///:9dQc|Qs5s|4dTd/7s4c5h/Kd/5c:-20000|40000|-20000:p2|p3|p1
STATE:431:r19525cr20000cc///:9dJc|4dKs|Jh2d/6s4c5s/Qs/Tc:-20000|40000|-20000:p3|p1|p2
STATE:432:r4495cc/r14083r20000cc//:8h3d|4s5c|Td3s/QsKsTs/7d/Jc:-20000|-20000|40000:p1|p2|p3
STATE:433:r2976cc/ccc/cr14828r20000fc/:2h5s|Js4s|Jc5d/KhAcKd/7d/Ks:-2976|1488|1488:p2|p3|p1
STATE:434:r3887r13888cc/cr14303cr15765cc/cr17519fc/r18881c:7d4c|3h3s|2s6d/6hJh2d/Kh/6c:-18881|34646|-15765:p3|p1|p2
STATE:435:cr12970cc/r14996cf/cr17548r20000c/:Jc4d|AhQc|Tc5c/AsJd7c/7h/Kc:-20000|32970|-12970:p1|p2|p3
STATE:436:ccr14890r20000cc///:3cKd|6dKs|JsJh/2s8sTh/9s/9h:-20000|-20000|40000:p2|p3|p1
STATE:437:r1796cr4329r18055fc/r18888r19954c/cr20000c/:3sTc|Qs7d|9h2s/6sAd3d/2h/Qh:-1796|21796|-20000:p3|p1|p2
STATE:438:r3447r10614r18917fr20000c///:Ks4c|8c4d|6d8s/7d5dKc/Qd/7c:23447|-20000|-3447:p1|p2|p3
STATE:439:r18920cf/r19578r20000c//:Ac4h|Jh8c|2c5c/6c6d7s/7d/8s:20100|-100|-20000:p2|p3|p1
STATE:440:r18244r20000fc///:Ah7h|9s4c|Ts9h/6c7s8s/Qh/Ad:-20000|-100|20100:p3|p1|p2
STATE:441:cr5375fc/cr9633r18461c/cr19237r20000c/:4c5s|7h8d|9s9h/8c7cJh/3d/8s:-20000|-100|20100:p1|p2|p3
STATE:442:r5688r11416cr19553r20000cc///:8h3c|Kd2h|Ac5h/QsKh9h/Ts/4h:-20000|40000|-20000:p2|p3|p1
STATE:443:cr18624cr20000cc///:6d9c|Ac7c|8sJd/8h9h6h/Qd/8c:-20000|-20000|40000:p3|p1|p2
STATE:444:ccc/r10062cr20000cc//:Ks5h|Td3s|7h2d/6c8c6d/2h/Ts:-20000|40000|-20000:p1|p2|p3
STATE:445:cr2369r18929r20000cc///:Ks7s|9h3d|AcQh/9s5h8s/4d/Qs:40000|-20000|-20000:p2|p3|p1
STATE:446:ccc/r13019r20000cf//:4dKc|3dAs|7cQh/9d6c2c/8h/Jd:-13019|33019|-20000:p3|p1|p2
STATE:447:cr6308r16411r20000cc///:2dJh|Td5s|5d2s/7c3cKc/Qh/4c:40000|-20000|-20000:p1|p2|p3
STATE:448:r8993r19817r20000cf///:2dAd|9h3d|3c4d/9cQd6h/Jc/As:-19817|39817|-20000:p2|p3|p1
STATE:449:ccr17456r20000cc///:9sAh|As7s|Ks5c/2d7cKc/8d/3d:-20000|-20000|40000:p3|p1|p2
STATE:450:ccc/cr5596r17157r20000cc//:4cJd|QdAd|Td4s/9sJh8s/9h/7s:-20000|-20000|40000:p1|p2|p3
STATE:451:ccr2390r19193r20000cc///:7d6d|As4c|8h2h/Qh9d2c/Ad/Kd:40000|-20000|-20000:p2|p3|p1
STATE:452:r10569r20000cc///:ThKs|5d4s|Kd7h/5h2sKc/3h/9h:40000|-20000|-20000:p3|p1|p2
STATE:453:cr12125cr20000cc///:7sQc|8dQh|Jd4d/AsAcTs/7c/7d:40000|-20000|-20000:p1|p2|p3
STATE:454:r15043cc/ccc/ccr18706r20000cc/:4dJh|KhJc|8s9h/9c6cJs/Qd/Kd:-20000|40000|-20000:p2|p3|p1
STATE:455:r9222cr18716cc/r19063cc/ccc/r19844r20000cc:Qd2d|Kd7c|6d7h/6h7d2c/4h/Qh:40000|-20000|-20000:p3|p1|p2
STATE:456:ccr14785cr20000cc///:3sAc|5d5h|KcTd/9d8cJd/9c/Qc:-20000|-20000|40000:p1|p2|p3
STATE:457:cr17293r20000cf///:8sKd|2hAd|3h2d/4d9s6s/2s/7d:-17293|37293|-20000:p2|p3|p1
STATE:458:fr6650c/r10104r19584c/r19705c/r19855c:4sQc|ThJs|3c6c/9c5h9d/8d/5c:19855|-19855|0:p3|p1|p2
STATE:459:r6165cr15585fc/r18457c/cr18949r19763r20000c/:2dTh|2sTs|Kh5d/Tc7d7c/Jh/Jc:3082.5|3082.5|-6165:p1|p2|p3
STATE:460:r19744cr20000cc///:Qs6c|7d7c|Js8h/6h4dKc/Jh/Qc:40000|-20000|-20000:p2|p3|p1
STATE:461:r14186r20000cc///:2h9c|7d5c|Js6h/8s2dAs/4c/6s:-20000|40000|-20000:p3|p1|p2
STATE:462:r14720cc/r16061cc/r16500r19632r20000cc/:Js5c|7cTd|3d2s/Jh2cKc/9d/Qs:-20000|40000|-20000:p1|p2|p3
STATE:463:r5288r18983r20000cc///:4s7s|2cTs|6d2d/4cQsKs/3s/6s:-20000|40000|-20000:p2|p3|p1
STATE:464:r3075cc/r7386cr15589r20000cc//:ThQc|7d9d|6sKs/8c5d5s/7h/Td:40000|-20000|-20000:p3|p1|p2
STATE:465:cfc/cr18321c/cr19338c/cc:5cJd|9dAh|ThJs/Kd6d3h/Td/6s:-50|-19338|19388:p1|p2|p3
STATE:466:r17454r20000cf///:Qh6c|9h8h|As3c/7dAhTh/Ac/3d:37454|-20000|-17454:p2|p3|p1
STATE:467:r13735r20000cc///:Td6h|Qc7d|7h4h/3dAh5c/4s/Ts:40000|-20000|-20000:p3|p1|p2
STATE:468:cr15026r20000cc///:3dKd|8d5s|4cTc/Qd3s7h/3h/6c:40000|-20000|-20000:p1|p2|p3
STATE:469:r2687cr18672cr20000cc///:Jc4c|Jh8s|3cAd/2d2s5h/9s/6s:-20000|-20000|40000:p2|p3|p1
STATE:470:r5940cr16540cr20000cc///:Tc8d|9h6c|5dAd/KsQd4c/Kh/7d:-20000|-20000|40000:p3|p1|p2
STATE:471:r1414r4760cc/r9646cc/ccr16654cf/cr17259c:6d2s|9sTs|Ks4h/9h7c2c/8d/Kh:-17259|-9646|26905:p1|p2|p3
STATE:472:cr9728cr19438r20000fc///:7s7d|7h9d|AsQs/3c2hJh/Jd/4s:29728|-9728|-20000:p2|p3|p1
STATE:473:r8984cr19571fc/r19828c/cc/r19938r20000c:Js9h|5hQd|6c7h/8s4dKc/9d/2h:28984|-20000|-8984:p3|p1|p2
STATE:474:r11734cr20000cc///:9c5d|8s3h|KhAc/2dTd4c/3c/Jc:-20000|40000|-20000:p1|p2|p3
STATE:475:r12686r20000cc///:AsTh|Ad9h|6hAc/4cTs9c/6s/5d:40000|-20000|-20000:p2|p3|p1
STATE:476:ccc/r12894r20000cc//:5s6h|6d9d|9cKs/Qd7cAd/9h/6c:-20000|40000|-20000:p3|p1|p2
STATE:477:ccr1056r14736r20000cc///:9h3d|9c5d|As7s/2c5h2s/Tc/Jh:-20000|40000|-20000:p1|p2|p3
STATE:478:fcr10445c/cr13309r18225c/cc/cc:7d8h|9sTs|7c3h/KdKcQh/Ah/6h:-18225|18225|0:p2|p3|p1
STATE:479:r14779cc/cr17702cc/r19262cr20000cc/:QhTh|7sTs|9dTc/2h2dJh/6s/As:40000|-20000|-20000:p3|p1|p2
STATE:480:ccc/ccc/r10557r20000cc/:9cQc|2dAh|4s2h/Ac3cTh/2s/8h:-20000|40000|-20000:p1|p2|p3
STATE:481:r7942fr16664c/cr18841c/cr19185r19630c/r19751c:6hTs|Kc5h|Ad6s/Qd3h4h/4c/4s:-50|-19751|19801:p2|p3|p1
STATE:482:cfr409r13733c/r14912r18017c/r18499c/r18966c:6hAd|5c5h|8hJs/5d8dQs/6d/4c:-50|19016|-18966:p3|p1|p2
STATE:483:cr8267r17858cr20000cf///:6h6s|JhQd|9cTs/5hAhTc/7d/2s:37858|-20000|-17858:p1|p2|p3
STATE:484:cr9103cc/ccr18738cc/ccr19049fr19724r20000c/:4hTc|3c5c|4s3s/Qh8s2c/5d/4d:-18738|38738|-20000:p2|p3|p1
STATE:485:fr17366r20000c///:5c9c|3h6d|6hJh/7h4c5d/Th/2c:-20000|20000|0:p3|p1|p2
STATE:486:r19279cr20000cc///:6sQs|9dJh|7sAs/Th5c5d/Qc/7c:40000|-20000|-20000:p1|p2|p3
STATE:487:r1771r11207r20000cc///:4d4h|5s3c|Kd7h/2h3h9s/5d/3d:-20000|40000|-20000:p2|p3|p1
STATE:488:fr12583c/r13025r19463r20000c//:As5c|2dAd|8c6s/AhAcKs/4s/5s:20000|-20000|0:p3|p1|p2
STATE:489:r6088r15606r20000cc///:9cJh|6sKc|KhQh/7hJsAc/Jd/5h:40000|-20000|-20000:p1|p2|p3
STATE:490:cfr16065r20000c///:KsQd|2s2c|2d3c/5cAcAd/8c/Tc:-50|-20000|20050:p2|p3|p1
STATE:491:r11863cc/r15042r18765cc/cr19972cc/r20000cc:8dKh|9sAs|Td3h/9d7dQs/4c/Ah:-20000|40000|-20000:p3|p1|p2
STATE:492:cr18983cc/cr19707cr20000cc//:9cKd|6cTs|KhJc/KcTh5c/Tc/6s:-20000|40000|-20000:p1|p2|p3
STATE:493:r19502cr20000cf///:Td3c|Kh9h|Kc3h/As5dTs/Ac/9c:-19502|39502|-20000:p2|p3|p1
STATE:494:r13277fc/cc/cc/r19070c:6s4c|8sKd|7dKc/JhTdQs/4h/Ac:-50|25|25:p3|p1|p2
STATE:495:cr7585cr17400cr20000cc///:Kh7c|5sQs|Kd6s/2c9c2d/5h/2h:-20000|40000|-20000:p1|p2|p3
STATE:496:r15138cc/ccr19195cr20000cc//:7s2h|4h3s|Kc6c/JcJd4d/4s/8c:-20000|40000|-20000:p2|p3|p1
STATE:497:cr7645cc/cr14735cc/cr19389r20000cc/:2c8h|3h3d|5c9h/Js4d3s/9c/Ts:-20000|40000|-20000:p3|p1|p2
STATE:498:cr19948r20000cc///:4d7h|AsTc|Qs5s/Jh4sAd/8d/9c:-20000|40000|-20000:p1|p2|p3
STATE:499:r211r18751r20000cc///:Jc6s|Qh8s|QdTd/2h9s6d/4d/3c:40000|-20000|-20000:p2|p3|p1
STATE:500:ccr15852cc/ccc/cr17743r19668fr20000c/:Qs4c|Ah2d|6c3c/9h4h7c/3s/2c:-15852|-20000|35852:p3|p1|p2
STATE:501:ccc/r4517r17814cr20000cc//:9d9h|Ks6h|4c8c/8h5d3h/Jd/5h:40000|-20000|-20000:p1|p2|p3
STATE:502:r7164cc/r15083cc/ccc/ccr16050r18988r20000cc:6d4h|2h6h|TsQc/3cKs3d/5h/2c:40000|-20000|-20000:p2|p3|p1
STATE:503:cr12546r20000fc///:4dKh|AdAh|3dQc/5s4h8s/5h/4s:20100|-20000|-100:p3|p1|p2
STATE:504:r4884r17186cc/ccr18608r20000cc//:5h6h|Th3s|5dTd/4sJcAh/5s/As:10000|-20000|10000:p1|p2|p3
STATE:505:r11313r20000cc///:Js7h|2h8h|QdKc/8dQsJc/Kd/4c:-20000|-20000|40000:p2|p3|p1
STATE:506:ccc/cr8765cc/cr10615r17456cr20000cc/:7dAd|KdAc|6d3h/5c5hTs/9h/Ks:-20000|40000|-20000:p3|p1|p2
STATE:507:r11467cr20000cc///:7sJd|Kh2c|Tc5s/7cJcTs/6d/3s:40000|-20000|-20000:p1|p2|p3
STATE:508:ccc/r16469cc/r17403r18575cc/r19553cr20000ff:Th2c|Jc8c|3s3h/6sAs9s/4c/Ad:-19553|-19553|39106:p2|p3|p1
STATE:509:cr6100cr18699r20000fc///:5dQc|Ad5s|6c3h/2c4d8s/Js/9d:26100|-6100|-20000:p3|p1|p2
STATE:510:ccr9240r18811fr20000c///:Th2c|8cJc|AsJh/6hQh2s/Kc/7c:-100|-20000|20100:p1|p2|p3
STATE:511:r16613r20000cc///:3d8c|JdTc|AdQd/3s4h5h/Th/9d:-20000|40000|-20000:p2|p3|p1
STATE:512:cfr4925c/cr11784c/r14055r18950c/r19725r20000c:4c8s|5dKh|3h6s/6d7h4s/3d/Kc:-50|20050|-20000:p3|p1|p2
STATE:513:r19240r20000cc///:9sAc|3cKh|Kc5s/8h2h9h/5c/Tc:40000|-20000|-20000:p1|p2|p3
STATE:514:cr2327fr10382c/r12150r16132c/cr19123c/r19981c:Ts2d|7s2s|Ks6d/5hTc4h/Qh/8s:20081|-100|-19981:p2|p3|p1
STATE:515:cr1560r7120cc/r11414r19082cr20000fc//:AhKh|5s7c|8h5c/8c5h7s/Ks/2c:-20000|-19082|39082:p3|p1|p2
STATE:516:r2622cr14034r20000cc///:6cJc|Ah4c|8c3s/Th2h4s/Qc/5h:-20000|40000|-20000:p1|p2|p3
STATE:517:ccr3180cf/r13972r20000c//:QdQs|Td4h|7cJc/Ac9d8d/Ah/8c:-100|-20000|20100:p2|p3|p1
STATE:518:cr4856r11204cc/r11861cr19772cc/ccc/r19918cr20000cc:Td5d|QhQd|Kh4c/As8sJd/Jh/6s:-20000|40000|-20000:p3|p1|p2
STATE:519:r12984r20000cc///:8hJh|4d5d|6h3d/9s4h3h/Ac/9d:-20000|40000|-20000:p1|p2|p3
STATE:520:r7856r18785r20000cc///:7cJh|Th5h|3dAs/Jd6s8s/Ts/8c:40000|-20000|-20000:p2|p3|p1
STATE:521:r13410r20000cc///:8d3c|3d9s|4hTc/8s3h5c/Qc/2c:40000|-20000|-20000:p3|p1|p2
STATE:522:r19443r20000fc///:Ac3c|7d3s|4h6c/8d6s9s/4d/2s:-20000|-100|20100:p1|p2|p3
STATE:523:r5515r12448cc/cr19320r20000fc//:3sKs|6s3h|8d4d/KdQs8c/7c/7d:-12448|-20000|32448:p2|p3|p1
STATE:524:r6018cr16197r20000cc///:AsJd|3dQc|Ah7s/9h8s8h/Jh/4s:40000|-20000|-20000:p3|p1|p2
STATE:525:ccr5762cr13148r20000cc///:AdJd|Kd9c|Kh4s/Qs9sQh/8d/7c:-20000|40000|-20000:p1|p2|p3
STATE:526:r18612r20000cc///:8sJs|3d9c|Kh3h/Ks6s4c/2d/8c:-20000|-20000|40000:p2|p3|p1
STATE:527:ccc/ccc/cr3770r13980r20000cc/:Qc8d|2cKs|3cJs/Td9d6d/2s/Jc:40000|-20000|-20000:p3|p1|p2
STATE:528:ccr12984r20000fc///:6c4s|5c4h|Td4c/Ac5sAs/4d/Ad:-100|20100|-20000:p1|p2|p3
STATE:529:ccr19788r20000cc///:5h2s|TcTh|9h3d/KsAs7h/Jc/8d:-20000|40000|-20000:p2|p3|p1
STATE:530:ccc/r12993r20000cc//:5cJs|8s2d|7h5s/Jd2hKs/6c/Kd:40000|-20000|-20000:p3|p1|p2
STATE:531:r2378cf/cc/cc/cc:Ah5c|Kc5h|5sQs/4s7d6h/7s/8c:50|-100|50:p1|p2|p3
STATE:532:ccc/r19138r20000fc//:9dJc|4d5h|3sAs/AdJhQh/2c/Ts:20100|-20000|-100:p2|p3|p1
STATE:533:fr17451r20000c///:Tc7h|Jc8c|6cQs/6sKdQc/3h/5s:-20000|20000|0:p3|p1|p2
STATE:534:ccc/cr3276cc/r7160r13365cc/cr14978cr19831fc:Qh3c|4s7c|QsJc/2h5cQc/2s/4h:-19831|-14978|34809:p1|p2|p3
STATE:535:r9421r19642r20000cc///:4h4d|Td9d|JdJc/8c2sQd/6s/9s:-20000|-20000|40000:p2|p3|p1
STATE:536:r6825r19169r20000cf///:4sJd|6s4c|8cAd/9sQhKd/Ks/Jc:-19169|-20000|39169:p3|p1|p2
STATE:537:r15519cc/r15916r19311r20000cc//:4hTs|5sTh|Kh5d/Qh6cKd/Tc/Qd:-20000|-20000|40000:p1|p2|p3
STATE:538:r956cr2738cr13697cc/r13937cr19581r20000cc//:2dQh|3dTs|6h5s/As9h8h/Ad/Tc:-20000|40000|-20000:p2|p3|p1
STATE:539:cr12717cr20000cc///:Td6c|9cKh|6h7s/JcJd2c/5h/4h:-20000|40000|-20000:p3|p1|p2
STATE:540:r19567cc/cr19868r20000cc//:6sTc|4d9s|Ah2c/Kh3s3c/4h/Ad:-20000|-20000|40000:p1|p2|p3
STATE:541:r4145r18743r20000cc///:As9s|AdTs|9d2h/KcTh8h/6h/4h:-20000|-20000|40000:p2|p3|p1
STATE:542:cr285r19103r20000cc///:KcJc|Qc2c|7c6s/7hTdAd/9d/Ac:-20000|-20000|40000:p3|p1|p2
STATE:543:r14643cc/r15614r17278r19444cf/cr19865c/r19965c:5dQs|Kd8d|7sAs/8cAdTs/3d/8h:-19965|-17278|37243:p1|p2|p3
STATE:544:r18280cf/r18474c/r19807c/r19932r20000f:7c6c|2h4c|Ac3d/KsJdKd/9h/Kh:-19932|-100|20032:p2|p3|p1
STATE:545:fcr8255c/cc/r15309c/cr19289f:6c3c|KcAd|4sJd/QhTdJs/2s/9c:-15309|15309|0:p3|p1|p2
STATE:546:r4487r14341r20000cc///:5s7h|7dAc|5h3h/5dAs2h/Qs/6s:-20000|40000|-20000:p1|p2|p3
STATE:547:ccc/r13065cr20000cc//:Kh8s|Ah7h|5sKs/4d9sTd/Jh/Th:-20000|40000|-20000:p2|p3|p1
STATE:548:r10741r20000cc///:2h3c|AsQc|9sQh/JcJh6h/3h/Qd:-20000|40000|-20000:p3|p1|p2
STATE:549:cfc/cc/cc/cr14004c:KdAs|Ad3c|2s7s/9cJcTd/6h/9s:-50|14054|-14004:p1|p2|p3
STATE:550:cr14064cc/r16587cr19253r20000cc//:Td5s|4cJs|Jd7s/6h7dKc/4s/Th:40000|-20000|-20000:p2|p3|p1
STATE:551:r646r8550r16734cr20000fc///:Jc8s|5s9c|5d7c/8hTsQh/Ad/Ah:36734|-16734|-20000:p3|p1|p2
STATE:552:r2532cc/r5961r9995cc/ccr15080fc/r17770c:QcKd|5d5h|8d3s/7dQh7s/7h/9d:-9995|27765|-17770:p1|p2|p3
STATE:553:ccr13914cf/cc/r15256r19736r20000f:3dKd|8c5h|4dKs/Ts5s6d/Js:-100|19836|-19736:p2|p3|p1
STATE:554:r12236r20000cc///:7c5s|Th9c|Qc2h/2dAcQh/Jh/2c:-20000|-20000|40000:p3|p1|p2
STATE:555:r13940cc/r15853r18716fr20000c//:4c5c|Tc9s|Jh3s/Th7cAs/9d/8c:-20000|33940|-13940:p1|p2|p3
STATE:556:r9796cr19510cr20000cc///:TdKh|2dAc|8sTh/TsQc9c/Kd/4h:40000|-20000|-20000:p2|p3|p1
STATE:557:cr15585r20000cc///:3c5c|3h9c|Tc6s/Js5h6d/8h/4c:-20000|-20000|40000:p3|p1|p2
STATE:558:cr796r5094r16302cc/cr17739r19362cr20000ff:7c8h|7d2s|9dJh/Ks4c2c:-19362|38724|-19362:p1|p2|p3
STATE:559:r310cc/ccc/cr14265r20000cc/:QhTc|KhJd|2cAh/7d6c9s/8c/Ad:40000|-20000|-20000:p2|p3|p1
STATE:560:cfr9947r19838c/cc/r19974r20000c/:JdAc|Js7h|3h3d/8dJhTc/2c/5c:-50|20050|-20000:p3|p1|p2
STATE:561:r658r2028r8886cc/cr14773r20000cf//:Th3h|Qh5d|Qc4s/9h7hTc/Jh/2c:34773|-14773|-20000:p1|p2|p3
STATE:562:cr8008r18000r20000cc///:As7s|8h6d|4dAd/Tc6sKd/2d/5c:-20000|40000|-20000:p2|p3|p1
STATE:563:ccr18449r20000fc///:JhQs|QdKs|2c3h/5sJs8s/5h/6s:-100|20100|-20000:p3|p1|p2
STATE:564:r1662fc/cr2707c/cc/cc:7d2d|6dQh|AdQd/3dTcTd/8c/4s:-50|-2707|2757:p1|p2|p3
STATE:565:r15718r20000cc///:5c4h|3cQs|4cAs/8sTdKh/9c/Ts:-20000|-20000|40000:p2|p3|p1
STATE:566:r14509cc/ccr18517cr20000cc//:6d7h|3sKc|Ts5c/8s9dKd/8h/6h:-20000|40000|-20000:p3|p1|p2
STATE:567:r8139r16297r20000cc///:6d5c|KsAd|Ts2h/6h5s7d/7s/Th:-20000|-20000|40000:p1|p2|p3
STATE:568:r583cr16294fr20000c///:JdKh|5d4h|Qs7s/8c6dJs/8h/9s:20583|-20000|-583:p2|p3|p1
STATE:569:r3043cc/cr15152cc/ccr16760cf/r18422f:6c7s|8d4s|Kd9s/7c7hQh/Ac/3c:31912|-15152|-16760:p3|p1|p2
STATE:570:r8605cr17622r20000cc///:6dJh|Ah9d|KcJc/7h5dJs/5h/2s:-20000|-20000|40000:p1|p2|p3
STATE:571:cr11032cr20000cc///:Th5d|JdTd|Tc3s/3c9d6d/Ad/7h:-20000|40000|-20000:p2|p3|p1
STATE:572:ccc/r14727cr20000cc//:5d3s|QdTd|6d4s/5hAc9s/8s/7d:-20000|-20000|40000:p3|p1|p2
STATE:573:r2141cc/ccc/r6065fc/r8228r13394c:3sQs|6h3c|6sJc/4d4s8d/7d/2s:15535|-2141|-13394:p1|p2|p3
STATE:574:fr8161r19955c/cc/r20000c/:9dKs|4s5h|TcAd/6dQc7d/8s/As:-20000|20000|0:p2|p3|p1
STATE:575:ccr4955cc/ccr6171cc/r10872cc/r19670cr20000fc:6hAh|2dKc|7cKh/Td9c5h/2h/8h:-19670|39670|-20000:p3|p1|p2
STATE:576:r13327r20000cc///:3cJh|6h7d|Kh7c/Ac8dTh/6c/6s:-20000|40000|-20000:p1|p2|p3
STATE:577:cr7346cr15390cc/r18949cc/r19299cc/cr19496cr19701r19970r20000cc:6d9s|2dTh|7c3d/Tc6s8c/3h/Kh:-20000|40000|-20000:p2|p3|p1
STATE:578:ccc/r10755r20000cc//:7d2s|AcTh|8d5s/3h6cQs/As/8h:-20000|40000|-20000:p3|p1|p2
STATE:579:ccc/cr15307cr20000cc//:Jh9d|8c2c|TcJs/AhJcTd/5d/Kh:-20000|-20000|40000:p1|p2|p3
STATE:580:r18188r20000ff:Tc6d|AsJd|5h9s:18288|-100|-18188:p2|p3|p1
STATE:581:cr11311r20000fc///:Kc6s|8h3h|8sJh/Tc9cAs/Kh/4h:20100|-20000|-100:p3|p1|p2
STATE:582:r8922cr18123r20000cc///:8d7d|9sAd|4c5d/2h2dJc/3h/Js:-20000|40000|-20000:p1|p2|p3
STATE:583:cr7501cr15417cr20000cc///:5sTd|Jd5d|2c9h/Ac4cQc/8d/8c:-20000|-20000|40000:p2|p3|p1
STATE:584:cr2684r6318cr19559cr20000cc///:3c9s|7hAh|3s9d/Js5h6c/8h/Jh:-20000|40000|-20000:p3|p1|p2
STATE:585:r16649fr20000c///:Ad3c|7h8h|4d7s/Js3h6d/Ah/7c:-50|20050|-20000:p1|p2|p3
STATE:586:cr8663r18998r20000cc///:3c3d|3s4c|9cJs/7c2h3h/7s/5h:40000|-20000|-20000:p2|p3|p1
STATE:587:cfc/cc/cc/cr13150c:Qd7d|5c7c|3sKd/8sKc6d/9s/3d:-50|13200|-13150:p3|p1|p2
STATE:588:r6698cf/cc/r16497c/cr19745c:Jd8c|9c5c|2h3c/Kh6dTd/Kc/6h:19845|-100|-19745:p1|p2|p3
STATE:589:cr7644r15429cr20000cc///:2hQc|8hJs|KdKc/JdAcJh/8s/4d:-20000|40000|-20000:p2|p3|p1
STATE:590:cr9939r19890fc/cc/r19992r20000c/:5cKd|5d6s|3d9s/ThJcQs/6c/2d:-20000|20100|-100:p3|p1|p2
STATE:591:ccc/r11009r20000fc//:8c7s|4s7h|QdTs/Ad2c8d/Qs/Jh:20100|-20000|-100:p1|p2|p3
STATE:592:r5258r12510cc/cr12916r15529fr19386r20000f:7hTh|Ad9c|5hKh/JsQd7c:-12510|-19386|31896:p2|p3|p1
STATE:593:r18589r20000cc///:4h2s|2cJc|3sAh/5dTcQs/2h/3d:-20000|-20000|40000:p3|p1|p2
STATE:594:cr14730r20000cc///:AhTs|3d8s|3c5h/8hAd2h/2c/Tc:40000|-20000|-20000:p1|p2|p3
STATE:595:fcc/r11500r20000c//:Qd8d|Qc4c|JsQs/8h5c5h/6h/Ac:20000|-20000|0:p2|p3|p1
STATE:596:r16394r20000cc///:4d5d|4sJs|5h7c/8s4c8c/9h/6c:-20000|-20000|40000:p3|p1|p2
STATE:597:ccr18291cc/r18619r19516r20000cc//:9d7h|Kh9c|6cJd/Ac3h3s/Qd/4h:-20000|40000|-20000:p1|p2|p3
STATE:598:cr5933r17738cc/r19520cc/ccc/r19813cc:8cAd|5dQh|Jh3c/9d6s9c/Kh/3s:-19813|-19813|39626:p2|p3|p1
STATE:599:r14615r20000cc///:4dAs|3sAd|6c9c/4h7dKc/9d/Jd:-20000|-20000|40000:p3|p1|p2
STATE:600:r18340cr20000cc///:4h7c|AdAs|6h7d/3s2cKd/6s/3c:-20000|40000|-20000:p1|p2|p3
STATE:601:cr4906cr11140r18552r20000cc///:3hKc|7c9c|Tc7s/Ah4c9d/8d/2c:-20000|40000|-20000:p2|p3|p1
STATE:602:cr2092r18906r20000cc///:Kc6s|Qc6h|6d7c/5h5cTc/Ah/4h:40000|-20000|-20000:p3|p1|p2
STATE:603:r12879cr20000cc///:5h9s|7d8d|4dAd/TcJs2s/6h/4s:-20000|-20000|40000:p1|p2|p3
STATE:604:cr8394r16850cc/cr19160cr20000cc//:5dJd|6d8d|Th6s/2c9sTd/5h/8c:-20000|-20000|40000:p2|p3|p1
STATE:605:r14446cc/r19494cc/ccc/r19670r19989cr20000cc:AsKs|TcQh|3c4c/JcJd2s/2c/8h:40000|-20000|-20000:p3|p1|p2
STATE:606:cr11915r20000cc///:7cJs|Th8s|Qh6h/2s3hAc/Qs/Td:-20000|-20000|40000:p1|p2|p3
STATE:607:ccr14371r20000cf///:2c8h|6cKh|3sQs/4d6hKs/9d/9s:-20000|-14371|34371:p2|p3|p1
STATE:608:ccr14754cc/r18502cf/cc/r19845r20000f:Th5d|9dTc|7sJc/4cAh4h/7c/6s:-19845|34599|-14754:p3|p1|p2
STATE:609:cr17463cc/r18672cr19911r20000cc//:6c2c|7h6d|KsQs/2hKc3h/9h/5h:-20000|40000|-20000:p1|p2|p3
STATE:610:r11507cr20000cc///:8h5c|Tc6s|Ac9c/9h4dTs/As/6h:-20000|-20000|40000:p2|p3|p1
STATE:611:ccc/ccc/r7024r16944cc/r18152cc:9s7c|7s9c|3d3s/5c5s5d/7h/8c:9076|9076|-18152:p3|p1|p2
STATE:612:ccr7643r19255cf/r19959r20000c//:As2d|Qs9s|2sTh/Qd9hKs/2h/4h:27643|-7643|-20000:p1|p2|p3
STATE:613:cr18062r20000cc///:4d7d|2c9d|JhTd/QsAdTh/Jc/2d:-20000|-20000|40000:p2|p3|p1
STATE:614:r7125cr15376r20000cc///:TsKs|JsKd|9d3c/Tc3dQh/Qs/Ac:-20000|40000|-20000:p3|p1|p2
STATE:615:r9769fc/r17239r20000c//:AhQd|4cKs|AsKc/5c6sJh/Ac/9s:-50|-20000|20050:p1|p2|p3
STATE:616:cfr10870r20000c///:2d7s|7c6s|QhQd/6c9c2h/Th/Jc:-50|-20000|20050:p2|p3|p1
STATE:617:fr2306c/cc/cr14440c/cc:KsAc|6dQc|9d8c/KdKc9s/5d/3d:14440|-14440|0:p3|p1|p2
STATE:618:ccc/r1084cr6212r15201fr20000c//:KdTh|Kh6c|8s7d/QsQh3s/7s/5s:-20000|-1084|21084:p1|p2|p3
STATE:619:r12212cc/ccc/ccr13495r18186cc/r19714cc:3d4c|Ah8c|6hJh/9cJs3c/9h/7c:-19714|-19714|39428:p2|p3|p1
STATE:620:r2977r16584cc/r18579cr20000cf//:2h5h|Kh7s|8h2c/9c7h4d/5d/Kd:38579|-18579|-20000:p3|p1|p2
STATE:621:cfc/cr13912r20000c//:Kd9c|Jh8d|Qc9h/Jc7c2h/Tc/Qd:-50|-20000|20050:p1|p2|p3
STATE:622:fr3866c/r17943c/r18758r19979c/cc:AdTs|5d9c|9hJc/8s3c2s/Qc/2c:19979|-19979|0:p2|p3|p1
STATE:623:r15360cc/ccr18194r20000cc//:Jd8d|Tc6s|As5h/Kc4h5d/3s/4s:-20000|-20000|40000:p3|p1|p2
STATE:624:fcc/cr10201r20000c//:5hQs|2c7s|2dKd/9hJc4d/Ac/3d:20000|-20000|0:p1|p2|p3
STATE:625:cr6951cc/r11179r17069cr20000cc//:Qd5h|KdAc|6cJh/QcTcAd/7d/5d:40000|-20000|-20000:p2|p3|p1
STATE:626:ccr285cc/ccc/ccc/r5479r18535r20000cc:9c8d|6hQs|AcAs/8hQh2d/Td/Jc:40000|-20000|-20000:p3|p1|p2
STATE:627:cr2171r11994r20000cc///:4c2c|7c7s|5d8d/QsTcTs/2d/Qc:-20000|-20000|40000:p1|p2|p3
STATE:628:fr1846c/cr4714r18220c/cc/r19576r20000c:7c8s|TcAd|Ac6d/3s2s8d/6c/2h:20000|-20000|0:p2|p3|p1
STATE:629:cr14909r20000cc///:4sAs|Ks4h|Jh2s/8dTc9c/8h/Qc:-20000|-20000|40000:p3|p1|p2
STATE:630:r4319cc/r7320fr12060r18593f:TcAs|Td7c|3d9s/5sAc4h:16379|-4319|-12060:p1|p2|p3
STATE:631:r17086fc/r19253c/r19806f:Ts5h|Qd6h|3dQs/2h7s8d/Js:-50|19303|-19253:p2|p3|p1
STATE:632:cr11696r20000cc///:2h5c|KdKh|9d3s/Qd4c5h/Kc/Ts:-20000|40000|-20000:p3|p1|p2
STATE:633:cr14419fc/r18038r20000c//:7dTs|5d3c|7c8h/AsJh7s/Jd/5c:50|-100|50:p1|p2|p3
STATE:634:r3395cc/r10748r18903cc/ccc/r19446r19994r20000cc:9c5s|5c4d|QdKs/TdTc3s/Qs/7s:-20000|-20000|40000:p2|p3|p1
STATE:635:r408cc/cr10291fc/r13163c/r17109r20000c:5sQh|KhTs|QsKs/3h4cKc/Th/4s:-20000|20408|-408:p3|p1|p2
STATE:636:cr6326r17467r20000cc///:9c4d|Qc8s|9dJc/7s4c4s/5d/3c:40000|-20000|-20000:p1|p2|p3
STATE:637:r13512cc/ccr15482r19203cc/r19944r20000cc/:9s2s|7h6s|8c6h/2d9dTd/2c/Jh:40000|-20000|-20000:p2|p3|p1
STATE:638:ccc/cr6467r19597r20000cc//:2sKs|Qd5h|TcAh/2h4s7d/Td/Kd:40000|-20000|-20000:p3|p1|p2
STATE:639:r9630r19389cc/r19563cc/ccc/ccc:Td5s|7c8c|4cKc/7sJhKd/Ad/Ah:-19563|-19563|39126:p1|p2|p3
STATE:640:cr2989cr16476r20000cc///:Tc4d|3c3s|2h8h/2sQh4s/5h/Ah:-20000|-20000|40000:p2|p3|p1
STATE:641:r12859r20000cc///:As3d|6s7s|2s5s/3c2c6h/4s/7c:-20000|-20000|40000:p3|p1|p2
STATE:642:r8273cr16740r20000cc///:9h4s|QdTd|2dQs/8cKhQc/3c/7s:-20000|40000|-20000:p1|p2|p3
STATE:643:ccc/r9521cc/ccc/r19164fr20000c:2d8d|KhJc|5dAc/Qc4c6d/Td/Ad:29521|-9521|-20000:p2|p3|p1
STATE:644:ccc/r2988cr13250r20000cc//:JdQs|9c9s|Ac5d/As7cTc/6h/4d:-20000|-20000|40000:p3|p1|p2
STATE:645:ccc/cr2412cc/ccr6441cr19396cc/r19645r19895cc:6sQh|9c7h|3hJh/5s8dAc/8h/Ks:39790|-19895|-19895:p1|p2|p3
STATE:646:cr12996r20000cc///:QhJc|7d8s|3cTh/Kh4c3d/9d/8c:-20000|40000|-20000:p2|p3|p1
STATE:647:r2348r18783r20000cc///:Qc8h|2h2d|AcJd/Kc6h4c/3c/Jh:-20000|-20000|40000:p3|p1|p2
STATE:648:r13464cc/r14784cc/r16741cr19707cr20000cc/:9s5s|Jh5h|8cQc/7c7h6h/9h/Tc:-20000|40000|-20000:p1|p2|p3
STATE:649:cr18268r20000cc///:6sAc|5s3d|Kc5d/QsQcTs/Jh/7c:40000|-20000|-20000:p2|p3|p1
STATE:650:cr2364cr9990cc/r12107r15325r19113cf/r19433c/cr19839r20000c:5h9h|JhJd|AcQc/KcAd6h/Qh/Tc:-20000|-15325|35325:p3|p1|p2
STATE:651:r9725fr19571r20000c///:AdAc|3s3d|5d8s/TcJsJc/6h/As:-50|20050|-20000:p1|p2|p3
STATE:652:r5241cr18651cc/r19499cc/ccc/ccr19996cr20000cc:Ks6s|3c7c|Ah9c/AsJcJs/5c/8c:-20000|40000|-20000:p2|p3|p1
STATE:653:cr8912r18735cr20000cc///:3sAh|5d3h|Kc7h/9hTd8s/Qh/5h:-20000|40000|-20000:p3|p1|p2
STATE:654:cr10822cr20000cf///:5h2h|6d6h|KhJd/7sAdJh/3h/9s:-20000|-10822|30822:p1|p2|p3
STATE:655:r3073r11539r20000cc///:2sKc|KsTh|Jc4d/7h8h6d/Kd/2h:40000|-20000|-20000:p2|p3|p1
STATE:656:fr16754c/r16894r17599r19527r20000c//:Ad7h|Js8s|5d8d/5sTs4d/4c/4s:-20000|20000|0:p3|p1|p2
STATE:657:ccc/cr16688r20000cc//:Tc2s|Ac5c|9d7s/Ah6s6d/9c/Qd:-20000|40000|-20000:p1|p2|p3
STATE:658:cr16840r20000cc///:Td7c|9h2d|5hQh/7h6h3d/Qd/Tc:40000|-20000|-20000:p2|p3|p1
STATE:659:ccc/ccr18219r20000cc//:JcAc|4s5c|QhAs/4cQcQs/Ad/9s:-20000|-20000|40000:p3|p1|p2
STATE:660:ccr19102r20000cc///:2hKh|3cKs|4dAd/3s8h2c/5s/2s:-20000|-20000|40000:p1|p2|p3
STATE:661:fr14811c/cr16868r19739r20000c//:Qs9h|TsJs|7d7h/AdQc3s/4s/As:-20000|20000|0:p2|p3|p1
STATE:662:r1133r10365r19920cr20000cc///:3hJc|4dAc|2c4s/TcQd7d/8d/3d:-20000|40000|-20000:p3|p1|p2
STATE:663:cfc/r12690c/r18615r20000f:2dKd|QhAh|9h3s/5dQcKh/2s:-50|-18615|18665:p1|p2|p3
STATE:664:r18401r20000cc///:Kc5c|7s4h|3d5d/3s6s9s/9d/8h:-20000|-20000|40000:p2|p3|p1
STATE:665:r12052cr20000cc///:2cAd|8s6s|3d4h/5hKd4d/Js/9d:-20000|-20000|40000:p3|p1|p2
STATE:666:cr9762cc/r17374cr20000cc//:8c7s|6dQd|7c5c/TcTs7h/2c/Ks:10000|-20000|10000:p1|p2|p3
STATE:667:cr13361fc/r14905r18249c/r19518c/cc:AdKh|Qd4h|5d5h/9c4d6d/Tc/Jc:-19518|-100|19618:p2|p3|p1
STATE:668:ccc/r13648cc/ccr16816cc/cr19643cc:4c4h|JsKs|Ad9s/3s5c8s/Qc/5s:-19643|39286|-19643:p3|p1|p2
STATE:669:ccc/r7546cf/r14851c/cc:AdTd|Qd2s|3dJd/Tc8d5d/2h/3s:14951|-14851|-100:p1|p2|p3
STATE:670:ccc/r3121cc/r10049cc/r13939cf:ThJd|9d2s|QsTd/2hTcTs/Ah/Qc:23988|-13939|-10049:p2|p3|p1
STATE:671:r14190cc/ccr15369r19565r20000cc//:6c9h|4h3h|4d8h/QsKdTs/6d/As:40000|-20000|-20000:p3|p1|p2
STATE:672:fr2690r19521r20000c///:7sTs|Ad4c|4dJd/6dQsAs/Js/9s:20000|-20000|0:p1|p2|p3
STATE:673:cr8379cc/r16764cc/r17898fc/cr18074c:7hAd|QdAs|7s8d/2c9d3h/8h/4d:-18074|-16764|34838:p2|p3|p1
STATE:674:r1390cc/r3031cr9762r17085fr20000c//:5c6d|6hAs|Tc9c/4hKdTh/8h/Jh:-20000|-3031|23031:p3|p1|p2
STATE:675:cr9462r19369r20000cc///:3d5h|KsKd|4sTs/QdTh5d/9s/Jc:-20000|40000|-20000:p1|p2|p3
STATE:676:ccr7971cr17754r20000fc///:5sKd|AdAs|4s9c/2hAh6s/8c/Ac:-20000|27971|-7971:p2|p3|p1
STATE:677:ccc/r9220r19239cc/cr19438fc/r19852c:7dAd|As9c|8s4c/AhTs2d/3s/9h:-19852|39091|-19239:p3|p1|p2
STATE:678:cr9631cr19860r20000cc///:2cJd|Kh7h|9hTd/3h2hJs/5c/Tc:40000|-20000|-20000:p1|p2|p3
STATE:679:ccc/r13922cc/r18422cr20000cc/:4sAc|8s2d|Kc9c/7cQdKd/Ts/3s:-20000|-20000|40000:p2|p3|p1
STATE:680:ccr12652cc/ccc/r13604r19979r20000fc/:9d5s|6sJc|6h5c/5hKcQs/Qh/Td:-13604|-20000|33604:p3|p1|p2
STATE:681:ccr6553cc/r14453r20000cc//:2c5c|5s7h|4dTs/4h7cKd/Jh/8h:-20000|40000|-20000:p1|p2|p3
STATE:682:ccr16453r20000cc///:2c2h|4s6c|5cTs/JsKcJh/8s/8h:0|0|0:p2|p3|p1
STATE:683:ccc/cr1851r17591r20000cc//:4s7s|5dQc|Ad5c/8d4h3h/9h/5s:-20000|-20000|40000:p3|p1|p2
STATE:684:r5666r13153cc/r13525cr14721r18723r20000fc//:9c4d|7d9s|6d8d/TcJcQc/4c/Qd:34721|-20000|-14721:p1|p2|p3
STATE:685:r1821r5180cc/ccc/cr18606r20000cc/:2dAd|JhTc|3c8s/9hQdJd/3d/6c:40000|-20000|-20000:p2|p3|p1
STATE:686:ccr16759r20000cc///:7c5s|4d3s|8c4h/2sJc2h/3h/3c:-20000|40000|-20000:p3|p1|p2
STATE:687:r3983cc/ccr14642cc/ccr16721cc/r19473cr20000cc:8d9d|5c6d|2dKs/As5hTh/4s/Ad:-20000|40000|-20000:p1|p2|p3
STATE:688:fcr6260c/r13741r20000c//:KhQd|4hAh|5s4c/8h7c7h/Jh/As:-20000|20000|0:p2|p3|p1
STATE:689:ccr5702r17126cc/r18553cc/r19200r19931r20000fc/:4d2c|Js4h|4c3s/5c2h6d/Qc/9h:-19200|-20000|39200:p3|p1|p2
STATE:690:r882r6325cc/cr12677cc/cr13066cc/ccr16242cc:3s3c|4h8d|AhTh/AsJd3h/8h/6d:32484|-16242|-16242:p1|p2|p3
STATE:691:ccr13003cr20000cc///:9cKh|Ts4c|JsJc/9h7hKs/8d/Qd:40000|-20000|-20000:p2|p3|p1
STATE:692:r15008r20000cf///:4hTh|QdAc|9hTc/9d6s5s/3h/Ts:35008|-20000|-15008:p3|p1|p2
STATE:693:r1790cc/r9360cc/cr13567cr19015fr20000c/:2c9s|Jh5c|QhKh/7d3c6s/Qd/Qs:-20000|-13567|33567:p1|p2|p3
STATE:694:r18697cc/ccr18834r19067cr19429cr19999cr20000fc//:Kd4s|QhAd|9h2h/3cTs6c/Qc/8c:39999|-19999|-20000:p2|p3|p1
STATE:695:cr1423r8904r19455r20000cc///:Qc4d|9sKh|Jd8s/5c8h4c/3h/Jh:-20000|-20000|40000:p3|p1|p2
STATE:696:r1319cc/cr10583cc/r12743cf/cc:7s2h|Td4s|6c3h/5s8hJc/Th/Ts:-12743|23326|-10583:p1|p2|p3
STATE:697:r3545fc/r6550c/r14092r20000c/:Qh9d|Qs5h|2hAs/3cAhJc/Jh/7c:-50|-20000|20050:p2|p3|p1
STATE:698:fr13713c/r17031c/cr19008c/r19212c:JdKh|2c3s|6c9d/4dTd7s/5s/6h:-19212|19212|0:p3|p1|p2
STATE:699:cr8732cr18851r20000cc///:5hTc|4c5s|7c3h/7d9cTh/6c/3s:-20000|40000|-20000:p1|p2|p3
STATE:700:r2423fr12391r20000c///:7hAd|Qd6s|6dTh/2c8c9s/Ac/2s:-50|20050|-20000:p2|p3|p1
STATE:701:r17337ff:6cTh|9d5d|JsJh:-50|-100|150:p3|p1|p2
STATE:702:r7860cf/cr9933r17855c/r18226r19148r20000c/:JhQh|6h8s|3d2s/Ad4s5s/8c/Kh:-20000|-100|20100:p1|p2|p3
STATE:703:ccr15276r20000cc///:2d8d|7c6h|2hKd/8hTs8c/3h/Jh:40000|-20000|-20000:p2|p3|p1
STATE:704:r4217cr10414r19407cr20000cc///:2dTs|4c3c|Qd2s/Ks2c9d/As/Kd:10000|-20000|10000:p3|p1|p2
STATE:705:ccr19644r20000cc///:4d7h|5s5d|3h6h/Ah7c4s/2s/6c:40000|-20000|-20000:p1|p2|p3
STATE:706:r4446cc/cr15667cc/ccr19787r20000cc/:5s6d|2d4d|Qh9c/Kh9h3h/Qs/Jc:-20000|-20000|40000:p2|p3|p1
STATE:707:cr19035fc/r19478r19959r20000c//:Js2c|Tc3s|7s8d/Ts9s9d/9c/3h:20100|-100|-20000:p3|p1|p2
STATE:708:r15960r20000cc///:3sQd|4h2s|6c3d/Th6s9c/6h/4d:-20000|-20000|40000:p1|p2|p3
STATE:709:ccr17432cc/ccr17987r19533fr20000c//:QdKc|5c2s|7hTh/JdTc6h/5d/Jh:-20000|-17432|37432:p2|p3|p1
STATE:710:r205cc/r18611cf/cr19749c/r19915c:AdQs|6hKc|Qd4c/3d9c6c/6d/Qh:-19915|20120|-205:p3|p1|p2
STATE:711:cr16657r20000cc///:JhKh|5cJc|QsTs/7h2h5d/7d/4s:-20000|40000|-20000:p1|p2|p3
STATE:712:fcc/cc/cr8415c/cc:Ah3c|As3h|8c9d/9hKcAd/4c/Td:0|0|0:p2|p3|p1
STATE:713:cr13365r20000fc///:9s2h|7dAs|5h7c/Td5sJs/4s/9h:20100|-20000|-100:p3|p1|p2
STATE:714:r4492r13721r20000ff:KcTs|3s8c|7sJh:-13721|18213|-4492:p1|p2|p3
STATE:715:ccc/cr12935r20000cc//:9sTc|2s4c|Qh6c/8dJd9c/Ts/Kd:-20000|-20000|40000:p2|p3|p1
STATE:716:ccr6294fc/cr17390r20000f:5hKh|Qd8s|Qc9s/3c3h6c:17490|-17390|-100:p3|p1|p2
STATE:717:cr4818cr14990r20000cc///:Kc6s|KsKh|5cQs/6h6c3h/4h/4c:40000|-20000|-20000:p1|p2|p3
STATE:718:r15720cc/ccc/ccr16305cr19001r20000cf/:4h6d|Kh5h|7h7d/KdQhAd/Qs/Jh:-20000|-19001|39001:p2|p3|p1
STATE:719:r2324cc/r15045cr20000cc//:4d5s|AsQs|9c5d/Qh6cTc/2s/Th:-20000|40000|-20000:p3|p1|p2
STATE:720:ccr6875r17099cc/r18166cr19327cf/cc/r19509r19888c:Qs7s|3sKc|7hJd/2d9c5h/Qc/Ac:38054|-18166|-19888:p1|p2|p3
STATE:721:ff:Jh7c|6d8c|KhKd:-50|50|0:p2|p3|p1
STATE:722:r5687fc/cc/r13414r20000c/:JsTc|KdJh|4h9d/2d6c5c/6s/9c:-50|-20000|20050:p3|p1|p2
STATE:723:r9287cr19646cc/ccc/r19816cr19999cf/cr20000c:5s4s|AhKs|Th4d/TdJdAd/8s/3c:-20000|-19816|39816:p1|p2|p3
STATE:724:ccr3052r15935r20000cc///:5c7d|8dQs|9h4s/7sQhJs/Qd/Kc:-20000|40000|-20000:p2|p3|p1
STATE:725:r2609cc/cr12050cr20000cc//:3c7c|TcKd|Jh9c/5h6d9s/Qc/6s:-20000|-20000|40000:p3|p1|p2
STATE:726:r464cr11842cc/r19829cc/r19956r20000cf/:9c9h|4cQs|Qh6c/2s2c3c/Qc/3d:-19956|-20000|39956:p1|p2|p3
STATE:727:r6782r18207r20000cc///:Ad4h|6cKs|2d3d/TsTh4d/9s/9d:40000|-20000|-20000:p2|p3|p1
STATE:728:cr4154cr19325r20000cc///:7s5s|Ts6s|9h5d/7cKh3c/4h/5c:-20000|40000|-20000:p3|p1|p2
STATE:729:r19547r20000cc///:2cJc|Ks9s|2h7s/As6s3c/Qs/4d:-20000|40000|-20000:p1|p2|p3
STATE:730:r7869cr18555cc/cr19412cc/cr19917r20000fc/:7h9d|TsQs|Jc3c/Jh5dTc/Kc/8s:-19412|-20000|39412:p2|p3|p1
STATE:731:fcc/cc/cr17176r20000c/:9c5h|7cQh|Th5s/8dKdTs/3d/Qc:-20000|20000|0:p3|p1|p2
STATE:732:fr9493c/r15783r20000c//:5d5s|Td2h|2d4h/4cQcKc/3c/2c:0|0|0:p1|p2|p3
STATE:733:cr6831r16938cr20000cc///:8h2s|Qs5d|5c2d/4h8s7s/6h/Td:-20000|10000|10000:p2|p3|p1
STATE:734:cr19909r20000cc///:4d7d|ThKd|Ac5d/KhAs3h/Qh/5h:-20000|40000|-20000:p3|p1|p2
STATE:735:cfc/cr8776c/cr12284r18195c/r19705c:4h8s|7h6d|Ks6c/7d4d3h/Td/As:-50|19755|-19705:p1|p2|p3
STATE:736:cr14170r20000cc///:Ac3s|KsAd|8s4s/4h3cKd/Th/Ah:-20000|40000|-20000:p2|p3|p1
STATE:737:r743cr4840r17870cr20000cc///:7c7s|4c3s|6d5d/5cJcQs/3d/8d:40000|-20000|-20000:p3|p1|p2
STATE:738:cfc/r6694c/r9773c/cc:Ah4s|Ks4d|2s5c/Jc8hAd/8s/Th:-50|9823|-9773:p1|p2|p3
STATE:739:r4620cc/r6315r13351fc/cc/r14840r17179c:7h3s|KhJh|4hJd/9d5d9h/6d/Ts:-17179|21799|-4620:p2|p3|p1
STATE:740:cr8791r17684cc/r17922r18597r19307cr20000cc//:AhJh|TsKd|2dJs/Qh5h6d/Qs/2c:-20000|-20000|40000:p3|p1|p2
STATE:741:ccr7361cc/r9219cc/r14565r19938r20000cc/:6c5c|KsJh|5h3d/4cAd9h/Kc/9d:-20000|40000|-20000:p1|p2|p3
STATE:742:r9559cc/r12557r16422cc/r17749r19827cc/ccr19975r20000cc:4c9c|4s5c|KsAh/9s7dQh/7c/6d:40000|-20000|-20000:p2|p3|p1
STATE:743:r2634r10779r19121cc/r19515cc/cr19938cc/r20000cc:QsKs|Ah7h|Js9c/JhTs3c/8c/2c:-20000|-20000|40000:p3|p1|p2
STATE:744:r7568r19670cr20000fc///:QdAh|3cKc|Kd2c/Ts9d5c/Tc/7d:-19670|9835|9835:p1|p2|p3
STATE:745:cfc/r10993r20000c//:5d2h|Js8d|3dTd/AdJd6d/9s/Jc:-50|-20000|20050:p2|p3|p1
STATE:746:ccr5049r18739r20000cf///:9hTh|AcKd|2cJs/5c7cQh/Kh/7d:-20000|38739|-18739:p3|p1|p2
STATE:747:cr5392cf/r7774c/r11331r19065r20000c/:ThAd|4sQs|JsQh/5hKd9s/Qd/4d:-20000|20100|-100:p1|p2|p3
STATE:748:r18184cc/r19659r20000cc//:8h4d|Tc6d|TdQd/9h4cKh/3c/Jh:-20000|-20000|40000:p2|p3|p1
STATE:749:fcc/cc/r11941r20000f:8h2d|As4d|2cAc/5d4s4h/Td:-11941|11941|0:p3|p1|p2
STATE:750:r18547r20000cc///:3h6c|2d7h|Ad4h/4d2cAc/Qd/3d:-20000|-20000|40000:p1|p2|p3
STATE:751:r19186cc/cr19904r20000cc//:KhJh|7s9d|2hJs/8h8s2c/8c/9h:-20000|40000|-20000:p2|p3|p1
STATE:752:ccr11674r20000cf///:JsQh|Td2h|7hKh/Ad7c4c/2s/Qc:31674|-11674|-20000:p3|p1|p2
STATE:753:r19515fc/cr19815f:Jh5c|Ad7s|6hQc/AsQsJd:-50|-19515|19565:p1|p2|p3
STATE:754:ccc/ccc/cr9608r19704cc/cr19864r20000cc:7c5s|3d8d|6sJs/AcTc5c/6h/Jc:40000|-20000|-20000:p2|p3|p1
STATE:755:cr19446cf/r19601r19961c/cr20000c/:JhAs|5d7d|5sTc/3c9hTs/8c/2d:20100|-20000|-100:p3|p1|p2
STATE:756:ccr8028cr19784r20000cc///:9hAs|7c2h|3d4d/Th9d3s/Qh/4h:-20000|-20000|40000:p1|p2|p3
STATE:757:cr873r19829cr20000fc///:6c7s|4cKs|9d8h/3d4dQc/8d/8s:-20000|-19829|39829:p2|p3|p1
STATE:758:r15457r20000cc///:2dJh|Kc4c|9hAd/8d9d3s/6h/5d:-20000|-20000|40000:p3|p1|p2
STATE:759:r17275cf/r19038c/r19768c/r19992r20000c:Ad4c|QcJs|9sAh/6c5hTd/Kc/8s:-20000|-100|20100:p1|p2|p3
STATE:760:r4088r15163cc/r19026cr20000cc//:Kc4s|2hJc|Qs4c/3d7sKd/Ac/Ts:40000|-20000|-20000:p2|p3|p1
STATE:761:cr9607cr19355cr20000cc///:2c9h|JsTc|4h7h/JcAc2h/3c/6d:-20000|40000|-20000:p3|p1|p2
STATE:762:r9094cr18838cc/r19538cr20000fc//:6dAh|KsJh|5h9c/3c4sTd/6s/5s:-19538|-20000|39538:p1|p2|p3
STATE:763:r1891cc/r5071cc/ccc/r14359r20000cc:Ks7h|7dAd|JhKc/8h5hQc/8c/4h:-20000|40000|-20000:p2|p3|p1
STATE:764:fcc/cc/r2751r14639r20000f:2d6s|5dJs|6d6c/Ah4hAs/Tc:14639|-14639|0:p3|p1|p2
STATE:765:ccr8859cr19220r20000cf///:5h2h|Ad9s|3sTc/7c3h7h/Qs/Qh:-19220|39220|-20000:p1|p2|p3
STATE:766:ccc/r5867r11708cc/ccr12016cr18804cc/cr19275cr19872cr20000cc:6s6c|3hTh|5h5c/3sJdJs/4c/2h:40000|-20000|-20000:p2|p3|p1
STATE:767:fcc/r11127r20000c//:Ad2c|Jc5s|9hKh/5dKd3d/6c/Qh:-20000|20000|0:p3|p1|p2
STATE:768:r19394cc/r19745cc/r19845cr19950r20000cc/:3c2c|7h6d|3sTc/Td6h8s/2d/Kc:-20000|-20000|40000:p1|p2|p3
STATE:769:ff:7h3d|3sTh|4h2d:-50|50|0:p2|p3|p1
STATE:770:r15343cr20000cc///:7sAs|8s4s|Qc3d/7c7h5d/6d/3s:-20000|40000|-20000:p3|p1|p2
STATE:771:cr13750r20000cc///:4cAs|7d2c|8sQd/Kh8dJc/2h/9s:-20000|-20000|40000:p1|p2|p3
STATE:772:cfr9409c/r11402r17033r20000f:Ad6s|QhTh|4cKd/5cAhJh:-50|17083|-17033:p2|p3|p1
STATE:773:r721r4340r13301cc/ccc/r16897cc/cr17786cr19448r20000cc:5cQh|4cKs|3dJh/QcQdTh/Jc/Kc:40000|-20000|-20000:p3|p1|p2
STATE:774:cr8219r19524r20000cc///:2c5h|Ad7c|7d3c/Ts4hKs/Qh/4d:-20000|40000|-20000:p1|p2|p3
STATE:775:r6597cr13765fr20000c///:4dKs|7c2c|2d4c/8s6h9h/9s/7s:-20000|26597|-6597:p2|p3|p1
STATE:776:cr7425r17683cc/r19232r20000cf//:Qs7c|3hTh|4c5s/6s4s7d/5d/As:-19232|39232|-20000:p3|p1|p2
STATE:777:r13802r20000cc///:Ad6s|2dAc|8dKd/4cTdJd/4s/Ks:-20000|-20000|40000:p1|p2|p3
STATE:778:r5083r15556r20000cc///:Js5s|2sKh|Ts9c/4sJd3c/9h/Qc:40000|-20000|-20000:p2|p3|p1
STATE:779:r11750r20000cc///:4s9h|QcAd|Ts8h/6sQd5c/4d/Ah:-20000|40000|-20000:p3|p1|p2
STATE:780:r10654cr20000cc///:2d8c|9dQc|AhQd/AsQhTh/9s/Jd:40000|-20000|-20000:p1|p2|p3
STATE:781:r438cr18631fc/cr19696c/cr19849r20000c/:Ad2h|Td8s|2s8d/4h9d7c/2c/3c:20438|-20000|-438:p2|p3|p1
STATE:782:cr7768cc/r16157cr20000cc//:4cTc|QsTs|Ad4s/4d5d6s/Jc/8s:-20000|-20000|40000:p3|p1|p2
STATE:783:ccr19801cc/r19908r20000cc//:Kh9s|2h5c|Kc5s/3h7d6c/6h/8s:40000|-20000|-20000:p1|p2|p3
STATE:784:ccr19910fr20000c///:2h2d|5h7d|Jc5c/5d6d8d/Jh/Jd:-20000|20100|-100:p2|p3|p1
STATE:785:cr11282r20000fc///:3dQc|7sTs|As8h/4dJs9s/Tc/9c:-20000|20100|-100:p3|p1|p2
STATE:786:r11196r20000cc///:8cAd|Kh9d|5s6h/4dTs7c/8h/6c:-20000|40000|-20000:p1|p2|p3
STATE:787:r8352cc/r15283cf/r16924r19434c/r19962c:Ts5h|2h6d|5sAs/2dTcJs/Qd/Qc:28314|-19962|-8352:p2|p3|p1
STATE:788:r3742r7881fr12074c/cc/r15879r19733r20000f:QdAh|3h7d|8c3d/5c6h4c/9h:19833|-100|-19733:p3|p1|p2
STATE:789:ccr3993cc/ccc/r18890cr20000cc/:2s7h|9d3s|9hTc/JsQsQh/7c/3c:40000|-20000|-20000:p1|p2|p3
STATE:790:r6276r13493r20000cc///:Qs3c|5cTc|5s8h/3h2h6d/8c/Ad:-20000|-20000|40000:p2|p3|p1
STATE:791:ccr14082r20000cc///:3s2s|Kd3d|9d2d/2c8h4c/8d/9h:-20000|-20000|40000:p3|p1|p2
STATE:792:r6444cr16858cr20000cc///:Tc2h|AhJs|9d9c/Jh7d2c/Ks/8s:-20000|40000|-20000:p1|p2|p3
STATE:793:r17194cr20000cc///:AdKh|Qd7h|Th5c/KdAc6d/Js/4c:40000|-20000|-20000:p2|p3|p1
STATE:794:r607cr5308cr14676fc/r16470r19871r20000c//:7c4d|Qc2s|8d8h/3c6d8c/Qd/3s:-20000|-5308|25308:p3|p1|p2
STATE:795:r5367cc/r8240cf/cr17230r20000c/:6cAc|7d7h|Tc2s/ThQc9c/Qd/3d:-20000|25367|-5367:p1|p2|p3
STATE:796:r14861r20000cc///:6c9h|AhJs|Td7d/4sQcAd/Ts/Qs:-20000|40000|-20000:p2|p3|p1
STATE:797:fcr18594c/cc/cc/cr19542c:Kd2d|7dKh|2h8s/As6d5c/3s/9c:-19542|19542|0:p3|p1|p2
STATE:798:fr14170r20000c///:5dTs|Kd4h|3h6h/4dJd3d/Qs/Ks:-20000|20000|0:p1|p2|p3
STATE:799:ccc/ccc/ccc/ccc:Kc8s|Jd9h|3c5d/4d9sJh/5s/Ks:-100|200|-100:p2|p3|p1
STATE:800:cr13691fr20000c///:7h7d|2h5h|KcQh/9d7sAh/Js/Td:-20000|-100|20100:p3|p1|p2
STATE:801:cr13045r20000cc///:Jh6d|KdAs|TsJc/4s3hAd/Jd/4h:-20000|40000|-20000:p1|p2|p3
STATE:802:cr4633r19740r20000cc///:8hQs|4sKc|Tc6s/6dTd3s/Kh/5d:-20000|-20000|40000:p2|p3|p1
STATE:803:r15311cr20000cc///:2dAs|JdQd|4sJs/5h7h7d/2h/Ah:40000|-20000|-20000:p3|p1|p2
STATE:804:fcc/r15244c/r15894c/cr19398f:JcKh|8h3h|Tc2s/9sJd3d/6h/As:-15894|15894|0:p1|p2|p3
STATE:805:cr1049r7431cr14567r20000cc///:9sKd|6h8s|JdJc/Qc2d8h/2c/4s:-20000|-20000|40000:p2|p3|p1
STATE:806:r9746fr19637r20000c///:6c7h|KdAs|9c8c/7cJdKc/3s/Ah:-50|20050|-20000:p3|p1|p2
STATE:807:cr18709cr20000cc///:3d8d|Jc5h|Qd4d/3s7cTc/2d/As:40000|-20000|-20000:p1|p2|p3
STATE:808:r8096ff:QcAh|8cTs|9d2c:-50|-100|150:p2|p3|p1
STATE:809:r3039r11893r20000cc///:Jd2s|QdQh|4h5d/9h7dTs/Ad/4c:-20000|40000|-20000:p3|p1|p2
STATE:810:r7015cr15851cc/cr16879cc/cr17072r18938cr20000cf/:3s5d|Td2s|4d5c/4sKd2c/8h/Jc:-18938|-20000|38938:p1|p2|p3
STATE:811:r12698fc/r14239c/r19976r20000c/:2d2s|Js4d|5s8s/8dKhAc/8c/7c:-50|-20000|20050:p2|p3|p1
STATE:812:cfr6149c/cc/r12826c/cc:9c5d|3h7s|4cTs/7dQc9d/Kc/6d:-50|12876|-12826:p3|p1|p2
STATE:813:cr7415cr15473cr20000cc///:8d7d|Tc4s|Js3s/KcKd7h/Jd/Jh:-20000|-20000|40000:p1|p2|p3
STATE:814:cfc/r18197c/r18380r18964r19837r20000c/:AhTs|3s8d|7d3h/6hAsTc/2s/5c:-50|20050|-20000:p2|p3|p1
STATE:815:r16027cc/cr18719cc/r19014r19313cf/r19509r19830c:4d6s|5sQd|Jd9h/7cJhQs/Qh/9c:-19014|38844|-19830:p3|p1|p2
STATE:816:r16965r20000cc///:6d4d|Qs4c|QcKc/8d7dAh/5c/6h:10000|10000|-20000:p1|p2|p3
STATE:817:cr1203r14445r20000fc///:3h3d|7sKd|2d9c/5hJhTd/4d/Ks:-1203|21203|-20000:p2|p3|p1
STATE:818:ccc/r18637r20000cc//:Qh2c|Qs4c|6c7d/Js6d9d/3s/5c:-20000|-20000|40000:p3|p1|p2
STATE:819:r15448r20000cc///:4cJc|8c6d|9dQc/QhKh3c/Kc/7h:-20000|-20000|40000:p1|p2|p3
STATE:820:r15630cr20000cc///:6d9c|2h3s|JdKc/4s9d5h/7h/5s:40000|-20000|-20000:p2|p3|p1
STATE:821:fcc/cr2866r10609r18995c/r19931c/r20000c:2d3c|8cJc|8h2s/6hAh3d/9s/Kh:20000|-20000|0:p3|p1|p2
STATE:822:r18269r20000cf///:JcTs|Qd2d|6h9s/3cTh2s/7d/5d:38269|-20000|-18269:p1|p2|p3
STATE:823:r18970cr20000fc///:4d7s|4c9h|Td5h/JdAc3h/6s/5d:38970|-20000|-18970:p2|p3|p1
STATE:824:fcc/cr10339c/r15771f:Jc5h|AdAc|7s3c/TsJhAh/Tc:10339|-10339|0:p3|p1|p2
STATE:825:ccr6473fc/r14572r20000c//:3cKc|8sTh|Js4d/5cJd6c/6s/8h:-20000|20100|-100:p1|p2|p3
STATE:826:cr19383cc/r19850fc/cr19986c/cc:KsJs|5cTc|9c4d/Jd4h5d/Ac/7c:39369|-19383|-19986:p2|p3|p1
STATE:827:r12241cc/ccc/ccr19432cr20000cc/:3s5c|6dQd|2dAd/9s6hTd/2c/7d:-20000|40000|-20000:p3|p1|p2
STATE:828:r1337r5907cf/cr14836r20000c//:4dQd|4h4c|Ts8d/Kh8s4s/8c/7d:-20000|21337|-1337:p1|p2|p3
STATE:829:r11790r20000fc///:3cAd|2h9s|4c2c/As7s9h/Jh/Js:20100|-100|-20000:p2|p3|p1
STATE:830:r4899r10903cc/ccr15934r20000cc//:3h8c|Ks2s|9dAs/TdJsAc/5h/3c:-20000|-20000|40000:p3|p1|p2
STATE:831:fr13379f:3h5s|8hJc|Kd9c:100|-100|0:p1|p2|p3
STATE:832:r16991r20000cc///:9c7s|4d5h|7h6h/3hTc2s/Td/Kc:40000|-20000|-20000:p2|p3|p1
STATE:833:r16188r20000cf///:Kh6h|2c3s|QcTs/Ks2sKc/7s/Jh:36188|-20000|-16188:p3|p1|p2
STATE:834:cr14793r20000cc///:6sTs|Js2c|3h3s/2d5hKh/Qd/3d:-20000|-20000|40000:p1|p2|p3
STATE:835:r1695r12949r20000cc///:3dKc|2h9d|8h6d/7dQs6c/9c/Ah:-20000|40000|-20000:p2|p3|p1
STATE:836:r15896r20000cc///:AcKc|Qh3d|Qd4c/3c4h2d/Tc/6d:-20000|-20000|40000:p3|p1|p2
STATE:837:r9835r19990cr20000cc///:Tc2c|Qc5d|4h2s/ThKc7c/Td/7d:40000|-20000|-20000:p1|p2|p3
STATE:838:r3695r19255r20000cc///:9dQd|ThTs|3h4s/2c6s2s/7h/8s:-20000|40000|-20000:p2|p3|p1
STATE:839:r13366r20000cc///:3d7h|Jh3h|Qd5h/7cJd6h/2s/4d:-20000|40000|-20000:p3|p1|p2
STATE:840:ccc/cr4615r13842r20000cc//:JdTh|8h9d|TdKc/2cAd6h/4d/8d:-20000|40000|-20000:p1|p2|p3
STATE:841:r8847fc/r11424c/cr14016r19231r20000c/:7c5c|Ac3h|2s2c/7d6cJh/6h/4d:-50|-20000|20050:p2|p3|p1
STATE:842:r8620fc/r18793r20000c//:Tc8d|6h5s|Qc2s/6s4hJd/5d/As:-50|20050|-20000:p3|p1|p2
STATE:843:r5878r15769cr20000cc///:4cJd|As9c|TdAc/9d2cQs/Th/Jh:40000|-20000|-20000:p1|p2|p3
STATE:844:ccr1633r19042r20000cf///:8dQd|4s7s|JsJd/9c2d2s/9s/7h:-20000|39042|-19042:p2|p3|p1
STATE:845:r18992cc/r19452cf/r19707c/cc:QdTc|5c5d|4s7s/5sQhJd/Qs/2s:-19707|38699|-18992:p3|p1|p2
STATE:846:ccc/cr16329cr20000cc//:8c8h|JhKd|4sJs/QdAh2s/Ad/6s:40000|-20000|-20000:p1|p2|p3
STATE:847:r7113cc/r14209cr20000cc//:5h8c|TsJc|4s8d/4c2cAc/Qs/Qc:-20000|40000|-20000:p2|p3|p1
STATE:848:ff:Ac2s|7hAs|Jd4d:-50|50|0:p3|p1|p2
STATE:849:r1788cr13137r20000cc///:5d2h|8s5h|TcJc/As9d8c/Qh/Ks:-20000|-20000|40000:p1|p2|p3
STATE:850:ccc/ccr6024cr12969cc/r17691r20000fc/:Qs2h|Kh4s|Kd5c/6d8d9h/Qc/3h:32969|-20000|-12969:p2|p3|p1
STATE:851:cr12000r20000fc///:7c2s|7s6d|Th7d/8cAhJh/9d/9h:50|50|-100:p3|p1|p2
STATE:852:ccr14719r20000cc///:9d4h|KsKd|Th7h/7d2h2s/Qs/3c:-20000|40000|-20000:p1|p2|p3
STATE:853:r14738cc/r18665r20000cc//:ThJc|Jh9h|3s5c/Ks5h8h/6c/7c:-20000|40000|-20000:p2|p3|p1
STATE:854:ccc/r3031r7463cc/ccc/ccc:4dKh|6h9h|Tc5c/5s7cAd/Jc/Ks:14926|-7463|-7463:p3|p1|p2
STATE:855:r3336r18471cr20000fc///:8hJd|Ah8s|3cKc/2hQd6c/Jh/Qs:-18471|38471|-20000:p1|p2|p3
STATE:856:r8590cc/r8905r9582cr10742r17350r20000fc//:3c8s|2s8d|9dTs/2hTc4h/Kc/Js:-10742|-20000|30742:p2|p3|p1
STATE:857:ccr15114r20000cc///:3h2d|5h3c|2hQh/9c4c4h/4d/Jd:-20000|-20000|40000:p3|p1|p2
STATE:858:r15491cr20000cc///:8d2c|Ah6h|9d5c/7s7c4c/Jd/2h:40000|-20000|-20000:p1|p2|p3
STATE:859:r18882r20000cc///:7cAc|AdQs|8c9s/4dKs2s/5s/9h:-20000|-20000|40000:p2|p3|p1
STATE:860:r18334fc/cc/cc/r19088r19887c:9s2d|As4h|5s7s/7hThTd/9h/6h:-50|19937|-19887:p3|p1|p2
STATE:861:ccr13352cc/r13607cc/r16944r20000fc/:7h9c|2h7c|8d8c/4h6hTs/4c/Kh:33607|-20000|-13607:p1|p2|p3
STATE:862:cr15458cr20000cc///:8s2h|KcTd|Ks6d/Ac7d3h/9c/Qh:-20000|40000|-20000:p2|p3|p1
STATE:863:r7448r17746r20000cc///:3sAh|9hTh|Ac4d/Kd8s6s/4s/9c:-20000|40000|-20000:p3|p1|p2
STATE:864:cfr12510r20000c///:Ac2d|6h9h|Kh5c/8dJsKc/7s/9d:-50|-20000|20050:p1|p2|p3
STATE:865:r4814r17360r20000cf///:JhTd|AcQh|3s3h/9c7h6h/Ks/Kh:-17360|-20000|37360:p2|p3|p1
STATE:866:ccr14710r20000cf///:7dJd|QdJs|4cQc/5h6d5d/9s/Td:34710|-14710|-20000:p3|p1|p2
STATE:867:r9638cr19950r20000cf///:Kc4h|Qh3d|TcQd/3cQc3s/Th/7d:-20000|-19950|39950:p1|p2|p3
STATE:868:fcc/cc/r7454r17245r20000c/:3d3h|4dTs|4sKd/Kh2d9d/Ac/6d:20000|-20000|0:p2|p3|p1
STATE:869:r10686r20000cc///:JcKs|AdKc|9d6s/3sKd8s/Qd/Th:-20000|40000|-20000:p3|p1|p2
STATE:870:ccc/r15366cc/cr16212r19002r20000cf/:4s5h|9hKs|JcKd/8cKh4c/Js/3d:-20000|39002|-19002:p1|p2|p3
STATE:871:cr4787r11292r18821r20000cc///:2d5c|KhJh|KsQh/Ad8h6h/6s/Jc:-20000|40000|-20000:p2|p3|p1
STATE:872:r6374cc/cr18596cf/cr18723c/cc:4dKh|4hAs|Td2c/9h9dTc/Qh/3s:-6374|-18723|25097:p3|p1|p2
STATE:873:cr1489cc/ccc/r12689r20000cc/:JhAd|5h9d|4d2d/8s3c9c/Tc/5s:-20000|40000|-20000:p1|p2|p3
STATE:874:r9654r19453cr20000cc///:KcKd|4sKh|7s3h/Js3cKs/6s/5h:40000|-20000|-20000:p2|p3|p1
STATE:875:fr8060c/r19513r20000c//:5dAd|6h8d|Ts9c/AsKcQh/4h/Qc:20000|-20000|0:p3|p1|p2
STATE:876:ccc/r14993cr20000cc//:Ad3s|4s5s|4d6h/7sKh7h/2d/8h:40000|-20000|-20000:p1|p2|p3
STATE:877:cr9910cc/cr17301r20000cc//:3cQc|JsQd|6hJd/8h3d3h/7c/Ah:40000|-20000|-20000:p2|p3|p1
STATE:878:ccc/r11983cf/r15285f:9s2h|9d7h|Jh7d/Td9cKd/Jc:12083|-11983|-100:p3|p1|p2
STATE:879:r1719cr4094cc/cr11437cc/cr18573cc/cr19453r20000cc:6hJs|6cKh|8sTh/3cQhAc/Ah/7d:-20000|40000|-20000:p1|p2|p3
STATE:880:cr13497r20000cc///:7dTh|AsAd|2dJh/3s6s9h/8d/9s:40000|-20000|-20000:p2|p3|p1
STATE:881:cr4218cr9966r17435cr20000cf///:3h7s|5sQd|4dTc/3dTd2c/7d/6c:37435|-17435|-20000:p3|p1|p2
STATE:882:r14861cr20000cc///:9c4d|Js8d|Ad6c/5c9dTs/8h/2c:40000|-20000|-20000:p1|p2|p3
STATE:883:fr12487r20000c///:4s4h|6sQh|JdAh/2h3s5h/Ad/6d:20000|-20000|0:p2|p3|p1
STATE:884:r9855cf/r14741r19754r20000c//:9c5d|6d4s|Qs7s/3s7c6h/5h/Js:-20000|-100|20100:p3|p1|p2
STATE:885:ccc/r12961cc/r18443cr20000cc/:9h8s|QhTs|9dAh/7sJs6s/4s/Jd:-20000|40000|-20000:p1|p2|p3
STATE:886:ccc/r4176r11521r19409cc/r19521r19866cr20000fc/:7hTd|9hJs|6h4c/Ks4s8h/Kh/9c:-20000|-19866|39866:p2|p3|p1
STATE:887:cr7473r16134r20000cc///:Jh3s|2d8h|3cKs/9c5cJc/9d/Ts:40000|-20000|-20000:p3|p1|p2
STATE:888:r13662cr20000cc///:4d2h|AdKs|TcKd/3d4c8h/7s/7c:40000|-20000|-20000:p1|p2|p3
STATE:889:r13718r20000cc///:Ks9c|5c9s|3s8s/KhQsJh/Ah/8d:40000|-20000|-20000:p2|p3|p1
STATE:890:r10631cr20000cc///:4sQh|QdTh|3c2c/4hJd8d/6c/9h:-20000|40000|-20000:p3|p1|p2
STATE:891:r2629cc/cr19282cc/ccr19673cc/ccr19820cc:JcJs|7d8s|Ad4d/3s9c6d/2s/Jh:39640|-19820|-19820:p1|p2|p3
STATE:892:cr7919cr15863r20000cc///:Kc7c|2h9s|6d8h/7hAhJs/3h/2d:40000|-20000|-20000:p2|p3|p1
STATE:893:cr7594r16101r20000cc///:QsTs|9hTh|TdJc/3h2d5s/9c/5c:-20000|40000|-20000:p3|p1|p2
STATE:894:ccc/r18165fc/cc/cc:Ac3h|Jc2s|9h3c/2h6s4d/3d/Kd:18265|-100|-18165:p1|p2|p3
STATE:895:ccc/r19160r20000cc//:4h5d|3h8d|4sQs/3sTh9d/7h/3c:-20000|40000|-20000:p2|p3|p1
STATE:896:r8987r18327cc/cr18687fr19483r20000c//:6s5h|Kc7d|Ah6h/5d2cTs/Qc/2d:38327|-20000|-18327:p3|p1|p2
STATE:897:cr9757cc/r10249r19448r20000fc//:3d3c|Kh6c|8hAh/6hTcQd/Td/2h:-10249|30249|-20000:p1|p2|p3
STATE:898:r8398r17077r20000cc///:5c6c|2c8s|AcAd/4d6s4s/7s/9c:-20000|-20000|40000:p2|p3|p1
STATE:899:cfc/cc/cc/cr16165c:3h3d|6s4h|6dTs/Qh8dAd/7d/Js:-50|-16165|16215:p3|p1|p2
STATE:900:r2957cr18587fr20000c///:Kc9s|2sTh|3sJh/5c2h6h/3c/Ks:22957|-20000|-2957:p1|p2|p3
STATE:901:r6607cr15746cc/cr17221fr19054c/cc/cc:KdAh|2sKc|Qd4d/Ks9sTs/Jc/5d:34800|-19054|-15746:p2|p3|p1
STATE:902:r11888r20000cc///:Th7h|8hAc|6cJc/TcQs4c/Kh/Jh:-20000|40000|-20000:p3|p1|p2
STATE:903:r16678cr20000cc///:7cQc|2sAc|Kc2h/Ts4d9s/8c/Jh:40000|-20000|-20000:p1|p2|p3
STATE:904:cr15611r20000cc///:6d2d|7d8c|Kd4d/Ks9hKh/9d/5c:-20000|-20000|40000:p2|p3|p1
STATE:905:ccr3855cr17703cc/ccr18314cf/cr19540r20000c/:5c7c|6h2h|AsJs/6c2s7h/Qs/Ts:-20000|-17703|37703:p3|p1|p2
STATE:906:r11215r20000cc///:5h4s|2s8h|Tc3h/9h6cKh/8d/2d:-20000|40000|-20000:p1|p2|p3
STATE:907:cr11678r20000cc///:Jd5d|7c2d|8dJh/8s4hTc/Qs/6c:-20000|-20000|40000:p2|p3|p1
STATE:908:r5497r12078cc/cr15531cr18987cr20000cc//:9h4d|8c8d|Tc3s/4s2d6d/Th/Qd:-20000|-20000|40000:p3|p1|p2
STATE:909:cr11161fr20000c///:6cQd|QsQh|3d5c/ThKd9d/5d/Td:20100|-100|-20000:p1|p2|p3
STATE:910:cr14868r20000cc///:9hJs|4sJc|8dAd/As3cTh/Qh/Kc:10000|10000|-20000:p2|p3|p1
STATE:911:r15758cf/r16728c/cr17644c/cr18338c:Jc5s|5c7d|AsQc/ThJhQh/8s/3h:-18338|-100|18438:p3|p1|p2
STATE:912:ccc/r13493r20000cc//:Th4h|6h4c|KsAd/Qd7sJc/Ac/Jd:-20000|-20000|40000:p1|p2|p3
STATE:913:cr16731cc/cr18053r19375r20000fc//:5hJd|2s6h|TdAh/Tc5d5c/6s/2c:38053|-18053|-20000:p2|p3|p1
STATE:914:r12947cc/cr13078cr14881cc/ccc/r15496r17912fc:Kh8d|6d6c|9c9s/Tc4dAc/Qc/4c:-17912|32793|-14881:p3|p1|p2
STATE:915:r18739r20000cc///:2s7d|JcTs|3d2c/6s7s7c/4h/Qs:40000|-20000|-20000:p1|p2|p3
STATE:916:r17183r20000cc///:7c8c|7dJc|3d5s/Ac3cKd/2h/Js:-20000|40000|-20000:p2|p3|p1
STATE:917:ccc/cr2680cc/r5606cr10779r17534r20000cc/:KsJd|6h2h|4s8s/KdTh7c/Js/2s:40000|-20000|-20000:p3|p1|p2
STATE:918:ccr8226r16680cr20000fc///:AhAc|6c9h|5s2s/3s3c4d/9s/4h:36680|-20000|-16680:p1|p2|p3
STATE:919:r5105cc/r14254cf/r19776r20000c/:6d6c|QsKc|7d6h/6sTs9c/Jd/Tc:25105|-20000|-5105:p2|p3|p1
STATE:920:r19651r20000fc///:8s8d|Ts9h|Td2d/4hQhJs/Jc/Ad:20100|-100|-20000:p3|p1|p2
STATE:921:ccc/ccr3021cc/r13322cc/ccr18113cc:ThAh|9s7c|9hTc/4s2d4d/Ks/3c:36226|-18113|-18113:p1|p2|p3
STATE:922:r8665cr17678cr20000cc///:7h8c|6c3h|Td9h/9c6s8h/Tc/8s:40000|-20000|-20000:p2|p3|p1
STATE:923:cr17809cc/cr17920cc/ccc/r18811r19876cc:9d9c|QdQc|Qh5h/Ks2cJc/2s/9h:39752|-19876|-19876:p3|p1|p2
STATE:924:ccr5001r18594cc/ccc/r19054cc/r19527cf:9c3d|5s9h|3h2c/TsTdAd/4h/2d:-19527|38581|-19054:p1|p2|p3
STATE:925:cr11752ff:Js6h|3c6s|9cJd:200|-100|-100:p2|p3|p1
STATE:926:r16237cr20000cc///:TcAh|4cJh|3s8s/JdTs8c/Ks/As:-20000|-20000|40000:p3|p1|p2
STATE:927:cr9970r19994r20000cc///:5sAs|4s3c|7c6s/8s6c8c/7h/4d:40000|-20000|-20000:p1|p2|p3
STATE:928:cr2684r10022r18999r20000cc///:6h9c|4d4h|6sJh/Ah4cAc/6d/5s:-20000|40000|-20000:p2|p3|p1
STATE:929:ccc/ccr15762cr20000fc//:7c2c|3d5h|4d6h/5sKc3s/5c/As:-20000|35762|-15762:p3|p1|p2
STATE:930:cr19560r20000cc///:9s3c|Jc8s|7sJh/5c7hTs/4s/3s:-20000|-20000|40000:p1|p2|p3
STATE:931:ccc/cr6403cr18553r20000cc//:9s5c|9cQs|JhJs/8dTc4s/6h/5d:-20000|-20000|40000:p2|p3|p1
STATE:932:ccc/r13439r20000cc//:7cQc|3hJh|6d3d/2s4h6s/6c/4c:-20000|-20000|40000:p3|p1|p2
STATE:933:cr2359r17423cf/r18755r20000c//:Qc8d|9c9d|As4s/6c7d8c/2s/Jc:-2359|22359|-20000:p1|p2|p3
STATE:934:ccc/r7309r17643cr20000cf//:AcTs|4sKh|8cJc/Ah2d5s/7d/4c:37643|-20000|-17643:p2|p3|p1
STATE:935:cr11107r20000cc///:Ks6s|7h8d|4s4d/6hKc4h/Ac/5c:-20000|40000|-20000:p3|p1|p2
STATE:936:r7677r19550cf/r19918r20000c//:Ks6s|8dAh|Th2h/AdKd4c/Td/4h:-20000|27677|-7677:p1|p2|p3
STATE:937:r5002cc/r18555r20000cc//:4sKc|8dQc|5c2h/6h4c7s/5s/Tc:-20000|40000|-20000:p2|p3|p1
STATE:938:cr15176r20000cc///:3c5h|Ts8d|5d4c/KsAs7c/6d/2c:-20000|40000|-20000:p3|p1|p2
STATE:939:r10551r20000cc///:4s9c|2d7c|Jd4d/2cThTc/Kh/9s:40000|-20000|-20000:p1|p2|p3
STATE:940:ccr4045r10409cc/r17174cc/cr19145r20000cc/:6dTh|4d8h|2d8c/8sQc7d/3d/7c:-20000|10000|10000:p2|p3|p1
STATE:941:cfc/r4028r15464r20000c//:KsAd|8c2h|9hTc/Qh6s8d/Th/4s:-50|-20000|20050:p3|p1|p2
STATE:942:cr10090cc/cr11481fc/r17790r20000c/:8h3h|8cQs|9s8s/4hKd4c/5h/Qc:-20000|30090|-10090:p1|p2|p3
STATE:943:r242r8094cc/cr17255r20000cc//:4h5c|JhJs|AcQd/Qh7c9d/3d/2d:-20000|-20000|40000:p2|p3|p1
STATE:944:r4605r19498r20000cc///:QcTs|Kd3h|Js2s/2dJc9h/6c/3s:-20000|-20000|40000:p3|p1|p2
STATE:945:r1221r17990fr20000c///:8cAd|8hQh|4h9h/3sQcAc/As/Kh:20100|-100|-20000:p1|p2|p3
STATE:946:cr4976cc/cr16961r20000fc//:8c7c|AcJc|ThJd/8h7s4c/Jh/Qc:-4976|24976|-20000:p2|p3|p1
STATE:947:cr4633cc/r8142r16101cr20000fc//:9s9h|2s7h|3s6h/Ts5c7s/Jd/Th:36101|-16101|-20000:p3|p1|p2
STATE:948:cr13623cc/r16754r19918r20000cc//:JcKc|9sTh|Qh9d/8h6d2h/2s/Qs:-20000|-20000|40000:p1|p2|p3
STATE:949:cr18181cc/cr18281cc/cr19388fr20000c/:Kh4d|6hTh|7sTs/8c4sKs/Jd/9d:38281|-20000|-18281:p2|p3|p1
STATE:950:r18332r20000fc///:KsTd|Jc7s|7c8d/6cAdJh/Qs/Kd:20100|-100|-20000:p3|p1|p2
STATE:951:ccc/cr17636r20000cf//:AdKc|KdJc|Tc8h/8cJs7d/9h/8s:-20000|-17636|37636:p1|p2|p3
STATE:952:r2893cc/r10419r19574r20000cf//:4d9s|8hJs|5cKc/AsTc4s/Kh/Ad:-20000|-19574|39574:p2|p3|p1
STATE:953:cr9838cr19654cc/ccc/r19782cc/ccc:9sQh|4dQd|8c3h/Kh8sAs/6h/Td:-19782|-19782|39564:p3|p1|p2
STATE:954:ccr9747cc/cr18442cr20000cc//:AsJd|4hTh|7s2h/3d6d7c/6c/Kc:-20000|-20000|40000:p1|p2|p3
STATE:955:r13017cr20000ff:5h8s|AhKc|2d6d:-13017|26034|-13017:p2|p3|p1
STATE:956:r17561r20000cf///:Qs3h|3d4h|Kh7d/QhJh3s/7s/8s:37561|-20000|-17561:p3|p1|p2
STATE:957:r6635r19884cf/cc/r19987c/r20000c:4dJd|8sAd|5s9s/TdQd3c/Jh/6h:26635|-20000|-6635:p1|p2|p3
STATE:958:r7549cr16465r20000cc///:7d6c|9sAc|2c3d/2h2sAd/Tc/9d:-20000|-20000|40000:p2|p3|p1
STATE:959:r7273r16790cc/ccc/cr16959cc/r17839cc:3dAc|5h7h|Kc5c/9h3s9d/Qs/6d:35678|-17839|-17839:p3|p1|p2
STATE:960:cr5690r17304r20000cc///:6cAh|8d5s|4d8s/7h2h4h/6d/9s:-20000|40000|-20000:p1|p2|p3
STATE:961:ccr14001r20000cc///:5sQs|AhTh|7d3d/6dQd8h/9d/Ks:-20000|-20000|40000:p2|p3|p1
STATE:962:r1051cc/r11711r20000cc//:5h2c|2hQs|Jc7d/Ac5sTc/7s/9d:-20000|-20000|40000:p3|p1|p2
STATE:963:fr11092c/r17287r20000c//:3d7s|4sJs|3c6c/As6hAc/Kc/Qd:-20000|20000|0:p1|p2|p3
STATE:964:cr3217cc/r6708r17202cc/r17791cc/cr18000cr19847r20000cc:JdJs|2c5s|9h5h/Kh6hTs/6c/As:40000|-20000|-20000:p2|p3|p1
STATE:965:r5510cr14874cc/cr19404cr20000fc//:JcKc|4c6h|Ks5s/KhTs2s/9s/8c:-20000|-19404|39404:p3|p1|p2
STATE:966:ccr17945cc/r19071r20000cc//:5sTc|Jd2c|3s7c/Qd4dTd/Qs/6c:40000|-20000|-20000:p1|p2|p3
STATE:967:r6595r19232cc/r19472r19743r20000cc//:2d3s|KcKh|7h9h/8hQh6h/8s/Ts:-20000|-20000|40000:p2|p3|p1
STATE:968:r16852r20000cc///:4c3h|8d9s|KhAc/As7c5d/5c/2h:40000|-20000|-20000:p3|p1|p2
STATE:969:ccc/r13264cr20000cc//:5dTd|2d9d|3cKs/Qs5c7s/4h/3s:40000|-20000|-20000:p1|p2|p3
STATE:970:r19694r20000cc///:7c2c|5c8s|4hTh/6sQcAh/9h/As:-20000|-20000|40000:p2|p3|p1
STATE:971:r1633cr4292r11117r18913r20000cc///:9s8h|2h8c|Ad5s/6sTd3c/Jc/4h:-20000|-20000|40000:p3|p1|p2
STATE:972:r5540r16302cr20000cf///:5d8h|Ah6c|4hAc/Kd2s4d/Jd/4s:-20000|-16302|36302:p1|p2|p3
STATE:973:r15308r20000cc///:Qd7h|6cJh|3h2d/4c2c4h/Th/Qc:40000|-20000|-20000:p2|p3|p1
STATE:974:r3315r8758r18383r20000cc///:4d6c|4hJh|3hAs/9cKhKd/7c/Qs:-20000|-20000|40000:p3|p1|p2
STATE:975:ccr9694r19555r20000cf///:4s8c|TsJh|Th4d/As9dQs/Kd/Kc:-20000|39555|-19555:p1|p2|p3
STATE:976:r17080cr20000cc///:QhJc|KsTd|2dJh/Th2c4s/Qc/2s:-20000|-20000|40000:p2|p3|p1
STATE:977:cr17089r20000cc///:2cAd|3hJc|KhJd/Qd5sJs/6d/8h:-20000|-20000|40000:p3|p1|p2
STATE:978:r16797r20000cc///:2hTs|Td6d|QhAs/Js2cJh/4h/9s:40000|-20000|-20000:p1|p2|p3
STATE:979:r10064r20000cc///:6h3c|5h5c|6s9h/2cAdAs/7s/Ts:-20000|40000|-20000:p2|p3|p1
STATE:980:r11759cr20000cc///:5s3s|Jh2s|9cTs/Kc7sTh/4c/9s:-20000|-20000|40000:p3|p1|p2
STATE:981:cr5839cc/r19815r20000cc//:5hKc|5s9h|JcAc/Ad9c8d/7s/4s:-20000|-20000|40000:p1|p2|p3
STATE:982:ccc/ccr3337r12117cc/ccc/ccr17118r20000cc:5s9c|Td9h|5c2h/Jd8sJc/7s/Js:-20000|40000|-20000:p2|p3|p1
STATE:983:r16513r20000cc///:7hJc|8dTc|AsQd/7d9d8c/Ts/7s:40000|-20000|-20000:p3|p1|p2
STATE:984:ccc/ccr16822r20000cc//:3dJh|9h6c|Ks7d/4s8d8c/Td/9d:-20000|40000|-20000:p1|p2|p3
STATE:985:ccr17598cr20000cc///:Ks5s|Jd2c|Ts6h/Jc4d7d/Td/Jh:-20000|40000|-20000:p2|p3|p1
STATE:986:ccr16050cc/ccc/ccc/cr17845cc:5hTc|7c8c|7h4c/Jh4d4s/8h/3h:-17845|-17845|35690:p3|p1|p2
STATE:987:fr3651c/cr7175c/r9365c/cr18621c:7sQs|6d3c|9cAc/JhJc5s/5h/Tc:18621|-18621|0:p1|p2|p3
STATE:988:ff:3h4s|2h3c|KdTd:-50|50|0:p2|p3|p1
STATE:989:r10778cc/ccr18253r20000cc//:2d3h|8cTh|7cQh/QcAc7s/5h/7h:-20000|-20000|40000:p3|p1|p2
STATE:990:ccc/ccc/r4881cr14955cr20000cc/:Kd2d|6c2s|8hTh/2c4h9s/Ad/As:40000|-20000|-20000:p1|p2|p3
STATE:991:ccc/cr7400r17645r20000cc//:Td7s|4c5s|Qc4s/5dAd7c/6c/2c:40000|-20000|-20000:p2|p3|p1
STATE:992:r7187r19832cc/cr19953fc/cr20000c/:Jh9d|8hAh|As6c/3dKc3c/2d/Kh:-20000|39832|-19832:p3|p1|p2
STATE:993:r3610cr8213r19531r20000cc///:Qd2h|5c4d|6s2d/As8s6d/7d/2c:-20000|40000|-20000:p1|p2|p3
STATE:994:fcc/r1348c/r8244r18929r20000c/:8d4c|6sQd|Ts2s/2d9hTh/8c/5h:20000|-20000|0:p2|p3|p1
STATE:995:r15492cc/ccr17275cc/r19597cc/r19947cf:7cKh|3s2h|Js4h/KcQc2s/5h/4s:39544|-19947|-19597:p3|p1|p2
STATE:996:r10322fc/r10577r18645r20000c//:QhQd|3cQc|2cTh/Jc8hTs/9c/3s:-50|20050|-20000:p1|p2|p3
STATE:997:ccr8533r17298r20000cc///:Qd2s|KdTs|6dQh/6h6sTc/3h/Jd:-20000|-20000|40000:p2|p3|p1
STATE:998:cr18231r20000cc///:6hKc|6cAd|6d2c/QdTd9h/7h/Jc:40000|-20000|-20000:p3|p1|p2
STATE:999:ccr12926r20000cc///:QsAs|3s8h|Qd3c/4d6d2d/5d/2c:-20000|-20000|40000:p1|p2|p3
SCORE:684452|552584.5|-1237036.5:p1|p2|p3
